From jenkins at imagej.net  Tue Sep  2 01:14:02 2014
From: jenkins at imagej.net (jenkins at imagej.net)
Date: Tue, 02 Sep 2014 01:14:02 -0500 (CDT)
Subject: [ImageJ-builds] mail-watcher-plugin: Computer Windows marked offline
Message-ID: <846508098.28.1409638442528.JavaMail.jenkins@dev>

Url: http://jenkins.imagej.net/computer/Windows/
Initiator: unknown




From jenkins at imagej.net  Tue Sep  2 01:14:33 2014
From: jenkins at imagej.net (jenkins at imagej.net)
Date: Tue, 02 Sep 2014 01:14:33 -0500 (CDT)
Subject: [ImageJ-builds] mail-watcher-plugin: Computer Windows marked online
Message-ID: <256263131.29.1409638473063.JavaMail.jenkins@dev>

Url: http://jenkins.imagej.net/computer/Windows/
Initiator: SYSTEM




From jenkins at imagej.net  Tue Sep  2 07:34:32 2014
From: jenkins at imagej.net (jenkins at imagej.net)
Date: Tue, 02 Sep 2014 07:34:32 -0500 (CDT)
Subject: [ImageJ-builds] mail-watcher-plugin: Computer Windows marked offline
Message-ID: <516166696.30.1409661272084.JavaMail.jenkins@dev>

Url: http://jenkins.imagej.net/computer/Windows/
Initiator: unknown




From jenkins at imagej.net  Tue Sep  2 07:35:02 2014
From: jenkins at imagej.net (jenkins at imagej.net)
Date: Tue, 02 Sep 2014 07:35:02 -0500 (CDT)
Subject: [ImageJ-builds] mail-watcher-plugin: Computer Windows marked online
Message-ID: <297541917.31.1409661302133.JavaMail.jenkins@dev>

Url: http://jenkins.imagej.net/computer/Windows/
Initiator: SYSTEM




From jenkins at imagej.net  Tue Sep  2 17:34:35 2014
From: jenkins at imagej.net (jenkins at imagej.net)
Date: Tue, 02 Sep 2014 17:34:35 -0500 (CDT)
Subject: [ImageJ-builds] mail-watcher-plugin: Computer Windows marked online
Message-ID: <1592018580.33.1409697275292.JavaMail.jenkins@dev>

Url: http://jenkins.imagej.net/computer/Windows/
Initiator: SYSTEM




From jenkins at imagej.net  Tue Sep  2 17:34:31 2014
From: jenkins at imagej.net (jenkins at imagej.net)
Date: Tue, 02 Sep 2014 17:34:31 -0500 (CDT)
Subject: [ImageJ-builds] mail-watcher-plugin: Computer Windows marked offline
Message-ID: <979819741.32.1409697271443.JavaMail.jenkins@dev>

Url: http://jenkins.imagej.net/computer/Windows/
Initiator: unknown




From jenkins at imagej.net  Wed Sep  3 06:20:48 2014
From: jenkins at imagej.net (jenkins at imagej.net)
Date: Wed, 03 Sep 2014 06:20:48 -0500 (CDT)
Subject: [ImageJ-builds] mail-watcher-plugin: Computer Windows marked offline
Message-ID: <601533834.34.1409743248527.JavaMail.jenkins@dev>

Url: http://jenkins.imagej.net/computer/Windows/
Initiator: unknown




From jenkins at imagej.net  Wed Sep  3 06:21:21 2014
From: jenkins at imagej.net (jenkins at imagej.net)
Date: Wed, 03 Sep 2014 06:21:21 -0500 (CDT)
Subject: [ImageJ-builds] mail-watcher-plugin: Computer Windows marked online
Message-ID: <978517064.35.1409743281084.JavaMail.jenkins@dev>

Url: http://jenkins.imagej.net/computer/Windows/
Initiator: SYSTEM




From jenkins at imagej.net  Wed Sep  3 20:26:20 2014
From: jenkins at imagej.net (jenkins at imagej.net)
Date: Wed, 03 Sep 2014 20:26:20 -0500 (CDT)
Subject: [ImageJ-builds] mail-watcher-plugin: Computer Windows marked offline
Message-ID: <1242929159.36.1409793980605.JavaMail.jenkins@dev>

Url: http://jenkins.imagej.net/computer/Windows/
Initiator: unknown




From jenkins at imagej.net  Wed Sep  3 20:26:50 2014
From: jenkins at imagej.net (jenkins at imagej.net)
Date: Wed, 03 Sep 2014 20:26:50 -0500 (CDT)
Subject: [ImageJ-builds] mail-watcher-plugin: Computer Windows marked online
Message-ID: <1308328369.37.1409794010514.JavaMail.jenkins@dev>

Url: http://jenkins.imagej.net/computer/Windows/
Initiator: SYSTEM




From jenkins at imagej.net  Thu Sep  4 15:52:21 2014
From: jenkins at imagej.net (jenkins at imagej.net)
Date: Thu, 04 Sep 2014 15:52:21 -0500 (CDT)
Subject: [ImageJ-builds] Build failed in Jenkins: ImageJ-OPS #164
Message-ID: <1471189084.38.1409863941662.JavaMail.jenkins@dev>

See <http://jenkins.imagej.net/job/ImageJ-OPS/164/changes>

Changes:

[aparna.pal.1994] Migrate imglib2-ops to imagej-ops

[aparna.pal.1994] Change non-ascii characters to ascii

[aparna.pal.1994] Update file headers

[aparna.pal.1994] Add deprecated tag to imglib-ops

------------------------------------------
Started by an SCM change
Building on master in workspace <http://jenkins.imagej.net/job/ImageJ-OPS/ws/>
Fetching changes from the remote Git repository
Fetching upstream changes from git://github.com/imagej/imagej-ops
Checking out Revision 5058597a1a6cf89ef17cdb429de6822fa8cc1263 (origin/master)
[workspace] $ /bin/sh -xe /tmp/hudson6207132753810215223.sh
+ git clean -dfx
Removing target/
[workspace] $ mvn -U -Pdeploy-to-imagej clean deploy
[INFO] Scanning for projects...
[INFO]                                                                         
[INFO] ------------------------------------------------------------------------
[INFO] Building ImageJ Operations 0.4.4-SNAPSHOT
[INFO] ------------------------------------------------------------------------
[INFO] 
[INFO] --- maven-clean-plugin:2.5:clean (default-clean) @ imagej-ops ---
[INFO] 
[INFO] --- buildnumber-maven-plugin:1.3:create (default) @ imagej-ops ---
[INFO] Executing: /bin/sh -c cd /data/devel/jenkins/jobs/ImageJ-OPS/workspace && git rev-parse --verify HEAD
[INFO] Working directory: /data/devel/jenkins/jobs/ImageJ-OPS/workspace
[INFO] Storing buildNumber: 5058597a1a6cf89ef17cdb429de6822fa8cc1263 at timestamp: 1409863936478
[WARNING] Cannot get the branch information from the git repository: 
Detecting the current branch failed: fatal: ref HEAD is not a symbolic ref

[INFO] Executing: /bin/sh -c cd /data/devel/jenkins/jobs/ImageJ-OPS/workspace && git rev-parse --verify HEAD
[INFO] Working directory: /data/devel/jenkins/jobs/ImageJ-OPS/workspace
[INFO] Storing buildScmBranch: UNKNOWN
[INFO] 
[INFO] --- groovy-maven-plugin:1.5:execute (generate-sources) @ imagej-ops ---
[INFO] 
[INFO] --- build-helper-maven-plugin:1.5:add-source (default) @ imagej-ops ---
[INFO] Source directory: /data/devel/jenkins/jobs/ImageJ-OPS/workspace/target/generated-sources/from-template added.
[INFO] 
[INFO] --- maven-resources-plugin:2.6:resources (default-resources) @ imagej-ops ---
[INFO] Using 'UTF-8' encoding to copy filtered resources.
[INFO] skip non existing resourceDirectory /data/devel/jenkins/jobs/ImageJ-OPS/workspace/src/main/resources
[INFO] 
[INFO] --- maven-compiler-plugin:3.1:compile (default-compile) @ imagej-ops ---
[INFO] Changes detected - recompiling the module!
[INFO] Compiling 732 source files to /data/devel/jenkins/jobs/ImageJ-OPS/workspace/target/classes
[INFO] -------------------------------------------------------------
[ERROR] COMPILATION ERROR : 
[INFO] -------------------------------------------------------------
[ERROR] /data/devel/jenkins/jobs/ImageJ-OPS/workspace/src/main/java/net/imglib2/ops/operation/iterableinterval/unary/Resample.java:[54,13] class, interface, or enum expected
[ERROR] /data/devel/jenkins/jobs/ImageJ-OPS/workspace/src/main/java/net/imglib2/ops/operation/labeling/unary/MergeLabelings.java:[65,13] class, interface, or enum expected
[ERROR] /data/devel/jenkins/jobs/ImageJ-OPS/workspace/src/main/java/net/imglib2/ops/pointset/AbstractPointSet.java:[36,13] class, interface, or enum expected
[INFO] 3 errors 
[INFO] -------------------------------------------------------------
[INFO] ------------------------------------------------------------------------
[INFO] BUILD FAILURE
[INFO] ------------------------------------------------------------------------
[INFO] Total time: 6.523s
[INFO] Finished at: Thu Sep 04 15:52:21 CDT 2014
[INFO] Final Memory: 16M/360M
[INFO] ------------------------------------------------------------------------
[ERROR] Failed to execute goal org.apache.maven.plugins:maven-compiler-plugin:3.1:compile (default-compile) on project imagej-ops: Compilation failure: Compilation failure:
[ERROR] /data/devel/jenkins/jobs/ImageJ-OPS/workspace/src/main/java/net/imglib2/ops/operation/iterableinterval/unary/Resample.java:[54,13] class, interface, or enum expected
[ERROR] /data/devel/jenkins/jobs/ImageJ-OPS/workspace/src/main/java/net/imglib2/ops/operation/labeling/unary/MergeLabelings.java:[65,13] class, interface, or enum expected
[ERROR] /data/devel/jenkins/jobs/ImageJ-OPS/workspace/src/main/java/net/imglib2/ops/pointset/AbstractPointSet.java:[36,13] class, interface, or enum expected
[ERROR] -> [Help 1]
[ERROR] 
[ERROR] To see the full stack trace of the errors, re-run Maven with the -e switch.
[ERROR] Re-run Maven using the -X switch to enable full debug logging.
[ERROR] 
[ERROR] For more information about the errors and possible solutions, please read the following articles:
[ERROR] [Help 1] http://cwiki.apache.org/confluence/display/MAVEN/MojoFailureException
Build step 'Invoke top-level Maven targets' marked build as failure
Archiving artifacts
Build step 'Groovy Postbuild' marked build as failure
Recording test results
Performance: Percentage of errors greater or equal than 0% sets the build as unstable
Performance: Percentage of errors greater or equal than 0% sets the build as failure



Performance: Recording JUnit reports '**/TEST-*.xml'


From jenkins at imagej.net  Thu Sep  4 15:56:42 2014
From: jenkins at imagej.net (jenkins at imagej.net)
Date: Thu, 04 Sep 2014 15:56:42 -0500 (CDT)
Subject: [ImageJ-builds] Jenkins build is back to normal : ImageJ-OPS #165
In-Reply-To: <1471189084.38.1409863941662.JavaMail.jenkins@dev>
References: <1471189084.38.1409863941662.JavaMail.jenkins@dev>
Message-ID: <1919732473.39.1409864202046.JavaMail.jenkins@dev>

See <http://jenkins.imagej.net/job/ImageJ-OPS/165/changes>



From jenkins at imagej.net  Fri Sep  5 12:49:40 2014
From: jenkins at imagej.net (jenkins at imagej.net)
Date: Fri, 05 Sep 2014 12:49:40 -0500 (CDT)
Subject: [ImageJ-builds] mail-watcher-plugin: Computer Windows marked offline
Message-ID: <1780095370.40.1409939380996.JavaMail.jenkins@dev>

Url: http://jenkins.imagej.net/computer/Windows/
Initiator: unknown




From jenkins at imagej.net  Fri Sep  5 12:50:11 2014
From: jenkins at imagej.net (jenkins at imagej.net)
Date: Fri, 05 Sep 2014 12:50:11 -0500 (CDT)
Subject: [ImageJ-builds] mail-watcher-plugin: Computer Windows marked online
Message-ID: <2040941023.41.1409939411304.JavaMail.jenkins@dev>

Url: http://jenkins.imagej.net/computer/Windows/
Initiator: SYSTEM




From jenkins at imagej.net  Fri Sep  5 15:05:11 2014
From: jenkins at imagej.net (jenkins at imagej.net)
Date: Fri, 05 Sep 2014 15:05:11 -0500 (CDT)
Subject: [ImageJ-builds] mail-watcher-plugin: Computer Windows marked offline
Message-ID: <195414932.42.1409947511117.JavaMail.jenkins@dev>

Url: http://jenkins.imagej.net/computer/Windows/
Initiator: unknown




From jenkins at imagej.net  Fri Sep  5 15:05:40 2014
From: jenkins at imagej.net (jenkins at imagej.net)
Date: Fri, 05 Sep 2014 15:05:40 -0500 (CDT)
Subject: [ImageJ-builds] mail-watcher-plugin: Computer Windows marked online
Message-ID: <1302566820.43.1409947540810.JavaMail.jenkins@dev>

Url: http://jenkins.imagej.net/computer/Windows/
Initiator: SYSTEM




From jenkins at imagej.net  Sun Sep  7 18:05:06 2014
From: jenkins at imagej.net (jenkins at imagej.net)
Date: Sun, 07 Sep 2014 18:05:06 -0500 (CDT)
Subject: [ImageJ-builds] mail-watcher-plugin: Computer Windows marked offline
Message-ID: <1119127688.44.1410131106821.JavaMail.jenkins@dev>

Url: http://jenkins.imagej.net/computer/Windows/
Initiator: unknown




From jenkins at imagej.net  Sun Sep  7 18:05:13 2014
From: jenkins at imagej.net (jenkins at imagej.net)
Date: Sun, 07 Sep 2014 18:05:13 -0500 (CDT)
Subject: [ImageJ-builds] mail-watcher-plugin: Computer Windows marked online
Message-ID: <1907886237.45.1410131113623.JavaMail.jenkins@dev>

Url: http://jenkins.imagej.net/computer/Windows/
Initiator: SYSTEM




From jenkins at imagej.net  Tue Sep  9 01:11:27 2014
From: jenkins at imagej.net (jenkins at imagej.net)
Date: Tue, 09 Sep 2014 01:11:27 -0500 (CDT)
Subject: [ImageJ-builds] Build failed in Jenkins:
	MicroManager-3rdparty-Git-SVN-Mirror #635
Message-ID: <189539235.46.1410243087958.JavaMail.jenkins@dev>

See <http://jenkins.imagej.net/job/MicroManager-3rdparty-Git-SVN-Mirror/635/>

------------------------------------------
Started by timer
Building remotely on server.microscopy (server) in workspace <http://jenkins.imagej.net/job/MicroManager-3rdparty-Git-SVN-Mirror/ws/>
Copied 1 artifact from "SciJava-scripts" build number 106
[MicroManager-3rdparty-Git-SVN-Mirror] $ /bin/sh -xe /tmp/hudson5214489038209937841.sh
+ sh -x bin/git-svn-synchronizer.sh https://valelab.ucsf.edu/svn/3rdpartypublic/ fiji.sc:/srv/git/mmanager-3rdparty/.git
+ force=
+ reset=
+ test 2 -gt 0
+ break
+ test 2 -lt 2
+ set -e
+ SVN_URL=https://valelab.ucsf.edu/svn/3rdpartypublic/
+ shift
+ test -d .git
+ test -d .git/svn
+ git config svn-remote.svn.url
+ test ahttps://valelab.ucsf.edu/svn/3rdpartypublic != ahttps://valelab.ucsf.edu/svn/3rdpartypublic
+ git svn fetch
	A	classext/commons-math3-3.2.jar
	M	classext/JARVersionsAndSources.txt
r170 = 4829c26d75ea31bc87a66b2baee7b6fc6caf3779 (refs/remotes/git-svn)
fatal: refs/remotes/trunk: not a valid SHA1
update-ref refs/heads/master refs/remotes/trunk: command returned error: 128
Build step 'Execute shell' marked build as failure


From jenkins at imagej.net  Tue Sep  9 17:25:02 2014
From: jenkins at imagej.net (jenkins at imagej.net)
Date: Tue, 09 Sep 2014 17:25:02 -0500 (CDT)
Subject: [ImageJ-builds] mail-watcher-plugin: Computer Windows marked offline
Message-ID: <910293042.49.1410301502696.JavaMail.jenkins@dev>

Url: http://jenkins.imagej.net/computer/Windows/
Initiator: unknown




From jenkins at imagej.net  Tue Sep  9 17:36:12 2014
From: jenkins at imagej.net (jenkins at imagej.net)
Date: Tue, 09 Sep 2014 17:36:12 -0500 (CDT)
Subject: [ImageJ-builds] mail-watcher-plugin: Computer Windows marked online
Message-ID: <2048823082.50.1410302172004.JavaMail.jenkins@dev>

Url: http://jenkins.imagej.net/computer/Windows/
Initiator: SYSTEM




From jenkins at imagej.net  Wed Sep 10 01:11:22 2014
From: jenkins at imagej.net (jenkins at imagej.net)
Date: Wed, 10 Sep 2014 01:11:22 -0500 (CDT)
Subject: [ImageJ-builds] Jenkins build is back to normal :
 MicroManager-3rdparty-Git-SVN-Mirror #636
In-Reply-To: <189539235.46.1410243087958.JavaMail.jenkins@dev>
References: <189539235.46.1410243087958.JavaMail.jenkins@dev>
Message-ID: <1888822738.51.1410329482825.JavaMail.jenkins@dev>

See <http://jenkins.imagej.net/job/MicroManager-3rdparty-Git-SVN-Mirror/636/>



From jenkins at imagej.net  Wed Sep 10 07:52:26 2014
From: jenkins at imagej.net (jenkins at imagej.net)
Date: Wed, 10 Sep 2014 07:52:26 -0500 (CDT)
Subject: [ImageJ-builds] mail-watcher-plugin: Computer Windows marked offline
Message-ID: <1266199946.52.1410353546869.JavaMail.jenkins@dev>

Url: http://jenkins.imagej.net/computer/Windows/
Initiator: unknown




From jenkins at imagej.net  Wed Sep 10 07:52:59 2014
From: jenkins at imagej.net (jenkins at imagej.net)
Date: Wed, 10 Sep 2014 07:52:59 -0500 (CDT)
Subject: [ImageJ-builds] mail-watcher-plugin: Computer Windows marked online
Message-ID: <295808567.53.1410353579927.JavaMail.jenkins@dev>

Url: http://jenkins.imagej.net/computer/Windows/
Initiator: SYSTEM




From jenkins at imagej.net  Thu Sep 11 06:34:46 2014
From: jenkins at imagej.net (jenkins at imagej.net)
Date: Thu, 11 Sep 2014 06:34:46 -0500 (CDT)
Subject: [ImageJ-builds] mail-watcher-plugin: Computer Windows marked offline
Message-ID: <317999295.54.1410435286768.JavaMail.jenkins@dev>

Url: http://jenkins.imagej.net/computer/Windows/
Initiator: unknown




From jenkins at imagej.net  Thu Sep 11 06:35:16 2014
From: jenkins at imagej.net (jenkins at imagej.net)
Date: Thu, 11 Sep 2014 06:35:16 -0500 (CDT)
Subject: [ImageJ-builds] mail-watcher-plugin: Computer Windows marked online
Message-ID: <951356804.55.1410435316888.JavaMail.jenkins@dev>

Url: http://jenkins.imagej.net/computer/Windows/
Initiator: SYSTEM




From jenkins at imagej.net  Thu Sep 11 16:00:17 2014
From: jenkins at imagej.net (jenkins at imagej.net)
Date: Thu, 11 Sep 2014 16:00:17 -0500 (CDT)
Subject: [ImageJ-builds] mail-watcher-plugin: Computer Windows marked offline
Message-ID: <856191344.56.1410469217056.JavaMail.jenkins@dev>

Url: http://jenkins.imagej.net/computer/Windows/
Initiator: unknown




From jenkins at imagej.net  Thu Sep 11 16:00:46 2014
From: jenkins at imagej.net (jenkins at imagej.net)
Date: Thu, 11 Sep 2014 16:00:46 -0500 (CDT)
Subject: [ImageJ-builds] mail-watcher-plugin: Computer Windows marked online
Message-ID: <409891853.57.1410469246972.JavaMail.jenkins@dev>

Url: http://jenkins.imagej.net/computer/Windows/
Initiator: SYSTEM




From jenkins at imagej.net  Thu Sep 11 16:55:06 2014
From: jenkins at imagej.net (jenkins at imagej.net)
Date: Thu, 11 Sep 2014 16:55:06 -0500 (CDT)
Subject: [ImageJ-builds] Build failed in Jenkins: Vaa3d_Reader #7
Message-ID: <562418539.58.1410472506810.JavaMail.jenkins@dev>

See <http://jenkins.imagej.net/job/Vaa3d_Reader/7/changes>

Changes:

[brunsc] Create unit tests, preparing to debug cross-slice pdb16 difference bug.

[brunsc] Add larger test images for debugging PBD16 read boundary problem.

[brunsc] Fixed read-length related problem with PBD16 reader, by caching runs of difference values for next time.

[brunsc]  Refactor Pbd16InputStream to read one 16-bit short at a time.

[brunsc] Allow two-byte short value reads to be split across two separate read() calls.

[brunsc] Create Vaa3dPbdToRaw runnable class to test conversion from vaa3dpbd to vaa3draw format, to test recent code fixes.

------------------------------------------
Started by an SCM change
Building on master in workspace <http://jenkins.imagej.net/job/Vaa3d_Reader/ws/>
Fetching changes from the remote Git repository
Fetching upstream changes from https://github.com/fiji/Vaa3d_Reader
Checking out Revision 29bfeffe97cdcea0aa5e75a18af10c18f5879397 (origin/master)
[workspace] $ /bin/sh -xe /tmp/hudson6885054310584989669.sh
+ git clean -dfx
Removing target/
[workspace] $ /bin/sh -xe /tmp/hudson6039123416336142841.sh
+ mvn -DupdateReleaseInfo=true -Pdeploy-to-imagej deploy
[INFO] Scanning for projects...
[INFO]                                                                         
[INFO] ------------------------------------------------------------------------
[INFO] Building plugins/Vaa3d_Reader.jar 2.0.0-SNAPSHOT
[INFO] ------------------------------------------------------------------------
[WARNING] The POM for sc.fiji:fiji-lib:jar:2.0.0 is invalid, transitive dependencies (if any) will not be available, enable debug logging for more details
[INFO] 
[INFO] --- scijava-maven-plugin:0.1.1:set-rootdir (set-rootdir) @ Vaa3d_Reader ---
[INFO] Setting rootdir: /data/devel/jenkins/jobs/Vaa3d_Reader/workspace
[INFO] 
[INFO] --- buildnumber-maven-plugin:1.2:create (default) @ Vaa3d_Reader ---
[INFO] Checking for local modifications: skipped.
[INFO] Updating project files from SCM: skipped.
[INFO] Executing: /bin/sh -c cd /data/devel/jenkins/jobs/Vaa3d_Reader/workspace && git rev-parse --verify HEAD
[INFO] Working directory: /data/devel/jenkins/jobs/Vaa3d_Reader/workspace
[INFO] Storing buildNumber: 29bfeffe97cdcea0aa5e75a18af10c18f5879397 at timestamp: 1410472504987
[INFO] Executing: /bin/sh -c cd /data/devel/jenkins/jobs/Vaa3d_Reader/workspace && git rev-parse --verify HEAD
[INFO] Working directory: /data/devel/jenkins/jobs/Vaa3d_Reader/workspace
[INFO] Storing buildScmBranch: UNKNOWN
[INFO] 
[INFO] --- maven-resources-plugin:2.6:resources (default-resources) @ Vaa3d_Reader ---
[INFO] Using 'UTF-8' encoding to copy filtered resources.
[INFO] Copying 1 resource
[INFO] 
[INFO] --- maven-compiler-plugin:2.3.2:compile (default-compile) @ Vaa3d_Reader ---
[INFO] Compiling 7 source files to /data/devel/jenkins/jobs/Vaa3d_Reader/workspace/target/classes
[INFO] 
[INFO] --- maven-resources-plugin:2.6:testResources (default-testResources) @ Vaa3d_Reader ---
[INFO] Using 'UTF-8' encoding to copy filtered resources.
[INFO] Copying 8 resources
[INFO] 
[INFO] --- maven-compiler-plugin:2.3.2:testCompile (default-testCompile) @ Vaa3d_Reader ---
[INFO] Compiling 1 source file to /data/devel/jenkins/jobs/Vaa3d_Reader/workspace/target/test-classes
[INFO] -------------------------------------------------------------
[ERROR] COMPILATION ERROR : 
[INFO] -------------------------------------------------------------
[ERROR] /data/devel/jenkins/jobs/Vaa3d_Reader/workspace/src/test/java/org/janelia/vaa3d/reader/TestVaa3d_Reader.java:[3,23] package org.junit does not exist
[ERROR] /data/devel/jenkins/jobs/Vaa3d_Reader/workspace/src/test/java/org/janelia/vaa3d/reader/TestVaa3d_Reader.java:[8,16] package org.junit does not exist
[ERROR] /data/devel/jenkins/jobs/Vaa3d_Reader/workspace/src/test/java/org/janelia/vaa3d/reader/TestVaa3d_Reader.java:[12,5] cannot find symbol
symbol  : class Test
location: class org.janelia.vaa3d.reader.TestVaa3d_Reader
[ERROR] /data/devel/jenkins/jobs/Vaa3d_Reader/workspace/src/test/java/org/janelia/vaa3d/reader/TestVaa3d_Reader.java:[17,5] cannot find symbol
symbol  : class Test
location: class org.janelia.vaa3d.reader.TestVaa3d_Reader
[ERROR] /data/devel/jenkins/jobs/Vaa3d_Reader/workspace/src/test/java/org/janelia/vaa3d/reader/TestVaa3d_Reader.java:[23,5] cannot find symbol
symbol  : class Test
location: class org.janelia.vaa3d.reader.TestVaa3d_Reader
[ERROR] /data/devel/jenkins/jobs/Vaa3d_Reader/workspace/src/test/java/org/janelia/vaa3d/reader/TestVaa3d_Reader.java:[31,5] cannot find symbol
symbol  : class Test
location: class org.janelia.vaa3d.reader.TestVaa3d_Reader
[ERROR] /data/devel/jenkins/jobs/Vaa3d_Reader/workspace/src/test/java/org/janelia/vaa3d/reader/TestVaa3d_Reader.java:[37,5] cannot find symbol
symbol  : class Test
location: class org.janelia.vaa3d.reader.TestVaa3d_Reader
[ERROR] /data/devel/jenkins/jobs/Vaa3d_Reader/workspace/src/test/java/org/janelia/vaa3d/reader/TestVaa3d_Reader.java:[42,5] cannot find symbol
symbol  : class Test
location: class org.janelia.vaa3d.reader.TestVaa3d_Reader
[ERROR] /data/devel/jenkins/jobs/Vaa3d_Reader/workspace/src/test/java/org/janelia/vaa3d/reader/TestVaa3d_Reader.java:[51,5] cannot find symbol
symbol  : class Test
location: class org.janelia.vaa3d.reader.TestVaa3d_Reader
[ERROR] /data/devel/jenkins/jobs/Vaa3d_Reader/workspace/src/test/java/org/janelia/vaa3d/reader/TestVaa3d_Reader.java:[67,5] cannot find symbol
symbol  : class Test
location: class org.janelia.vaa3d.reader.TestVaa3d_Reader
[ERROR] /data/devel/jenkins/jobs/Vaa3d_Reader/workspace/src/test/java/org/janelia/vaa3d/reader/TestVaa3d_Reader.java:[77,5] cannot find symbol
symbol  : class Test
location: class org.janelia.vaa3d.reader.TestVaa3d_Reader
[ERROR] /data/devel/jenkins/jobs/Vaa3d_Reader/workspace/src/test/java/org/janelia/vaa3d/reader/TestVaa3d_Reader.java:[20,8] cannot find symbol
symbol  : method assertTrue(boolean)
location: class org.janelia.vaa3d.reader.TestVaa3d_Reader
[ERROR] /data/devel/jenkins/jobs/Vaa3d_Reader/workspace/src/test/java/org/janelia/vaa3d/reader/TestVaa3d_Reader.java:[28,8] cannot find symbol
symbol  : method assertEquals(int,long)
location: class org.janelia.vaa3d.reader.TestVaa3d_Reader
[ERROR] /data/devel/jenkins/jobs/Vaa3d_Reader/workspace/src/test/java/org/janelia/vaa3d/reader/TestVaa3d_Reader.java:[33,8] cannot find symbol
symbol  : method assertEquals(int,long)
location: class org.janelia.vaa3d.reader.TestVaa3d_Reader
[ERROR] /data/devel/jenkins/jobs/Vaa3d_Reader/workspace/src/test/java/org/janelia/vaa3d/reader/TestVaa3d_Reader.java:[39,8] cannot find symbol
symbol  : method assertEquals(int,long)
location: class org.janelia.vaa3d.reader.TestVaa3d_Reader
[ERROR] /data/devel/jenkins/jobs/Vaa3d_Reader/workspace/src/test/java/org/janelia/vaa3d/reader/TestVaa3d_Reader.java:[44,8] cannot find symbol
symbol  : method assertEquals(long,long)
location: class org.janelia.vaa3d.reader.TestVaa3d_Reader
[ERROR] /data/devel/jenkins/jobs/Vaa3d_Reader/workspace/src/test/java/org/janelia/vaa3d/reader/TestVaa3d_Reader.java:[60,16] cannot find symbol
symbol  : method assertEquals(int,int)
location: class org.janelia.vaa3d.reader.TestVaa3d_Reader
[ERROR] /data/devel/jenkins/jobs/Vaa3d_Reader/workspace/src/test/java/org/janelia/vaa3d/reader/TestVaa3d_Reader.java:[94,16] cannot find symbol
symbol  : method assertEquals(int,int)
location: class org.janelia.vaa3d.reader.TestVaa3d_Reader
[ERROR] /data/devel/jenkins/jobs/Vaa3d_Reader/workspace/src/test/java/org/janelia/vaa3d/reader/TestVaa3d_Reader.java:[96,20] cannot find symbol
symbol  : method assertEquals(byte,byte)
location: class org.janelia.vaa3d.reader.TestVaa3d_Reader
[INFO] 19 errors 
[INFO] -------------------------------------------------------------
[INFO] ------------------------------------------------------------------------
[INFO] BUILD FAILURE
[INFO] ------------------------------------------------------------------------
[INFO] Total time: 3.939s
[INFO] Finished at: Thu Sep 11 16:55:06 CDT 2014
[INFO] Final Memory: 19M/360M
[INFO] ------------------------------------------------------------------------
[ERROR] Failed to execute goal org.apache.maven.plugins:maven-compiler-plugin:2.3.2:testCompile (default-testCompile) on project Vaa3d_Reader: Compilation failure: Compilation failure:
[ERROR] /data/devel/jenkins/jobs/Vaa3d_Reader/workspace/src/test/java/org/janelia/vaa3d/reader/TestVaa3d_Reader.java:[3,23] package org.junit does not exist
[ERROR] /data/devel/jenkins/jobs/Vaa3d_Reader/workspace/src/test/java/org/janelia/vaa3d/reader/TestVaa3d_Reader.java:[8,16] package org.junit does not exist
[ERROR] /data/devel/jenkins/jobs/Vaa3d_Reader/workspace/src/test/java/org/janelia/vaa3d/reader/TestVaa3d_Reader.java:[12,5] cannot find symbol
[ERROR] symbol  : class Test
[ERROR] location: class org.janelia.vaa3d.reader.TestVaa3d_Reader
[ERROR] /data/devel/jenkins/jobs/Vaa3d_Reader/workspace/src/test/java/org/janelia/vaa3d/reader/TestVaa3d_Reader.java:[17,5] cannot find symbol
[ERROR] symbol  : class Test
[ERROR] location: class org.janelia.vaa3d.reader.TestVaa3d_Reader
[ERROR] /data/devel/jenkins/jobs/Vaa3d_Reader/workspace/src/test/java/org/janelia/vaa3d/reader/TestVaa3d_Reader.java:[23,5] cannot find symbol
[ERROR] symbol  : class Test
[ERROR] location: class org.janelia.vaa3d.reader.TestVaa3d_Reader
[ERROR] /data/devel/jenkins/jobs/Vaa3d_Reader/workspace/src/test/java/org/janelia/vaa3d/reader/TestVaa3d_Reader.java:[31,5] cannot find symbol
[ERROR] symbol  : class Test
[ERROR] location: class org.janelia.vaa3d.reader.TestVaa3d_Reader
[ERROR] /data/devel/jenkins/jobs/Vaa3d_Reader/workspace/src/test/java/org/janelia/vaa3d/reader/TestVaa3d_Reader.java:[37,5] cannot find symbol
[ERROR] symbol  : class Test
[ERROR] location: class org.janelia.vaa3d.reader.TestVaa3d_Reader
[ERROR] /data/devel/jenkins/jobs/Vaa3d_Reader/workspace/src/test/java/org/janelia/vaa3d/reader/TestVaa3d_Reader.java:[42,5] cannot find symbol
[ERROR] symbol  : class Test
[ERROR] location: class org.janelia.vaa3d.reader.TestVaa3d_Reader
[ERROR] /data/devel/jenkins/jobs/Vaa3d_Reader/workspace/src/test/java/org/janelia/vaa3d/reader/TestVaa3d_Reader.java:[51,5] cannot find symbol
[ERROR] symbol  : class Test
[ERROR] location: class org.janelia.vaa3d.reader.TestVaa3d_Reader
[ERROR] /data/devel/jenkins/jobs/Vaa3d_Reader/workspace/src/test/java/org/janelia/vaa3d/reader/TestVaa3d_Reader.java:[67,5] cannot find symbol
[ERROR] symbol  : class Test
[ERROR] location: class org.janelia.vaa3d.reader.TestVaa3d_Reader
[ERROR] /data/devel/jenkins/jobs/Vaa3d_Reader/workspace/src/test/java/org/janelia/vaa3d/reader/TestVaa3d_Reader.java:[77,5] cannot find symbol
[ERROR] symbol  : class Test
[ERROR] location: class org.janelia.vaa3d.reader.TestVaa3d_Reader
[ERROR] /data/devel/jenkins/jobs/Vaa3d_Reader/workspace/src/test/java/org/janelia/vaa3d/reader/TestVaa3d_Reader.java:[20,8] cannot find symbol
[ERROR] symbol  : method assertTrue(boolean)
[ERROR] location: class org.janelia.vaa3d.reader.TestVaa3d_Reader
[ERROR] /data/devel/jenkins/jobs/Vaa3d_Reader/workspace/src/test/java/org/janelia/vaa3d/reader/TestVaa3d_Reader.java:[28,8] cannot find symbol
[ERROR] symbol  : method assertEquals(int,long)
[ERROR] location: class org.janelia.vaa3d.reader.TestVaa3d_Reader
[ERROR] /data/devel/jenkins/jobs/Vaa3d_Reader/workspace/src/test/java/org/janelia/vaa3d/reader/TestVaa3d_Reader.java:[33,8] cannot find symbol
[ERROR] symbol  : method assertEquals(int,long)
[ERROR] location: class org.janelia.vaa3d.reader.TestVaa3d_Reader
[ERROR] /data/devel/jenkins/jobs/Vaa3d_Reader/workspace/src/test/java/org/janelia/vaa3d/reader/TestVaa3d_Reader.java:[39,8] cannot find symbol
[ERROR] symbol  : method assertEquals(int,long)
[ERROR] location: class org.janelia.vaa3d.reader.TestVaa3d_Reader
[ERROR] /data/devel/jenkins/jobs/Vaa3d_Reader/workspace/src/test/java/org/janelia/vaa3d/reader/TestVaa3d_Reader.java:[44,8] cannot find symbol
[ERROR] symbol  : method assertEquals(long,long)
[ERROR] location: class org.janelia.vaa3d.reader.TestVaa3d_Reader
[ERROR] /data/devel/jenkins/jobs/Vaa3d_Reader/workspace/src/test/java/org/janelia/vaa3d/reader/TestVaa3d_Reader.java:[60,16] cannot find symbol
[ERROR] symbol  : method assertEquals(int,int)
[ERROR] location: class org.janelia.vaa3d.reader.TestVaa3d_Reader
[ERROR] /data/devel/jenkins/jobs/Vaa3d_Reader/workspace/src/test/java/org/janelia/vaa3d/reader/TestVaa3d_Reader.java:[94,16] cannot find symbol
[ERROR] symbol  : method assertEquals(int,int)
[ERROR] location: class org.janelia.vaa3d.reader.TestVaa3d_Reader
[ERROR] /data/devel/jenkins/jobs/Vaa3d_Reader/workspace/src/test/java/org/janelia/vaa3d/reader/TestVaa3d_Reader.java:[96,20] cannot find symbol
[ERROR] symbol  : method assertEquals(byte,byte)
[ERROR] location: class org.janelia.vaa3d.reader.TestVaa3d_Reader
[ERROR] -> [Help 1]
[ERROR] 
[ERROR] To see the full stack trace of the errors, re-run Maven with the -e switch.
[ERROR] Re-run Maven using the -X switch to enable full debug logging.
[ERROR] 
[ERROR] For more information about the errors and possible solutions, please read the following articles:
[ERROR] [Help 1] http://cwiki.apache.org/confluence/display/MAVEN/MojoFailureException
Build step 'Execute shell' marked build as failure
Archiving artifacts


From jenkins at imagej.net  Thu Sep 11 17:01:00 2014
From: jenkins at imagej.net (jenkins at imagej.net)
Date: Thu, 11 Sep 2014 17:01:00 -0500 (CDT)
Subject: [ImageJ-builds] Jenkins build is back to normal : Vaa3d_Reader #8
In-Reply-To: <562418539.58.1410472506810.JavaMail.jenkins@dev>
References: <562418539.58.1410472506810.JavaMail.jenkins@dev>
Message-ID: <610410572.59.1410472860446.JavaMail.jenkins@dev>

See <http://jenkins.imagej.net/job/Vaa3d_Reader/8/changes>



From jenkins at imagej.net  Fri Sep 12 00:36:21 2014
From: jenkins at imagej.net (jenkins at imagej.net)
Date: Fri, 12 Sep 2014 00:36:21 -0500 (CDT)
Subject: [ImageJ-builds] mail-watcher-plugin: Computer Windows marked offline
Message-ID: <1882303082.60.1410500181331.JavaMail.jenkins@dev>

Url: http://jenkins.imagej.net/computer/Windows/
Initiator: unknown




From jenkins at imagej.net  Fri Sep 12 00:36:51 2014
From: jenkins at imagej.net (jenkins at imagej.net)
Date: Fri, 12 Sep 2014 00:36:51 -0500 (CDT)
Subject: [ImageJ-builds] mail-watcher-plugin: Computer Windows marked online
Message-ID: <1674742690.61.1410500211187.JavaMail.jenkins@dev>

Url: http://jenkins.imagej.net/computer/Windows/
Initiator: SYSTEM




From jenkins at imagej.net  Fri Sep 12 01:15:53 2014
From: jenkins at imagej.net (jenkins at imagej.net)
Date: Fri, 12 Sep 2014 01:15:53 -0500 (CDT)
Subject: [ImageJ-builds] Build failed in Jenkins:
	LibSDL-Git-Mercurial-Mirror #609
Message-ID: <473448987.62.1410502553737.JavaMail.jenkins@dev>

See <http://jenkins.imagej.net/job/LibSDL-Git-Mercurial-Mirror/609/>

------------------------------------------
Started by timer
Building remotely on server.microscopy (server) in workspace <http://jenkins.imagej.net/job/LibSDL-Git-Mercurial-Mirror/ws/>
Copied 1 artifact from "SciJava-scripts" build number 107
[LibSDL-Git-Mercurial-Mirror] $ /bin/sh -xe /tmp/hudson2148467336087774061.sh
+ sh -x bin/git-hg-synchronizer.sh http://hg.libsdl.org/SDL fiji.sc:/srv/git/libsdl/.git
+ set -e
+ type git-remote-hg
+ mkdir -p /data/jenkins/bin
+ test ! -x /data/jenkins/bin/git-remote-hg
+ export PATH=/data/jenkins/bin:/usr/local/sbin:/usr/local/bin:/usr/sbin:/usr/bin:/sbin:/bin:/usr/games
+ HG_URL=http://hg.libsdl.org/SDL
+ shift
+ test -d .git
+ git init --bare
Reinitialized existing Git repository in <http://jenkins.imagej.net/job/LibSDL-Git-Mercurial-Mirror/ws/>
+ git config remote.origin.url
+ test ahg::http://hg.libsdl.org/SDL = ahg::http://hg.libsdl.org/SDL
+ git fetch origin
searching for changes
adding changesets
adding manifests
adding file changes
added 4 changesets with 6 changes to 4 files
error: unable to find 83844f438cc64aa9f21627f2c23befa642978e03
fatal: object not found: 83844f438cc64aa9f21627f2c23befa642978e03
fast-import: dumping crash report to fast_import_crash_6366
fatal: Error while running fast-import
Traceback (most recent call last):
  File "/data/jenkins/bin/git-remote-hg", line 1254, in <module>
    sys.exit(main(sys.argv))
  File "/data/jenkins/bin/git-remote-hg", line 1236, in main
    do_import(parser)
  File "/data/jenkins/bin/git-remote-hg", line 678, in do_import
    export_branch(repo, branch)
  File "/data/jenkins/bin/git-remote-hg", line 573, in export_branch
    export_ref(repo, branch, 'branches', head)
  File "/data/jenkins/bin/git-remote-hg", line 507, in export_ref
    modified_final = export_files(c.filectx(f) for f in modified)
  File "/data/jenkins/bin/git-remote-hg", line 282, in export_files
    print d
IOError: [Errno 32] Broken pipe
Build step 'Execute shell' marked build as failure
Build step 'Groovy Postbuild' marked build as failure


From jenkins at imagej.net  Fri Sep 12 09:17:58 2014
From: jenkins at imagej.net (jenkins at imagej.net)
Date: Fri, 12 Sep 2014 09:17:58 -0500 (CDT)
Subject: [ImageJ-builds] mail-watcher-plugin: Computer Windows marked offline
Message-ID: <1899362636.63.1410531478014.JavaMail.jenkins@dev>

Url: http://jenkins.imagej.net/computer/Windows/
Initiator: unknown




From jenkins at imagej.net  Fri Sep 12 09:18:28 2014
From: jenkins at imagej.net (jenkins at imagej.net)
Date: Fri, 12 Sep 2014 09:18:28 -0500 (CDT)
Subject: [ImageJ-builds] mail-watcher-plugin: Computer Windows marked online
Message-ID: <1096034694.64.1410531508082.JavaMail.jenkins@dev>

Url: http://jenkins.imagej.net/computer/Windows/
Initiator: SYSTEM




From jenkins at imagej.net  Fri Sep 12 20:03:27 2014
From: jenkins at imagej.net (jenkins at imagej.net)
Date: Fri, 12 Sep 2014 20:03:27 -0500 (CDT)
Subject: [ImageJ-builds] mail-watcher-plugin: Computer Windows marked offline
Message-ID: <2010465139.65.1410570207718.JavaMail.jenkins@dev>

Url: http://jenkins.imagej.net/computer/Windows/
Initiator: unknown




From jenkins at imagej.net  Fri Sep 12 20:03:57 2014
From: jenkins at imagej.net (jenkins at imagej.net)
Date: Fri, 12 Sep 2014 20:03:57 -0500 (CDT)
Subject: [ImageJ-builds] mail-watcher-plugin: Computer Windows marked online
Message-ID: <203095322.66.1410570237584.JavaMail.jenkins@dev>

Url: http://jenkins.imagej.net/computer/Windows/
Initiator: SYSTEM




From jenkins at imagej.net  Mon Sep 15 15:16:46 2014
From: jenkins at imagej.net (jenkins at imagej.net)
Date: Mon, 15 Sep 2014 15:16:46 -0500 (CDT)
Subject: [ImageJ-builds] Build failed in Jenkins: ImageJ-OPS #173
Message-ID: <1103219892.67.1410812206393.JavaMail.jenkins@dev>

See <http://jenkins.imagej.net/job/ImageJ-OPS/173/changes>

Changes:

[Curtis Rueden] Function: implement Converter

------------------------------------------
Started by an SCM change
Building on master in workspace <http://jenkins.imagej.net/job/ImageJ-OPS/ws/>
Fetching changes from the remote Git repository
Fetching upstream changes from git://github.com/imagej/imagej-ops
Checking out Revision 47902ab401c8c613f2badb57943564d765f3c238 (origin/master)
[workspace] $ /bin/sh -xe /tmp/hudson3879005890989984542.sh
+ git clean -dfx
Removing target/
[workspace] $ mvn -U -Pdeploy-to-imagej clean deploy
[INFO] Scanning for projects...
[INFO]                                                                         
[INFO] ------------------------------------------------------------------------
[INFO] Building ImageJ Operations 0.5.1-SNAPSHOT
[INFO] ------------------------------------------------------------------------
[INFO] 
[INFO] --- maven-clean-plugin:2.5:clean (default-clean) @ imagej-ops ---
[INFO] 
[INFO] --- buildnumber-maven-plugin:1.3:create (default) @ imagej-ops ---
[INFO] Executing: /bin/sh -c cd /data/devel/jenkins/jobs/ImageJ-OPS/workspace && git rev-parse --verify HEAD
[INFO] Working directory: /data/devel/jenkins/jobs/ImageJ-OPS/workspace
[INFO] Storing buildNumber: 47902ab401c8c613f2badb57943564d765f3c238 at timestamp: 1410812199135
[WARNING] Cannot get the branch information from the git repository: 
Detecting the current branch failed: fatal: ref HEAD is not a symbolic ref

[INFO] Executing: /bin/sh -c cd /data/devel/jenkins/jobs/ImageJ-OPS/workspace && git rev-parse --verify HEAD
[INFO] Working directory: /data/devel/jenkins/jobs/ImageJ-OPS/workspace
[INFO] Storing buildScmBranch: UNKNOWN
[INFO] 
[INFO] --- groovy-maven-plugin:1.5:execute (generate-sources) @ imagej-ops ---
[INFO] 
[INFO] --- build-helper-maven-plugin:1.5:add-source (default) @ imagej-ops ---
[INFO] Source directory: /data/devel/jenkins/jobs/ImageJ-OPS/workspace/target/generated-sources/from-template added.
[INFO] 
[INFO] --- maven-resources-plugin:2.6:resources (default-resources) @ imagej-ops ---
[INFO] Using 'UTF-8' encoding to copy filtered resources.
[INFO] skip non existing resourceDirectory /data/devel/jenkins/jobs/ImageJ-OPS/workspace/src/main/resources
[INFO] 
[INFO] --- maven-compiler-plugin:3.1:compile (default-compile) @ imagej-ops ---
[INFO] Changes detected - recompiling the module!
[INFO] Compiling 732 source files to /data/devel/jenkins/jobs/ImageJ-OPS/workspace/target/classes
[INFO] -------------------------------------------------------------
[WARNING] COMPILATION WARNING : 
[INFO] -------------------------------------------------------------
[WARNING] Note: Some input files use or override a deprecated API.
[WARNING] Note: Recompile with -Xlint:deprecation for details.
[WARNING] Note: Some input files use unchecked or unsafe operations.
[WARNING] Note: Recompile with -Xlint:unchecked for details.
[INFO] 4 warnings 
[INFO] -------------------------------------------------------------
[INFO] -------------------------------------------------------------
[ERROR] COMPILATION ERROR : 
[INFO] -------------------------------------------------------------
[ERROR] /data/devel/jenkins/jobs/ImageJ-OPS/workspace/src/main/java/net/imagej/ops/join/DefaultJoinInplaceFunctions.java:[49,8] net.imagej.ops.join.DefaultJoinInplaceFunctions is not abstract and does not override abstract method convert(A,A) in net.imglib2.converter.Converter
[ERROR] /data/devel/jenkins/jobs/ImageJ-OPS/workspace/src/main/java/net/imagej/ops/identity/DefaultIdentity.java:[43,8] net.imagej.ops.identity.DefaultIdentity is not abstract and does not override abstract method convert(A,A) in net.imglib2.converter.Converter
[ERROR] /data/devel/jenkins/jobs/ImageJ-OPS/workspace/src/main/java/net/imagej/ops/map/ParallelMap.java:[53,8] net.imagej.ops.map.ParallelMap is not abstract and does not override abstract method convert(net.imglib2.IterableInterval<A>,net.imglib2.IterableInterval<A>) in net.imglib2.converter.Converter
[ERROR] /data/devel/jenkins/jobs/ImageJ-OPS/workspace/src/main/java/net/imagej/ops/loop/DefaultLoopInplace.java:[44,8] net.imagej.ops.loop.DefaultLoopInplace is not abstract and does not override abstract method convert(I,I) in net.imglib2.converter.Converter
[ERROR] /data/devel/jenkins/jobs/ImageJ-OPS/workspace/src/main/java/net/imagej/ops/map/MapI.java:[47,8] net.imagej.ops.map.MapI is not abstract and does not override abstract method convert(java.lang.Iterable<A>,java.lang.Iterable<A>) in net.imglib2.converter.Converter
[ERROR] /data/devel/jenkins/jobs/ImageJ-OPS/workspace/src/main/java/net/imagej/ops/join/DefaultJoinInplaceAndInplace.java:[44,8] net.imagej.ops.join.DefaultJoinInplaceAndInplace is not abstract and does not override abstract method convert(A,A) in net.imglib2.converter.Converter
[INFO] 6 errors 
[INFO] -------------------------------------------------------------
[INFO] ------------------------------------------------------------------------
[INFO] BUILD FAILURE
[INFO] ------------------------------------------------------------------------
[INFO] Total time: 8.496s
[INFO] Finished at: Mon Sep 15 15:16:46 CDT 2014
[INFO] Final Memory: 34M/469M
[INFO] ------------------------------------------------------------------------
[ERROR] Failed to execute goal org.apache.maven.plugins:maven-compiler-plugin:3.1:compile (default-compile) on project imagej-ops: Compilation failure: Compilation failure:
[ERROR] /data/devel/jenkins/jobs/ImageJ-OPS/workspace/src/main/java/net/imagej/ops/join/DefaultJoinInplaceFunctions.java:[49,8] net.imagej.ops.join.DefaultJoinInplaceFunctions is not abstract and does not override abstract method convert(A,A) in net.imglib2.converter.Converter
[ERROR] /data/devel/jenkins/jobs/ImageJ-OPS/workspace/src/main/java/net/imagej/ops/identity/DefaultIdentity.java:[43,8] net.imagej.ops.identity.DefaultIdentity is not abstract and does not override abstract method convert(A,A) in net.imglib2.converter.Converter
[ERROR] /data/devel/jenkins/jobs/ImageJ-OPS/workspace/src/main/java/net/imagej/ops/map/ParallelMap.java:[53,8] net.imagej.ops.map.ParallelMap is not abstract and does not override abstract method convert(net.imglib2.IterableInterval<A>,net.imglib2.IterableInterval<A>) in net.imglib2.converter.Converter
[ERROR] /data/devel/jenkins/jobs/ImageJ-OPS/workspace/src/main/java/net/imagej/ops/loop/DefaultLoopInplace.java:[44,8] net.imagej.ops.loop.DefaultLoopInplace is not abstract and does not override abstract method convert(I,I) in net.imglib2.converter.Converter
[ERROR] /data/devel/jenkins/jobs/ImageJ-OPS/workspace/src/main/java/net/imagej/ops/map/MapI.java:[47,8] net.imagej.ops.map.MapI is not abstract and does not override abstract method convert(java.lang.Iterable<A>,java.lang.Iterable<A>) in net.imglib2.converter.Converter
[ERROR] /data/devel/jenkins/jobs/ImageJ-OPS/workspace/src/main/java/net/imagej/ops/join/DefaultJoinInplaceAndInplace.java:[44,8] net.imagej.ops.join.DefaultJoinInplaceAndInplace is not abstract and does not override abstract method convert(A,A) in net.imglib2.converter.Converter
[ERROR] -> [Help 1]
[ERROR] 
[ERROR] To see the full stack trace of the errors, re-run Maven with the -e switch.
[ERROR] Re-run Maven using the -X switch to enable full debug logging.
[ERROR] 
[ERROR] For more information about the errors and possible solutions, please read the following articles:
[ERROR] [Help 1] http://cwiki.apache.org/confluence/display/MAVEN/MojoFailureException
Build step 'Invoke top-level Maven targets' marked build as failure
Archiving artifacts
Build step 'Groovy Postbuild' marked build as failure
Recording test results
Performance: Percentage of errors greater or equal than 0% sets the build as unstable
Performance: Percentage of errors greater or equal than 0% sets the build as failure



Performance: Recording JUnit reports '**/TEST-*.xml'


From jenkins at imagej.net  Mon Sep 15 15:44:58 2014
From: jenkins at imagej.net (jenkins at imagej.net)
Date: Mon, 15 Sep 2014 15:44:58 -0500 (CDT)
Subject: [ImageJ-builds] Build failed in Jenkins: ImageJ-OPS #174
In-Reply-To: <1103219892.67.1410812206393.JavaMail.jenkins@dev>
References: <1103219892.67.1410812206393.JavaMail.jenkins@dev>
Message-ID: <563623217.68.1410813898043.JavaMail.jenkins@dev>

See <http://jenkins.imagej.net/job/ImageJ-OPS/174/changes>

Changes:

[Curtis Rueden] Renamed OutputFactory to BufferedFactory

[Curtis Rueden] Added OutputFunction interface

------------------------------------------
Started by an SCM change
Building on master in workspace <http://jenkins.imagej.net/job/ImageJ-OPS/ws/>
Fetching changes from the remote Git repository
Fetching upstream changes from git://github.com/imagej/imagej-ops
Checking out Revision 0ed6bbf1fec1ff1900bc1ffd3d19b766bd974cbc (origin/master)
[workspace] $ /bin/sh -xe /tmp/hudson8691707830509583908.sh
+ git clean -dfx
Removing target/
[workspace] $ mvn -U -Pdeploy-to-imagej clean deploy
[INFO] Scanning for projects...
[INFO]                                                                         
[INFO] ------------------------------------------------------------------------
[INFO] Building ImageJ Operations 0.5.1-SNAPSHOT
[INFO] ------------------------------------------------------------------------
[INFO] 
[INFO] --- maven-clean-plugin:2.5:clean (default-clean) @ imagej-ops ---
[INFO] 
[INFO] --- buildnumber-maven-plugin:1.3:create (default) @ imagej-ops ---
[INFO] Executing: /bin/sh -c cd /data/devel/jenkins/jobs/ImageJ-OPS/workspace && git rev-parse --verify HEAD
[INFO] Working directory: /data/devel/jenkins/jobs/ImageJ-OPS/workspace
[INFO] Storing buildNumber: 0ed6bbf1fec1ff1900bc1ffd3d19b766bd974cbc at timestamp: 1410813890053
[WARNING] Cannot get the branch information from the git repository: 
Detecting the current branch failed: fatal: ref HEAD is not a symbolic ref

[INFO] Executing: /bin/sh -c cd /data/devel/jenkins/jobs/ImageJ-OPS/workspace && git rev-parse --verify HEAD
[INFO] Working directory: /data/devel/jenkins/jobs/ImageJ-OPS/workspace
[INFO] Storing buildScmBranch: UNKNOWN
[INFO] 
[INFO] --- groovy-maven-plugin:1.5:execute (generate-sources) @ imagej-ops ---
[INFO] 
[INFO] --- build-helper-maven-plugin:1.5:add-source (default) @ imagej-ops ---
[INFO] Source directory: /data/devel/jenkins/jobs/ImageJ-OPS/workspace/target/generated-sources/from-template added.
[INFO] 
[INFO] --- maven-resources-plugin:2.6:resources (default-resources) @ imagej-ops ---
[INFO] Using 'UTF-8' encoding to copy filtered resources.
[INFO] skip non existing resourceDirectory /data/devel/jenkins/jobs/ImageJ-OPS/workspace/src/main/resources
[INFO] 
[INFO] --- maven-compiler-plugin:3.1:compile (default-compile) @ imagej-ops ---
[INFO] Changes detected - recompiling the module!
[INFO] Compiling 734 source files to /data/devel/jenkins/jobs/ImageJ-OPS/workspace/target/classes
[INFO] -------------------------------------------------------------
[WARNING] COMPILATION WARNING : 
[INFO] -------------------------------------------------------------
[WARNING] Note: Some input files use or override a deprecated API.
[WARNING] Note: Recompile with -Xlint:deprecation for details.
[WARNING] Note: Some input files use unchecked or unsafe operations.
[WARNING] Note: Recompile with -Xlint:unchecked for details.
[INFO] 4 warnings 
[INFO] -------------------------------------------------------------
[INFO] -------------------------------------------------------------
[ERROR] COMPILATION ERROR : 
[INFO] -------------------------------------------------------------
[ERROR] /data/devel/jenkins/jobs/ImageJ-OPS/workspace/src/main/java/net/imagej/ops/join/DefaultJoinInplaceFunctions.java:[49,8] net.imagej.ops.join.DefaultJoinInplaceFunctions is not abstract and does not override abstract method convert(A,A) in net.imglib2.converter.Converter
[ERROR] /data/devel/jenkins/jobs/ImageJ-OPS/workspace/src/main/java/net/imagej/ops/identity/DefaultIdentity.java:[43,8] net.imagej.ops.identity.DefaultIdentity is not abstract and does not override abstract method convert(A,A) in net.imglib2.converter.Converter
[ERROR] /data/devel/jenkins/jobs/ImageJ-OPS/workspace/src/main/java/net/imagej/ops/map/ParallelMap.java:[53,8] net.imagej.ops.map.ParallelMap is not abstract and does not override abstract method convert(net.imglib2.IterableInterval<A>,net.imglib2.IterableInterval<A>) in net.imglib2.converter.Converter
[ERROR] /data/devel/jenkins/jobs/ImageJ-OPS/workspace/src/main/java/net/imagej/ops/loop/DefaultLoopInplace.java:[44,8] net.imagej.ops.loop.DefaultLoopInplace is not abstract and does not override abstract method convert(I,I) in net.imglib2.converter.Converter
[ERROR] /data/devel/jenkins/jobs/ImageJ-OPS/workspace/src/main/java/net/imagej/ops/map/MapI.java:[47,8] net.imagej.ops.map.MapI is not abstract and does not override abstract method convert(java.lang.Iterable<A>,java.lang.Iterable<A>) in net.imglib2.converter.Converter
[ERROR] /data/devel/jenkins/jobs/ImageJ-OPS/workspace/src/main/java/net/imagej/ops/join/DefaultJoinInplaceAndInplace.java:[44,8] net.imagej.ops.join.DefaultJoinInplaceAndInplace is not abstract and does not override abstract method convert(A,A) in net.imglib2.converter.Converter
[INFO] 6 errors 
[INFO] -------------------------------------------------------------
[INFO] ------------------------------------------------------------------------
[INFO] BUILD FAILURE
[INFO] ------------------------------------------------------------------------
[INFO] Total time: 9.600s
[INFO] Finished at: Mon Sep 15 15:44:57 CDT 2014
[INFO] Final Memory: 34M/469M
[INFO] ------------------------------------------------------------------------
[ERROR] Failed to execute goal org.apache.maven.plugins:maven-compiler-plugin:3.1:compile (default-compile) on project imagej-ops: Compilation failure: Compilation failure:
[ERROR] /data/devel/jenkins/jobs/ImageJ-OPS/workspace/src/main/java/net/imagej/ops/join/DefaultJoinInplaceFunctions.java:[49,8] net.imagej.ops.join.DefaultJoinInplaceFunctions is not abstract and does not override abstract method convert(A,A) in net.imglib2.converter.Converter
[ERROR] /data/devel/jenkins/jobs/ImageJ-OPS/workspace/src/main/java/net/imagej/ops/identity/DefaultIdentity.java:[43,8] net.imagej.ops.identity.DefaultIdentity is not abstract and does not override abstract method convert(A,A) in net.imglib2.converter.Converter
[ERROR] /data/devel/jenkins/jobs/ImageJ-OPS/workspace/src/main/java/net/imagej/ops/map/ParallelMap.java:[53,8] net.imagej.ops.map.ParallelMap is not abstract and does not override abstract method convert(net.imglib2.IterableInterval<A>,net.imglib2.IterableInterval<A>) in net.imglib2.converter.Converter
[ERROR] /data/devel/jenkins/jobs/ImageJ-OPS/workspace/src/main/java/net/imagej/ops/loop/DefaultLoopInplace.java:[44,8] net.imagej.ops.loop.DefaultLoopInplace is not abstract and does not override abstract method convert(I,I) in net.imglib2.converter.Converter
[ERROR] /data/devel/jenkins/jobs/ImageJ-OPS/workspace/src/main/java/net/imagej/ops/map/MapI.java:[47,8] net.imagej.ops.map.MapI is not abstract and does not override abstract method convert(java.lang.Iterable<A>,java.lang.Iterable<A>) in net.imglib2.converter.Converter
[ERROR] /data/devel/jenkins/jobs/ImageJ-OPS/workspace/src/main/java/net/imagej/ops/join/DefaultJoinInplaceAndInplace.java:[44,8] net.imagej.ops.join.DefaultJoinInplaceAndInplace is not abstract and does not override abstract method convert(A,A) in net.imglib2.converter.Converter
[ERROR] -> [Help 1]
[ERROR] 
[ERROR] To see the full stack trace of the errors, re-run Maven with the -e switch.
[ERROR] Re-run Maven using the -X switch to enable full debug logging.
[ERROR] 
[ERROR] For more information about the errors and possible solutions, please read the following articles:
[ERROR] [Help 1] http://cwiki.apache.org/confluence/display/MAVEN/MojoFailureException
Build step 'Invoke top-level Maven targets' marked build as failure
Archiving artifacts
Build step 'Groovy Postbuild' marked build as failure
Recording test results
Performance: Percentage of errors greater or equal than 0% sets the build as unstable
Performance: Percentage of errors greater or equal than 0% sets the build as failure



Performance: Recording JUnit reports '**/TEST-*.xml'


From jenkins at imagej.net  Mon Sep 15 16:05:24 2014
From: jenkins at imagej.net (jenkins at imagej.net)
Date: Mon, 15 Sep 2014 16:05:24 -0500 (CDT)
Subject: [ImageJ-builds] Jenkins build is back to normal : ImageJ-OPS #175
In-Reply-To: <563623217.68.1410813898043.JavaMail.jenkins@dev>
References: <563623217.68.1410813898043.JavaMail.jenkins@dev>
Message-ID: <364814519.69.1410815124215.JavaMail.jenkins@dev>

See <http://jenkins.imagej.net/job/ImageJ-OPS/175/changes>



From jenkins at imagej.net  Mon Sep 15 16:08:24 2014
From: jenkins at imagej.net (jenkins at imagej.net)
Date: Mon, 15 Sep 2014 16:08:24 -0500 (CDT)
Subject: [ImageJ-builds] mail-watcher-plugin: Computer Windows marked offline
Message-ID: <75170573.70.1410815304434.JavaMail.jenkins@dev>

Url: http://jenkins.imagej.net/computer/Windows/
Initiator: unknown




From jenkins at imagej.net  Mon Sep 15 16:08:54 2014
From: jenkins at imagej.net (jenkins at imagej.net)
Date: Mon, 15 Sep 2014 16:08:54 -0500 (CDT)
Subject: [ImageJ-builds] mail-watcher-plugin: Computer Windows marked online
Message-ID: <1652021029.71.1410815334627.JavaMail.jenkins@dev>

Url: http://jenkins.imagej.net/computer/Windows/
Initiator: SYSTEM




From jenkins at imagej.net  Tue Sep 16 13:46:02 2014
From: jenkins at imagej.net (jenkins at imagej.net)
Date: Tue, 16 Sep 2014 13:46:02 -0500 (CDT)
Subject: [ImageJ-builds] mail-watcher-plugin: Computer Windows marked offline
Message-ID: <828895195.72.1410893162361.JavaMail.jenkins@dev>

Url: http://jenkins.imagej.net/computer/Windows/
Initiator: unknown




From jenkins at imagej.net  Tue Sep 16 13:46:32 2014
From: jenkins at imagej.net (jenkins at imagej.net)
Date: Tue, 16 Sep 2014 13:46:32 -0500 (CDT)
Subject: [ImageJ-builds] mail-watcher-plugin: Computer Windows marked online
Message-ID: <413209795.73.1410893192548.JavaMail.jenkins@dev>

Url: http://jenkins.imagej.net/computer/Windows/
Initiator: SYSTEM




From jenkins at imagej.net  Tue Sep 16 13:51:31 2014
From: jenkins at imagej.net (jenkins at imagej.net)
Date: Tue, 16 Sep 2014 13:51:31 -0500 (CDT)
Subject: [ImageJ-builds] mail-watcher-plugin: Computer Windows marked offline
Message-ID: <1701465577.74.1410893491939.JavaMail.jenkins@dev>

Url: http://jenkins.imagej.net/computer/Windows/
Initiator: unknown




From jenkins at imagej.net  Tue Sep 16 13:52:01 2014
From: jenkins at imagej.net (jenkins at imagej.net)
Date: Tue, 16 Sep 2014 13:52:01 -0500 (CDT)
Subject: [ImageJ-builds] mail-watcher-plugin: Computer Windows marked online
Message-ID: <724431424.75.1410893521743.JavaMail.jenkins@dev>

Url: http://jenkins.imagej.net/computer/Windows/
Initiator: SYSTEM




From jenkins at imagej.net  Tue Sep 16 16:46:59 2014
From: jenkins at imagej.net (jenkins at imagej.net)
Date: Tue, 16 Sep 2014 16:46:59 -0500 (CDT)
Subject: [ImageJ-builds] Build failed in Jenkins: ImageJ-OPS #177
Message-ID: <1940532046.76.1410904019597.JavaMail.jenkins@dev>

See <http://jenkins.imagej.net/job/ImageJ-OPS/177/changes>

Changes:

[Curtis Rueden] DefaultOpMatchingService: fix bug in Type resolution

------------------------------------------
[...truncated 116 lines...]
 round: 0.34 [+- 0.01], round.block: 0.00 [+- 0.00], round.gc: 0.00 [+- 0.00], GC.calls: 0, GC.time: 0.00, time.total: 7.13, time.warmup: 0.33, time.bench: 6.80
AddOpBenchmarkTest.inTestDefaultInplaceMapperP: [measured 20 out of 21 rounds, threads: 1 (sequential)]
 round: 0.01 [+- 0.00], round.block: 0.00 [+- 0.00], round.gc: 0.00 [+- 0.00], GC.calls: 0, GC.time: 0.00, time.total: 0.21, time.warmup: 0.01, time.bench: 0.19
AddOpBenchmarkTest.inTestAddConstantToImageInPlace: [measured 20 out of 21 rounds, threads: 1 (sequential)]
 round: 0.25 [+- 0.01], round.block: 0.00 [+- 0.00], round.gc: 0.00 [+- 0.00], GC.calls: 0, GC.time: 0.00, time.total: 5.27, time.warmup: 0.25, time.bench: 5.01
AddOpBenchmarkTest.inTestAddConstantToArrayByteImageP: [measured 20 out of 21 rounds, threads: 1 (sequential)]
 round: 0.00 [+- 0.00], round.block: 0.00 [+- 0.00], round.gc: 0.00 [+- 0.00], GC.calls: 0, GC.time: 0.00, time.total: 0.08, time.warmup: 0.02, time.bench: 0.06
AddOpBenchmarkTest.inTestAddConstantToArrayByteImage: [measured 20 out of 21 rounds, threads: 1 (sequential)]
 round: 0.01 [+- 0.00], round.block: 0.00 [+- 0.00], round.gc: 0.00 [+- 0.00], GC.calls: 0, GC.time: 0.00, time.total: 0.28, time.warmup: 0.02, time.bench: 0.26
AddOpBenchmarkTest.inTestJavaAssist: [measured 20 out of 21 rounds, threads: 1 (sequential)]
 round: 0.02 [+- 0.00], round.block: 0.00 [+- 0.00], round.gc: 0.00 [+- 0.00], GC.calls: 0, GC.time: 0.00, time.total: 0.45, time.warmup: 0.11, time.bench: 0.34
Tests run: 8, Failures: 0, Errors: 0, Skipped: 0, Time elapsed: 16.279 sec - in net.imagej.ops.benchmark.AddOpBenchmarkTest
Running net.imagej.ops.crop.CroppedIterableIntervalTest
Tests run: 3, Failures: 0, Errors: 0, Skipped: 0, Time elapsed: 0.219 sec - in net.imagej.ops.crop.CroppedIterableIntervalTest
Running net.imagej.ops.crop.CropTest
Tests run: 2, Failures: 0, Errors: 0, Skipped: 0, Time elapsed: 0.06 sec - in net.imagej.ops.crop.CropTest
Running net.imagej.ops.convolve.GaussTest
Tests run: 1, Failures: 0, Errors: 0, Skipped: 0, Time elapsed: 0.037 sec - in net.imagej.ops.convolve.GaussTest
Running net.imagej.ops.convolve.ConvolveTest
Tests run: 2, Failures: 0, Errors: 0, Skipped: 0, Time elapsed: 0.284 sec - in net.imagej.ops.convolve.ConvolveTest
Running net.imagej.ops.join.JoinTest
Tests run: 5, Failures: 0, Errors: 0, Skipped: 0, Time elapsed: 0.095 sec - in net.imagej.ops.join.JoinTest
Running net.imagej.ops.normalize.NormalizeTest
Tests run: 1, Failures: 0, Errors: 1, Skipped: 0, Time elapsed: 0.019 sec <<< FAILURE! - in net.imagej.ops.normalize.NormalizeTest
testNormalize(net.imagej.ops.normalize.NormalizeTest)  Time elapsed: 0.018 sec  <<< ERROR!
java.lang.IllegalArgumentException: No matching 'normalize' op
Template:
	normalize(null, java.lang.Class net.imagej.ops.normalize.Normalize, java.lang.Double -97.0, java.lang.Double 125.0, java.lang.Double -128.0, java.lang.Double 127.0, java.lang.Double 1.1486486486486487)
Candidates:
	[0.0] (capture of ? out?) = net.imagej.ops.normalize.NormalizeRealType(capture of ? out?, capture of ? in, double oldMin, double oldMax, double newMin, double newMax, double factor)
	[0.0] (net.imglib2.IterableInterval<capture of ?> out?) = net.imagej.ops.normalize.NormalizeII(net.imglib2.IterableInterval<capture of ?> out?, net.imglib2.IterableInterval<capture of ?> in)

	at net.imagej.ops.DefaultOpMatchingService.findModule(DefaultOpMatchingService.java:131)
	at net.imagej.ops.DefaultOpService.module(DefaultOpService.java:110)
	at net.imagej.ops.DefaultOpService.op(DefaultOpService.java:94)
	at net.imagej.ops.normalize.NormalizeII.compute(NormalizeII.java:68)
	at net.imagej.ops.normalize.NormalizeII.compute(NormalizeII.java:45)
	at net.imagej.ops.AbstractFunction.run(AbstractFunction.java:75)
	at org.scijava.command.CommandModule.run(CommandModule.java:201)
	at net.imagej.ops.DefaultOpService.run(DefaultOpService.java:373)
	at net.imagej.ops.DefaultOpService.run(DefaultOpService.java:78)
	at net.imagej.ops.normalize.NormalizeTest.testNormalize(NormalizeTest.java:55)

Running net.imagej.ops.threshold.LocalThresholdTest
Tests run: 1, Failures: 0, Errors: 1, Skipped: 0, Time elapsed: 0.012 sec <<< FAILURE! - in net.imagej.ops.threshold.LocalThresholdTest
test(net.imagej.ops.threshold.LocalThresholdTest)  Time elapsed: 0.012 sec  <<< ERROR!
java.lang.IllegalArgumentException: No matching 'net.imagej.ops.threshold.LocalMean' op
Template:
	net.imagej.ops.threshold.LocalMean(net.imglib2.type.logic.BitType 0, net.imglib2.type.numeric.integer.ByteType 15, java.lang.Double 0.0)
Candidates:
	[0.0] (net.imglib2.type.logic.BitType out?) = net.imagej.ops.threshold.LocalMean(net.imglib2.type.logic.BitType out?, net.imagej.ops.threshold.LocalThresholdMethod.Pair<capture of ?> in, double c)

	at net.imagej.ops.DefaultOpMatchingService.findModule(DefaultOpMatchingService.java:131)
	at net.imagej.ops.DefaultOpService.module(DefaultOpService.java:115)
	at net.imagej.ops.DefaultOpService.op(DefaultOpService.java:101)
	at net.imagej.ops.threshold.LocalThresholdTest.test(LocalThresholdTest.java:56)

Running net.imagej.ops.onthefly.OnTheFlyTest
Tests run: 6, Failures: 0, Errors: 0, Skipped: 0, Time elapsed: 0.245 sec - in net.imagej.ops.onthefly.OnTheFlyTest
Running net.imagej.ops.project.ProjectTest
Tests run: 1, Failures: 0, Errors: 1, Skipped: 0, Time elapsed: 0.013 sec <<< FAILURE! - in net.imagej.ops.project.ProjectTest
testProjector(net.imagej.ops.project.ProjectTest)  Time elapsed: 0.013 sec  <<< ERROR!
java.lang.IllegalArgumentException: No matching 'sum' op
Template:
	sum(null, java.lang.Class net.imagej.ops.statistics.Sum)
Candidates:
	[-100.0] (capture of ? out?) = net.imagej.ops.statistics.SumRealType(capture of ? out?, java.lang.Iterable<capture of ?> in)

	at net.imagej.ops.DefaultOpMatchingService.findModule(DefaultOpMatchingService.java:131)
	at net.imagej.ops.DefaultOpService.module(DefaultOpService.java:110)
	at net.imagej.ops.DefaultOpService.op(DefaultOpService.java:94)
	at net.imagej.ops.project.ProjectTest.initImg(ProjectTest.java:68)

Running net.imagej.ops.OpServiceTest
Tests run: 10, Failures: 0, Errors: 0, Skipped: 0, Time elapsed: 0.126 sec - in net.imagej.ops.OpServiceTest
Running net.imagej.ops.scale.ScaleImgTest
Tests run: 1, Failures: 0, Errors: 0, Skipped: 0, Time elapsed: 0.024 sec - in net.imagej.ops.scale.ScaleImgTest
Running net.imagej.ops.TemplateTest
Tests run: 1, Failures: 0, Errors: 0, Skipped: 0, Time elapsed: 0 sec - in net.imagej.ops.TemplateTest

Results :

Tests in error: 
  NormalizeTest.testNormalize:55 ? IllegalArgument No matching 'normalize' op
Te...
  LocalThresholdTest.test:56 ? IllegalArgument No matching 'net.imagej.ops.thres...
  ProjectTest.initImg:68 ? IllegalArgument No matching 'sum' op
Template:
	sum(n...

Tests run: 80, Failures: 0, Errors: 3, Skipped: 4

[INFO] ------------------------------------------------------------------------
[INFO] BUILD FAILURE
[INFO] ------------------------------------------------------------------------
[INFO] Total time: 39.432s
[INFO] Finished at: Tue Sep 16 16:46:59 CDT 2014
[INFO] Final Memory: 35M/473M
[INFO] ------------------------------------------------------------------------
[ERROR] Failed to execute goal org.apache.maven.plugins:maven-surefire-plugin:2.17:test (default-test) on project imagej-ops: There are test failures.
[ERROR] 
[ERROR] Please refer to /data/devel/jenkins/jobs/ImageJ-OPS/workspace/target/surefire-reports for the individual test results.
[ERROR] -> [Help 1]
[ERROR] 
[ERROR] To see the full stack trace of the errors, re-run Maven with the -e switch.
[ERROR] Re-run Maven using the -X switch to enable full debug logging.
[ERROR] 
[ERROR] For more information about the errors and possible solutions, please read the following articles:
[ERROR] [Help 1] http://cwiki.apache.org/confluence/display/MAVEN/MojoFailureException
Build step 'Invoke top-level Maven targets' marked build as failure
Archiving artifacts
Build step 'Groovy Postbuild' marked build as failure
Recording test results
Performance: Percentage of errors greater or equal than 0% sets the build as unstable
Performance: Percentage of errors greater or equal than 0% sets the build as failure



Performance: Recording JUnit reports '**/TEST-*.xml'
TEST-net.imagej.ops.OpMatchingServiceTest.xml has an average of: 16
Performance: File TEST-net.imagej.ops.OpMatchingServiceTest.xml reported 0.0% of errors [SUCCESS]. Build status is: FAILURE



TEST-net.imagej.ops.OpServiceTest.xml has an average of: 12
Performance: File TEST-net.imagej.ops.OpServiceTest.xml reported 0.0% of errors [SUCCESS]. Build status is: FAILURE



TEST-net.imagej.ops.TemplateTest.xml has an average of: 0
Performance: File TEST-net.imagej.ops.TemplateTest.xml reported 0.0% of errors [SUCCESS]. Build status is: FAILURE



TEST-net.imagej.ops.arithmetic.add.AddConstantToNumericTypeTest.xml has an average of: 45
Performance: File TEST-net.imagej.ops.arithmetic.add.AddConstantToNumericTypeTest.xml reported 0.0% of errors [SUCCESS]. Build status is: FAILURE



TEST-net.imagej.ops.benchmark.AddOpBenchmarkTest.xml has an average of: 2034
Performance: File TEST-net.imagej.ops.benchmark.AddOpBenchmarkTest.xml reported 0.0% of errors [SUCCESS]. Build status is: FAILURE



TEST-net.imagej.ops.benchmark.MappersBenchmarkTest.xml has an average of: 328
Performance: File TEST-net.imagej.ops.benchmark.MappersBenchmarkTest.xml reported 0.0% of errors [SUCCESS]. Build status is: FAILURE



TEST-net.imagej.ops.convert.ConvertIITest.xml has an average of: 54
Performance: File TEST-net.imagej.ops.convert.ConvertIITest.xml reported 0.0% of errors [SUCCESS]. Build status is: FAILURE



TEST-net.imagej.ops.convolve.ConvolveTest.xml has an average of: 142
Performance: File TEST-net.imagej.ops.convolve.ConvolveTest.xml reported 0.0% of errors [SUCCESS]. Build status is: FAILURE



TEST-net.imagej.ops.convolve.GaussTest.xml has an average of: 37
Performance: File TEST-net.imagej.ops.convolve.GaussTest.xml reported 0.0% of errors [SUCCESS]. Build status is: FAILURE



TEST-net.imagej.ops.crop.CropTest.xml has an average of: 29
Performance: File TEST-net.imagej.ops.crop.CropTest.xml reported 0.0% of errors [SUCCESS]. Build status is: FAILURE



TEST-net.imagej.ops.crop.CroppedIterableIntervalTest.xml has an average of: 72
Performance: File TEST-net.imagej.ops.crop.CroppedIterableIntervalTest.xml reported 0.0% of errors [SUCCESS]. Build status is: FAILURE



TEST-net.imagej.ops.identity.IdentityTest.xml has an average of: 537
Performance: File TEST-net.imagej.ops.identity.IdentityTest.xml reported 0.0% of errors [SUCCESS]. Build status is: FAILURE



TEST-net.imagej.ops.invert.InvertTest.xml has an average of: 20
Performance: File TEST-net.imagej.ops.invert.InvertTest.xml reported 0.0% of errors [SUCCESS]. Build status is: FAILURE



TEST-net.imagej.ops.join.JoinTest.xml has an average of: 19
Performance: File TEST-net.imagej.ops.join.JoinTest.xml reported 0.0% of errors [SUCCESS]. Build status is: FAILURE



TEST-net.imagej.ops.loop.LoopTest.xml has an average of: 42
Performance: File TEST-net.imagej.ops.loop.LoopTest.xml reported 0.0% of errors [SUCCESS]. Build status is: FAILURE



TEST-net.imagej.ops.map.MapTest.xml has an average of: 28
Performance: File TEST-net.imagej.ops.map.MapTest.xml reported 0.0% of errors [SUCCESS]. Build status is: FAILURE



TEST-net.imagej.ops.map.parallel.ThreadedMapTest.xml has an average of: 19
Performance: File TEST-net.imagej.ops.map.parallel.ThreadedMapTest.xml reported 0.0% of errors [SUCCESS]. Build status is: FAILURE



TEST-net.imagej.ops.map.view.MapViewTest.xml has an average of: 36
Performance: File TEST-net.imagej.ops.map.view.MapViewTest.xml reported 0.0% of errors [SUCCESS]. Build status is: FAILURE



TEST-net.imagej.ops.normalize.NormalizeTest.xml has an average of: 18
Performance: File TEST-net.imagej.ops.normalize.NormalizeTest.xml reported 0.0% of errors [SUCCESS]. Build status is: FAILURE



TEST-net.imagej.ops.onthefly.OnTheFlyTest.xml has an average of: 40
Performance: File TEST-net.imagej.ops.onthefly.OnTheFlyTest.xml reported 0.0% of errors [SUCCESS]. Build status is: FAILURE



TEST-net.imagej.ops.project.ProjectTest.xml has an average of: 13
Performance: File TEST-net.imagej.ops.project.ProjectTest.xml reported 0.0% of errors [SUCCESS]. Build status is: FAILURE



TEST-net.imagej.ops.scale.ScaleImgTest.xml has an average of: 24
Performance: File TEST-net.imagej.ops.scale.ScaleImgTest.xml reported 0.0% of errors [SUCCESS]. Build status is: FAILURE



TEST-net.imagej.ops.statistics.MeanTest.xml has an average of: 25
Performance: File TEST-net.imagej.ops.statistics.MeanTest.xml reported 0.0% of errors [SUCCESS]. Build status is: FAILURE



TEST-net.imagej.ops.statistics.StatisticsTest.xml has an average of: 31
Performance: File TEST-net.imagej.ops.statistics.StatisticsTest.xml reported 0.0% of errors [SUCCESS]. Build status is: FAILURE



TEST-net.imagej.ops.threading.ChunkerBenchmarkTest.xml has an average of: 949
Performance: File TEST-net.imagej.ops.threading.ChunkerBenchmarkTest.xml reported 0.0% of errors [SUCCESS]. Build status is: FAILURE



TEST-net.imagej.ops.threshold.LocalThresholdTest.xml has an average of: 12
Performance: File TEST-net.imagej.ops.threshold.LocalThresholdTest.xml reported 0.0% of errors [SUCCESS]. Build status is: FAILURE





From jenkins at imagej.net  Tue Sep 16 16:47:44 2014
From: jenkins at imagej.net (jenkins at imagej.net)
Date: Tue, 16 Sep 2014 16:47:44 -0500 (CDT)
Subject: [ImageJ-builds] Build failed in Jenkins: ImageJ-OPS #178
In-Reply-To: <1940532046.76.1410904019597.JavaMail.jenkins@dev>
References: <1940532046.76.1410904019597.JavaMail.jenkins@dev>
Message-ID: <423239971.77.1410904064201.JavaMail.jenkins@dev>

See <http://jenkins.imagej.net/job/ImageJ-OPS/178/changes>

Changes:

[christian.dietz] Introduce MinMax Interface and fix naming of MinMaxRealType

------------------------------------------
[...truncated 116 lines...]
 round: 0.34 [+- 0.01], round.block: 0.00 [+- 0.00], round.gc: 0.00 [+- 0.00], GC.calls: 0, GC.time: 0.00, time.total: 7.11, time.warmup: 0.33, time.bench: 6.77
AddOpBenchmarkTest.inTestDefaultInplaceMapperP: [measured 20 out of 21 rounds, threads: 1 (sequential)]
 round: 0.01 [+- 0.00], round.block: 0.00 [+- 0.00], round.gc: 0.00 [+- 0.00], GC.calls: 0, GC.time: 0.00, time.total: 0.20, time.warmup: 0.02, time.bench: 0.19
AddOpBenchmarkTest.inTestAddConstantToImageInPlace: [measured 20 out of 21 rounds, threads: 1 (sequential)]
 round: 0.25 [+- 0.00], round.block: 0.00 [+- 0.00], round.gc: 0.00 [+- 0.00], GC.calls: 0, GC.time: 0.00, time.total: 5.19, time.warmup: 0.25, time.bench: 4.94
AddOpBenchmarkTest.inTestAddConstantToArrayByteImageP: [measured 20 out of 21 rounds, threads: 1 (sequential)]
 round: 0.00 [+- 0.00], round.block: 0.00 [+- 0.00], round.gc: 0.00 [+- 0.00], GC.calls: 0, GC.time: 0.00, time.total: 0.09, time.warmup: 0.02, time.bench: 0.07
AddOpBenchmarkTest.inTestAddConstantToArrayByteImage: [measured 20 out of 21 rounds, threads: 1 (sequential)]
 round: 0.01 [+- 0.00], round.block: 0.00 [+- 0.00], round.gc: 0.00 [+- 0.00], GC.calls: 0, GC.time: 0.00, time.total: 0.29, time.warmup: 0.02, time.bench: 0.27
AddOpBenchmarkTest.inTestJavaAssist: [measured 20 out of 21 rounds, threads: 1 (sequential)]
 round: 0.02 [+- 0.00], round.block: 0.00 [+- 0.00], round.gc: 0.00 [+- 0.00], GC.calls: 0, GC.time: 0.00, time.total: 0.44, time.warmup: 0.10, time.bench: 0.34
Tests run: 8, Failures: 0, Errors: 0, Skipped: 0, Time elapsed: 15.858 sec - in net.imagej.ops.benchmark.AddOpBenchmarkTest
Running net.imagej.ops.crop.CroppedIterableIntervalTest
Tests run: 3, Failures: 0, Errors: 0, Skipped: 0, Time elapsed: 0.207 sec - in net.imagej.ops.crop.CroppedIterableIntervalTest
Running net.imagej.ops.crop.CropTest
Tests run: 2, Failures: 0, Errors: 0, Skipped: 0, Time elapsed: 0.036 sec - in net.imagej.ops.crop.CropTest
Running net.imagej.ops.convolve.GaussTest
Tests run: 1, Failures: 0, Errors: 0, Skipped: 0, Time elapsed: 0.032 sec - in net.imagej.ops.convolve.GaussTest
Running net.imagej.ops.convolve.ConvolveTest
Tests run: 2, Failures: 0, Errors: 0, Skipped: 0, Time elapsed: 0.294 sec - in net.imagej.ops.convolve.ConvolveTest
Running net.imagej.ops.join.JoinTest
Tests run: 5, Failures: 0, Errors: 0, Skipped: 0, Time elapsed: 0.093 sec - in net.imagej.ops.join.JoinTest
Running net.imagej.ops.normalize.NormalizeTest
Tests run: 1, Failures: 0, Errors: 1, Skipped: 0, Time elapsed: 0.018 sec <<< FAILURE! - in net.imagej.ops.normalize.NormalizeTest
testNormalize(net.imagej.ops.normalize.NormalizeTest)  Time elapsed: 0.018 sec  <<< ERROR!
java.lang.IllegalArgumentException: No matching 'normalize' op
Template:
	normalize(null, java.lang.Class net.imagej.ops.normalize.Normalize, java.lang.Double -97.0, java.lang.Double 125.0, java.lang.Double -128.0, java.lang.Double 127.0, java.lang.Double 1.1486486486486487)
Candidates:
	[0.0] (capture of ? out?) = net.imagej.ops.normalize.NormalizeRealType(capture of ? out?, capture of ? in, double oldMin, double oldMax, double newMin, double newMax, double factor)
	[0.0] (net.imglib2.IterableInterval<capture of ?> out?) = net.imagej.ops.normalize.NormalizeII(net.imglib2.IterableInterval<capture of ?> out?, net.imglib2.IterableInterval<capture of ?> in)

	at net.imagej.ops.DefaultOpMatchingService.findModule(DefaultOpMatchingService.java:131)
	at net.imagej.ops.DefaultOpService.module(DefaultOpService.java:110)
	at net.imagej.ops.DefaultOpService.op(DefaultOpService.java:94)
	at net.imagej.ops.normalize.NormalizeII.compute(NormalizeII.java:68)
	at net.imagej.ops.normalize.NormalizeII.compute(NormalizeII.java:45)
	at net.imagej.ops.AbstractFunction.run(AbstractFunction.java:75)
	at org.scijava.command.CommandModule.run(CommandModule.java:201)
	at net.imagej.ops.DefaultOpService.run(DefaultOpService.java:373)
	at net.imagej.ops.DefaultOpService.run(DefaultOpService.java:78)
	at net.imagej.ops.normalize.NormalizeTest.testNormalize(NormalizeTest.java:55)

Running net.imagej.ops.threshold.LocalThresholdTest
Tests run: 1, Failures: 0, Errors: 1, Skipped: 0, Time elapsed: 0.012 sec <<< FAILURE! - in net.imagej.ops.threshold.LocalThresholdTest
test(net.imagej.ops.threshold.LocalThresholdTest)  Time elapsed: 0.011 sec  <<< ERROR!
java.lang.IllegalArgumentException: No matching 'net.imagej.ops.threshold.LocalMean' op
Template:
	net.imagej.ops.threshold.LocalMean(net.imglib2.type.logic.BitType 0, net.imglib2.type.numeric.integer.ByteType 15, java.lang.Double 0.0)
Candidates:
	[0.0] (net.imglib2.type.logic.BitType out?) = net.imagej.ops.threshold.LocalMean(net.imglib2.type.logic.BitType out?, net.imagej.ops.threshold.LocalThresholdMethod.Pair<capture of ?> in, double c)

	at net.imagej.ops.DefaultOpMatchingService.findModule(DefaultOpMatchingService.java:131)
	at net.imagej.ops.DefaultOpService.module(DefaultOpService.java:115)
	at net.imagej.ops.DefaultOpService.op(DefaultOpService.java:101)
	at net.imagej.ops.threshold.LocalThresholdTest.test(LocalThresholdTest.java:56)

Running net.imagej.ops.onthefly.OnTheFlyTest
Tests run: 6, Failures: 0, Errors: 0, Skipped: 0, Time elapsed: 0.248 sec - in net.imagej.ops.onthefly.OnTheFlyTest
Running net.imagej.ops.project.ProjectTest
Tests run: 1, Failures: 0, Errors: 1, Skipped: 0, Time elapsed: 0.012 sec <<< FAILURE! - in net.imagej.ops.project.ProjectTest
testProjector(net.imagej.ops.project.ProjectTest)  Time elapsed: 0.012 sec  <<< ERROR!
java.lang.IllegalArgumentException: No matching 'sum' op
Template:
	sum(null, java.lang.Class net.imagej.ops.statistics.Sum)
Candidates:
	[-100.0] (capture of ? out?) = net.imagej.ops.statistics.SumRealType(capture of ? out?, java.lang.Iterable<capture of ?> in)

	at net.imagej.ops.DefaultOpMatchingService.findModule(DefaultOpMatchingService.java:131)
	at net.imagej.ops.DefaultOpService.module(DefaultOpService.java:110)
	at net.imagej.ops.DefaultOpService.op(DefaultOpService.java:94)
	at net.imagej.ops.project.ProjectTest.initImg(ProjectTest.java:68)

Running net.imagej.ops.OpServiceTest
Tests run: 10, Failures: 0, Errors: 0, Skipped: 0, Time elapsed: 0.124 sec - in net.imagej.ops.OpServiceTest
Running net.imagej.ops.scale.ScaleImgTest
Tests run: 1, Failures: 0, Errors: 0, Skipped: 0, Time elapsed: 0.024 sec - in net.imagej.ops.scale.ScaleImgTest
Running net.imagej.ops.TemplateTest
Tests run: 1, Failures: 0, Errors: 0, Skipped: 0, Time elapsed: 0 sec - in net.imagej.ops.TemplateTest

Results :

Tests in error: 
  NormalizeTest.testNormalize:55 ? IllegalArgument No matching 'normalize' op
Te...
  LocalThresholdTest.test:56 ? IllegalArgument No matching 'net.imagej.ops.thres...
  ProjectTest.initImg:68 ? IllegalArgument No matching 'sum' op
Template:
	sum(n...

Tests run: 80, Failures: 0, Errors: 3, Skipped: 4

[INFO] ------------------------------------------------------------------------
[INFO] BUILD FAILURE
[INFO] ------------------------------------------------------------------------
[INFO] Total time: 39.276s
[INFO] Finished at: Tue Sep 16 16:47:43 CDT 2014
[INFO] Final Memory: 36M/471M
[INFO] ------------------------------------------------------------------------
[ERROR] Failed to execute goal org.apache.maven.plugins:maven-surefire-plugin:2.17:test (default-test) on project imagej-ops: There are test failures.
[ERROR] 
[ERROR] Please refer to /data/devel/jenkins/jobs/ImageJ-OPS/workspace/target/surefire-reports for the individual test results.
[ERROR] -> [Help 1]
[ERROR] 
[ERROR] To see the full stack trace of the errors, re-run Maven with the -e switch.
[ERROR] Re-run Maven using the -X switch to enable full debug logging.
[ERROR] 
[ERROR] For more information about the errors and possible solutions, please read the following articles:
[ERROR] [Help 1] http://cwiki.apache.org/confluence/display/MAVEN/MojoFailureException
Build step 'Invoke top-level Maven targets' marked build as failure
Archiving artifacts
Build step 'Groovy Postbuild' marked build as failure
Recording test results
Performance: Percentage of errors greater or equal than 0% sets the build as unstable
Performance: Percentage of errors greater or equal than 0% sets the build as failure



Performance: Recording JUnit reports '**/TEST-*.xml'
TEST-net.imagej.ops.OpMatchingServiceTest.xml has an average of: 17
Performance: File TEST-net.imagej.ops.OpMatchingServiceTest.xml reported 0.0% of errors [SUCCESS]. Build status is: FAILURE



TEST-net.imagej.ops.OpServiceTest.xml has an average of: 12
Performance: File TEST-net.imagej.ops.OpServiceTest.xml reported 0.0% of errors [SUCCESS]. Build status is: FAILURE



TEST-net.imagej.ops.TemplateTest.xml has an average of: 0
Performance: File TEST-net.imagej.ops.TemplateTest.xml reported 0.0% of errors [SUCCESS]. Build status is: FAILURE



TEST-net.imagej.ops.arithmetic.add.AddConstantToNumericTypeTest.xml has an average of: 44
Performance: File TEST-net.imagej.ops.arithmetic.add.AddConstantToNumericTypeTest.xml reported 0.0% of errors [SUCCESS]. Build status is: FAILURE



TEST-net.imagej.ops.benchmark.AddOpBenchmarkTest.xml has an average of: 1981
Performance: File TEST-net.imagej.ops.benchmark.AddOpBenchmarkTest.xml reported 0.0% of errors [SUCCESS]. Build status is: FAILURE



TEST-net.imagej.ops.benchmark.MappersBenchmarkTest.xml has an average of: 435
Performance: File TEST-net.imagej.ops.benchmark.MappersBenchmarkTest.xml reported 0.0% of errors [SUCCESS]. Build status is: FAILURE



TEST-net.imagej.ops.convert.ConvertIITest.xml has an average of: 43
Performance: File TEST-net.imagej.ops.convert.ConvertIITest.xml reported 0.0% of errors [SUCCESS]. Build status is: FAILURE



TEST-net.imagej.ops.convolve.ConvolveTest.xml has an average of: 147
Performance: File TEST-net.imagej.ops.convolve.ConvolveTest.xml reported 0.0% of errors [SUCCESS]. Build status is: FAILURE



TEST-net.imagej.ops.convolve.GaussTest.xml has an average of: 32
Performance: File TEST-net.imagej.ops.convolve.GaussTest.xml reported 0.0% of errors [SUCCESS]. Build status is: FAILURE



TEST-net.imagej.ops.crop.CropTest.xml has an average of: 18
Performance: File TEST-net.imagej.ops.crop.CropTest.xml reported 0.0% of errors [SUCCESS]. Build status is: FAILURE



TEST-net.imagej.ops.crop.CroppedIterableIntervalTest.xml has an average of: 69
Performance: File TEST-net.imagej.ops.crop.CroppedIterableIntervalTest.xml reported 0.0% of errors [SUCCESS]. Build status is: FAILURE



TEST-net.imagej.ops.identity.IdentityTest.xml has an average of: 532
Performance: File TEST-net.imagej.ops.identity.IdentityTest.xml reported 0.0% of errors [SUCCESS]. Build status is: FAILURE



TEST-net.imagej.ops.invert.InvertTest.xml has an average of: 20
Performance: File TEST-net.imagej.ops.invert.InvertTest.xml reported 0.0% of errors [SUCCESS]. Build status is: FAILURE



TEST-net.imagej.ops.join.JoinTest.xml has an average of: 18
Performance: File TEST-net.imagej.ops.join.JoinTest.xml reported 0.0% of errors [SUCCESS]. Build status is: FAILURE



TEST-net.imagej.ops.loop.LoopTest.xml has an average of: 29
Performance: File TEST-net.imagej.ops.loop.LoopTest.xml reported 0.0% of errors [SUCCESS]. Build status is: FAILURE



TEST-net.imagej.ops.map.MapTest.xml has an average of: 26
Performance: File TEST-net.imagej.ops.map.MapTest.xml reported 0.0% of errors [SUCCESS]. Build status is: FAILURE



TEST-net.imagej.ops.map.parallel.ThreadedMapTest.xml has an average of: 19
Performance: File TEST-net.imagej.ops.map.parallel.ThreadedMapTest.xml reported 0.0% of errors [SUCCESS]. Build status is: FAILURE



TEST-net.imagej.ops.map.view.MapViewTest.xml has an average of: 37
Performance: File TEST-net.imagej.ops.map.view.MapViewTest.xml reported 0.0% of errors [SUCCESS]. Build status is: FAILURE



TEST-net.imagej.ops.normalize.NormalizeTest.xml has an average of: 18
Performance: File TEST-net.imagej.ops.normalize.NormalizeTest.xml reported 0.0% of errors [SUCCESS]. Build status is: FAILURE



TEST-net.imagej.ops.onthefly.OnTheFlyTest.xml has an average of: 41
Performance: File TEST-net.imagej.ops.onthefly.OnTheFlyTest.xml reported 0.0% of errors [SUCCESS]. Build status is: FAILURE



TEST-net.imagej.ops.project.ProjectTest.xml has an average of: 12
Performance: File TEST-net.imagej.ops.project.ProjectTest.xml reported 0.0% of errors [SUCCESS]. Build status is: FAILURE



TEST-net.imagej.ops.scale.ScaleImgTest.xml has an average of: 24
Performance: File TEST-net.imagej.ops.scale.ScaleImgTest.xml reported 0.0% of errors [SUCCESS]. Build status is: FAILURE



TEST-net.imagej.ops.statistics.MeanTest.xml has an average of: 27
Performance: File TEST-net.imagej.ops.statistics.MeanTest.xml reported 0.0% of errors [SUCCESS]. Build status is: FAILURE



TEST-net.imagej.ops.statistics.StatisticsTest.xml has an average of: 31
Performance: File TEST-net.imagej.ops.statistics.StatisticsTest.xml reported 0.0% of errors [SUCCESS]. Build status is: FAILURE



TEST-net.imagej.ops.threading.ChunkerBenchmarkTest.xml has an average of: 967
Performance: File TEST-net.imagej.ops.threading.ChunkerBenchmarkTest.xml reported 0.0% of errors [SUCCESS]. Build status is: FAILURE



TEST-net.imagej.ops.threshold.LocalThresholdTest.xml has an average of: 11
Performance: File TEST-net.imagej.ops.threshold.LocalThresholdTest.xml reported 0.0% of errors [SUCCESS]. Build status is: FAILURE





From jenkins at imagej.net  Tue Sep 16 17:14:18 2014
From: jenkins at imagej.net (jenkins at imagej.net)
Date: Tue, 16 Sep 2014 17:14:18 -0500 (CDT)
Subject: [ImageJ-builds] Jenkins build is back to normal : ImageJ-OPS #179
In-Reply-To: <423239971.77.1410904064201.JavaMail.jenkins@dev>
References: <423239971.77.1410904064201.JavaMail.jenkins@dev>
Message-ID: <217048994.78.1410905658424.JavaMail.jenkins@dev>

See <http://jenkins.imagej.net/job/ImageJ-OPS/179/changes>



From jenkins at imagej.net  Wed Sep 17 04:59:09 2014
From: jenkins at imagej.net (jenkins at imagej.net)
Date: Wed, 17 Sep 2014 04:59:09 -0500 (CDT)
Subject: [ImageJ-builds] Build failed in Jenkins: SPIM_Registration #6
Message-ID: <24653424.79.1410947949605.JavaMail.jenkins@dev>

See <http://jenkins.imagej.net/job/SPIM_Registration/6/>

------------------------------------------
Started by user Johannes Schindelin
Building on master in workspace <http://jenkins.imagej.net/job/SPIM_Registration/ws/>
Fetching changes from the remote Git repository
Fetching upstream changes from https://github.com/fiji/SPIM_Registration
Checking out Revision ebb115caa116fe802a59a27c9640356046981402 (origin/master)
First time build. Skipping changelog.
[workspace] $ /bin/sh -xe /tmp/hudson9175186558952897016.sh
+ git clean -dfx
Removing target/
[workspace] $ /bin/sh -xe /tmp/hudson402688450495727996.sh
+ mvn -DupdateReleaseInfo=true -Pdeploy-to-imagej deploy
[INFO] Scanning for projects...
[INFO]                                                                         
[INFO] ------------------------------------------------------------------------
[INFO] Building SPIM Registration 2.0.0-SNAPSHOT
[INFO] ------------------------------------------------------------------------
[WARNING] The POM for sc.fiji:fiji-lib:jar:2.0.0 is invalid, transitive dependencies (if any) will not be available, enable debug logging for more details
Downloading: http://maven.imagej.net/content/groups/public/sc/fiji/spim_data/1.0.0-beta-3-SNAPSHOT/maven-metadata.xml
2/2 KB   
         
Downloaded: http://maven.imagej.net/content/groups/public/sc/fiji/spim_data/1.0.0-beta-3-SNAPSHOT/maven-metadata.xml (2 KB at 1.3 KB/sec)
Downloading: http://maven.imagej.net/content/groups/public/sc/fiji/bigdataviewer-core/1.0.0-SNAPSHOT/maven-metadata.xml
2/2 KB   
         
Downloaded: http://maven.imagej.net/content/groups/public/sc/fiji/bigdataviewer-core/1.0.0-SNAPSHOT/maven-metadata.xml (2 KB at 1.9 KB/sec)
Downloading: http://maven.imagej.net/content/groups/public/sc/fiji/bigdataviewer/1.0.0-SNAPSHOT/maven-metadata.xml
Downloading: http://maven.imagej.net/content/repositories/releases/sc/fiji/bigdataviewer/1.0.0-SNAPSHOT/maven-metadata.xml
Downloading: http://maven.imagej.net/content/repositories/thirdparty/sc/fiji/bigdataviewer/1.0.0-SNAPSHOT/maven-metadata.xml
Downloading: http://maven.imagej.net/content/repositories/snapshots/sc/fiji/bigdataviewer/1.0.0-SNAPSHOT/maven-metadata.xml
         
599/599 B   
            
            
Downloaded: http://maven.imagej.net/content/repositories/snapshots/sc/fiji/bigdataviewer/1.0.0-SNAPSHOT/maven-metadata.xml (599 B at 25.4 KB/sec)
599/599 B   
            
Downloaded: http://maven.imagej.net/content/groups/public/sc/fiji/bigdataviewer/1.0.0-SNAPSHOT/maven-metadata.xml (599 B at 1.0 KB/sec)
[INFO] 
[INFO] --- scijava-maven-plugin:0.1.1:set-rootdir (set-rootdir) @ SPIM_Registration ---
[INFO] Setting rootdir: /data/devel/jenkins/jobs/SPIM_Registration/workspace
[INFO] 
[INFO] --- buildnumber-maven-plugin:1.2:create (default) @ SPIM_Registration ---
[INFO] Checking for local modifications: skipped.
[INFO] Updating project files from SCM: skipped.
[INFO] Executing: /bin/sh -c cd /data/devel/jenkins/jobs/SPIM_Registration/workspace && git rev-parse --verify HEAD
[INFO] Working directory: /data/devel/jenkins/jobs/SPIM_Registration/workspace
[INFO] Storing buildNumber: ebb115caa116fe802a59a27c9640356046981402 at timestamp: 1410947943120
[INFO] Executing: /bin/sh -c cd /data/devel/jenkins/jobs/SPIM_Registration/workspace && git rev-parse --verify HEAD
[INFO] Working directory: /data/devel/jenkins/jobs/SPIM_Registration/workspace
[INFO] Storing buildScmBranch: UNKNOWN
[INFO] 
[INFO] --- maven-resources-plugin:2.6:resources (default-resources) @ SPIM_Registration ---
[INFO] Using 'UTF-8' encoding to copy filtered resources.
[INFO] Copying 2 resources
[INFO] 
[INFO] --- maven-compiler-plugin:2.3.2:compile (default-compile) @ SPIM_Registration ---
[INFO] Compiling 289 source files to /data/devel/jenkins/jobs/SPIM_Registration/workspace/target/classes
[INFO] -------------------------------------------------------------
[ERROR] COMPILATION ERROR : 
[INFO] -------------------------------------------------------------
[ERROR] /data/devel/jenkins/jobs/SPIM_Registration/workspace/src/main/java/spim/fiji/spimdata/imgloaders/AbstractImgLoader.java:[42,4] reference to FinalDimensions is ambiguous, both method FinalDimensions(long...) in net.imglib2.FinalDimensions and method FinalDimensions(int...) in net.imglib2.FinalDimensions match
[ERROR] /data/devel/jenkins/jobs/SPIM_Registration/workspace/src/main/java/spim/process/fusion/weightedavg/ProcessIndependent.java:[157,7] inconvertible types
found   : T
required: net.imglib2.type.numeric.real.FloatType
[ERROR] /data/devel/jenkins/jobs/SPIM_Registration/workspace/src/main/java/spim/process/fusion/weightedavg/ProcessIndependent.java:[158,64] inconvertible types
found   : net.imglib2.RandomAccessibleInterval<net.imglib2.type.numeric.real.FloatType>
required: net.imglib2.RandomAccessibleInterval<T>
[ERROR] /data/devel/jenkins/jobs/SPIM_Registration/workspace/src/main/java/spim/process/fusion/weightedavg/ProcessIndependent.java:[159,12] inconvertible types
found   : T
required: net.imglib2.type.numeric.integer.UnsignedShortType
[ERROR] /data/devel/jenkins/jobs/SPIM_Registration/workspace/src/main/java/spim/process/fusion/weightedavg/ProcessSequential.java:[237,7] inconvertible types
found   : T
required: net.imglib2.type.numeric.real.FloatType
[ERROR] /data/devel/jenkins/jobs/SPIM_Registration/workspace/src/main/java/spim/process/fusion/weightedavg/ProcessSequential.java:[238,64] inconvertible types
found   : net.imglib2.RandomAccessibleInterval<net.imglib2.type.numeric.real.FloatType>
required: net.imglib2.RandomAccessibleInterval<T>
[ERROR] /data/devel/jenkins/jobs/SPIM_Registration/workspace/src/main/java/spim/process/fusion/weightedavg/ProcessSequential.java:[239,12] inconvertible types
found   : T
required: net.imglib2.type.numeric.integer.UnsignedShortType
[ERROR] /data/devel/jenkins/jobs/SPIM_Registration/workspace/src/main/java/spim/process/interestpointregistration/GlobalOpt.java:[111,21] inconvertible types
found   : M
required: mpicbg.models.RigidModel3D
[ERROR] /data/devel/jenkins/jobs/SPIM_Registration/workspace/src/main/java/spim/process/interestpointregistration/GlobalOpt.java:[112,85] inconvertible types
found   : M
required: mpicbg.models.RigidModel3D
[ERROR] /data/devel/jenkins/jobs/SPIM_Registration/workspace/src/main/java/spim/process/fusion/weightedavg/ProcessParalell.java:[146,7] inconvertible types
found   : T
required: net.imglib2.type.numeric.real.FloatType
[ERROR] /data/devel/jenkins/jobs/SPIM_Registration/workspace/src/main/java/spim/process/fusion/weightedavg/ProcessParalell.java:[147,64] inconvertible types
found   : net.imglib2.RandomAccessibleInterval<net.imglib2.type.numeric.real.FloatType>
required: net.imglib2.RandomAccessibleInterval<T>
[ERROR] /data/devel/jenkins/jobs/SPIM_Registration/workspace/src/main/java/spim/process/fusion/weightedavg/ProcessParalell.java:[148,12] inconvertible types
found   : T
required: net.imglib2.type.numeric.integer.UnsignedShortType
[ERROR] /data/devel/jenkins/jobs/SPIM_Registration/workspace/src/main/java/spim/process/fusion/deconvolution/ProcessForDeconvolution.java:[501,7] inconvertible types
found   : T
required: net.imglib2.type.numeric.real.FloatType
[ERROR] /data/devel/jenkins/jobs/SPIM_Registration/workspace/src/main/java/spim/process/fusion/deconvolution/ProcessForDeconvolution.java:[502,103] inconvertible types
found   : net.imglib2.RandomAccessibleInterval<net.imglib2.type.numeric.real.FloatType>
required: net.imglib2.RandomAccessibleInterval<T>
[ERROR] /data/devel/jenkins/jobs/SPIM_Registration/workspace/src/main/java/spim/process/fusion/deconvolution/ProcessForDeconvolution.java:[503,12] inconvertible types
found   : T
required: net.imglib2.type.numeric.integer.UnsignedShortType
[INFO] 15 errors 
[INFO] -------------------------------------------------------------
[INFO] ------------------------------------------------------------------------
[INFO] BUILD FAILURE
[INFO] ------------------------------------------------------------------------
[INFO] Total time: 11.511s
[INFO] Finished at: Wed Sep 17 04:59:09 CDT 2014
[INFO] Final Memory: 39M/471M
[INFO] ------------------------------------------------------------------------
[ERROR] Failed to execute goal org.apache.maven.plugins:maven-compiler-plugin:2.3.2:compile (default-compile) on project SPIM_Registration: Compilation failure: Compilation failure:
[ERROR] /data/devel/jenkins/jobs/SPIM_Registration/workspace/src/main/java/spim/fiji/spimdata/imgloaders/AbstractImgLoader.java:[42,4] reference to FinalDimensions is ambiguous, both method FinalDimensions(long...) in net.imglib2.FinalDimensions and method FinalDimensions(int...) in net.imglib2.FinalDimensions match
[ERROR] /data/devel/jenkins/jobs/SPIM_Registration/workspace/src/main/java/spim/process/fusion/weightedavg/ProcessIndependent.java:[157,7] inconvertible types
[ERROR] found   : T
[ERROR] required: net.imglib2.type.numeric.real.FloatType
[ERROR] /data/devel/jenkins/jobs/SPIM_Registration/workspace/src/main/java/spim/process/fusion/weightedavg/ProcessIndependent.java:[158,64] inconvertible types
[ERROR] found   : net.imglib2.RandomAccessibleInterval<net.imglib2.type.numeric.real.FloatType>
[ERROR] required: net.imglib2.RandomAccessibleInterval<T>
[ERROR] /data/devel/jenkins/jobs/SPIM_Registration/workspace/src/main/java/spim/process/fusion/weightedavg/ProcessIndependent.java:[159,12] inconvertible types
[ERROR] found   : T
[ERROR] required: net.imglib2.type.numeric.integer.UnsignedShortType
[ERROR] /data/devel/jenkins/jobs/SPIM_Registration/workspace/src/main/java/spim/process/fusion/weightedavg/ProcessSequential.java:[237,7] inconvertible types
[ERROR] found   : T
[ERROR] required: net.imglib2.type.numeric.real.FloatType
[ERROR] /data/devel/jenkins/jobs/SPIM_Registration/workspace/src/main/java/spim/process/fusion/weightedavg/ProcessSequential.java:[238,64] inconvertible types
[ERROR] found   : net.imglib2.RandomAccessibleInterval<net.imglib2.type.numeric.real.FloatType>
[ERROR] required: net.imglib2.RandomAccessibleInterval<T>
[ERROR] /data/devel/jenkins/jobs/SPIM_Registration/workspace/src/main/java/spim/process/fusion/weightedavg/ProcessSequential.java:[239,12] inconvertible types
[ERROR] found   : T
[ERROR] required: net.imglib2.type.numeric.integer.UnsignedShortType
[ERROR] /data/devel/jenkins/jobs/SPIM_Registration/workspace/src/main/java/spim/process/interestpointregistration/GlobalOpt.java:[111,21] inconvertible types
[ERROR] found   : M
[ERROR] required: mpicbg.models.RigidModel3D
[ERROR] /data/devel/jenkins/jobs/SPIM_Registration/workspace/src/main/java/spim/process/interestpointregistration/GlobalOpt.java:[112,85] inconvertible types
[ERROR] found   : M
[ERROR] required: mpicbg.models.RigidModel3D
[ERROR] /data/devel/jenkins/jobs/SPIM_Registration/workspace/src/main/java/spim/process/fusion/weightedavg/ProcessParalell.java:[146,7] inconvertible types
[ERROR] found   : T
[ERROR] required: net.imglib2.type.numeric.real.FloatType
[ERROR] /data/devel/jenkins/jobs/SPIM_Registration/workspace/src/main/java/spim/process/fusion/weightedavg/ProcessParalell.java:[147,64] inconvertible types
[ERROR] found   : net.imglib2.RandomAccessibleInterval<net.imglib2.type.numeric.real.FloatType>
[ERROR] required: net.imglib2.RandomAccessibleInterval<T>
[ERROR] /data/devel/jenkins/jobs/SPIM_Registration/workspace/src/main/java/spim/process/fusion/weightedavg/ProcessParalell.java:[148,12] inconvertible types
[ERROR] found   : T
[ERROR] required: net.imglib2.type.numeric.integer.UnsignedShortType
[ERROR] /data/devel/jenkins/jobs/SPIM_Registration/workspace/src/main/java/spim/process/fusion/deconvolution/ProcessForDeconvolution.java:[501,7] inconvertible types
[ERROR] found   : T
[ERROR] required: net.imglib2.type.numeric.real.FloatType
[ERROR] /data/devel/jenkins/jobs/SPIM_Registration/workspace/src/main/java/spim/process/fusion/deconvolution/ProcessForDeconvolution.java:[502,103] inconvertible types
[ERROR] found   : net.imglib2.RandomAccessibleInterval<net.imglib2.type.numeric.real.FloatType>
[ERROR] required: net.imglib2.RandomAccessibleInterval<T>
[ERROR] /data/devel/jenkins/jobs/SPIM_Registration/workspace/src/main/java/spim/process/fusion/deconvolution/ProcessForDeconvolution.java:[503,12] inconvertible types
[ERROR] found   : T
[ERROR] required: net.imglib2.type.numeric.integer.UnsignedShortType
[ERROR] -> [Help 1]
[ERROR] 
[ERROR] To see the full stack trace of the errors, re-run Maven with the -e switch.
[ERROR] Re-run Maven using the -X switch to enable full debug logging.
[ERROR] 
[ERROR] For more information about the errors and possible solutions, please read the following articles:
[ERROR] [Help 1] http://cwiki.apache.org/confluence/display/MAVEN/MojoFailureException
Build step 'Execute shell' marked build as failure
Archiving artifacts


From jenkins at imagej.net  Wed Sep 17 05:21:35 2014
From: jenkins at imagej.net (jenkins at imagej.net)
Date: Wed, 17 Sep 2014 05:21:35 -0500 (CDT)
Subject: [ImageJ-builds] Jenkins build is back to normal : SPIM_Registration
	#7
In-Reply-To: <24653424.79.1410947949605.JavaMail.jenkins@dev>
References: <24653424.79.1410947949605.JavaMail.jenkins@dev>
Message-ID: <527979178.80.1410949295748.JavaMail.jenkins@dev>

See <http://jenkins.imagej.net/job/SPIM_Registration/7/changes>



From jenkins at imagej.net  Wed Sep 17 05:56:57 2014
From: jenkins at imagej.net (jenkins at imagej.net)
Date: Wed, 17 Sep 2014 05:56:57 -0500 (CDT)
Subject: [ImageJ-builds] Build failed in Jenkins:
	register_virtual_stack_slices #10
Message-ID: <550969436.81.1410951417177.JavaMail.jenkins@dev>

See <http://jenkins.imagej.net/job/register_virtual_stack_slices/10/changes>

Changes:

[Ignacio Arganda-Carreras] Bump the parent to its first release version

------------------------------------------
Started by an SCM change
Building on master in workspace <http://jenkins.imagej.net/job/register_virtual_stack_slices/ws/>
Fetching changes from the remote Git repository
Fetching upstream changes from https://github.com/fiji/register_virtual_stack_slices
Checking out Revision 5b5e53bff676316cc4828efec69826116c1e273e (origin/master)
[workspace] $ /bin/sh -xe /tmp/hudson7227163015638268028.sh
+ git clean -dfx
Removing target/
[workspace] $ /bin/sh -xe /tmp/hudson1858018437568878972.sh
+ mvn -DupdateReleaseInfo=true -Pdeploy-to-imagej deploy
[INFO] Scanning for projects...
[ERROR] The build could not read 1 project -> [Help 1]
[ERROR]   
[ERROR]   The project  (/data/devel/jenkins/jobs/register_virtual_stack_slices/workspace/pom.xml) has 1 error
[ERROR]     Non-parseable POM /data/devel/jenkins/jobs/register_virtual_stack_slices/workspace/pom.xml: Duplicated tag: 'version' (position: START_TAG seen ...</repositories>\n\n\t<version>... @68:11)  @ line 68, column 11 -> [Help 2]
[ERROR] 
[ERROR] To see the full stack trace of the errors, re-run Maven with the -e switch.
[ERROR] Re-run Maven using the -X switch to enable full debug logging.
[ERROR] 
[ERROR] For more information about the errors and possible solutions, please read the following articles:
[ERROR] [Help 1] http://cwiki.apache.org/confluence/display/MAVEN/ProjectBuildingException
[ERROR] [Help 2] http://cwiki.apache.org/confluence/display/MAVEN/ModelParseException
Build step 'Execute shell' marked build as failure
Archiving artifacts


From jenkins at imagej.net  Wed Sep 17 06:55:57 2014
From: jenkins at imagej.net (jenkins at imagej.net)
Date: Wed, 17 Sep 2014 06:55:57 -0500 (CDT)
Subject: [ImageJ-builds] Jenkins build is back to normal :
	register_virtual_stack_slices #11
In-Reply-To: <550969436.81.1410951417177.JavaMail.jenkins@dev>
References: <550969436.81.1410951417177.JavaMail.jenkins@dev>
Message-ID: <256589354.82.1410954957022.JavaMail.jenkins@dev>

See <http://jenkins.imagej.net/job/register_virtual_stack_slices/11/changes>



From jenkins at imagej.net  Wed Sep 17 07:16:23 2014
From: jenkins at imagej.net (jenkins at imagej.net)
Date: Wed, 17 Sep 2014 07:16:23 -0500 (CDT)
Subject: [ImageJ-builds] Build failed in Jenkins: pom-fiji #34
Message-ID: <921710934.83.1410956183176.JavaMail.jenkins@dev>

See <http://jenkins.imagej.net/job/pom-fiji/34/changes>

Changes:

[Johannes Schindelin] Bump the last uncontentious Fiji projects to release versions

[Johannes Schindelin] Put weavejy2java into the soon-obsolete section

------------------------------------------
Started by an SCM change
Building on master in workspace <http://jenkins.imagej.net/job/pom-fiji/ws/>
Fetching changes from the remote Git repository
Fetching upstream changes from https://github.com/fiji/pom-fiji
Checking out Revision e2ec3096bfb515aaf0e6a270c1f6109e0da728a9 (origin/master)
[workspace] $ /bin/sh -xe /tmp/hudson4784961596294400584.sh
+ git clean -dfx
[workspace] $ /bin/sh -xe /tmp/hudson7696384631310146570.sh
+ mvn -DupdateReleaseInfo=true -Pdeploy-to-imagej deploy
[INFO] Scanning for projects...
[ERROR] The build could not read 1 project -> [Help 1]
[ERROR]   
[ERROR]   The project  (/data/devel/jenkins/jobs/pom-fiji/workspace/pom.xml) has 1 error
[ERROR]     Non-parseable POM /data/devel/jenkins/jobs/pom-fiji/workspace/pom.xml: end tag name </ImageJ_4D_Objects_Counter.version> must be the same as start tag <ImageJ_3D_Objects_Counter.version> from line 90 (position: TEXT seen ..._Objects_Counter.version>2.0.0</ImageJ_4D_Objects_Counter.version>... @90:79)  @ line 90, column 79 -> [Help 2]
[ERROR] 
[ERROR] To see the full stack trace of the errors, re-run Maven with the -e switch.
[ERROR] Re-run Maven using the -X switch to enable full debug logging.
[ERROR] 
[ERROR] For more information about the errors and possible solutions, please read the following articles:
[ERROR] [Help 1] http://cwiki.apache.org/confluence/display/MAVEN/ProjectBuildingException
[ERROR] [Help 2] http://cwiki.apache.org/confluence/display/MAVEN/ModelParseException
Build step 'Execute shell' marked build as failure
Archiving artifacts


From jenkins at imagej.net  Wed Sep 17 07:26:11 2014
From: jenkins at imagej.net (jenkins at imagej.net)
Date: Wed, 17 Sep 2014 07:26:11 -0500 (CDT)
Subject: [ImageJ-builds] Build failed in Jenkins: pom-fiji #35
In-Reply-To: <921710934.83.1410956183176.JavaMail.jenkins@dev>
References: <921710934.83.1410956183176.JavaMail.jenkins@dev>
Message-ID: <1312512044.84.1410956771096.JavaMail.jenkins@dev>

See <http://jenkins.imagej.net/job/pom-fiji/35/changes>

Changes:

[Johannes Schindelin] Bump the rest of Ignacio Arganda-Carreras' projects to release versions

------------------------------------------
Started by an SCM change
Building on master in workspace <http://jenkins.imagej.net/job/pom-fiji/ws/>
Fetching changes from the remote Git repository
Fetching upstream changes from https://github.com/fiji/pom-fiji
Checking out Revision 5df242e4824ed0a362fa7e88002c199dd4d72cd2 (origin/master)
[workspace] $ /bin/sh -xe /tmp/hudson2147398954214311193.sh
+ git clean -dfx
[workspace] $ /bin/sh -xe /tmp/hudson3199907924627550814.sh
+ mvn -DupdateReleaseInfo=true -Pdeploy-to-imagej deploy
[INFO] Scanning for projects...
[ERROR] The build could not read 1 project -> [Help 1]
[ERROR]   
[ERROR]   The project  (/data/devel/jenkins/jobs/pom-fiji/workspace/pom.xml) has 1 error
[ERROR]     Non-parseable POM /data/devel/jenkins/jobs/pom-fiji/workspace/pom.xml: end tag name </ImageJ_4D_Objects_Counter.version> must be the same as start tag <ImageJ_3D_Objects_Counter.version> from line 90 (position: TEXT seen ..._Objects_Counter.version>2.0.0</ImageJ_4D_Objects_Counter.version>... @90:79)  @ line 90, column 79 -> [Help 2]
[ERROR] 
[ERROR] To see the full stack trace of the errors, re-run Maven with the -e switch.
[ERROR] Re-run Maven using the -X switch to enable full debug logging.
[ERROR] 
[ERROR] For more information about the errors and possible solutions, please read the following articles:
[ERROR] [Help 1] http://cwiki.apache.org/confluence/display/MAVEN/ProjectBuildingException
[ERROR] [Help 2] http://cwiki.apache.org/confluence/display/MAVEN/ModelParseException
Build step 'Execute shell' marked build as failure
Archiving artifacts


From jenkins at imagej.net  Wed Sep 17 07:58:47 2014
From: jenkins at imagej.net (jenkins at imagej.net)
Date: Wed, 17 Sep 2014 07:58:47 -0500 (CDT)
Subject: [ImageJ-builds] Jenkins build is back to normal : pom-fiji #36
In-Reply-To: <1312512044.84.1410956771096.JavaMail.jenkins@dev>
References: <1312512044.84.1410956771096.JavaMail.jenkins@dev>
Message-ID: <2041618689.85.1410958727520.JavaMail.jenkins@dev>

See <http://jenkins.imagej.net/job/pom-fiji/36/changes>



From jenkins at imagej.net  Wed Sep 17 08:33:17 2014
From: jenkins at imagej.net (jenkins at imagej.net)
Date: Wed, 17 Sep 2014 08:33:17 -0500 (CDT)
Subject: [ImageJ-builds] mail-watcher-plugin: Computer Windows marked offline
Message-ID: <1204668589.86.1410960797459.JavaMail.jenkins@dev>

Url: http://jenkins.imagej.net/computer/Windows/
Initiator: unknown




From jenkins at imagej.net  Wed Sep 17 08:33:47 2014
From: jenkins at imagej.net (jenkins at imagej.net)
Date: Wed, 17 Sep 2014 08:33:47 -0500 (CDT)
Subject: [ImageJ-builds] mail-watcher-plugin: Computer Windows marked online
Message-ID: <1383184404.87.1410960827477.JavaMail.jenkins@dev>

Url: http://jenkins.imagej.net/computer/Windows/
Initiator: SYSTEM




From jenkins at imagej.net  Wed Sep 17 14:38:47 2014
From: jenkins at imagej.net (jenkins at imagej.net)
Date: Wed, 17 Sep 2014 14:38:47 -0500 (CDT)
Subject: [ImageJ-builds] mail-watcher-plugin: Computer Windows marked offline
Message-ID: <1201216806.88.1410982727101.JavaMail.jenkins@dev>

Url: http://jenkins.imagej.net/computer/Windows/
Initiator: unknown




From jenkins at imagej.net  Wed Sep 17 14:39:17 2014
From: jenkins at imagej.net (jenkins at imagej.net)
Date: Wed, 17 Sep 2014 14:39:17 -0500 (CDT)
Subject: [ImageJ-builds] mail-watcher-plugin: Computer Windows marked online
Message-ID: <928258064.89.1410982757031.JavaMail.jenkins@dev>

Url: http://jenkins.imagej.net/computer/Windows/
Initiator: SYSTEM




From jenkins at imagej.net  Wed Sep 17 21:19:16 2014
From: jenkins at imagej.net (jenkins at imagej.net)
Date: Wed, 17 Sep 2014 21:19:16 -0500 (CDT)
Subject: [ImageJ-builds] mail-watcher-plugin: Computer Windows marked offline
Message-ID: <1617646322.90.1411006756739.JavaMail.jenkins@dev>

Url: http://jenkins.imagej.net/computer/Windows/
Initiator: unknown




From jenkins at imagej.net  Wed Sep 17 21:19:46 2014
From: jenkins at imagej.net (jenkins at imagej.net)
Date: Wed, 17 Sep 2014 21:19:46 -0500 (CDT)
Subject: [ImageJ-builds] mail-watcher-plugin: Computer Windows marked online
Message-ID: <1706106929.91.1411006786524.JavaMail.jenkins@dev>

Url: http://jenkins.imagej.net/computer/Windows/
Initiator: SYSTEM




From jenkins at imagej.net  Thu Sep 18 15:00:58 2014
From: jenkins at imagej.net (jenkins at imagej.net)
Date: Thu, 18 Sep 2014 15:00:58 -0500 (CDT)
Subject: [ImageJ-builds] mail-watcher-plugin: Computer Windows marked offline
Message-ID: <1105618020.92.1411070458246.JavaMail.jenkins@dev>

Url: http://jenkins.imagej.net/computer/Windows/
Initiator: unknown




From jenkins at imagej.net  Thu Sep 18 15:01:28 2014
From: jenkins at imagej.net (jenkins at imagej.net)
Date: Thu, 18 Sep 2014 15:01:28 -0500 (CDT)
Subject: [ImageJ-builds] mail-watcher-plugin: Computer Windows marked online
Message-ID: <740336694.93.1411070488167.JavaMail.jenkins@dev>

Url: http://jenkins.imagej.net/computer/Windows/
Initiator: SYSTEM




From jenkins at imagej.net  Thu Sep 18 17:45:54 2014
From: jenkins at imagej.net (jenkins at imagej.net)
Date: Thu, 18 Sep 2014 17:45:54 -0500 (CDT)
Subject: [ImageJ-builds] mail-watcher-plugin: Computer Windows marked offline
Message-ID: <1572783910.94.1411080354895.JavaMail.jenkins@dev>

Url: http://jenkins.imagej.net/computer/Windows/
Initiator: unknown




From jenkins at imagej.net  Thu Sep 18 17:46:07 2014
From: jenkins at imagej.net (jenkins at imagej.net)
Date: Thu, 18 Sep 2014 17:46:07 -0500 (CDT)
Subject: [ImageJ-builds] mail-watcher-plugin: Computer Windows marked online
Message-ID: <1479564372.95.1411080367592.JavaMail.jenkins@dev>

Url: http://jenkins.imagej.net/computer/Windows/
Initiator: SYSTEM




From jenkins at imagej.net  Fri Sep 19 15:53:10 2014
From: jenkins at imagej.net (jenkins at imagej.net)
Date: Fri, 19 Sep 2014 15:53:10 -0500 (CDT)
Subject: [ImageJ-builds] mail-watcher-plugin: Computer Windows marked offline
Message-ID: <1489739732.96.1411159990901.JavaMail.jenkins@dev>

Url: http://jenkins.imagej.net/computer/Windows/
Initiator: unknown




From jenkins at imagej.net  Fri Sep 19 15:53:43 2014
From: jenkins at imagej.net (jenkins at imagej.net)
Date: Fri, 19 Sep 2014 15:53:43 -0500 (CDT)
Subject: [ImageJ-builds] mail-watcher-plugin: Computer Windows marked online
Message-ID: <122625107.97.1411160023191.JavaMail.jenkins@dev>

Url: http://jenkins.imagej.net/computer/Windows/
Initiator: SYSTEM




From jenkins at imagej.net  Fri Sep 19 19:13:42 2014
From: jenkins at imagej.net (jenkins at imagej.net)
Date: Fri, 19 Sep 2014 19:13:42 -0500 (CDT)
Subject: [ImageJ-builds] mail-watcher-plugin: Computer Windows marked offline
Message-ID: <1429642055.98.1411172022865.JavaMail.jenkins@dev>

Url: http://jenkins.imagej.net/computer/Windows/
Initiator: unknown




From jenkins at imagej.net  Fri Sep 19 19:14:12 2014
From: jenkins at imagej.net (jenkins at imagej.net)
Date: Fri, 19 Sep 2014 19:14:12 -0500 (CDT)
Subject: [ImageJ-builds] mail-watcher-plugin: Computer Windows marked online
Message-ID: <2078743271.99.1411172052752.JavaMail.jenkins@dev>

Url: http://jenkins.imagej.net/computer/Windows/
Initiator: SYSTEM




From jenkins at imagej.net  Fri Sep 19 20:26:33 2014
From: jenkins at imagej.net (jenkins at imagej.net)
Date: Fri, 19 Sep 2014 20:26:33 -0500 (CDT)
Subject: [ImageJ-builds] Build failed in Jenkins: Bio-Formats-Fiji #337
Message-ID: <1939464301.100.1411176393819.JavaMail.jenkins@dev>

See <http://jenkins.imagej.net/job/Bio-Formats-Fiji/337/>

------------------------------------------
Started by timer
Building on master in workspace <http://jenkins.imagej.net/job/Bio-Formats-Fiji/ws/>
Copied 2 artifacts from "Fiji-minimal" build number 1945
[workspace] $ /bin/sh -xe /tmp/hudson3341269861942198124.sh
+ sh bin/upload-bf.sh
No GUI detected.  Falling back to headless mode.
No GUI detected.  Falling back to headless mode.
Updating the index of available files (Updating from ImageJ site: http://up...
Updating from ImageJ site: http://update.imagej.net/ done
Updating from Fiji site: http://fiji.sc/update/ done
Updating from Bio-Formats site: http://sites.imagej.net/Bio-Formats/ done
................................................................................
................................................................................
................................................................................
................................................................................
................................................................................
................................................................................
..
Done: Checksummer

[INFO] Deleting obsolete version /data/devel/jenkins/jobs/Bio-Formats-Fiji/workspace/Fiji.app/jars/batik.jar
[INFO] Deleting obsolete version /data/devel/jenkins/jobs/Bio-Formats-Fiji/workspace/Fiji.app/jars/jna.jar
[INFO] Deleting obsolete version /data/devel/jenkins/jobs/Bio-Formats-Fiji/workspace/Fiji.app/plugins/Vaa3d_Reader-2.0.0-SNAPSHOT.jar
Downloading... (plugins/Vaa3d_Reader-2.0.0.jar) 
plugins/Vaa3d_Reader-2.0.0.jar done
plugins/Vaa3d_Reader-2.0.0.jar done
Done: Downloading...

Done: Downloading...


--== jars/bio-formats/formats-api ==--

2014-09-19 20:26:04 URL:http://ci.openmicroscopy.org/job/BIOFORMATS-5.0-latest/lastSuccessfulBuild/artifact/artifacts//formats-api.jar [188672/188672] -> "formats-api.jar" [1]

--== jars/bio-formats/formats-bsd ==--

2014-09-19 20:26:07 URL:http://ci.openmicroscopy.org/job/BIOFORMATS-5.0-latest/lastSuccessfulBuild/artifact/artifacts//formats-bsd.jar [631367/631367] -> "formats-bsd.jar" [1]

--== jars/bio-formats/formats-common ==--

2014-09-19 20:26:08 URL:http://ci.openmicroscopy.org/job/BIOFORMATS-5.0-latest/lastSuccessfulBuild/artifact/artifacts//formats-common.jar [111526/111526] -> "formats-common.jar" [1]

--== jars/bio-formats/formats-gpl ==--

2014-09-19 20:26:11 URL:http://ci.openmicroscopy.org/job/BIOFORMATS-5.0-latest/lastSuccessfulBuild/artifact/artifacts//formats-gpl.jar [1144027/1144027] -> "formats-gpl.jar" [1]

--== jars/bio-formats/jai_imageio ==--

2014-09-19 20:26:13 URL:http://ci.openmicroscopy.org/job/BIOFORMATS-5.0-latest/lastSuccessfulBuild/artifact/artifacts//jai_imageio.jar [1030174/1030174] -> "jai_imageio.jar" [1]

--== jars/bio-formats/mdbtools-java ==--

2014-09-19 20:26:14 URL:http://ci.openmicroscopy.org/job/BIOFORMATS-5.0-latest/lastSuccessfulBuild/artifact/artifacts//mdbtools-java.jar [86539/86539] -> "mdbtools-java.jar" [1]

--== jars/bio-formats/metakit ==--

2014-09-19 20:26:14 URL:http://ci.openmicroscopy.org/job/BIOFORMATS-5.0-latest/lastSuccessfulBuild/artifact/artifacts//metakit.jar [9324/9324] -> "metakit.jar" [1]

--== jars/bio-formats/ome-poi ==--

2014-09-19 20:26:17 URL:http://ci.openmicroscopy.org/job/BIOFORMATS-5.0-latest/lastSuccessfulBuild/artifact/artifacts//ome-poi.jar [932618/932618] -> "ome-poi.jar" [1]

--== jars/bio-formats/ome-xml ==--

2014-09-19 20:26:19 URL:http://ci.openmicroscopy.org/job/BIOFORMATS-5.0-latest/lastSuccessfulBuild/artifact/artifacts//ome-xml.jar [504452/504452] -> "ome-xml.jar" [1]

--== jars/bio-formats/specification ==--

2014-09-19 20:26:22 URL:http://ci.openmicroscopy.org/job/BIOFORMATS-5.0-latest/lastSuccessfulBuild/artifact/artifacts//specification.jar [524516/524516] -> "specification.jar" [1]

--== jars/bio-formats/turbojpeg ==--

2014-09-19 20:26:25 URL:http://ci.openmicroscopy.org/job/BIOFORMATS-5.0-latest/lastSuccessfulBuild/artifact/artifacts//turbojpeg.jar [1294472/1294472] -> "turbojpeg.jar" [1]

--== plugins/bio-formats_plugins ==--

2014-09-19 20:26:26 URL:http://ci.openmicroscopy.org/job/BIOFORMATS-5.0-latest/lastSuccessfulBuild/artifact/artifacts//bio-formats_plugins.jar [230636/230636] -> "bio-formats_plugins.jar" [1]
No GUI detected.  Falling back to headless mode.
No GUI detected.  Falling back to headless mode.
Updating the index of available files (Updating from ImageJ site: http://up...
Updating from ImageJ site: http://update.imagej.net/ done
Updating from Fiji site: http://fiji.sc/update/ done
Updating from Bio-Formats site: http://sites.imagej.net/Bio-Formats/ done
................................................................................
................................................................................
................................................................................
................................................................................
................................................................................
................................................................................
..
Done: Checksummer

No GUI detected.  Falling back to headless mode.
No GUI detected.  Falling back to headless mode.
Updating the index of available files (Updating from ImageJ site: http://up...
Updating from ImageJ site: http://update.imagej.net/ done
Updating from Fiji site: http://fiji.sc/update/ done
Updating from Bio-Formats site: http://sites.imagej.net/Bio-Formats/ done
................................................................................
................................................................................
................................................................................
................................................................................
................................................................................
................................................................................
..
Done: Checksummer

[INFO] Uploading 0 (removing 2) to Bio-Formats (webdav:Bio-Formats:<password>:./)
[ERROR] There are conflicts:
jars/netcdf-4.3.19.jar: Depends on jars/jna.jar which is about to be removed.plugins/CPU_Meter-2.0.0-SNAPSHOT.jar: Depends on jars/jna.jar which is about to be removed.plugins/IO_-2.0.0-SNAPSHOT.jar: Depends on jars/batik.jar which is about to be removed.plugins/Simple_Neurite_Tracer-2.0.2-SNAPSHOT.jar: Depends on jars/batik.jar which is about to be removed.plugins/SPIM_Registration-2.0.0-SNAPSHOT.jar: Depends on jars/jna.jar which is about to be removed.plugins/TrackMate_-2.5.0.jar: Depends on jars/batik.jar which is about to be removed.
No GUI detected.  Falling back to headless mode.
No GUI detected.  Falling back to headless mode.
Updating the index of available files (Updating from ImageJ site: http://up...
Updating from ImageJ site: http://update.imagej.net/ done
Updating from Fiji site: http://fiji.sc/update/ done
Updating from Bio-Formats site: http://sites.imagej.net/Bio-Formats/ done
................................................................................
................................................................................
................................................................................
................................................................................
................................................................................
................................................................................
..
Done: Checksummer

Build step 'Groovy Postbuild' changed build result to FAILURE
Build step 'Groovy Postbuild' marked build as failure


From jenkins at imagej.net  Sat Sep 20 17:33:32 2014
From: jenkins at imagej.net (jenkins at imagej.net)
Date: Sat, 20 Sep 2014 17:33:32 -0500 (CDT)
Subject: [ImageJ-builds] mail-watcher-plugin: Computer Windows marked offline
Message-ID: <1303617458.101.1411252412637.JavaMail.jenkins@dev>

Url: http://jenkins.imagej.net/computer/Windows/
Initiator: unknown




From jenkins at imagej.net  Sat Sep 20 17:33:44 2014
From: jenkins at imagej.net (jenkins at imagej.net)
Date: Sat, 20 Sep 2014 17:33:44 -0500 (CDT)
Subject: [ImageJ-builds] mail-watcher-plugin: Computer Windows marked online
Message-ID: <1793722605.102.1411252424829.JavaMail.jenkins@dev>

Url: http://jenkins.imagej.net/computer/Windows/
Initiator: SYSTEM




From jenkins at imagej.net  Sat Sep 20 20:26:37 2014
From: jenkins at imagej.net (jenkins at imagej.net)
Date: Sat, 20 Sep 2014 20:26:37 -0500 (CDT)
Subject: [ImageJ-builds] Jenkins build is back to normal : Bio-Formats-Fiji
	#338
In-Reply-To: <1939464301.100.1411176393819.JavaMail.jenkins@dev>
References: <1939464301.100.1411176393819.JavaMail.jenkins@dev>
Message-ID: <163551441.103.1411262797526.JavaMail.jenkins@dev>

See <http://jenkins.imagej.net/job/Bio-Formats-Fiji/338/>



From jenkins at imagej.net  Mon Sep 22 02:56:09 2014
From: jenkins at imagej.net (jenkins at imagej.net)
Date: Mon, 22 Sep 2014 02:56:09 -0500 (CDT)
Subject: [ImageJ-builds] mail-watcher-plugin: Computer Windows marked offline
Message-ID: <1576392026.104.1411372569429.JavaMail.jenkins@dev>

Url: http://jenkins.imagej.net/computer/Windows/
Initiator: unknown




From jenkins at imagej.net  Mon Sep 22 02:56:42 2014
From: jenkins at imagej.net (jenkins at imagej.net)
Date: Mon, 22 Sep 2014 02:56:42 -0500 (CDT)
Subject: [ImageJ-builds] mail-watcher-plugin: Computer Windows marked online
Message-ID: <1274962831.105.1411372602471.JavaMail.jenkins@dev>

Url: http://jenkins.imagej.net/computer/Windows/
Initiator: SYSTEM




From jenkins at imagej.net  Mon Sep 22 18:43:16 2014
From: jenkins at imagej.net (jenkins at imagej.net)
Date: Mon, 22 Sep 2014 18:43:16 -0500 (CDT)
Subject: [ImageJ-builds] mail-watcher-plugin: Computer Windows marked offline
Message-ID: <288182939.106.1411429396529.JavaMail.jenkins@dev>

Url: http://jenkins.imagej.net/computer/Windows/
Initiator: unknown




From jenkins at imagej.net  Mon Sep 22 18:43:46 2014
From: jenkins at imagej.net (jenkins at imagej.net)
Date: Mon, 22 Sep 2014 18:43:46 -0500 (CDT)
Subject: [ImageJ-builds] mail-watcher-plugin: Computer Windows marked online
Message-ID: <1118887951.107.1411429426938.JavaMail.jenkins@dev>

Url: http://jenkins.imagej.net/computer/Windows/
Initiator: SYSTEM




From jenkins at imagej.net  Tue Sep 23 10:53:46 2014
From: jenkins at imagej.net (jenkins at imagej.net)
Date: Tue, 23 Sep 2014 10:53:46 -0500 (CDT)
Subject: [ImageJ-builds] mail-watcher-plugin: Computer Windows marked offline
Message-ID: <1302906294.108.1411487626234.JavaMail.jenkins@dev>

Url: http://jenkins.imagej.net/computer/Windows/
Initiator: unknown




From jenkins at imagej.net  Tue Sep 23 10:54:16 2014
From: jenkins at imagej.net (jenkins at imagej.net)
Date: Tue, 23 Sep 2014 10:54:16 -0500 (CDT)
Subject: [ImageJ-builds] mail-watcher-plugin: Computer Windows marked online
Message-ID: <1963512442.109.1411487656343.JavaMail.jenkins@dev>

Url: http://jenkins.imagej.net/computer/Windows/
Initiator: SYSTEM




From jenkins at imagej.net  Tue Sep 23 13:34:15 2014
From: jenkins at imagej.net (jenkins at imagej.net)
Date: Tue, 23 Sep 2014 13:34:15 -0500 (CDT)
Subject: [ImageJ-builds] mail-watcher-plugin: Computer Windows marked offline
Message-ID: <1272046852.110.1411497255838.JavaMail.jenkins@dev>

Url: http://jenkins.imagej.net/computer/Windows/
Initiator: unknown




From jenkins at imagej.net  Tue Sep 23 13:34:45 2014
From: jenkins at imagej.net (jenkins at imagej.net)
Date: Tue, 23 Sep 2014 13:34:45 -0500 (CDT)
Subject: [ImageJ-builds] mail-watcher-plugin: Computer Windows marked online
Message-ID: <126558585.111.1411497285687.JavaMail.jenkins@dev>

Url: http://jenkins.imagej.net/computer/Windows/
Initiator: SYSTEM




From jenkins at imagej.net  Wed Sep 24 04:24:45 2014
From: jenkins at imagej.net (jenkins at imagej.net)
Date: Wed, 24 Sep 2014 04:24:45 -0500 (CDT)
Subject: [ImageJ-builds] mail-watcher-plugin: Computer Windows marked offline
Message-ID: <1234320511.112.1411550685386.JavaMail.jenkins@dev>

Url: http://jenkins.imagej.net/computer/Windows/
Initiator: unknown




From jenkins at imagej.net  Wed Sep 24 04:25:15 2014
From: jenkins at imagej.net (jenkins at imagej.net)
Date: Wed, 24 Sep 2014 04:25:15 -0500 (CDT)
Subject: [ImageJ-builds] mail-watcher-plugin: Computer Windows marked online
Message-ID: <2074561262.113.1411550715392.JavaMail.jenkins@dev>

Url: http://jenkins.imagej.net/computer/Windows/
Initiator: SYSTEM




From jenkins at imagej.net  Wed Sep 24 16:56:14 2014
From: jenkins at imagej.net (jenkins at imagej.net)
Date: Wed, 24 Sep 2014 16:56:14 -0500 (CDT)
Subject: [ImageJ-builds] mail-watcher-plugin: Computer Windows marked offline
Message-ID: <1704612711.115.1411595774807.JavaMail.jenkins@dev>

Url: http://jenkins.imagej.net/computer/Windows/
Initiator: unknown




From jenkins at imagej.net  Wed Sep 24 16:56:15 2014
From: jenkins at imagej.net (jenkins at imagej.net)
Date: Wed, 24 Sep 2014 16:56:15 -0500 (CDT)
Subject: [ImageJ-builds] mail-watcher-plugin: Computer skynet marked offline
Message-ID: <67754046.116.1411595775403.JavaMail.jenkins@dev>

Url: http://jenkins.imagej.net/computer/skynet/
Initiator: unknown




From jenkins at imagej.net  Wed Sep 24 17:40:12 2014
From: jenkins at imagej.net (jenkins at imagej.net)
Date: Wed, 24 Sep 2014 17:40:12 -0500 (CDT)
Subject: [ImageJ-builds] mail-watcher-plugin: Computer skynet marked online
Message-ID: <1965118360.0.1411598412947.JavaMail.jenkins@dev>

Url: http://jenkins.imagej.net/computer/skynet/
Initiator: SYSTEM




From jenkins at imagej.net  Wed Sep 24 20:29:55 2014
From: jenkins at imagej.net (jenkins at imagej.net)
Date: Wed, 24 Sep 2014 20:29:55 -0500 (CDT)
Subject: [ImageJ-builds] Build failed in Jenkins: Bio-Formats-Fiji #342
Message-ID: <1455149585.1.1411608595481.JavaMail.jenkins@dev>

See <http://jenkins.imagej.net/job/Bio-Formats-Fiji/342/>

------------------------------------------
Started by timer
Building on master in workspace <http://jenkins.imagej.net/job/Bio-Formats-Fiji/ws/>
Copied 2 artifacts from "Fiji-minimal" build number 1945
[workspace] $ /bin/sh -xe /tmp/hudson1837156335860939857.sh
+ sh bin/upload-bf.sh
No GUI detected.  Falling back to headless mode.
No GUI detected.  Falling back to headless mode.
Updating the index of available files (Updating from ImageJ site: http://up...
java.net.SocketException: Connection reset
	at sun.reflect.NativeConstructorAccessorImpl.newInstance0(Native Method)
	at sun.reflect.NativeConstructorAccessorImpl.newInstance(NativeConstructorAccessorImpl.java:39)
	at sun.reflect.DelegatingConstructorAccessorImpl.newInstance(DelegatingConstructorAccessorImpl.java:27)
	at java.lang.reflect.Constructor.newInstance(Constructor.java:513)
	at sun.net.www.protocol.http.HttpURLConnection$6.run(HttpURLConnection.java:1491)
	at java.security.AccessController.doPrivileged(Native Method)
	at sun.net.www.protocol.http.HttpURLConnection.getChainedException(HttpURLConnection.java:1485)
	at sun.net.www.protocol.http.HttpURLConnection.getInputStream(HttpURLConnection.java:1139)
	at net.imagej.updater.XMLFileDownloader.start(XMLFileDownloader.java:91)
	at net.imagej.updater.FilesCollection.downloadIndexAndChecksum(FilesCollection.java:1147)
	at net.imagej.updater.CommandLine.ensureChecksummed(CommandLine.java:122)
	at net.imagej.updater.CommandLine.update(CommandLine.java:520)
	at net.imagej.updater.CommandLine.main(CommandLine.java:1453)
	at net.imagej.updater.CommandLine.main(CommandLine.java:1372)
	at sun.reflect.NativeMethodAccessorImpl.invoke0(Native Method)
	at sun.reflect.NativeMethodAccessorImpl.invoke(NativeMethodAccessorImpl.java:39)
	at sun.reflect.DelegatingMethodAccessorImpl.invoke(DelegatingMethodAccessorImpl.java:25)
	at java.lang.reflect.Method.invoke(Method.java:597)
	at net.imagej.launcher.ClassLauncher.launch(ClassLauncher.java:258)
	at net.imagej.launcher.ClassLauncher.run(ClassLauncher.java:184)
	at net.imagej.launcher.ClassLauncher.main(ClassLauncher.java:76)
Caused by: java.net.SocketException: Connection reset
	at java.net.SocketInputStream.read(SocketInputStream.java:168)
	at java.io.BufferedInputStream.fill(BufferedInputStream.java:218)
	at java.io.BufferedInputStream.read1(BufferedInputStream.java:258)
	at java.io.BufferedInputStream.read(BufferedInputStream.java:317)
	at sun.net.www.http.HttpClient.parseHTTPHeader(HttpClient.java:687)
	at sun.net.www.http.HttpClient.parseHTTP(HttpClient.java:632)
	at sun.net.www.http.HttpClient.parseHTTP(HttpClient.java:652)
	at sun.net.www.protocol.http.HttpURLConnection.getInputStream(HttpURLConnection.java:1195)
	at sun.net.www.protocol.http.HttpURLConnection.getHeaderField(HttpURLConnection.java:2304)
	at java.net.HttpURLConnection.getHeaderFieldDate(HttpURLConnection.java:450)
	at java.net.URLConnection.getLastModified(URLConnection.java:532)
	at net.imagej.updater.XMLFileDownloader.start(XMLFileDownloader.java:89)
	... 12 more
Updating from ImageJ site: http://update.imagej.net/ done
Updating the index of available files (Updating from Fiji site: http://fiji...
Updating from Fiji site: http://fiji.sc/update/ done
Updating from Bio-Formats site: http://sites.imagej.net/Bio-Formats/ done
................................................................................
................................................................................
................................................................................
................................................................................
................................................................................
........................
Done: Checksummer

[WARNING] Could not update from site 'ImageJ': java.net.SocketException: Connection reset

[INFO] Removing jars/imglib2-ops-2.0.0-beta-26.jar
[INFO] Removing jars/scifio-0.14.2.jar
[INFO] Deleting obsolete version /data/devel/jenkins/jobs/Bio-Formats-Fiji/workspace/Fiji.app/jars/scifio-0.16.3.jar
[INFO] Removing jars/javassist.jar
[INFO] Deleting obsolete version /data/devel/jenkins/jobs/Bio-Formats-Fiji/workspace/Fiji.app/jars/javassist-3.16.1-GA.jar
[INFO] Removing jars/jsch.jar
[INFO] Deleting obsolete version /data/devel/jenkins/jobs/Bio-Formats-Fiji/workspace/Fiji.app/jars/jsch-0.1.49.jar
[INFO] Removing jars/jfreechart.jar
[INFO] Deleting obsolete version /data/devel/jenkins/jobs/Bio-Formats-Fiji/workspace/Fiji.app/jars/jfreechart-1.0.14.jar
[INFO] Removing jars/imglib2-algorithms-2.0.0-beta-26.jar
[INFO] Removing jars/ij.jar
[INFO] Deleting obsolete version /data/devel/jenkins/jobs/Bio-Formats-Fiji/workspace/Fiji.app/jars/ij-1.49g.jar
[INFO] Removing jars/imglib2-2.0.0-beta-26.jar
[INFO] Removing jars/jcommon.jar
[INFO] Deleting obsolete version /data/devel/jenkins/jobs/Bio-Formats-Fiji/workspace/Fiji.app/jars/jcommon-1.0.17.jar
[INFO] Removing ImageJ-linux64
[INFO] Removing ImageJ-win64.exe
[INFO] Removing jars/bsh.jar
[INFO] Deleting obsolete version /data/devel/jenkins/jobs/Bio-Formats-Fiji/workspace/Fiji.app/jars/bsh-2.0b4.jar
[INFO] Removing jars/rsyntaxtextarea.jar
[INFO] Deleting obsolete version /data/devel/jenkins/jobs/Bio-Formats-Fiji/workspace/Fiji.app/jars/rsyntaxtextarea-2.5.2.jar
[INFO] Removing jars/imglib2-ij-2.0.0-beta-26.jar
[INFO] Removing jars/imglib2-meta-2.0.0-beta-26.jar
[INFO] Removing jars/clojure.jar
[INFO] Deleting obsolete version /data/devel/jenkins/jobs/Bio-Formats-Fiji/workspace/Fiji.app/jars/clojure-1.3.0.jar
[INFO] Removing jars/imagej-legacy-0.5.4.jar
[INFO] Deleting obsolete version /data/devel/jenkins/jobs/Bio-Formats-Fiji/workspace/Fiji.app/jars/imagej-legacy-0.8.4.jar
[INFO] Removing jars/imglib2-realtransform-2.0.0-beta-26.jar
[INFO] Removing jars/joda-time-2.2.jar
[INFO] Deleting obsolete version /data/devel/jenkins/jobs/Bio-Formats-Fiji/workspace/Fiji.app/jars/joda-time-2.3.jar
[INFO] Removing jars/jzlib.jar
[INFO] Deleting obsolete version /data/devel/jenkins/jobs/Bio-Formats-Fiji/workspace/Fiji.app/jars/jzlib-1.1.2.jar
Done: Downloading...

Done: Downloading...


--== jars/bio-formats/formats-api ==--

2014-09-24 20:29:33 URL:http://ci.openmicroscopy.org/job/BIOFORMATS-5.0-latest/lastSuccessfulBuild/artifact/artifacts//formats-api.jar [188673/188673] -> "formats-api.jar" [1]

--== jars/bio-formats/formats-bsd ==--

2014-09-24 20:29:36 URL:http://ci.openmicroscopy.org/job/BIOFORMATS-5.0-latest/lastSuccessfulBuild/artifact/artifacts//formats-bsd.jar [631367/631367] -> "formats-bsd.jar" [1]

--== jars/bio-formats/formats-common ==--

2014-09-24 20:29:37 URL:http://ci.openmicroscopy.org/job/BIOFORMATS-5.0-latest/lastSuccessfulBuild/artifact/artifacts//formats-common.jar [111526/111526] -> "formats-common.jar" [1]

--== jars/bio-formats/formats-gpl ==--

2014-09-24 20:29:40 URL:http://ci.openmicroscopy.org/job/BIOFORMATS-5.0-latest/lastSuccessfulBuild/artifact/artifacts//formats-gpl.jar [1144027/1144027] -> "formats-gpl.jar" [1]

--== jars/bio-formats/jai_imageio ==--

2014-09-24 20:29:43 URL:http://ci.openmicroscopy.org/job/BIOFORMATS-5.0-latest/lastSuccessfulBuild/artifact/artifacts//jai_imageio.jar [1030174/1030174] -> "jai_imageio.jar" [1]

--== jars/bio-formats/mdbtools-java ==--

2014-09-24 20:29:44 URL:http://ci.openmicroscopy.org/job/BIOFORMATS-5.0-latest/lastSuccessfulBuild/artifact/artifacts//mdbtools-java.jar [86539/86539] -> "mdbtools-java.jar" [1]

--== jars/bio-formats/metakit ==--

2014-09-24 20:29:44 URL:http://ci.openmicroscopy.org/job/BIOFORMATS-5.0-latest/lastSuccessfulBuild/artifact/artifacts//metakit.jar [9324/9324] -> "metakit.jar" [1]

--== jars/bio-formats/ome-poi ==--

2014-09-24 20:29:47 URL:http://ci.openmicroscopy.org/job/BIOFORMATS-5.0-latest/lastSuccessfulBuild/artifact/artifacts//ome-poi.jar [932618/932618] -> "ome-poi.jar" [1]

--== jars/bio-formats/ome-xml ==--

2014-09-24 20:29:49 URL:http://ci.openmicroscopy.org/job/BIOFORMATS-5.0-latest/lastSuccessfulBuild/artifact/artifacts//ome-xml.jar [504452/504452] -> "ome-xml.jar" [1]

--== jars/bio-formats/specification ==--

2014-09-24 20:29:50 URL:http://ci.openmicroscopy.org/job/BIOFORMATS-5.0-latest/lastSuccessfulBuild/artifact/artifacts//specification.jar [524516/524516] -> "specification.jar" [1]

--== jars/bio-formats/turbojpeg ==--

2014-09-24 20:29:54 URL:http://ci.openmicroscopy.org/job/BIOFORMATS-5.0-latest/lastSuccessfulBuild/artifact/artifacts//turbojpeg.jar [1294472/1294472] -> "turbojpeg.jar" [1]

--== plugins/bio-formats_plugins ==--

2014-09-24 20:29:55 URL:http://ci.openmicroscopy.org/job/BIOFORMATS-5.0-latest/lastSuccessfulBuild/artifact/artifacts//bio-formats_plugins.jar [230636/230636] -> "bio-formats_plugins.jar" [1]
bin/upload-update-site.sh: 90: bin/upload-update-site.sh: ./ImageJ-linux64: not found
bin/upload-update-site.sh: 92: bin/upload-update-site.sh: ./ImageJ-linux64: not found
bin/upload-update-site.sh: 93: bin/upload-update-site.sh: ./ImageJ-linux64: not found
Build step 'Execute shell' marked build as failure
Build step 'Groovy Postbuild' marked build as failure


From jenkins at imagej.net  Thu Sep 25 01:05:40 2014
From: jenkins at imagej.net (jenkins at imagej.net)
Date: Thu, 25 Sep 2014 01:05:40 -0500 (CDT)
Subject: [ImageJ-builds] Build failed in Jenkins: ImgLib-daily #1321
Message-ID: <1796454499.2.1411625140071.JavaMail.jenkins@dev>

See <http://jenkins.imagej.net/job/ImgLib-daily/1321/>

------------------------------------------
Started by timer
Building on master in workspace <http://jenkins.imagej.net/job/ImgLib-daily/ws/>
Fetching changes from the remote Git repository
Fetching upstream changes from git://code.imagej.net/imglib.git
Checking out Revision d8bed7b61c0de2d83d8510f3c5b5df7f7ed77a1e (origin/master)
[workspace] $ mvn -DupdateReleaseInfo=true -P java5 -U clean deploy
[INFO] Scanning for projects...
[INFO] ------------------------------------------------------------------------
[INFO] Reactor Build Order:
[INFO] 
[INFO] ImgLib2 Projects
[INFO] ImgLib2 Core Library
[INFO] ImgLib2 Metadata Extensions
[INFO] ImgLib2 Algorithms
[INFO] ImgLib2 Algorithms
[INFO] ImgLib2 Algorithms (GPL)
[INFO] ImgLib2 Algorithms (Legacy)
[INFO] ImgLib2 Operations
[INFO] ImgLib2 Real Transform
[INFO] ImgLib2 UI
[INFO]                                                                         
[INFO] ------------------------------------------------------------------------
[INFO] Building ImgLib2 Projects 2.0.0-SNAPSHOT
[INFO] ------------------------------------------------------------------------
[INFO] 
[INFO] --- maven-clean-plugin:2.5:clean (default-clean) @ pom-imglib2 ---
[INFO] Deleting /data/devel/jenkins/jobs/ImgLib-daily/workspace/target
[INFO] 
[INFO] --- buildnumber-maven-plugin:1.2:create (default) @ pom-imglib2 ---
[INFO] Checking for local modifications: skipped.
[INFO] Updating project files from SCM: skipped.
[INFO] Executing: /bin/sh -c cd /data/devel/jenkins/jobs/ImgLib-daily/workspace && git rev-parse --verify HEAD
[INFO] Working directory: /data/devel/jenkins/jobs/ImgLib-daily/workspace
[INFO] Storing buildNumber: d8bed7b61c0de2d83d8510f3c5b5df7f7ed77a1e at timestamp: 1411625027332
[INFO] Executing: /bin/sh -c cd /data/devel/jenkins/jobs/ImgLib-daily/workspace && git rev-parse --verify HEAD
[INFO] Working directory: /data/devel/jenkins/jobs/ImgLib-daily/workspace
[INFO] Storing buildScmBranch: UNKNOWN
[INFO] 
[INFO] >>> maven-source-plugin:2.2.1:jar (default) @ pom-imglib2 >>>
[INFO] 
[INFO] --- buildnumber-maven-plugin:1.2:create (default) @ pom-imglib2 ---
[INFO] 
[INFO] <<< maven-source-plugin:2.2.1:jar (default) @ pom-imglib2 <<<
[INFO] 
[INFO] --- maven-source-plugin:2.2.1:jar (default) @ pom-imglib2 ---
[INFO] 
[INFO] --- maven-install-plugin:2.5.1:install (default-install) @ pom-imglib2 ---
[INFO] Installing /data/devel/jenkins/jobs/ImgLib-daily/workspace/pom.xml to /var/lib/jenkins/.m2/repository/net/imglib2/pom-imglib2/2.0.0-SNAPSHOT/pom-imglib2-2.0.0-SNAPSHOT.pom
[INFO] 
[INFO] --- imagej-maven-plugin:0.4.1:copy-jars (copy-jars) @ pom-imglib2 ---
[INFO] 
[INFO] --- maven-deploy-plugin:2.8.1:deploy (default-deploy) @ pom-imglib2 ---
Downloading: dav:http://maven.imagej.net/content/repositories/snapshots/net/imglib2/pom-imglib2/2.0.0-SNAPSHOT/maven-metadata.xml

[WARNING] Could not transfer metadata net.imglib2:pom-imglib2:2.0.0-SNAPSHOT/maven-metadata.xml from/to imagej.snapshots (dav:http://maven.imagej.net/content/repositories/snapshots): Read timed out
[INFO] ------------------------------------------------------------------------
[INFO] Reactor Summary:
[INFO] 
[INFO] ImgLib2 Projects .................................. FAILURE [1:01.978s]
[INFO] ImgLib2 Core Library .............................. SKIPPED
[INFO] ImgLib2 Metadata Extensions ....................... SKIPPED
[INFO] ImgLib2 Algorithms ................................ SKIPPED
[INFO] ImgLib2 Algorithms ................................ SKIPPED
[INFO] ImgLib2 Algorithms (GPL) .......................... SKIPPED
[INFO] ImgLib2 Algorithms (Legacy) ....................... SKIPPED
[INFO] ImgLib2 Operations ................................ SKIPPED
[INFO] ImgLib2 Real Transform ............................ SKIPPED
[INFO] ImgLib2 UI ........................................ SKIPPED
[INFO] ------------------------------------------------------------------------
[INFO] BUILD FAILURE
[INFO] ------------------------------------------------------------------------
[INFO] Total time: 1:03.105s
[INFO] Finished at: Thu Sep 25 01:04:48 CDT 2014
[INFO] Final Memory: 11M/360M
[INFO] ------------------------------------------------------------------------
[WARNING] The requested profile "java5" could not be activated because it does not exist.
[ERROR] Failed to execute goal org.apache.maven.plugins:maven-deploy-plugin:2.8.1:deploy (default-deploy) on project pom-imglib2: Failed to retrieve remote metadata net.imglib2:pom-imglib2:2.0.0-SNAPSHOT/maven-metadata.xml: Could not transfer metadata net.imglib2:pom-imglib2:2.0.0-SNAPSHOT/maven-metadata.xml from/to imagej.snapshots (dav:http://maven.imagej.net/content/repositories/snapshots): Read timed out -> [Help 1]
[ERROR] 
[ERROR] To see the full stack trace of the errors, re-run Maven with the -e switch.
[ERROR] Re-run Maven using the -X switch to enable full debug logging.
[ERROR] 
[ERROR] For more information about the errors and possible solutions, please read the following articles:
[ERROR] [Help 1] http://cwiki.apache.org/confluence/display/MAVEN/MojoExecutionException
Build step 'Invoke top-level Maven targets' marked build as failure
Archiving artifacts
Publishing Javadoc


From jenkins at imagej.net  Thu Sep 25 01:07:41 2014
From: jenkins at imagej.net (jenkins at imagej.net)
Date: Thu, 25 Sep 2014 01:07:41 -0500 (CDT)
Subject: [ImageJ-builds] Build failed in Jenkins: Fiji-daily #1259
Message-ID: <512477642.3.1411625261660.JavaMail.jenkins@dev>

See <http://jenkins.imagej.net/job/Fiji-daily/1259/>

------------------------------------------
[...truncated 126 lines...]
Removing jars/object-inspector-0.1.jar
Removing jars/options-1.1.jar
Removing jars/pal-optimization-2.0.0-SNAPSHOT.jar
Removing jars/pentaho-package-manager-1.0.0.jar
Removing jars/postgresql-8.2-507.jdbc3.jar
Removing jars/rsyntaxtextarea-2.5.2.jar
Removing jars/scala-compiler-2.10.0.jar
Removing jars/scala-library-2.10.0.jar
Removing jars/scala-reflect-2.10.0.jar
Removing jars/scifio-0.15.4.jar
Removing jars/scifio-bf-compat-1.8.2.jar
Removing jars/scifio-jai-imageio-1.1.0.jar
Removing jars/scifio-lifesci-0.5.0.jar
Removing jars/scifio-ome-xml-0.9.0.jar
Removing jars/scifio-tools-0.15.4.jar
Removing jars/scijava-common-2.27.0.jar
Removing jars/scijava-plugins-commands-0.1.5.jar
Removing jars/scijava-plugins-platforms-0.1.1.jar
Removing jars/scijava-plugins-text-markdown-0.1.1.jar
Removing jars/scijava-plugins-text-plain-0.1.1.jar
Removing jars/scijava-ui-awt-0.1.2.jar
Removing jars/scijava-ui-swing-0.2.4.jar
Removing jars/scripting-beanshell-0.1.1.jar
Removing jars/scripting-clojure-0.1.0.jar
Removing jars/scripting-java-0.2.3.jar
Removing jars/scripting-javascript-0.2.0.jar
Removing jars/scripting-jruby-0.1.1.jar
Removing jars/scripting-jython-0.1.0.jar
Removing jars/serializer-2.7.1.jar
Removing jars/slf4j-api-1.7.6.jar
Removing jars/slf4j-log4j12-1.7.2.jar
Removing jars/snakeyaml-1.13.jar
Removing jars/spim_data-1.0.0-beta-3-SNAPSHOT.jar
Removing jars/swing-checkbox-tree-1.0.0.jar
Removing jars/udunits-4.3.18.jar
Removing jars/vecmath-1.5.2.jar
Removing jars/wavelets-2.0.0-SNAPSHOT.jar
Removing jars/weave_jy2java-2.0.0-SNAPSHOT.jar
Removing jars/weka-dev-3.7.6.jar
Removing jars/xalan-2.7.1.jar
Removing jars/xml-apis-1.3.04.jar
Removing jars/yecht-1.0.jar
Removing plugins/3D_Blob_Segmentation-2.0.0-SNAPSHOT.jar
Removing plugins/3D_Objects_Counter-2.0.0-SNAPSHOT.jar
Removing plugins/3D_Viewer-2.0.0-SNAPSHOT.jar
Removing plugins/AnalyzeSkeleton_-2.0.0-SNAPSHOT.jar
Removing plugins/Analyze_Reader_Writer-2.0.0-SNAPSHOT.jar
Removing plugins/Anisotropic_Diffusion_2D-2.0.0-SNAPSHOT.jar
Removing plugins/Archipelago_Plugins-0.5.0-SNAPSHOT.jar
Removing plugins/Arrow_-2.0.0-SNAPSHOT.jar
Removing plugins/Auto_Threshold-1.16-SNAPSHOT.jar
Removing plugins/BalloonSegmentation_-2.0.0-SNAPSHOT.jar
Removing plugins/BeanShell_Interpreter-2.0.0-SNAPSHOT.jar
Removing plugins/Bug_Submitter-2.0.0-SNAPSHOT.jar
Removing plugins/CLI_-2.0.0-SNAPSHOT.jar
Removing plugins/CPU_Meter-2.0.0-SNAPSHOT.jar
Removing plugins/Calculator_Plus-2.0.0-SNAPSHOT.jar
Removing plugins/Clojure_Interpreter-2.0.0-SNAPSHOT.jar
Removing plugins/Colocalisation_Analysis-2.0.0-SNAPSHOT.jar
Removing plugins/Color_Histogram-2.0.6-SNAPSHOT.jar
Removing plugins/Color_Inspector_3D-2.4-SNAPSHOT.jar
Removing plugins/Colour_Deconvolution-2.0.0-SNAPSHOT.jar
Removing plugins/CorrectBleach_-2.0.0.jar
Removing plugins/Descriptor_based_registration-2.0.0-SNAPSHOT.jar
Removing plugins/Dichromacy_-2.0.0-SNAPSHOT.jar
Removing plugins/Differentials_-2.0.0-SNAPSHOT.jar
Removing plugins/Directionality_-2.0.1-SNAPSHOT.jar
Removing plugins/Extended_Depth_Field-2.0.0-SNAPSHOT.jar
Removing plugins/FS_Align_TrakEM2-2.0.0-SNAPSHOT.jar
Removing plugins/FeatureJ_-1.6.1-SNAPSHOT.jar
Removing plugins/Feature_Detection-2.0.0-SNAPSHOT.jar
Removing plugins/Fiji_Archipelago-2.0.0-SNAPSHOT.jar
Removing plugins/Fiji_Developer-2.0.0-SNAPSHOT.jar
Removing plugins/Fiji_Package_Maker-2.0.0-SNAPSHOT.jar
Removing plugins/Fiji_Plugins-2.0.0-SNAPSHOT.jar
Removing plugins/Fiji_Updater.jar
Removing plugins/FlowJ_-1.29.1-SNAPSHOT.jar
Removing plugins/Graph_Cut-0.2.0.jar
Removing plugins/Gray_Morphology-2.3.2-SNAPSHOT.jar
Removing plugins/Helmholtz_Analysis-2.0.1-SNAPSHOT.jar
Removing plugins/IJ_Robot-1.0.0.jar
Removing plugins/IO_-2.0.0-SNAPSHOT.jar
Removing plugins/Image_5D-1.2.5.jar
Removing plugins/Image_Expression_Parser-2.0.0-SNAPSHOT.jar
Removing plugins/Interactive_3D_Surface_Plot-2.31.1-SNAPSHOT.jar
Removing plugins/IsoData_Classifier-2.0.0-SNAPSHOT.jar
Removing plugins/JRuby_Interpreter-2.0.0-SNAPSHOT.jar
Removing plugins/Javascript_-2.0.0-SNAPSHOT.jar
Removing plugins/Jython_Interpreter-2.0.0-SNAPSHOT.jar
Removing plugins/Kuwahara_Filter-2.0.0-SNAPSHOT.jar
Removing plugins/Lasso_and_Blow_Tool-2.0.0-SNAPSHOT.jar
Removing plugins/Linear_Kuwahara-2.0.0-SNAPSHOT.jar
Removing plugins/LocalThickness_-3.1.1-SNAPSHOT.jar
Removing plugins/MTrack2_-2.0.0-SNAPSHOT.jar
Removing plugins/MTrackJ_-1.5.1-SNAPSHOT.jar
Removing plugins/M_I_P-2.0.0-SNAPSHOT.jar
Removing plugins/Manual_Tracking-2.0.0-SNAPSHOT.jar
Removing plugins/MosaicJ_-2.0.0-SNAPSHOT.jar
Removing plugins/Multi_Kymograph-2.0.0-SNAPSHOT.jar
Removing plugins/PIV_analyser-1.1.1-SNAPSHOT.jar
Removing plugins/PointPicker_-2.0.0-SNAPSHOT.jar
Removing plugins/QuickPALM_-1.1.1-SNAPSHOT.jar
Removing plugins/RATS_-2.0.0-SNAPSHOT.jar
Removing plugins/RandomJ_-1.5.1-SNAPSHOT.jar
Removing plugins/Reconstruct_Reader-2.0.0-SNAPSHOT.jar
Removing plugins/Refresh_Javas-2.0.0-SNAPSHOT.jar
Removing plugins/SPIM_Opener-2.0.0-SNAPSHOT.jar
Removing plugins/SPIM_Registration-2.0.0-SNAPSHOT.jar
Removing plugins/Samples_-2.0.0-SNAPSHOT.jar
Removing plugins/Scala_Interpreter-1.0.2-SNAPSHOT.jar
Removing plugins/Series_Labeler-2.0.0-SNAPSHOT.jar
Removing plugins/SheppLogan_-2.0.0-SNAPSHOT.jar
Removing plugins/Sholl_Analysis-3.4.2.jar
Removing plugins/Simple_Neurite_Tracer-2.0.2-SNAPSHOT.jar
Removing plugins/Siox_Segmentation-1.0.1-SNAPSHOT.jar
Removing plugins/Skeletonize3D_-1.0.1-SNAPSHOT.jar
Removing plugins/Snakuscule_-2.0.0-SNAPSHOT.jar
Removing plugins/SplineDeformationGenerator_-2.0.0-SNAPSHOT.jar
Removing plugins/StackReg_-2.0.0-SNAPSHOT.jar
Removing plugins/Stack_Manipulation-2.0.0-SNAPSHOT.jar
Removing plugins/Statistical_Region_Merging-2.0.0-SNAPSHOT.jar
Removing plugins/Stitching_-2.0.0-SNAPSHOT.jar
Removing plugins/Sync_Win-1.7-fiji2-SNAPSHOT.jar
Removing plugins/Thread_Killer-2.0.0-SNAPSHOT.jar
Removing plugins/Threshold_Colour-2.0.1-SNAPSHOT.jar
Removing plugins/Time_Lapse-2.0.0.jar
Removing plugins/Time_Stamper-2.0.0-SNAPSHOT.jar
Removing plugins/ToAST_-25.0.1-SNAPSHOT.jar
Removing plugins/TopoJ_-2.0.0-SNAPSHOT.jar
Removing plugins/TrackMate_-2.3.0-SNAPSHOT.jar
Removing plugins/Trainable_Segmentation-2.0.0.jar
Removing plugins/TrakEM2_-1.0b-SNAPSHOT.jar
Removing plugins/TrakEM2_Archipelago-2.0.0-SNAPSHOT.jar
Removing plugins/TransformJ_-2.8.1-SNAPSHOT.jar
Removing plugins/TurboReg_-2.0.0-SNAPSHOT.jar
Removing plugins/UnwarpJ_-2.0.0-SNAPSHOT.jar
Removing plugins/VIB_-2.0.0-SNAPSHOT.jar
Removing plugins/Vaa3d_Reader-2.0.0-SNAPSHOT.jar
Removing plugins/Vaa3d_Writer-1.0.0.jar
Removing plugins/Video_Editing-2.0.0-SNAPSHOT.jar
Removing plugins/View5D_-1.3.1-SNAPSHOT.jar
Removing plugins/Volume_Calculator-1.0.1-SNAPSHOT.jar
Removing plugins/Volume_Viewer-2.01.1-SNAPSHOT.jar
Removing plugins/bUnwarpJ_-2.6.1-SNAPSHOT.jar
Removing plugins/bio-formats_plugins-5.0.2.jar
Removing plugins/blockmatching_-2.0.0-SNAPSHOT.jar
Removing plugins/level_sets-1.0.1-SNAPSHOT.jar
Removing plugins/mpicbg_-0.6.1.jar
Removing plugins/panorama_-2.0.0-SNAPSHOT.jar
Removing plugins/register_virtual_stack_slices-2.0.0-SNAPSHOT.jar
Removing plugins/registration_3d-2.0.0-SNAPSHOT.jar
Removing target/
+ git submodule foreach git clean -x -d -f
Entering 'java/linux'
No submodule mapping found in .gitmodules for path 'java/linux'
Entering 'java/linux-amd64'
No submodule mapping found in .gitmodules for path 'java/linux-amd64'
Entering 'java/macosx-java3d'
No submodule mapping found in .gitmodules for path 'java/macosx-java3d'
Entering 'java/win32'
No submodule mapping found in .gitmodules for path 'java/win32'
Entering 'java/win64'
No submodule mapping found in .gitmodules for path 'java/win64'
+ sh -x ./Build.sh -Dminimaven.verbose=true -Dminimaven.updateinterval=1 --
+ set -a
+ unset CDPATH
+ dirname ./Build.sh
+ CWD=.
+ PATHSEP=:
+ uname -s
+ UNAME_S=Linux
+ LAUNCHER=bin/ImageJ.sh
+ FIJILAUNCHER=
+ uname -m
+ platform=linux64
+ java_submodule=linux-amd64
+ exe=
+ LAUNCHER=ImageJ-linux64
+ FIJILAUNCHER=fiji-linux64
+ FIJILAUNCHER=fiji-linux64
+ test -n linux64
+ test -z 
+ get_java_home
+ test -d 
+ test -n linux-amd64
+ test -d ./java/linux-amd64
+ + ls -t ./java/linux-amd64
head -n 1
+ echo ./java/linux-amd64/jdk1.6.0_24/jre
+ JAVA_HOME=./java/linux-amd64/jdk1.6.0_24/jre
+ test -z linux64
+ test -f ./java/linux-amd64/jdk1.6.0_24/jre/lib/tools.jar
+ test -f ./java/linux-amd64/jdk1.6.0_24/jre/../lib/tools.jar
+ test -n ./java/linux-amd64/jdk1.6.0_24/jre
+ test -d ./java/linux-amd64/jdk1.6.0_24/jre
+ test -d ./java/linux-amd64/jdk1.6.0_24/jre
+ test -d ./java/linux-amd64/jdk1.6.0_24/jre/jre
+ export PATH=./java/linux-amd64/jdk1.6.0_24/jre/bin:/usr/local/bin:/usr/bin:/bin:/usr/local/games:/usr/games:/opt/dell/srvadmin/bin
+ get_java_home
+ test -d ./java/linux-amd64/jdk1.6.0_24/jre
+ echo ./java/linux-amd64/jdk1.6.0_24/jre
+ get_java_home
+ test -d ./java/linux-amd64/jdk1.6.0_24/jre
+ echo ./java/linux-amd64/jdk1.6.0_24/jre
+ PATH=./java/linux-amd64/jdk1.6.0_24/jre/bin:/usr/local/bin:/usr/bin:/bin:/usr/local/games:/usr/games:/opt/dell/srvadmin/bin:./java/linux-amd64/jdk1.6.0_24/jre/bin:./java/linux-amd64/jdk1.6.0_24/jre/../bin
+ export PATH
+ cd .
+ pwd
+ CWD=/data/devel/jenkins/jobs/Fiji-daily/workspace
+ ARGV0=/data/devel/jenkins/jobs/Fiji-daily/workspace/./Build.sh
+ MAVEN_HELPER=/data/devel/jenkins/jobs/Fiji-daily/workspace/bin/maven-helper.sh
+ MAVEN_HELPER_URL=https://raw.github.com/scijava/scijava-scripts/master/maven-helper.sh
+ force_update=
+ maven_helper latest-version sc.fiji:javac
+ uptodate /data/devel/jenkins/jobs/Fiji-daily/workspace/./Build.sh /data/devel/jenkins/jobs/Fiji-daily/workspace/bin/maven-helper.sh
+ test -s /data/devel/jenkins/jobs/Fiji-daily/workspace/bin/maven-helper.sh
+ force_update=t
+ curl -fsL https://raw.github.com/scijava/scijava-scripts/master/maven-helper.sh
+ test 2 = 0
+ sh -ax /data/devel/jenkins/jobs/Fiji-daily/workspace/bin/maven-helper.sh latest-version sc.fiji:javac
+ set -e
+ uname -s
+ SONATYPE_DATA_CACHE_URL=http://maven.imagej.net/service/local/data_cache/repositories/sonatype/content
+ SONATYPE_SNAPSHOTS_DATA_CACHE_URL=http://maven.imagej.net/service/local/data_cache/repositories/sonatype-snapshots/content
+ latest_version sc.fiji:javac
+ project_url sc.fiji:javac
+ gav=sc.fiji:javac
+ artifactId sc.fiji:javac
+ result=javac
+ echo javac
+ artifactId=javac
+ + tr . /
groupId sc.fiji:javac
+ echo sc.fiji
+ infix=sc/fiji/javac
+ version sc.fiji:javac
+ result=javac
+ version=
+ root_url sc/fiji/javac releases
+ test snapshots != releases
+ echo http://maven.imagej.net/service/local/repo_groups/public/content
+ project_url=http://maven.imagej.net/service/local/repo_groups/public/content/sc/fiji/javac
+ curl -Is http://maven.imagej.net/service/local/repo_groups/public/content/sc/fiji/javac/
+ header=
+ curl -s /maven-metadata.xml
+ metadata=
+ JAVAC_VERSION=
+ exit
Build step 'Execute shell' marked build as failure


From jenkins at imagej.net  Thu Sep 25 01:15:20 2014
From: jenkins at imagej.net (jenkins at imagej.net)
Date: Thu, 25 Sep 2014 01:15:20 -0500 (CDT)
Subject: [ImageJ-builds] Build failed in Jenkins:
	LibSDL-Git-Mercurial-Mirror #610
In-Reply-To: <473448987.62.1410502553737.JavaMail.jenkins@dev>
References: <473448987.62.1410502553737.JavaMail.jenkins@dev>
Message-ID: <141744246.4.1411625720681.JavaMail.jenkins@dev>

See <http://jenkins.imagej.net/job/LibSDL-Git-Mercurial-Mirror/610/>

------------------------------------------
Started by timer
Building remotely on server.microscopy (server) in workspace <http://jenkins.imagej.net/job/LibSDL-Git-Mercurial-Mirror/ws/>
Copied 1 artifact from "SciJava-scripts" build number 107
[LibSDL-Git-Mercurial-Mirror] $ /bin/sh -xe /tmp/hudson308559524166943187.sh
+ sh -x bin/git-hg-synchronizer.sh http://hg.libsdl.org/SDL fiji.sc:/srv/git/libsdl/.git
+ set -e
+ type git-remote-hg
+ mkdir -p /data/jenkins/bin
+ test ! -x /data/jenkins/bin/git-remote-hg
+ export PATH=/data/jenkins/bin:/usr/local/sbin:/usr/local/bin:/usr/sbin:/usr/bin:/sbin:/bin:/usr/games
+ HG_URL=http://hg.libsdl.org/SDL
+ shift
+ test -d .git
+ git init --bare
Reinitialized existing Git repository in <http://jenkins.imagej.net/job/LibSDL-Git-Mercurial-Mirror/ws/>
+ git config remote.origin.url
+ test ahg::http://hg.libsdl.org/SDL = ahg::http://hg.libsdl.org/SDL
+ git fetch origin
searching for changes
adding changesets
adding manifests
adding file changes
added 18 changesets with 32 changes to 19 files
fatal: mark :48454 not declared
fast-import: dumping crash report to fast_import_crash_999
fatal: Error while running fast-import
Traceback (most recent call last):
  File "/data/jenkins/bin/git-remote-hg", line 1254, in <module>
    sys.exit(main(sys.argv))
  File "/data/jenkins/bin/git-remote-hg", line 1236, in main
    do_import(parser)
  File "/data/jenkins/bin/git-remote-hg", line 678, in do_import
    export_branch(repo, branch)
  File "/data/jenkins/bin/git-remote-hg", line 573, in export_branch
    export_ref(repo, branch, 'branches', head)
  File "/data/jenkins/bin/git-remote-hg", line 507, in export_ref
    modified_final = export_files(c.filectx(f) for f in modified)
  File "/data/jenkins/bin/git-remote-hg", line 282, in export_files
    print d
IOError: [Errno 32] Broken pipe
Build step 'Execute shell' marked build as failure
Build step 'Groovy Postbuild' marked build as failure


From jenkins at imagej.net  Thu Sep 25 08:38:48 2014
From: jenkins at imagej.net (jenkins at imagej.net)
Date: Thu, 25 Sep 2014 08:38:48 -0500 (CDT)
Subject: [ImageJ-builds] mail-watcher-plugin: Computer skynet marked offline
Message-ID: <1046872071.5.1411652328183.JavaMail.jenkins@dev>

Url: http://jenkins.imagej.net/computer/skynet/
Initiator: unknown




From jenkins at imagej.net  Thu Sep 25 09:03:11 2014
From: jenkins at imagej.net (jenkins at imagej.net)
Date: Thu, 25 Sep 2014 09:03:11 -0500 (CDT)
Subject: [ImageJ-builds] mail-watcher-plugin: Computer Windows marked online
Message-ID: <951406889.1.1411653791220.JavaMail.jenkins@dev>

Url: http://jenkins.imagej.net/computer/Windows/
Initiator: SYSTEM




From jenkins at imagej.net  Thu Sep 25 09:03:06 2014
From: jenkins at imagej.net (jenkins at imagej.net)
Date: Thu, 25 Sep 2014 09:03:06 -0500 (CDT)
Subject: [ImageJ-builds] mail-watcher-plugin: Computer skynet marked online
Message-ID: <42689667.0.1411653786739.JavaMail.jenkins@dev>

Url: http://jenkins.imagej.net/computer/skynet/
Initiator: SYSTEM




From jenkins at imagej.net  Thu Sep 25 12:56:57 2014
From: jenkins at imagej.net (jenkins at imagej.net)
Date: Thu, 25 Sep 2014 12:56:57 -0500 (CDT)
Subject: [ImageJ-builds] Jenkins build is back to normal : ImgLib-daily #1322
In-Reply-To: <1796454499.2.1411625140071.JavaMail.jenkins@dev>
References: <1796454499.2.1411625140071.JavaMail.jenkins@dev>
Message-ID: <1151726743.3.1411667817984.JavaMail.jenkins@dev>

See <http://jenkins.imagej.net/job/ImgLib-daily/1322/>



From jenkins at imagej.net  Thu Sep 25 12:58:35 2014
From: jenkins at imagej.net (jenkins at imagej.net)
Date: Thu, 25 Sep 2014 12:58:35 -0500 (CDT)
Subject: [ImageJ-builds] Jenkins build is back to normal : Fiji-daily #1260
In-Reply-To: <512477642.3.1411625261660.JavaMail.jenkins@dev>
References: <512477642.3.1411625261660.JavaMail.jenkins@dev>
Message-ID: <1260541373.4.1411667915974.JavaMail.jenkins@dev>

See <http://jenkins.imagej.net/job/Fiji-daily/1260/>



From jenkins at imagej.net  Thu Sep 25 14:30:13 2014
From: jenkins at imagej.net (jenkins at imagej.net)
Date: Thu, 25 Sep 2014 14:30:13 -0500 (CDT)
Subject: [ImageJ-builds] Build failed in Jenkins: Bio-Formats-Fiji #343
In-Reply-To: <1455149585.1.1411608595481.JavaMail.jenkins@dev>
References: <1455149585.1.1411608595481.JavaMail.jenkins@dev>
Message-ID: <2010699330.5.1411673413347.JavaMail.jenkins@dev>

See <http://jenkins.imagej.net/job/Bio-Formats-Fiji/343/>

------------------------------------------
Started by user Curtis Rueden
Building on master in workspace <http://jenkins.imagej.net/job/Bio-Formats-Fiji/ws/>
Copied 2 artifacts from "Fiji-minimal" build number 1945
[workspace] $ /bin/sh -xe /tmp/hudson5630736956544461192.sh
+ sh bin/upload-bf.sh
Cannot find ImageJ launcher: ImageJ-linux64
Build step 'Execute shell' marked build as failure
Build step 'Groovy Postbuild' marked build as failure


From jenkins at imagej.net  Thu Sep 25 14:31:37 2014
From: jenkins at imagej.net (jenkins at imagej.net)
Date: Thu, 25 Sep 2014 14:31:37 -0500 (CDT)
Subject: [ImageJ-builds] Build failed in Jenkins: Bio-Formats-Fiji #344
In-Reply-To: <2010699330.5.1411673413347.JavaMail.jenkins@dev>
References: <2010699330.5.1411673413347.JavaMail.jenkins@dev>
Message-ID: <1939689386.6.1411673497836.JavaMail.jenkins@dev>

See <http://jenkins.imagej.net/job/Bio-Formats-Fiji/344/>

------------------------------------------
Started by user Curtis Rueden
Building on master in workspace <http://jenkins.imagej.net/job/Bio-Formats-Fiji/ws/>
Copied 2 artifacts from "Fiji-minimal" build number 1945
[workspace] $ /bin/sh -xe /tmp/hudson9034715082980900787.sh
+ sh bin/upload-bf.sh
2014-09-25 14:30:35 URL:http://jenkins.imagej.net/job/Stable-Fiji/lastSuccessfulBuild/artifact/fiji-linux64.tar.gz [156419518/156419518] -> "fiji-linux64.tar.gz" [1]
No GUI detected.  Falling back to headless mode.
No GUI detected.  Falling back to headless mode.
Updating the index of available files (Updating from ImageJ site: http://up...
Updating from ImageJ site: http://update.imagej.net/ done
Updating from Fiji site: http://fiji.sc/update/ done
................................................................................
................................................................................
................................................................................
................................................................................
................................................................................
................................................................................
..
Done: Checksummer

Downloading... (fiji-linux64) 
fiji-linux64 done
fiji-linux64 done
Done: Downloading...

Done: Downloading...


--== jars/bio-formats/formats-api ==--

2014-09-25 14:31:08 URL:http://ci.openmicroscopy.org/job/BIOFORMATS-5.0-latest/lastSuccessfulBuild/artifact/artifacts//formats-api.jar [188672/188672] -> "formats-api.jar" [1]

--== jars/bio-formats/formats-bsd ==--

2014-09-25 14:31:11 URL:http://ci.openmicroscopy.org/job/BIOFORMATS-5.0-latest/lastSuccessfulBuild/artifact/artifacts//formats-bsd.jar [631367/631367] -> "formats-bsd.jar" [1]

--== jars/bio-formats/formats-common ==--

2014-09-25 14:31:12 URL:http://ci.openmicroscopy.org/job/BIOFORMATS-5.0-latest/lastSuccessfulBuild/artifact/artifacts//formats-common.jar [111526/111526] -> "formats-common.jar" [1]

--== jars/bio-formats/formats-gpl ==--

2014-09-25 14:31:15 URL:http://ci.openmicroscopy.org/job/BIOFORMATS-5.0-latest/lastSuccessfulBuild/artifact/artifacts//formats-gpl.jar [1144027/1144027] -> "formats-gpl.jar" [1]

--== jars/bio-formats/jai_imageio ==--

2014-09-25 14:31:17 URL:http://ci.openmicroscopy.org/job/BIOFORMATS-5.0-latest/lastSuccessfulBuild/artifact/artifacts//jai_imageio.jar [1030174/1030174] -> "jai_imageio.jar" [1]

--== jars/bio-formats/mdbtools-java ==--

2014-09-25 14:31:18 URL:http://ci.openmicroscopy.org/job/BIOFORMATS-5.0-latest/lastSuccessfulBuild/artifact/artifacts//mdbtools-java.jar [86539/86539] -> "mdbtools-java.jar" [1]

--== jars/bio-formats/metakit ==--

2014-09-25 14:31:19 URL:http://ci.openmicroscopy.org/job/BIOFORMATS-5.0-latest/lastSuccessfulBuild/artifact/artifacts//metakit.jar [9324/9324] -> "metakit.jar" [1]

--== jars/bio-formats/ome-poi ==--

2014-09-25 14:31:22 URL:http://ci.openmicroscopy.org/job/BIOFORMATS-5.0-latest/lastSuccessfulBuild/artifact/artifacts//ome-poi.jar [932618/932618] -> "ome-poi.jar" [1]

--== jars/bio-formats/ome-xml ==--

2014-09-25 14:31:24 URL:http://ci.openmicroscopy.org/job/BIOFORMATS-5.0-latest/lastSuccessfulBuild/artifact/artifacts//ome-xml.jar [504452/504452] -> "ome-xml.jar" [1]

--== jars/bio-formats/specification ==--

2014-09-25 14:31:25 URL:http://ci.openmicroscopy.org/job/BIOFORMATS-5.0-latest/lastSuccessfulBuild/artifact/artifacts//specification.jar [524516/524516] -> "specification.jar" [1]

--== jars/bio-formats/turbojpeg ==--

2014-09-25 14:31:29 URL:http://ci.openmicroscopy.org/job/BIOFORMATS-5.0-latest/lastSuccessfulBuild/artifact/artifacts//turbojpeg.jar [1294472/1294472] -> "turbojpeg.jar" [1]

--== plugins/bio-formats_plugins ==--

2014-09-25 14:31:30 URL:http://ci.openmicroscopy.org/job/BIOFORMATS-5.0-latest/lastSuccessfulBuild/artifact/artifacts//bio-formats_plugins.jar [230636/230636] -> "bio-formats_plugins.jar" [1]
No GUI detected.  Falling back to headless mode.
No GUI detected.  Falling back to headless mode.
Updating the index of available files (Updating from ImageJ site: http://up...
Updating from ImageJ site: http://update.imagej.net/ done
Updating from Fiji site: http://fiji.sc/update/ done
................................................................................
................................................................................
................................................................................
................................................................................
................................................................................
................................................................................
..
Done: Checksummer

java.lang.NullPointerException
	at net.imagej.updater.CommandLine.addOrEditUploadSite(CommandLine.java:1255)
	at net.imagej.updater.CommandLine.addOrEditUploadSite(CommandLine.java:1240)
	at net.imagej.updater.CommandLine.main(CommandLine.java:1465)
	at net.imagej.updater.CommandLine.main(CommandLine.java:1372)
	at sun.reflect.NativeMethodAccessorImpl.invoke0(Native Method)
	at sun.reflect.NativeMethodAccessorImpl.invoke(NativeMethodAccessorImpl.java:39)
	at sun.reflect.DelegatingMethodAccessorImpl.invoke(DelegatingMethodAccessorImpl.java:25)
	at java.lang.reflect.Method.invoke(Method.java:597)
	at net.imagej.launcher.ClassLauncher.launch(ClassLauncher.java:258)
	at net.imagej.launcher.ClassLauncher.run(ClassLauncher.java:184)
	at net.imagej.launcher.ClassLauncher.main(ClassLauncher.java:76)
No GUI detected.  Falling back to headless mode.
No GUI detected.  Falling back to headless mode.
Updating the index of available files (Updating from ImageJ site: http://up...
Updating from ImageJ site: http://update.imagej.net/ done
Updating from Fiji site: http://fiji.sc/update/ done
................................................................................
................................................................................
................................................................................
................................................................................
................................................................................
................................................................................
..
Done: Checksummer

[ERROR] Unknown update site 'Bio-Formats'
No GUI detected.  Falling back to headless mode.
No GUI detected.  Falling back to headless mode.
Updating the index of available files (Updating from ImageJ site: http://up...
Updating from ImageJ site: http://update.imagej.net/ done
Updating from Fiji site: http://fiji.sc/update/ done
................................................................................
................................................................................
................................................................................
................................................................................
................................................................................
................................................................................
..
Done: Checksummer

java.lang.NullPointerException
	at net.imagej.updater.CommandLine.addOrEditUploadSite(CommandLine.java:1255)
	at net.imagej.updater.CommandLine.addOrEditUploadSite(CommandLine.java:1240)
	at net.imagej.updater.CommandLine.main(CommandLine.java:1465)
	at net.imagej.updater.CommandLine.main(CommandLine.java:1372)
	at sun.reflect.NativeMethodAccessorImpl.invoke0(Native Method)
	at sun.reflect.NativeMethodAccessorImpl.invoke(NativeMethodAccessorImpl.java:39)
	at sun.reflect.DelegatingMethodAccessorImpl.invoke(DelegatingMethodAccessorImpl.java:25)
	at java.lang.reflect.Method.invoke(Method.java:597)
	at net.imagej.launcher.ClassLauncher.launch(ClassLauncher.java:258)
	at net.imagej.launcher.ClassLauncher.run(ClassLauncher.java:184)
	at net.imagej.launcher.ClassLauncher.main(ClassLauncher.java:76)
Build step 'Execute shell' marked build as failure
Build step 'Groovy Postbuild' marked build as failure


From jenkins at imagej.net  Thu Sep 25 16:58:33 2014
From: jenkins at imagej.net (jenkins at imagej.net)
Date: Thu, 25 Sep 2014 16:58:33 -0500 (CDT)
Subject: [ImageJ-builds] Jenkins build is back to normal : Bio-Formats-Fiji
	#345
In-Reply-To: <1939689386.6.1411673497836.JavaMail.jenkins@dev>
References: <1939689386.6.1411673497836.JavaMail.jenkins@dev>
Message-ID: <231268972.7.1411682313028.JavaMail.jenkins@dev>

See <http://jenkins.imagej.net/job/Bio-Formats-Fiji/345/>



From jenkins at imagej.net  Fri Sep 26 00:29:44 2014
From: jenkins at imagej.net (jenkins at imagej.net)
Date: Fri, 26 Sep 2014 00:29:44 -0500 (CDT)
Subject: [ImageJ-builds] Build failed in Jenkins: Fiji-javadoc #932
Message-ID: <1702488321.8.1411709384937.JavaMail.jenkins@dev>

See <http://jenkins.imagej.net/job/Fiji-javadoc/932/>

------------------------------------------
[...truncated 515 lines...]
Downloaded: http://maven.imagej.net/content/groups/public/sc/fiji/Statistical_Region_Merging/2.0.0-SNAPSHOT/maven-metadata.xml (2 KB at 36.0 KB/sec)
Downloading: http://maven.imagej.net/content/groups/public/sc/fiji/Sync_Win/1.7-fiji2-SNAPSHOT/maven-metadata.xml
2/2 KB   
         
Downloaded: http://maven.imagej.net/content/groups/public/sc/fiji/Sync_Win/1.7-fiji2-SNAPSHOT/maven-metadata.xml (2 KB at 31.3 KB/sec)
Downloading: http://maven.imagej.net/content/groups/public/sc/fiji/Thread_Killer/2.0.0-SNAPSHOT/maven-metadata.xml
2/2 KB   
         
Downloaded: http://maven.imagej.net/content/groups/public/sc/fiji/Thread_Killer/2.0.0-SNAPSHOT/maven-metadata.xml (2 KB at 35.6 KB/sec)
Downloading: http://maven.imagej.net/content/groups/public/sc/fiji/Threshold_Colour/2.0.1-SNAPSHOT/maven-metadata.xml
2/2 KB   
         
Downloaded: http://maven.imagej.net/content/groups/public/sc/fiji/Threshold_Colour/2.0.1-SNAPSHOT/maven-metadata.xml (2 KB at 33.5 KB/sec)
Downloading: http://maven.imagej.net/content/groups/public/sc/fiji/Time_Stamper/2.0.0-SNAPSHOT/maven-metadata.xml
2/2 KB   
         
Downloaded: http://maven.imagej.net/content/groups/public/sc/fiji/Time_Stamper/2.0.0-SNAPSHOT/maven-metadata.xml (2 KB at 23.0 KB/sec)
Downloading: http://maven.imagej.net/content/groups/public/sc/fiji/ToAST_/25.0.1-SNAPSHOT/maven-metadata.xml
2/2 KB   
         
Downloaded: http://maven.imagej.net/content/groups/public/sc/fiji/ToAST_/25.0.1-SNAPSHOT/maven-metadata.xml (2 KB at 24.3 KB/sec)
Downloading: http://maven.imagej.net/content/groups/public/sc/fiji/TrakEM2_Archipelago/2.0.0-SNAPSHOT/maven-metadata.xml
2/2 KB   
         
Downloaded: http://maven.imagej.net/content/groups/public/sc/fiji/TrakEM2_Archipelago/2.0.0-SNAPSHOT/maven-metadata.xml (2 KB at 30.9 KB/sec)
Downloading: http://maven.imagej.net/content/groups/public/sc/fiji/TransformJ_/2.8.1-SNAPSHOT/maven-metadata.xml
2/2 KB   
         
Downloaded: http://maven.imagej.net/content/groups/public/sc/fiji/TransformJ_/2.8.1-SNAPSHOT/maven-metadata.xml (2 KB at 51.0 KB/sec)
Downloading: http://maven.imagej.net/content/groups/public/sc/fiji/TurboReg_/2.0.0-SNAPSHOT/maven-metadata.xml
2/2 KB   
         
Downloaded: http://maven.imagej.net/content/groups/public/sc/fiji/TurboReg_/2.0.0-SNAPSHOT/maven-metadata.xml (2 KB at 30.8 KB/sec)
Downloading: http://maven.imagej.net/content/groups/public/sc/fiji/UnwarpJ_/2.0.0-SNAPSHOT/maven-metadata.xml
2/2 KB   
         
Downloaded: http://maven.imagej.net/content/groups/public/sc/fiji/UnwarpJ_/2.0.0-SNAPSHOT/maven-metadata.xml (2 KB at 33.4 KB/sec)
Downloading: http://maven.imagej.net/content/groups/public/sc/fiji/Vaa3d_Reader/2.0.0-SNAPSHOT/maven-metadata.xml
2/2 KB   
         
Downloaded: http://maven.imagej.net/content/groups/public/sc/fiji/Vaa3d_Reader/2.0.0-SNAPSHOT/maven-metadata.xml (2 KB at 39.5 KB/sec)
Downloading: http://maven.imagej.net/content/groups/public/sc/fiji/Video_Editing/2.0.0-SNAPSHOT/maven-metadata.xml
2/2 KB   
         
Downloaded: http://maven.imagej.net/content/groups/public/sc/fiji/Video_Editing/2.0.0-SNAPSHOT/maven-metadata.xml (2 KB at 30.9 KB/sec)
Downloading: http://maven.imagej.net/content/groups/public/sc/fiji/View5D_/1.3.1-SNAPSHOT/maven-metadata.xml
2/2 KB   
         
Downloaded: http://maven.imagej.net/content/groups/public/sc/fiji/View5D_/1.3.1-SNAPSHOT/maven-metadata.xml (2 KB at 52.9 KB/sec)
Downloading: http://maven.imagej.net/content/groups/public/sc/fiji/Volume_Calculator/1.0.1-SNAPSHOT/maven-metadata.xml
2/2 KB   
         
Downloaded: http://maven.imagej.net/content/groups/public/sc/fiji/Volume_Calculator/1.0.1-SNAPSHOT/maven-metadata.xml (2 KB at 42.1 KB/sec)
Downloading: http://maven.imagej.net/content/groups/public/sc/fiji/Volume_Viewer/2.01.1-SNAPSHOT/maven-metadata.xml
2/2 KB   
         
Downloaded: http://maven.imagej.net/content/groups/public/sc/fiji/Volume_Viewer/2.01.1-SNAPSHOT/maven-metadata.xml (2 KB at 53.6 KB/sec)
Downloading: http://maven.imagej.net/content/groups/public/sc/fiji/blockmatching_/2.0.0-SNAPSHOT/maven-metadata.xml
2/2 KB   
         
Downloaded: http://maven.imagej.net/content/groups/public/sc/fiji/blockmatching_/2.0.0-SNAPSHOT/maven-metadata.xml (2 KB at 58.8 KB/sec)
Downloading: http://maven.imagej.net/content/groups/public/sc/fiji/panorama_/2.0.0-SNAPSHOT/maven-metadata.xml
2/2 KB   
         
Downloaded: http://maven.imagej.net/content/groups/public/sc/fiji/panorama_/2.0.0-SNAPSHOT/maven-metadata.xml (2 KB at 33.5 KB/sec)
Downloading: http://maven.imagej.net/content/groups/public/sc/fiji/register_virtual_stack_slices/2.0.0-SNAPSHOT/maven-metadata.xml
2/2 KB   
         
Downloaded: http://maven.imagej.net/content/groups/public/sc/fiji/register_virtual_stack_slices/2.0.0-SNAPSHOT/maven-metadata.xml (2 KB at 56.7 KB/sec)
Downloading: http://maven.imagej.net/content/groups/public/sc/fiji/registration_3d/2.0.0-SNAPSHOT/maven-metadata.xml
2/2 KB   
         
Downloaded: http://maven.imagej.net/content/groups/public/sc/fiji/registration_3d/2.0.0-SNAPSHOT/maven-metadata.xml (2 KB at 26.2 KB/sec)
Downloading: http://maven.imagej.net/content/groups/public/sc/fiji/weave_jy2java/2.0.0-SNAPSHOT/maven-metadata.xml
2/2 KB   
         
Downloaded: http://maven.imagej.net/content/groups/public/sc/fiji/weave_jy2java/2.0.0-SNAPSHOT/maven-metadata.xml (2 KB at 34.6 KB/sec)
Downloading: http://maven.imagej.net/content/groups/public/sc/fiji/PIV_analyser/1.1.1-SNAPSHOT/maven-metadata.xml
2/2 KB   
         
Downloaded: http://maven.imagej.net/content/groups/public/sc/fiji/PIV_analyser/1.1.1-SNAPSHOT/maven-metadata.xml (2 KB at 19.8 KB/sec)
[INFO] 
[INFO] --- maven-javadoc-plugin:2.9.1:aggregate-jar (default-cli) @ fiji ---
Downloading: http://maven.imagej.net/content/groups/public/org/scijava/native-lib-loader/2.0-SNAPSHOT/maven-metadata.xml
Downloading: http://artifacts.openmicroscopy.org/artifactory/ome.releases/org/scijava/native-lib-loader/2.0-SNAPSHOT/maven-metadata.xml
Downloading: http://artifacts.openmicroscopy.org/artifactory/ome.external/org/scijava/native-lib-loader/2.0-SNAPSHOT/maven-metadata.xml
Downloading: http://artifacts.openmicroscopy.org/artifactory/ome.snapshots/org/scijava/native-lib-loader/2.0-SNAPSHOT/maven-metadata.xml
772/772 B   
            
Downloaded: http://maven.imagej.net/content/groups/public/org/scijava/native-lib-loader/2.0-SNAPSHOT/maven-metadata.xml (772 B at 11.1 KB/sec)
Downloading: http://artifacts.unidata.ucar.edu/content/repositories/unidata-releases/org/scijava/native-lib-loader/2.0-SNAPSHOT/maven-metadata.xml
            
            
            
            
[WARNING] Could not transfer metadata org.scijava:native-lib-loader:2.0-SNAPSHOT/maven-metadata.xml from/to ome.releases (http://artifacts.openmicroscopy.org/artifactory/ome.releases): Failed to transfer file: http://artifacts.openmicroscopy.org/artifactory/ome.releases/org/scijava/native-lib-loader/2.0-SNAPSHOT/maven-metadata.xml. Return code is: 503
[WARNING] Could not transfer metadata org.scijava:native-lib-loader:2.0-SNAPSHOT/maven-metadata.xml from/to ome.snapshots (http://artifacts.openmicroscopy.org/artifactory/ome.snapshots): Failed to transfer file: http://artifacts.openmicroscopy.org/artifactory/ome.snapshots/org/scijava/native-lib-loader/2.0-SNAPSHOT/maven-metadata.xml. Return code is: 503
[WARNING] Could not transfer metadata org.scijava:native-lib-loader:2.0-SNAPSHOT/maven-metadata.xml from/to ome.external (http://artifacts.openmicroscopy.org/artifactory/ome.external): Failed to transfer file: http://artifacts.openmicroscopy.org/artifactory/ome.external/org/scijava/native-lib-loader/2.0-SNAPSHOT/maven-metadata.xml. Return code is: 503
Downloading: http://artifacts.openmicroscopy.org/artifactory/ome.snapshots/org/scijava/native-lib-loader/2.0-SNAPSHOT/native-lib-loader-2.0-SNAPSHOT.pom
            
[INFO] artifact com.github.jnr:jffi: checking for updates from imagej.public
[INFO] artifact com.github.jnr:jffi: checking for updates from central
[INFO] artifact com.github.jnr:jffi: checking for updates from imagej.public
[INFO] artifact com.github.jnr:jffi: checking for updates from central
[INFO] artifact com.github.jnr:jnr-x86asm: checking for updates from imagej.public
[INFO] artifact com.github.jnr:jnr-x86asm: checking for updates from central
[INFO] artifact gov.nih.imagej:imagej: checking for updates from imagej.public
[INFO] artifact gov.nih.imagej:imagej: checking for updates from central
[INFO] artifact gov.nih.imagej:imagej: checking for updates from ome.releases
[WARNING] repository metadata for: 'artifact gov.nih.imagej:imagej' could not be retrieved from repository: ome.releases due to an error: Failed to transfer file: http://artifacts.openmicroscopy.org/artifactory/ome.releases/gov/nih/imagej/imagej/maven-metadata.xml. Return code is: 503
[INFO] artifact gov.nih.imagej:imagej: checking for updates from ome.snapshots
[WARNING] repository metadata for: 'artifact gov.nih.imagej:imagej' could not be retrieved from repository: ome.snapshots due to an error: Failed to transfer file: http://artifacts.openmicroscopy.org/artifactory/ome.snapshots/gov/nih/imagej/imagej/maven-metadata.xml. Return code is: 503
[INFO] artifact gov.nih.imagej:imagej: checking for updates from ome.external
[WARNING] repository metadata for: 'artifact gov.nih.imagej:imagej' could not be retrieved from repository: ome.external due to an error: Failed to transfer file: http://artifacts.openmicroscopy.org/artifactory/ome.external/gov/nih/imagej/imagej/maven-metadata.xml. Return code is: 503
[INFO] artifact gov.nih.imagej:imagej: checking for updates from unidata.releases
[INFO] artifact com.github.jnr:jffi: checking for updates from imagej.public
[INFO] artifact com.github.jnr:jffi: checking for updates from central
[INFO] artifact com.github.jnr:jffi: checking for updates from imagej.public
[INFO] artifact com.github.jnr:jffi: checking for updates from central
[INFO] artifact com.github.jnr:jnr-x86asm: checking for updates from imagej.public
[INFO] artifact com.github.jnr:jnr-x86asm: checking for updates from central
Downloading: http://maven.imagej.net/content/groups/public/sc/fiji/fiji-lib/2.0.0-SNAPSHOT/maven-metadata.xml
            
Downloading: https://repository.jboss.org/nexus/content/repositories/thirdparty-releases/sc/fiji/pom-fiji/2.0.0-SNAPSHOT/maven-metadata.xml
            
Downloading: https://repository.jboss.org/nexus/content/repositories/thirdparty-releases/sc/fiji/fiji-lib/2.0.0-SNAPSHOT/maven-metadata.xml
            
Downloading: https://repository.jboss.org/nexus/content/repositories/thirdparty-releases/sc/fiji/VIB-lib/2.0.0-SNAPSHOT/maven-metadata.xml
            
Downloading: https://repository.jboss.org/nexus/content/repositories/thirdparty-releases/sc/fiji/imagescience/2.4.2-SNAPSHOT/maven-metadata.xml
            
Downloading: https://repository.jboss.org/nexus/content/repositories/thirdparty-releases/sc/fiji/legacy-imglib1/2.0.0-SNAPSHOT/maven-metadata.xml
            
Downloading: https://repository.jboss.org/nexus/content/repositories/thirdparty-releases/sc/fiji/Anisotropic_Diffusion_2D/2.0.0-SNAPSHOT/maven-metadata.xml
            
Downloading: https://repository.jboss.org/nexus/content/repositories/thirdparty-releases/sc/fiji/Stitching_/2.0.0-SNAPSHOT/maven-metadata.xml
            
Downloading: http://maven.imagej.net/content/repositories/releases/sc/fiji/pom-fiji/2.0.0-SNAPSHOT/maven-metadata.xml
Downloading: http://maven.imagej.net/content/repositories/snapshots/sc/fiji/pom-fiji/2.0.0-SNAPSHOT/maven-metadata.xml
596/596 B   
            
            
Downloaded: http://maven.imagej.net/content/repositories/snapshots/sc/fiji/pom-fiji/2.0.0-SNAPSHOT/maven-metadata.xml (596 B at 34.2 KB/sec)
Downloading: http://maven.imagej.net/content/repositories/releases/sc/fiji/VIB-lib/2.0.0-SNAPSHOT/maven-metadata.xml
Downloading: http://maven.imagej.net/content/repositories/snapshots/sc/fiji/VIB-lib/2.0.0-SNAPSHOT/maven-metadata.xml
2/2 KB      
         
         
Downloaded: http://maven.imagej.net/content/repositories/snapshots/sc/fiji/VIB-lib/2.0.0-SNAPSHOT/maven-metadata.xml (2 KB at 72.5 KB/sec)
Downloading: https://repository.jboss.org/nexus/content/repositories/thirdparty-releases/sc/fiji/pal-optimization/2.0.0-SNAPSHOT/maven-metadata.xml
Downloading: http://maven.imagej.net/content/repositories/releases/sc/fiji/pal-optimization/2.0.0-SNAPSHOT/maven-metadata.xml
Downloading: http://maven.imagej.net/content/repositories/snapshots/sc/fiji/pal-optimization/2.0.0-SNAPSHOT/maven-metadata.xml
2/2 KB   
         
         
Downloaded: http://maven.imagej.net/content/repositories/snapshots/sc/fiji/pal-optimization/2.0.0-SNAPSHOT/maven-metadata.xml (2 KB at 73.6 KB/sec)
         
Downloading: https://repository.jboss.org/nexus/content/repositories/thirdparty-releases/sc/fiji/3D_Viewer/2.0.0-SNAPSHOT/maven-metadata.xml
Downloading: http://maven.imagej.net/content/repositories/releases/sc/fiji/3D_Viewer/2.0.0-SNAPSHOT/maven-metadata.xml
Downloading: http://maven.imagej.net/content/repositories/snapshots/sc/fiji/3D_Viewer/2.0.0-SNAPSHOT/maven-metadata.xml
2/2 KB   
         
         
Downloaded: http://maven.imagej.net/content/repositories/snapshots/sc/fiji/3D_Viewer/2.0.0-SNAPSHOT/maven-metadata.xml (2 KB at 73.2 KB/sec)
         
Downloading: https://repository.jboss.org/nexus/content/repositories/thirdparty-releases/sc/fiji/AnalyzeSkeleton_/2.0.0-SNAPSHOT/maven-metadata.xml
Downloading: http://maven.imagej.net/content/repositories/releases/sc/fiji/AnalyzeSkeleton_/2.0.0-SNAPSHOT/maven-metadata.xml
Downloading: http://maven.imagej.net/content/repositories/snapshots/sc/fiji/AnalyzeSkeleton_/2.0.0-SNAPSHOT/maven-metadata.xml
2/2 KB   
         
         
Downloaded: http://maven.imagej.net/content/repositories/snapshots/sc/fiji/AnalyzeSkeleton_/2.0.0-SNAPSHOT/maven-metadata.xml (2 KB at 69.3 KB/sec)
         
Downloading: http://maven.imagej.net/content/repositories/releases/sc/fiji/legacy-imglib1/2.0.0-SNAPSHOT/maven-metadata.xml
Downloading: http://maven.imagej.net/content/repositories/snapshots/sc/fiji/legacy-imglib1/2.0.0-SNAPSHOT/maven-metadata.xml
2/2 KB   
         
         
Downloaded: http://maven.imagej.net/content/repositories/snapshots/sc/fiji/legacy-imglib1/2.0.0-SNAPSHOT/maven-metadata.xml (2 KB at 81.4 KB/sec)
Downloading: http://maven.imagej.net/content/repositories/releases/sc/fiji/fiji-lib/2.0.0-SNAPSHOT/maven-metadata.xml
Downloading: http://maven.imagej.net/content/repositories/snapshots/sc/fiji/fiji-lib/2.0.0-SNAPSHOT/maven-metadata.xml
         
         
Downloading: https://repository.jboss.org/nexus/content/repositories/thirdparty-releases/sc/fiji/Fiji_Plugins/2.0.0-SNAPSHOT/maven-metadata.xml
Downloading: http://maven.imagej.net/content/repositories/snapshots/sc/fiji/Fiji_Plugins/2.0.0-SNAPSHOT/maven-metadata.xml
Downloading: http://maven.imagej.net/content/repositories/releases/sc/fiji/Fiji_Plugins/2.0.0-SNAPSHOT/maven-metadata.xml
2/2 KB   
         
         
Downloaded: http://maven.imagej.net/content/repositories/snapshots/sc/fiji/Fiji_Plugins/2.0.0-SNAPSHOT/maven-metadata.xml (2 KB at 73.4 KB/sec)
         
Downloading: http://maven.imagej.net/content/groups/public/sc/fiji/pom-fiji-plugins/2.0.0-SNAPSHOT/maven-metadata.xml
Downloading: http://maven.imagej.net/content/repositories/releases/sc/fiji/pom-fiji-plugins/2.0.0-SNAPSHOT/maven-metadata.xml
Downloading: http://maven.imagej.net/content/repositories/snapshots/sc/fiji/pom-fiji-plugins/2.0.0-SNAPSHOT/maven-metadata.xml
Downloading: https://repository.jboss.org/nexus/content/repositories/thirdparty-releases/sc/fiji/pom-fiji-plugins/2.0.0-SNAPSHOT/maven-metadata.xml
604/604 B   
            
            
Downloaded: http://maven.imagej.net/content/repositories/snapshots/sc/fiji/pom-fiji-plugins/2.0.0-SNAPSHOT/maven-metadata.xml (604 B at 34.7 KB/sec)
604/604 B   
            
Downloaded: http://maven.imagej.net/content/groups/public/sc/fiji/pom-fiji-plugins/2.0.0-SNAPSHOT/maven-metadata.xml (604 B at 9.1 KB/sec)
            
[INFO] artifact com.github.jnr:jffi: checking for updates from imagej.public
[INFO] artifact com.github.jnr:jffi: checking for updates from central
[INFO] artifact com.github.jnr:jffi: checking for updates from imagej.public
[INFO] artifact com.github.jnr:jffi: checking for updates from central
[INFO] artifact com.github.jnr:jnr-x86asm: checking for updates from imagej.public
[INFO] artifact com.github.jnr:jnr-x86asm: checking for updates from central
[WARNING] Invalid POM for sc.fiji:fake:jar:2.0.0-SNAPSHOT, transitive dependencies (if any) will not be available, enable debug logging for more details
Downloading: https://oss.sonatype.org/content/repositories/snapshots/sc/fiji/pom-fiji/2.0.0-SNAPSHOT/maven-metadata.xml
            
Downloading: https://oss.sonatype.org/content/repositories/snapshots/sc/fiji/fiji-scripting/2.0.0-SNAPSHOT/maven-metadata.xml
            
Downloading: https://repository.jboss.org/nexus/content/repositories/thirdparty-releases/sc/fiji/bUnwarpJ_/2.6.1-SNAPSHOT/maven-metadata.xml
            
[INFO] ------------------------------------------------------------------------
[INFO] BUILD FAILURE
[INFO] ------------------------------------------------------------------------
[INFO] Total time: 26.298s
[INFO] Finished at: Fri Sep 26 00:29:44 CDT 2014
[INFO] Final Memory: 31M/342M
[INFO] ------------------------------------------------------------------------
[ERROR] Failed to execute goal org.apache.maven.plugins:maven-javadoc-plugin:2.9.1:aggregate-jar (default-cli) on project fiji: MavenReportException: Error while creating archive: Failed to resolve one or more javadoc source/resource artifacts:
[ERROR] 
[ERROR] Unable to get dependency information for org.scijava:native-lib-loader:jar:2.0-SNAPSHOT: Failed to retrieve POM for org.scijava:native-lib-loader:jar:2.0-SNAPSHOT: Could not transfer artifact org.scijava:native-lib-loader:pom:2.0-SNAPSHOT from/to ome.snapshots (http://artifacts.openmicroscopy.org/artifactory/ome.snapshots): Failed to transfer file: http://artifacts.openmicroscopy.org/artifactory/ome.snapshots/org/scijava/native-lib-loader/2.0-SNAPSHOT/native-lib-loader-2.0-SNAPSHOT.pom. Return code is: 503
[ERROR] org.scijava:native-lib-loader:jar:2.0-SNAPSHOT
[ERROR] 
[ERROR] from the specified remote repositories:
[ERROR] imagej.public (http://maven.imagej.net/content/groups/public, releases=true, snapshots=true),
[ERROR] central (http://repo.maven.apache.org/maven2, releases=true, snapshots=false),
[ERROR] ome.releases (http://artifacts.openmicroscopy.org/artifactory/ome.releases, releases=true, snapshots=true),
[ERROR] ome.snapshots (http://artifacts.openmicroscopy.org/artifactory/ome.snapshots, releases=true, snapshots=true),
[ERROR] ome.external (http://artifacts.openmicroscopy.org/artifactory/ome.external, releases=true, snapshots=true),
[ERROR] unidata.releases (http://artifacts.unidata.ucar.edu/content/repositories/unidata-releases, releases=true, snapshots=true)
[ERROR] Path to dependency:
[ERROR] 1) sc.fiji:fiji:pom:2.0.0-beta-1-SNAPSHOT
[ERROR] 2) sc.fiji:SPIM_Registration:jar:sources:2.0.0-SNAPSHOT
[ERROR] 3) sc.fiji:legacy-imglib1:jar:2.0.0-SNAPSHOT
[ERROR] 4) ome:formats-bsd:jar:5.0.2
[ERROR] -> [Help 1]
[ERROR] 
[ERROR] To see the full stack trace of the errors, re-run Maven with the -e switch.
[ERROR] Re-run Maven using the -X switch to enable full debug logging.
[ERROR] 
[ERROR] For more information about the errors and possible solutions, please read the following articles:
[ERROR] [Help 1] http://cwiki.apache.org/confluence/display/MAVEN/MojoExecutionException
Build step 'Execute shell' marked build as failure
Publishing Javadoc


From jenkins at imagej.net  Fri Sep 26 01:15:21 2014
From: jenkins at imagej.net (jenkins at imagej.net)
Date: Fri, 26 Sep 2014 01:15:21 -0500 (CDT)
Subject: [ImageJ-builds] Build failed in Jenkins:
	LibSDL-Git-Mercurial-Mirror #611
In-Reply-To: <141744246.4.1411625720681.JavaMail.jenkins@dev>
References: <141744246.4.1411625720681.JavaMail.jenkins@dev>
Message-ID: <1666765789.9.1411712121975.JavaMail.jenkins@dev>

See <http://jenkins.imagej.net/job/LibSDL-Git-Mercurial-Mirror/611/>

------------------------------------------
Started by timer
Building remotely on server.microscopy (server) in workspace <http://jenkins.imagej.net/job/LibSDL-Git-Mercurial-Mirror/ws/>
Copied 1 artifact from "SciJava-scripts" build number 107
[LibSDL-Git-Mercurial-Mirror] $ /bin/sh -xe /tmp/hudson2626088075321084216.sh
+ sh -x bin/git-hg-synchronizer.sh http://hg.libsdl.org/SDL fiji.sc:/srv/git/libsdl/.git
+ set -e
+ type git-remote-hg
+ mkdir -p /data/jenkins/bin
+ test ! -x /data/jenkins/bin/git-remote-hg
+ export PATH=/data/jenkins/bin:/usr/local/sbin:/usr/local/bin:/usr/sbin:/usr/bin:/sbin:/bin:/usr/games
+ HG_URL=http://hg.libsdl.org/SDL
+ shift
+ test -d .git
+ git init --bare
Reinitialized existing Git repository in <http://jenkins.imagej.net/job/LibSDL-Git-Mercurial-Mirror/ws/>
+ git config remote.origin.url
+ test ahg::http://hg.libsdl.org/SDL = ahg::http://hg.libsdl.org/SDL
+ git fetch origin
searching for changes
adding changesets
adding manifests
adding file changes
added 1 changesets with 1 changes to 1 files
fatal: mark :48462 not declared
fast-import: dumping crash report to fast_import_crash_18228
fatal: Error while running fast-import
Traceback (most recent call last):
  File "/data/jenkins/bin/git-remote-hg", line 1254, in <module>
    sys.exit(main(sys.argv))
  File "/data/jenkins/bin/git-remote-hg", line 1236, in main
    do_import(parser)
  File "/data/jenkins/bin/git-remote-hg", line 678, in do_import
    export_branch(repo, branch)
  File "/data/jenkins/bin/git-remote-hg", line 573, in export_branch
    export_ref(repo, branch, 'branches', head)
  File "/data/jenkins/bin/git-remote-hg", line 507, in export_ref
    modified_final = export_files(c.filectx(f) for f in modified)
  File "/data/jenkins/bin/git-remote-hg", line 282, in export_files
    print d
IOError: [Errno 32] Broken pipe
Build step 'Execute shell' marked build as failure
Build step 'Groovy Postbuild' marked build as failure


From jenkins at imagej.net  Fri Sep 26 11:35:21 2014
From: jenkins at imagej.net (jenkins at imagej.net)
Date: Fri, 26 Sep 2014 11:35:21 -0500 (CDT)
Subject: [ImageJ-builds] Jenkins build is back to normal : Fiji-javadoc #933
In-Reply-To: <1702488321.8.1411709384937.JavaMail.jenkins@dev>
References: <1702488321.8.1411709384937.JavaMail.jenkins@dev>
Message-ID: <251223790.10.1411749321544.JavaMail.jenkins@dev>

See <http://jenkins.imagej.net/job/Fiji-javadoc/933/>



From jenkins at imagej.net  Sat Sep 27 01:17:25 2014
From: jenkins at imagej.net (jenkins at imagej.net)
Date: Sat, 27 Sep 2014 01:17:25 -0500 (CDT)
Subject: [ImageJ-builds] Build failed in Jenkins: Valgrind-Git-SVN-Mirror
	#672
Message-ID: <650469125.11.1411798645925.JavaMail.jenkins@dev>

See <http://jenkins.imagej.net/job/Valgrind-Git-SVN-Mirror/672/>

------------------------------------------
Started by timer
Building remotely on server.microscopy (server) in workspace <http://jenkins.imagej.net/job/Valgrind-Git-SVN-Mirror/ws/>
Copied 1 artifact from "SciJava-scripts" build number 107
[Valgrind-Git-SVN-Mirror] $ /bin/sh -xe /tmp/hudson7133050272762654603.sh
+ sh -x bin/git-svn-synchronizer.sh svn://svn.valgrind.org/valgrind fiji.sc:/srv/git/valgrind/.git
+ force=
+ reset=
+ test 2 -gt 0
+ break
+ test 2 -lt 2
+ set -e
+ SVN_URL=svn://svn.valgrind.org/valgrind
+ shift
+ test -d .git
+ test -d .git/svn
+ git config svn-remote.svn.url
+ test asvn://svn.valgrind.org/valgrind != asvn://svn.valgrind.org/valgrind
+ git svn fetch
Connection refused: Can't connect to host 'svn.valgrind.org': Connection refused at /usr/lib/git-core/git-svn line 2139

Build step 'Execute shell' marked build as failure
Build step 'Groovy Postbuild' marked build as failure


From jenkins at imagej.net  Sat Sep 27 01:18:01 2014
From: jenkins at imagej.net (jenkins at imagej.net)
Date: Sat, 27 Sep 2014 01:18:01 -0500 (CDT)
Subject: [ImageJ-builds] Build failed in Jenkins:
	Valgrind-VEX-Git-SVN-Mirror #672
Message-ID: <1004346189.12.1411798681381.JavaMail.jenkins@dev>

See <http://jenkins.imagej.net/job/Valgrind-VEX-Git-SVN-Mirror/672/>

------------------------------------------
Started by timer
Building remotely on server.microscopy (server) in workspace <http://jenkins.imagej.net/job/Valgrind-VEX-Git-SVN-Mirror/ws/>
Copied 1 artifact from "SciJava-scripts" build number 107
[Valgrind-VEX-Git-SVN-Mirror] $ /bin/sh -xe /tmp/hudson4494860373890548786.sh
+ sh -x bin/git-svn-synchronizer.sh svn://svn.valgrind.org/vex fiji.sc:/srv/git/VEX/.git
+ force=
+ reset=
+ test 2 -gt 0
+ break
+ test 2 -lt 2
+ set -e
+ SVN_URL=svn://svn.valgrind.org/vex
+ shift
+ test -d .git
+ test -d .git/svn
+ git config svn-remote.svn.url
+ test asvn://svn.valgrind.org/vex != asvn://svn.valgrind.org/vex
+ git svn fetch
Connection refused: Can't connect to host 'svn.valgrind.org': Connection refused at /usr/lib/git-core/git-svn line 2139

Build step 'Execute shell' marked build as failure
Build step 'Groovy Postbuild' marked build as failure


From jenkins at imagej.net  Sat Sep 27 01:27:11 2014
From: jenkins at imagej.net (jenkins at imagej.net)
Date: Sat, 27 Sep 2014 01:27:11 -0500 (CDT)
Subject: [ImageJ-builds] mail-watcher-plugin: Computer Windows marked offline
Message-ID: <527832639.13.1411799231040.JavaMail.jenkins@dev>

Url: http://jenkins.imagej.net/computer/Windows/
Initiator: unknown




From jenkins at imagej.net  Sat Sep 27 01:27:41 2014
From: jenkins at imagej.net (jenkins at imagej.net)
Date: Sat, 27 Sep 2014 01:27:41 -0500 (CDT)
Subject: [ImageJ-builds] mail-watcher-plugin: Computer Windows marked online
Message-ID: <128944133.14.1411799261958.JavaMail.jenkins@dev>

Url: http://jenkins.imagej.net/computer/Windows/
Initiator: SYSTEM




From jenkins at imagej.net  Sat Sep 27 11:42:40 2014
From: jenkins at imagej.net (jenkins at imagej.net)
Date: Sat, 27 Sep 2014 11:42:40 -0500 (CDT)
Subject: [ImageJ-builds] mail-watcher-plugin: Computer Windows marked offline
Message-ID: <749771868.15.1411836160807.JavaMail.jenkins@dev>

Url: http://jenkins.imagej.net/computer/Windows/
Initiator: unknown




From jenkins at imagej.net  Sat Sep 27 11:43:10 2014
From: jenkins at imagej.net (jenkins at imagej.net)
Date: Sat, 27 Sep 2014 11:43:10 -0500 (CDT)
Subject: [ImageJ-builds] mail-watcher-plugin: Computer Windows marked online
Message-ID: <1240274013.16.1411836190830.JavaMail.jenkins@dev>

Url: http://jenkins.imagej.net/computer/Windows/
Initiator: SYSTEM




From jenkins at imagej.net  Sun Sep 28 01:17:53 2014
From: jenkins at imagej.net (jenkins at imagej.net)
Date: Sun, 28 Sep 2014 01:17:53 -0500 (CDT)
Subject: [ImageJ-builds] Jenkins build is back to normal :
	Valgrind-Git-SVN-Mirror #673
In-Reply-To: <650469125.11.1411798645925.JavaMail.jenkins@dev>
References: <650469125.11.1411798645925.JavaMail.jenkins@dev>
Message-ID: <1261273147.17.1411885073915.JavaMail.jenkins@dev>

See <http://jenkins.imagej.net/job/Valgrind-Git-SVN-Mirror/673/>



From jenkins at imagej.net  Sun Sep 28 01:18:03 2014
From: jenkins at imagej.net (jenkins at imagej.net)
Date: Sun, 28 Sep 2014 01:18:03 -0500 (CDT)
Subject: [ImageJ-builds] Jenkins build is back to normal :
	Valgrind-VEX-Git-SVN-Mirror #673
In-Reply-To: <1004346189.12.1411798681381.JavaMail.jenkins@dev>
References: <1004346189.12.1411798681381.JavaMail.jenkins@dev>
Message-ID: <1081523081.18.1411885083260.JavaMail.jenkins@dev>

See <http://jenkins.imagej.net/job/Valgrind-VEX-Git-SVN-Mirror/673/>



From jenkins at imagej.net  Sun Sep 28 13:44:41 2014
From: jenkins at imagej.net (jenkins at imagej.net)
Date: Sun, 28 Sep 2014 13:44:41 -0500 (CDT)
Subject: [ImageJ-builds] mail-watcher-plugin: Computer Windows marked offline
Message-ID: <1733813657.19.1411929881504.JavaMail.jenkins@dev>

Url: http://jenkins.imagej.net/computer/Windows/
Initiator: unknown




From jenkins at imagej.net  Sun Sep 28 13:45:11 2014
From: jenkins at imagej.net (jenkins at imagej.net)
Date: Sun, 28 Sep 2014 13:45:11 -0500 (CDT)
Subject: [ImageJ-builds] mail-watcher-plugin: Computer Windows marked online
Message-ID: <2145267116.20.1411929911284.JavaMail.jenkins@dev>

Url: http://jenkins.imagej.net/computer/Windows/
Initiator: SYSTEM




From jenkins at imagej.net  Sun Sep 28 14:37:00 2014
From: jenkins at imagej.net (jenkins at imagej.net)
Date: Sun, 28 Sep 2014 14:37:00 -0500 (CDT)
Subject: [ImageJ-builds] Build failed in Jenkins: Monitor-fiji.sc #12361
Message-ID: <711250369.21.1411933020916.JavaMail.jenkins@dev>

See <http://jenkins.imagej.net/job/Monitor-fiji.sc/12361/>

------------------------------------------
Started by timer
Building on master in workspace <http://jenkins.imagej.net/job/Monitor-fiji.sc/ws/>
Copied 1 artifact from "Fiji-minimal" build number 1945
FATAL: Unable to produce a script file
java.io.IOException: Failed to create a temp file on <http://jenkins.imagej.net/job/Monitor-fiji.sc/ws/>
	at hudson.FilePath.createTextTempFile(FilePath.java:1281)
	at hudson.tasks.CommandInterpreter.createScriptFile(CommandInterpreter.java:144)
	at hudson.tasks.CommandInterpreter.perform(CommandInterpreter.java:82)
	at hudson.tasks.CommandInterpreter.perform(CommandInterpreter.java:66)
	at hudson.tasks.BuildStepMonitor$1.perform(BuildStepMonitor.java:20)
	at hudson.model.AbstractBuild$AbstractBuildExecution.perform(AbstractBuild.java:770)
	at hudson.model.Build$BuildExecution.build(Build.java:199)
	at hudson.model.Build$BuildExecution.doRun(Build.java:160)
	at hudson.model.AbstractBuild$AbstractBuildExecution.run(AbstractBuild.java:533)
	at hudson.model.Run.execute(Run.java:1745)
	at hudson.model.FreeStyleBuild.run(FreeStyleBuild.java:43)
	at hudson.model.ResourceController.execute(ResourceController.java:89)
	at hudson.model.Executor.run(Executor.java:240)
Caused by: java.io.IOException: No space left on device
	at java.io.FileOutputStream.writeBytes(Native Method)
	at java.io.FileOutputStream.write(FileOutputStream.java:282)
	at sun.nio.cs.StreamEncoder.writeBytes(StreamEncoder.java:202)
	at sun.nio.cs.StreamEncoder.implClose(StreamEncoder.java:297)
	at sun.nio.cs.StreamEncoder.close(StreamEncoder.java:130)
	at java.io.OutputStreamWriter.close(OutputStreamWriter.java:216)
	at hudson.FilePath$15.invoke(FilePath.java:1274)
	at hudson.FilePath$15.invoke(FilePath.java:1255)
	at hudson.FilePath.act(FilePath.java:918)
	at hudson.FilePath.act(FilePath.java:896)
	at hudson.FilePath.createTextTempFile(FilePath.java:1255)
	... 12 more
Build step 'Execute shell' marked build as failure


From jenkins at imagej.net  Sun Sep 28 15:37:04 2014
From: jenkins at imagej.net (jenkins at imagej.net)
Date: Sun, 28 Sep 2014 15:37:04 -0500 (CDT)
Subject: [ImageJ-builds] Jenkins build is back to normal : Monitor-fiji.sc
	#12362
In-Reply-To: <711250369.21.1411933020916.JavaMail.jenkins@dev>
References: <711250369.21.1411933020916.JavaMail.jenkins@dev>
Message-ID: <1944526302.22.1411936624430.JavaMail.jenkins@dev>

See <http://jenkins.imagej.net/job/Monitor-fiji.sc/12362/>



From jenkins at imagej.net  Mon Sep 29 07:16:36 2014
From: jenkins at imagej.net (jenkins at imagej.net)
Date: Mon, 29 Sep 2014 07:16:36 -0500 (CDT)
Subject: [ImageJ-builds] mail-watcher-plugin: Computer Windows marked offline
Message-ID: <227797962.23.1411992996896.JavaMail.jenkins@dev>

Url: http://jenkins.imagej.net/computer/Windows/
Initiator: unknown




From jenkins at imagej.net  Mon Sep 29 07:17:07 2014
From: jenkins at imagej.net (jenkins at imagej.net)
Date: Mon, 29 Sep 2014 07:17:07 -0500 (CDT)
Subject: [ImageJ-builds] mail-watcher-plugin: Computer Windows marked online
Message-ID: <1250062749.24.1411993027099.JavaMail.jenkins@dev>

Url: http://jenkins.imagej.net/computer/Windows/
Initiator: SYSTEM




From jenkins at imagej.net  Mon Sep 29 07:32:06 2014
From: jenkins at imagej.net (jenkins at imagej.net)
Date: Mon, 29 Sep 2014 07:32:06 -0500 (CDT)
Subject: [ImageJ-builds] mail-watcher-plugin: Computer Windows marked offline
Message-ID: <1158348760.25.1411993926588.JavaMail.jenkins@dev>

Url: http://jenkins.imagej.net/computer/Windows/
Initiator: unknown




From jenkins at imagej.net  Mon Sep 29 07:32:36 2014
From: jenkins at imagej.net (jenkins at imagej.net)
Date: Mon, 29 Sep 2014 07:32:36 -0500 (CDT)
Subject: [ImageJ-builds] mail-watcher-plugin: Computer Windows marked online
Message-ID: <197017867.26.1411993956498.JavaMail.jenkins@dev>

Url: http://jenkins.imagej.net/computer/Windows/
Initiator: SYSTEM




From jenkins at imagej.net  Tue Sep 30 07:00:15 2014
From: jenkins at imagej.net (jenkins at imagej.net)
Date: Tue, 30 Sep 2014 07:00:15 -0500 (CDT)
Subject: [ImageJ-builds] mail-watcher-plugin: Computer Windows marked offline
Message-ID: <2083044731.27.1412078415165.JavaMail.jenkins@dev>

Url: http://jenkins.imagej.net/computer/Windows/
Initiator: unknown




From jenkins at imagej.net  Tue Sep 30 07:00:45 2014
From: jenkins at imagej.net (jenkins at imagej.net)
Date: Tue, 30 Sep 2014 07:00:45 -0500 (CDT)
Subject: [ImageJ-builds] mail-watcher-plugin: Computer Windows marked online
Message-ID: <1116037248.28.1412078445752.JavaMail.jenkins@dev>

Url: http://jenkins.imagej.net/computer/Windows/
Initiator: SYSTEM




From jenkins at imagej.net  Tue Sep 30 09:51:14 2014
From: jenkins at imagej.net (jenkins at imagej.net)
Date: Tue, 30 Sep 2014 09:51:14 -0500 (CDT)
Subject: [ImageJ-builds] mail-watcher-plugin: Computer Windows marked offline
Message-ID: <417573558.29.1412088674611.JavaMail.jenkins@dev>

Url: http://jenkins.imagej.net/computer/Windows/
Initiator: unknown




From jenkins at imagej.net  Tue Sep 30 09:51:15 2014
From: jenkins at imagej.net (jenkins at imagej.net)
Date: Tue, 30 Sep 2014 09:51:15 -0500 (CDT)
Subject: [ImageJ-builds] mail-watcher-plugin: Computer skynet marked offline
Message-ID: <188149463.30.1412088675663.JavaMail.jenkins@dev>

Url: http://jenkins.imagej.net/computer/skynet/
Initiator: unknown




From jenkins at imagej.net  Tue Sep 30 09:51:55 2014
From: jenkins at imagej.net (jenkins at imagej.net)
Date: Tue, 30 Sep 2014 09:51:55 -0500 (CDT)
Subject: [ImageJ-builds] mail-watcher-plugin: Computer skynet marked online
Message-ID: <206397008.0.1412088715302.JavaMail.jenkins@dev>

Url: http://jenkins.imagej.net/computer/skynet/
Initiator: SYSTEM




From jenkins at imagej.net  Tue Sep 30 09:52:26 2014
From: jenkins at imagej.net (jenkins at imagej.net)
Date: Tue, 30 Sep 2014 09:52:26 -0500 (CDT)
Subject: [ImageJ-builds] mail-watcher-plugin: Computer Windows marked online
Message-ID: <387002892.1.1412088746050.JavaMail.jenkins@dev>

Url: http://jenkins.imagej.net/computer/Windows/
Initiator: SYSTEM




