From jenkins at imagej.net  Tue Aug  2 00:36:46 2016
From: jenkins at imagej.net (jenkins at imagej.net)
Date: Tue, 02 Aug 2016 00:36:46 -0500 (CDT)
Subject: [ImageJ-builds] Build failed in Jenkins: Validate-javadoc #466
Message-ID: <614444438.117.1470116206911.JavaMail.jenkins@dev>

See <http://jenkins.imagej.net/job/Validate-javadoc/466/>

------------------------------------------
Started by upstream project "ImageJ-javadoc" build number 126
originally caused by:
 Started by timer
Building on master in workspace <http://jenkins.imagej.net/job/Validate-javadoc/ws/>
 > git rev-parse --is-inside-work-tree # timeout=10
Fetching changes from the remote Git repository
 > git config remote.origin.url git://github.com/imagej/imagej-javadoc # timeout=10
Fetching upstream changes from git://github.com/imagej/imagej-javadoc
 > git --version # timeout=10
 > git -c core.askpass=true fetch --tags --progress git://github.com/imagej/imagej-javadoc +refs/heads/*:refs/remotes/origin/*
 > git rev-parse origin/master^{commit} # timeout=10
Checking out Revision 8cffdfa07c7406ebc8152cbdb84213d8a9774ff8 (origin/master)
 > git config core.sparsecheckout # timeout=10
 > git checkout -f 8cffdfa07c7406ebc8152cbdb84213d8a9774ff8
 > git rev-list 8cffdfa07c7406ebc8152cbdb84213d8a9774ff8 # timeout=10
[workspace] $ /bin/sh -xe /tmp/hudson3876180278804131158.sh
+ cram tests
!
--- proxies.t
+++ proxies.t.err
@@ -33,7 +33,7 @@
   $ curl -Is http://javadoc.imagej.net/Eclipse/ | head -n 1
   HTTP/1.1 302 Found
   $ curl -Is http://javadoc.imagej.net/NetBeans/index.html | head -n 1
-  HTTP/1.1 200 OK
+  HTTP/1.1 500 Internal Server Error
   $ curl -Is http://javadoc.imagej.net/LOCI/index.html | head -n 1
   HTTP/1.1 200 OK
   $ curl -Is http://javadoc.imagej.net/MPI-CBG/index.html | head -n 1

# Ran 1 tests, 0 skipped, 1 failed.
Build step 'Execute shell' marked build as failure


From jenkins at imagej.net  Tue Aug  2 10:49:11 2016
From: jenkins at imagej.net (jenkins at imagej.net)
Date: Tue, 02 Aug 2016 10:49:11 -0500 (CDT)
Subject: [ImageJ-builds] Build failed in Jenkins: Trainable_Segmentation #112
Message-ID: <1029720659.120.1470152951271.JavaMail.jenkins@dev>

See <http://jenkins.imagej.net/job/Trainable_Segmentation/112/changes>

Changes:

[Ignacio Arganda-Carreras] Update to latest fiji pom.

[Ignacio Arganda-Carreras] Make release 3.1.1.

------------------------------------------
Started by an SCM change
Building remotely on maven in workspace <http://jenkins.imagej.net/job/Trainable_Segmentation/ws/>
 > git rev-parse --is-inside-work-tree # timeout=10
Fetching changes from the remote Git repository
 > git config remote.origin.url git://github.com/fiji/Trainable_Segmentation # timeout=10
Fetching upstream changes from git://github.com/fiji/Trainable_Segmentation
 > git --version # timeout=10
 > git -c core.askpass=true fetch --tags --progress git://github.com/fiji/Trainable_Segmentation +refs/heads/*:refs/remotes/origin/*
 > git rev-parse origin/master^{commit} # timeout=10
Checking out Revision 3547373a0db0ff96fd54ab6b9b1d0a5bea2d4192 (origin/master)
 > git config core.sparsecheckout # timeout=10
 > git checkout -f 3547373a0db0ff96fd54ab6b9b1d0a5bea2d4192
 > git rev-list dd5494832103bb6e7a3b6b4830982352a910a211 # timeout=10
 > git tag -a -f -m Jenkins Build #112 jenkins-Trainable_Segmentation-112 # timeout=10
[Trainable_Segmentation] $ /bin/sh -xe /tmp/hudson8111133519399187625.sh
+ git clean -dfx
Removing target/
[Trainable_Segmentation] $ /bin/sh -xe /tmp/hudson5244913691451545465.sh
+ mvn -U -Pdeploy-to-imagej clean deploy
[INFO] Scanning for projects...
[INFO]                                                                         
[INFO] ------------------------------------------------------------------------
[INFO] Building plugins/Trainable_Segmentation.jar 3.1.1
[INFO] ------------------------------------------------------------------------
[INFO] 
[INFO] --- maven-clean-plugin:2.5:clean (default-clean) @ Trainable_Segmentation ---
[INFO] 
[INFO] --- maven-enforcer-plugin:1.3.1:enforce (enforce-rules) @ Trainable_Segmentation ---
[INFO] Restricted to JDK 1.7 yet net.imglib2:imglib2-algorithm:jar:0.5.0:compile contains net/imglib2/algorithm/OutputAlgorithm.class targeted to JDK 1.8
[INFO] Restricted to JDK 1.7 yet net.imglib2:imglib2:jar:2.9.0:compile contains net/imglib2/AbstractLocalizingCursorInt.class targeted to JDK 1.8
[INFO] Restricted to JDK 1.7 yet net.imglib2:imglib2-ij:jar:2.0.0-beta-33:compile contains net/imglib2/img/ImagePlusAdapter$1.class targeted to JDK 1.8
[INFO] Restricted to JDK 1.7 yet net.imagej:imagej-common:jar:0.21.0:compile contains net/imagej/FloodFiller$StackOfLongs.class targeted to JDK 1.8
[WARNING] Rule 5: org.apache.maven.plugins.enforcer.EnforceBytecodeVersion failed with message:
Found Banned Dependency: net.imglib2:imglib2-algorithm:jar:0.5.0
Found Banned Dependency: net.imglib2:imglib2:jar:2.9.0
Found Banned Dependency: net.imglib2:imglib2-ij:jar:2.0.0-beta-33
Found Banned Dependency: net.imagej:imagej-common:jar:0.21.0
Use 'mvn dependency:tree' to locate the source of the banned dependencies.
[INFO] ------------------------------------------------------------------------
[INFO] BUILD FAILURE
[INFO] ------------------------------------------------------------------------
[INFO] Total time: 5.202s
[INFO] Finished at: Tue Aug 02 10:49:10 CDT 2016
[INFO] Final Memory: 57M/458M
[INFO] ------------------------------------------------------------------------
[ERROR] Failed to execute goal org.apache.maven.plugins:maven-enforcer-plugin:1.3.1:enforce (enforce-rules) on project Trainable_Segmentation: Some Enforcer rules have failed. Look above for specific messages explaining why the rule failed. -> [Help 1]
[ERROR] 
[ERROR] To see the full stack trace of the errors, re-run Maven with the -e switch.
[ERROR] Re-run Maven using the -X switch to enable full debug logging.
[ERROR] 
[ERROR] For more information about the errors and possible solutions, please read the following articles:
[ERROR] [Help 1] http://cwiki.apache.org/confluence/display/MAVEN/MojoExecutionException
Build step 'Execute shell' marked build as failure
Archiving artifacts


From jenkins at imagej.net  Tue Aug  2 10:49:41 2016
From: jenkins at imagej.net (jenkins at imagej.net)
Date: Tue, 02 Aug 2016 10:49:41 -0500 (CDT)
Subject: [ImageJ-builds] Build failed in Jenkins: Trainable_Segmentation #113
In-Reply-To: <1029720659.120.1470152951271.JavaMail.jenkins@dev>
References: <1029720659.120.1470152951271.JavaMail.jenkins@dev>
Message-ID: <526002284.121.1470152981803.JavaMail.jenkins@dev>

See <http://jenkins.imagej.net/job/Trainable_Segmentation/113/changes>

Changes:

[Ignacio Arganda-Carreras] Bump to next release cycle

------------------------------------------
Started by an SCM change
Building remotely on maven in workspace <http://jenkins.imagej.net/job/Trainable_Segmentation/ws/>
 > git rev-parse --is-inside-work-tree # timeout=10
Fetching changes from the remote Git repository
 > git config remote.origin.url git://github.com/fiji/Trainable_Segmentation # timeout=10
Fetching upstream changes from git://github.com/fiji/Trainable_Segmentation
 > git --version # timeout=10
 > git -c core.askpass=true fetch --tags --progress git://github.com/fiji/Trainable_Segmentation +refs/heads/*:refs/remotes/origin/*
 > git rev-parse origin/master^{commit} # timeout=10
Checking out Revision a60c4925f2ac3d528e56f34e2cff808c1a1bd9ca (origin/master)
 > git config core.sparsecheckout # timeout=10
 > git checkout -f a60c4925f2ac3d528e56f34e2cff808c1a1bd9ca
 > git rev-list 3547373a0db0ff96fd54ab6b9b1d0a5bea2d4192 # timeout=10
 > git tag -a -f -m Jenkins Build #113 jenkins-Trainable_Segmentation-113 # timeout=10
[Trainable_Segmentation] $ /bin/sh -xe /tmp/hudson6658155451989389923.sh
+ git clean -dfx
[Trainable_Segmentation] $ /bin/sh -xe /tmp/hudson3785380328057684851.sh
+ mvn -U -Pdeploy-to-imagej clean deploy
[INFO] Scanning for projects...
[INFO]                                                                         
[INFO] ------------------------------------------------------------------------
[INFO] Building plugins/Trainable_Segmentation.jar 3.1.2-SNAPSHOT
[INFO] ------------------------------------------------------------------------
[INFO] 
[INFO] --- maven-clean-plugin:2.5:clean (default-clean) @ Trainable_Segmentation ---
[INFO] 
[INFO] --- maven-enforcer-plugin:1.3.1:enforce (enforce-rules) @ Trainable_Segmentation ---
[INFO] Restricted to JDK 1.7 yet net.imglib2:imglib2-algorithm:jar:0.5.0:compile contains net/imglib2/algorithm/OutputAlgorithm.class targeted to JDK 1.8
[INFO] Restricted to JDK 1.7 yet net.imglib2:imglib2:jar:2.9.0:compile contains net/imglib2/AbstractLocalizingCursorInt.class targeted to JDK 1.8
[INFO] Restricted to JDK 1.7 yet net.imglib2:imglib2-ij:jar:2.0.0-beta-33:compile contains net/imglib2/img/ImagePlusAdapter$1.class targeted to JDK 1.8
[INFO] Restricted to JDK 1.7 yet net.imagej:imagej-common:jar:0.21.0:compile contains net/imagej/FloodFiller$StackOfLongs.class targeted to JDK 1.8
[WARNING] Rule 5: org.apache.maven.plugins.enforcer.EnforceBytecodeVersion failed with message:
Found Banned Dependency: net.imglib2:imglib2-algorithm:jar:0.5.0
Found Banned Dependency: net.imglib2:imglib2:jar:2.9.0
Found Banned Dependency: net.imglib2:imglib2-ij:jar:2.0.0-beta-33
Found Banned Dependency: net.imagej:imagej-common:jar:0.21.0
Use 'mvn dependency:tree' to locate the source of the banned dependencies.
[INFO] ------------------------------------------------------------------------
[INFO] BUILD FAILURE
[INFO] ------------------------------------------------------------------------
[INFO] Total time: 4.012s
[INFO] Finished at: Tue Aug 02 10:49:41 CDT 2016
[INFO] Final Memory: 59M/528M
[INFO] ------------------------------------------------------------------------
[ERROR] Failed to execute goal org.apache.maven.plugins:maven-enforcer-plugin:1.3.1:enforce (enforce-rules) on project Trainable_Segmentation: Some Enforcer rules have failed. Look above for specific messages explaining why the rule failed. -> [Help 1]
[ERROR] 
[ERROR] To see the full stack trace of the errors, re-run Maven with the -e switch.
[ERROR] Re-run Maven using the -X switch to enable full debug logging.
[ERROR] 
[ERROR] For more information about the errors and possible solutions, please read the following articles:
[ERROR] [Help 1] http://cwiki.apache.org/confluence/display/MAVEN/MojoExecutionException
Build step 'Execute shell' marked build as failure
Archiving artifacts


From jenkins at imagej.net  Tue Aug  2 11:46:34 2016
From: jenkins at imagej.net (jenkins at imagej.net)
Date: Tue, 02 Aug 2016 11:46:34 -0500 (CDT)
Subject: [ImageJ-builds] Build failed in Jenkins: Trainable_Segmentation #114
In-Reply-To: <526002284.121.1470152981803.JavaMail.jenkins@dev>
References: <526002284.121.1470152981803.JavaMail.jenkins@dev>
Message-ID: <1113629307.122.1470156394030.JavaMail.jenkins@dev>

See <http://jenkins.imagej.net/job/Trainable_Segmentation/114/>

------------------------------------------
Started by user Curtis Rueden
Building remotely on maven in workspace <http://jenkins.imagej.net/job/Trainable_Segmentation/ws/>
 > git rev-parse --is-inside-work-tree # timeout=10
Fetching changes from the remote Git repository
 > git config remote.origin.url git://github.com/fiji/Trainable_Segmentation # timeout=10
Fetching upstream changes from git://github.com/fiji/Trainable_Segmentation
 > git --version # timeout=10
 > git -c core.askpass=true fetch --tags --progress git://github.com/fiji/Trainable_Segmentation +refs/heads/*:refs/remotes/origin/*
 > git rev-parse origin/master^{commit} # timeout=10
Checking out Revision a60c4925f2ac3d528e56f34e2cff808c1a1bd9ca (origin/master)
 > git config core.sparsecheckout # timeout=10
 > git checkout -f a60c4925f2ac3d528e56f34e2cff808c1a1bd9ca
 > git rev-list a60c4925f2ac3d528e56f34e2cff808c1a1bd9ca # timeout=10
 > git tag -a -f -m Jenkins Build #114 jenkins-Trainable_Segmentation-114 # timeout=10
[Trainable_Segmentation] $ /bin/sh -xe /tmp/hudson1345146050231270113.sh
+ git clean -dfx
[Trainable_Segmentation] $ /bin/sh -xe /tmp/hudson9000658073645310624.sh
+ mvn -U -Pdeploy-to-imagej clean deploy
OpenJDK 64-Bit Server VM warning: ignoring option MaxPermSize=256m; support was removed in 8.0
[INFO] Scanning for projects...
[INFO]                                                                         
[INFO] ------------------------------------------------------------------------
[INFO] Building plugins/Trainable_Segmentation.jar 3.1.2-SNAPSHOT
[INFO] ------------------------------------------------------------------------
[INFO] 
[INFO] --- maven-clean-plugin:2.5:clean (default-clean) @ Trainable_Segmentation ---
[INFO] 
[INFO] --- maven-enforcer-plugin:1.3.1:enforce (enforce-rules) @ Trainable_Segmentation ---
[INFO] Restricted to JDK 1.7 yet net.imglib2:imglib2-algorithm:jar:0.5.0:compile contains net/imglib2/algorithm/OutputAlgorithm.class targeted to JDK 1.8
[INFO] Restricted to JDK 1.7 yet net.imglib2:imglib2-ij:jar:2.0.0-beta-33:compile contains net/imglib2/img/ImagePlusAdapter$1.class targeted to JDK 1.8
[INFO] Restricted to JDK 1.7 yet net.imglib2:imglib2:jar:2.9.0:compile contains net/imglib2/AbstractLocalizingCursorInt.class targeted to JDK 1.8
[INFO] Restricted to JDK 1.7 yet net.imagej:imagej-common:jar:0.21.0:compile contains net/imagej/FloodFiller$StackOfLongs.class targeted to JDK 1.8
[WARNING] Rule 5: org.apache.maven.plugins.enforcer.EnforceBytecodeVersion failed with message:
Found Banned Dependency: net.imglib2:imglib2-algorithm:jar:0.5.0
Found Banned Dependency: net.imglib2:imglib2-ij:jar:2.0.0-beta-33
Found Banned Dependency: net.imglib2:imglib2:jar:2.9.0
Found Banned Dependency: net.imagej:imagej-common:jar:0.21.0
Use 'mvn dependency:tree' to locate the source of the banned dependencies.
[INFO] ------------------------------------------------------------------------
[INFO] BUILD FAILURE
[INFO] ------------------------------------------------------------------------
[INFO] Total time: 2.458s
[INFO] Finished at: Tue Aug 02 11:46:33 CDT 2016
[INFO] Final Memory: 59M/527M
[INFO] ------------------------------------------------------------------------
[ERROR] Failed to execute goal org.apache.maven.plugins:maven-enforcer-plugin:1.3.1:enforce (enforce-rules) on project Trainable_Segmentation: Some Enforcer rules have failed. Look above for specific messages explaining why the rule failed. -> [Help 1]
[ERROR] 
[ERROR] To see the full stack trace of the errors, re-run Maven with the -e switch.
[ERROR] Re-run Maven using the -X switch to enable full debug logging.
[ERROR] 
[ERROR] For more information about the errors and possible solutions, please read the following articles:
[ERROR] [Help 1] http://cwiki.apache.org/confluence/display/MAVEN/MojoExecutionException
Build step 'Execute shell' marked build as failure
Archiving artifacts


From jenkins at imagej.net  Tue Aug  2 11:49:16 2016
From: jenkins at imagej.net (jenkins at imagej.net)
Date: Tue, 02 Aug 2016 11:49:16 -0500 (CDT)
Subject: [ImageJ-builds] Jenkins build is back to normal :
	Trainable_Segmentation #115
In-Reply-To: <1113629307.122.1470156394030.JavaMail.jenkins@dev>
References: <1113629307.122.1470156394030.JavaMail.jenkins@dev>
Message-ID: <731674131.123.1470156556985.JavaMail.jenkins@dev>

See <http://jenkins.imagej.net/job/Trainable_Segmentation/115/changes>



From jenkins at imagej.net  Tue Aug  2 19:15:12 2016
From: jenkins at imagej.net (jenkins at imagej.net)
Date: Tue, 02 Aug 2016 19:15:12 -0500 (CDT)
Subject: [ImageJ-builds] Build failed in Jenkins: Validate-javadoc #467
In-Reply-To: <614444438.117.1470116206911.JavaMail.jenkins@dev>
References: <614444438.117.1470116206911.JavaMail.jenkins@dev>
Message-ID: <510452538.124.1470183312439.JavaMail.jenkins@dev>

See <http://jenkins.imagej.net/job/Validate-javadoc/467/>

------------------------------------------
Started by upstream project "SCIFIO-javadoc" build number 479
originally caused by:
 Started by timer
Building on master in workspace <http://jenkins.imagej.net/job/Validate-javadoc/ws/>
 > git rev-parse --is-inside-work-tree # timeout=10
Fetching changes from the remote Git repository
 > git config remote.origin.url git://github.com/imagej/imagej-javadoc # timeout=10
Fetching upstream changes from git://github.com/imagej/imagej-javadoc
 > git --version # timeout=10
 > git -c core.askpass=true fetch --tags --progress git://github.com/imagej/imagej-javadoc +refs/heads/*:refs/remotes/origin/*
 > git rev-parse origin/master^{commit} # timeout=10
Checking out Revision 8cffdfa07c7406ebc8152cbdb84213d8a9774ff8 (origin/master)
 > git config core.sparsecheckout # timeout=10
 > git checkout -f 8cffdfa07c7406ebc8152cbdb84213d8a9774ff8
 > git rev-list 8cffdfa07c7406ebc8152cbdb84213d8a9774ff8 # timeout=10
[workspace] $ /bin/sh -xe /tmp/hudson7190185694976963853.sh
+ cram tests
!
--- proxies.t
+++ proxies.t.err
@@ -33,7 +33,7 @@
   $ curl -Is http://javadoc.imagej.net/Eclipse/ | head -n 1
   HTTP/1.1 302 Found
   $ curl -Is http://javadoc.imagej.net/NetBeans/index.html | head -n 1
-  HTTP/1.1 200 OK
+  HTTP/1.1 500 Internal Server Error
   $ curl -Is http://javadoc.imagej.net/LOCI/index.html | head -n 1
   HTTP/1.1 200 OK
   $ curl -Is http://javadoc.imagej.net/MPI-CBG/index.html | head -n 1

# Ran 1 tests, 0 skipped, 1 failed.
Build step 'Execute shell' marked build as failure


From jenkins at imagej.net  Wed Aug  3 11:36:22 2016
From: jenkins at imagej.net (jenkins at imagej.net)
Date: Wed, 03 Aug 2016 11:36:22 -0500 (CDT)
Subject: [ImageJ-builds] Jenkins build is back to normal : Validate-javadoc
	#468
In-Reply-To: <510452538.124.1470183312439.JavaMail.jenkins@dev>
References: <510452538.124.1470183312439.JavaMail.jenkins@dev>
Message-ID: <1798228431.126.1470242182659.JavaMail.jenkins@dev>

See <http://jenkins.imagej.net/job/Validate-javadoc/468/>



From jenkins at imagej.net  Fri Aug  5 14:48:09 2016
From: jenkins at imagej.net (jenkins at imagej.net)
Date: Fri, 05 Aug 2016 14:48:09 -0500 (CDT)
Subject: [ImageJ-builds] Build failed in Jenkins: SciJava-common #1055
Message-ID: <413312759.131.1470426489701.JavaMail.jenkins@dev>

See <http://jenkins.imagej.net/job/SciJava-common/1055/changes>

Changes:

[Jenkins] Bump to next development cycle

------------------------------------------
[...truncated 2091 lines...]
Performance: File TEST-org.scijava.event.EventServiceTest.xml reported 0.0% of errors [SUCCESS]. Build status is: FAILURE



TEST-org.scijava.io.BytesLocationTest.xml has an average of: 0
Performance: File TEST-org.scijava.io.BytesLocationTest.xml reported 0.0% of errors [SUCCESS]. Build status is: FAILURE



TEST-org.scijava.io.FileHandleTest.xml has an average of: 19
Performance: File TEST-org.scijava.io.FileHandleTest.xml reported 0.0% of errors [SUCCESS]. Build status is: FAILURE



TEST-org.scijava.io.FileLocationTest.xml has an average of: 0
Performance: File TEST-org.scijava.io.FileLocationTest.xml reported 0.0% of errors [SUCCESS]. Build status is: FAILURE



TEST-org.scijava.io.URILocationTest.xml has an average of: 0
Performance: File TEST-org.scijava.io.URILocationTest.xml reported 0.0% of errors [SUCCESS]. Build status is: FAILURE



TEST-org.scijava.io.URLLocationTest.xml has an average of: 0
Performance: File TEST-org.scijava.io.URLLocationTest.xml reported 0.0% of errors [SUCCESS]. Build status is: FAILURE



TEST-org.scijava.log.LogServiceTest.xml has an average of: 0
Performance: File TEST-org.scijava.log.LogServiceTest.xml reported 0.0% of errors [SUCCESS]. Build status is: FAILURE



TEST-org.scijava.main.MainServiceTest.xml has an average of: 48
Performance: File TEST-org.scijava.main.MainServiceTest.xml reported 0.0% of errors [SUCCESS]. Build status is: FAILURE



TEST-org.scijava.main.run.MainCodeRunnerTest.xml has an average of: 0
Performance: File TEST-org.scijava.main.run.MainCodeRunnerTest.xml reported 0.0% of errors [SUCCESS]. Build status is: FAILURE



TEST-org.scijava.menu.MenuServiceTest.xml has an average of: 25
Performance: File TEST-org.scijava.menu.MenuServiceTest.xml reported 0.0% of errors [SUCCESS]. Build status is: FAILURE



TEST-org.scijava.menu.ShadowMenuTest.xml has an average of: 12
Performance: File TEST-org.scijava.menu.ShadowMenuTest.xml reported 0.0% of errors [SUCCESS]. Build status is: FAILURE



TEST-org.scijava.module.ModuleServiceTest.xml has an average of: 7
Performance: File TEST-org.scijava.module.ModuleServiceTest.xml reported 0.0% of errors [SUCCESS]. Build status is: FAILURE



TEST-org.scijava.module.run.ModuleCodeRunnerTest.xml has an average of: 11
Performance: File TEST-org.scijava.module.run.ModuleCodeRunnerTest.xml reported 0.0% of errors [SUCCESS]. Build status is: FAILURE



TEST-org.scijava.object.ObjectIndexTest.xml has an average of: 0
Performance: File TEST-org.scijava.object.ObjectIndexTest.xml reported 0.0% of errors [SUCCESS]. Build status is: FAILURE



TEST-org.scijava.object.SortedObjectIndexTest.xml has an average of: 0
Performance: File TEST-org.scijava.object.SortedObjectIndexTest.xml reported 0.0% of errors [SUCCESS]. Build status is: FAILURE



TEST-org.scijava.options.OptionsTest.xml has an average of: 11
Performance: File TEST-org.scijava.options.OptionsTest.xml reported 0.0% of errors [SUCCESS]. Build status is: FAILURE



TEST-org.scijava.parse.ParseServiceTest.xml has an average of: 3
Performance: File TEST-org.scijava.parse.ParseServiceTest.xml reported 0.0% of errors [SUCCESS]. Build status is: FAILURE



TEST-org.scijava.plugin.PluginFinderTest.xml has an average of: 15
Performance: File TEST-org.scijava.plugin.PluginFinderTest.xml reported 0.0% of errors [SUCCESS]. Build status is: FAILURE



TEST-org.scijava.plugin.PluginIndexTest.xml has an average of: 6
Performance: File TEST-org.scijava.plugin.PluginIndexTest.xml reported 0.0% of errors [SUCCESS]. Build status is: FAILURE



TEST-org.scijava.plugin.PluginInfoTest.xml has an average of: 7
Performance: File TEST-org.scijava.plugin.PluginInfoTest.xml reported 0.0% of errors [SUCCESS]. Build status is: FAILURE



TEST-org.scijava.prefs.PrefServiceTest.xml has an average of: 9
Performance: File TEST-org.scijava.prefs.PrefServiceTest.xml reported 0.0% of errors [SUCCESS]. Build status is: FAILURE



TEST-org.scijava.run.RunServiceTest.xml has an average of: 5
Performance: File TEST-org.scijava.run.RunServiceTest.xml reported 0.0% of errors [SUCCESS]. Build status is: FAILURE



TEST-org.scijava.script.ScriptEngineTest.xml has an average of: 7
Performance: File TEST-org.scijava.script.ScriptEngineTest.xml reported 0.0% of errors [SUCCESS]. Build status is: FAILURE



TEST-org.scijava.script.ScriptFinderTest.xml has an average of: 8
Performance: File TEST-org.scijava.script.ScriptFinderTest.xml reported 0.0% of errors [SUCCESS]. Build status is: FAILURE



TEST-org.scijava.script.ScriptInfoTest.xml has an average of: 8
Performance: File TEST-org.scijava.script.ScriptInfoTest.xml reported 0.0% of errors [SUCCESS]. Build status is: FAILURE



TEST-org.scijava.script.ScriptServiceTest.xml has an average of: 7
Performance: File TEST-org.scijava.script.ScriptServiceTest.xml reported 0.0% of errors [SUCCESS]. Build status is: FAILURE



TEST-org.scijava.service.ServiceIndexTest.xml has an average of: 8
Performance: File TEST-org.scijava.service.ServiceIndexTest.xml reported 0.0% of errors [SUCCESS]. Build status is: FAILURE



TEST-org.scijava.test.TestUtilsTest.xml has an average of: 0
Performance: File TEST-org.scijava.test.TestUtilsTest.xml reported 0.0% of errors [SUCCESS]. Build status is: FAILURE



TEST-org.scijava.thread.ThreadServiceTest.xml has an average of: 3
Performance: File TEST-org.scijava.thread.ThreadServiceTest.xml reported 0.0% of errors [SUCCESS]. Build status is: FAILURE



TEST-org.scijava.util.AppUtilsTest.xml has an average of: 0
Performance: File TEST-org.scijava.util.AppUtilsTest.xml reported 0.0% of errors [SUCCESS]. Build status is: FAILURE



TEST-org.scijava.util.ArrayUtilsTest.xml has an average of: 0
Performance: File TEST-org.scijava.util.ArrayUtilsTest.xml reported 0.0% of errors [SUCCESS]. Build status is: FAILURE



TEST-org.scijava.util.BoolArrayTest.xml has an average of: 0
Performance: File TEST-org.scijava.util.BoolArrayTest.xml reported 0.0% of errors [SUCCESS]. Build status is: FAILURE



TEST-org.scijava.util.ByteArrayTest.xml has an average of: 0
Performance: File TEST-org.scijava.util.ByteArrayTest.xml reported 0.0% of errors [SUCCESS]. Build status is: FAILURE



TEST-org.scijava.util.CharArrayTest.xml has an average of: 0
Performance: File TEST-org.scijava.util.CharArrayTest.xml reported 0.0% of errors [SUCCESS]. Build status is: FAILURE



TEST-org.scijava.util.ClassUtilsTest.xml has an average of: 1
Performance: File TEST-org.scijava.util.ClassUtilsTest.xml reported 0.0% of errors [SUCCESS]. Build status is: FAILURE



TEST-org.scijava.util.ColorRGBTest.xml has an average of: 0
Performance: File TEST-org.scijava.util.ColorRGBTest.xml reported 0.0% of errors [SUCCESS]. Build status is: FAILURE



TEST-org.scijava.util.ConversionUtilsTest.xml has an average of: 0
Performance: File TEST-org.scijava.util.ConversionUtilsTest.xml reported 0.0% of errors [SUCCESS]. Build status is: FAILURE



TEST-org.scijava.util.DigestUtilsTest.xml has an average of: 0
Performance: File TEST-org.scijava.util.DigestUtilsTest.xml reported 0.0% of errors [SUCCESS]. Build status is: FAILURE



TEST-org.scijava.util.DoubleArrayTest.xml has an average of: 0
Performance: File TEST-org.scijava.util.DoubleArrayTest.xml reported 0.0% of errors [SUCCESS]. Build status is: FAILURE



TEST-org.scijava.util.FileUtilsTest.xml has an average of: 1
Performance: File TEST-org.scijava.util.FileUtilsTest.xml reported 0.0% of errors [SUCCESS]. Build status is: FAILURE



TEST-org.scijava.util.FloatArrayTest.xml has an average of: 0
Performance: File TEST-org.scijava.util.FloatArrayTest.xml reported 0.0% of errors [SUCCESS]. Build status is: FAILURE



TEST-org.scijava.util.GenericUtilsTest.xml has an average of: 0
Performance: File TEST-org.scijava.util.GenericUtilsTest.xml reported 0.0% of errors [SUCCESS]. Build status is: FAILURE



TEST-org.scijava.util.IntArrayTest.xml has an average of: 0
Performance: File TEST-org.scijava.util.IntArrayTest.xml reported 0.0% of errors [SUCCESS]. Build status is: FAILURE



TEST-org.scijava.util.LastRecentlyUsedTest.xml has an average of: 0
Performance: File TEST-org.scijava.util.LastRecentlyUsedTest.xml reported 0.0% of errors [SUCCESS]. Build status is: FAILURE



TEST-org.scijava.util.LongArrayTest.xml has an average of: 0
Performance: File TEST-org.scijava.util.LongArrayTest.xml reported 0.0% of errors [SUCCESS]. Build status is: FAILURE



TEST-org.scijava.util.ObjectArrayTest.xml has an average of: 0
Performance: File TEST-org.scijava.util.ObjectArrayTest.xml reported 0.0% of errors [SUCCESS]. Build status is: FAILURE



TEST-org.scijava.util.POMTest.xml has an average of: 10
Performance: File TEST-org.scijava.util.POMTest.xml reported 0.0% of errors [SUCCESS]. Build status is: FAILURE



TEST-org.scijava.util.ProcessUtilsTest.xml has an average of: 51
Performance: File TEST-org.scijava.util.ProcessUtilsTest.xml reported 0.0% of errors [SUCCESS]. Build status is: FAILURE



TEST-org.scijava.util.ShortArrayTest.xml has an average of: 0
Performance: File TEST-org.scijava.util.ShortArrayTest.xml reported 0.0% of errors [SUCCESS]. Build status is: FAILURE



TEST-org.scijava.util.UnitUtilsTest.xml has an average of: 4
Performance: File TEST-org.scijava.util.UnitUtilsTest.xml reported 0.0% of errors [SUCCESS]. Build status is: FAILURE





From jenkins at imagej.net  Fri Aug  5 14:55:38 2016
From: jenkins at imagej.net (jenkins at imagej.net)
Date: Fri, 05 Aug 2016 14:55:38 -0500 (CDT)
Subject: [ImageJ-builds] Jenkins build is back to normal : SciJava-common
	#1056
In-Reply-To: <413312759.131.1470426489701.JavaMail.jenkins@dev>
References: <413312759.131.1470426489701.JavaMail.jenkins@dev>
Message-ID: <973692637.132.1470426938339.JavaMail.jenkins@dev>

See <http://jenkins.imagej.net/job/SciJava-common/1056/>



From jenkins at imagej.net  Fri Aug  5 16:25:34 2016
From: jenkins at imagej.net (jenkins at imagej.net)
Date: Fri, 05 Aug 2016 16:25:34 -0500 (CDT)
Subject: [ImageJ-builds] Build failed in Jenkins: ImageJ-Ops #603
Message-ID: <709177272.133.1470432334531.JavaMail.jenkins@dev>

See <http://jenkins.imagej.net/job/ImageJ-Ops/603/changes>

Changes:

[Curtis Rueden] POM: bump parent to pom-imagej 16.0.0

------------------------------------------
[...truncated 1655 lines...]
Performance: File TEST-net.imagej.ops.morphology.erode.ErosionTest.xml reported 0.0% of errors [FAILURE]. Build status is: FAILURE



TEST-net.imagej.ops.morphology.open.OpeningTest.xml has an average of: 44
Performance: File TEST-net.imagej.ops.morphology.open.OpeningTest.xml reported 0.0% of errors [FAILURE]. Build status is: FAILURE



TEST-net.imagej.ops.morphology.topHat.TopHatTest.xml has an average of: 98
Performance: File TEST-net.imagej.ops.morphology.topHat.TopHatTest.xml reported 0.0% of errors [FAILURE]. Build status is: FAILURE



TEST-net.imagej.ops.slice.SliceTest.xml has an average of: 74
Performance: File TEST-net.imagej.ops.slice.SliceTest.xml reported 0.0% of errors [FAILURE]. Build status is: FAILURE



TEST-net.imagej.ops.special.SpecialOpMatchingTest.xml has an average of: 26
Performance: File TEST-net.imagej.ops.special.SpecialOpMatchingTest.xml reported 0.0% of errors [FAILURE]. Build status is: FAILURE



TEST-net.imagej.ops.stats.MeanTest.xml has an average of: 29
Performance: File TEST-net.imagej.ops.stats.MeanTest.xml reported 0.0% of errors [FAILURE]. Build status is: FAILURE



TEST-net.imagej.ops.stats.StatisticsTest.xml has an average of: 41
Performance: File TEST-net.imagej.ops.stats.StatisticsTest.xml reported 0.0% of errors [FAILURE]. Build status is: FAILURE



TEST-net.imagej.ops.stats.StatsNamespaceTest.xml has an average of: 99
Performance: File TEST-net.imagej.ops.stats.StatsNamespaceTest.xml reported 0.0% of errors [FAILURE]. Build status is: FAILURE



TEST-net.imagej.ops.thread.ChunkerBenchmarkTest.xml has an average of: 0
Performance: File TEST-net.imagej.ops.thread.ChunkerBenchmarkTest.xml reported 0.0% of errors [FAILURE]. Build status is: FAILURE



TEST-net.imagej.ops.threshold.ComputeThresholdTest.xml has an average of: 30
Performance: File TEST-net.imagej.ops.threshold.ComputeThresholdTest.xml reported 0.0% of errors [FAILURE]. Build status is: FAILURE



TEST-net.imagej.ops.threshold.ThresholdNamespaceTest.xml has an average of: 44
Performance: File TEST-net.imagej.ops.threshold.ThresholdNamespaceTest.xml reported 0.0% of errors [FAILURE]. Build status is: FAILURE



TEST-net.imagej.ops.threshold.apply.ApplyManualThresholdTest.xml has an average of: 26
Performance: File TEST-net.imagej.ops.threshold.apply.ApplyManualThresholdTest.xml reported 0.0% of errors [FAILURE]. Build status is: FAILURE



TEST-net.imagej.ops.threshold.apply.LocalThresholdTest.xml has an average of: 50
Performance: File TEST-net.imagej.ops.threshold.apply.LocalThresholdTest.xml reported 0.0% of errors [FAILURE]. Build status is: FAILURE



TEST-net.imagej.ops.topology.TopologyNamespaceTest.xml has an average of: 23
Performance: File TEST-net.imagej.ops.topology.TopologyNamespaceTest.xml reported 0.0% of errors [FAILURE]. Build status is: FAILURE



TEST-net.imagej.ops.topology.eulerCharacteristic.EulerCharacteristic26NFloatingTest.xml has an average of: 23
Performance: File TEST-net.imagej.ops.topology.eulerCharacteristic.EulerCharacteristic26NFloatingTest.xml reported 0.0% of errors [FAILURE]. Build status is: FAILURE



TEST-net.imagej.ops.topology.eulerCharacteristic.EulerCharacteristic26NTest.xml has an average of: 25
Performance: File TEST-net.imagej.ops.topology.eulerCharacteristic.EulerCharacteristic26NTest.xml reported 0.0% of errors [FAILURE]. Build status is: FAILURE



TEST-net.imagej.ops.topology.eulerCharacteristic.EulerCorrectionTest.xml has an average of: 26
Performance: File TEST-net.imagej.ops.topology.eulerCharacteristic.EulerCorrectionTest.xml reported 0.0% of errors [FAILURE]. Build status is: FAILURE



TEST-net.imagej.ops.topology.eulerCharacteristic.OctantTest.xml has an average of: 0
Performance: File TEST-net.imagej.ops.topology.eulerCharacteristic.OctantTest.xml reported 0.0% of errors [FAILURE]. Build status is: FAILURE



TEST-net.imagej.ops.transform.TransformNamespaceTest.xml has an average of: 22
Performance: File TEST-net.imagej.ops.transform.TransformNamespaceTest.xml reported 0.0% of errors [FAILURE]. Build status is: FAILURE



TEST-net.imagej.ops.transform.addDimensionView.AddDimensionViewTest.xml has an average of: 22
Performance: File TEST-net.imagej.ops.transform.addDimensionView.AddDimensionViewTest.xml reported 0.0% of errors [FAILURE]. Build status is: FAILURE



TEST-net.imagej.ops.transform.collapseNumericView.CollapseNumericViewTest.xml has an average of: 22
Performance: File TEST-net.imagej.ops.transform.collapseNumericView.CollapseNumericViewTest.xml reported 0.0% of errors [FAILURE]. Build status is: FAILURE



TEST-net.imagej.ops.transform.collapseRealView.CollapseRealViewTest.xml has an average of: 22
Performance: File TEST-net.imagej.ops.transform.collapseRealView.CollapseRealViewTest.xml reported 0.0% of errors [FAILURE]. Build status is: FAILURE



TEST-net.imagej.ops.transform.collapseView.CollapseViewTest.xml has an average of: 21
Performance: File TEST-net.imagej.ops.transform.collapseView.CollapseViewTest.xml reported 0.0% of errors [FAILURE]. Build status is: FAILURE



TEST-net.imagej.ops.transform.crop.CropTest.xml has an average of: 24
Performance: File TEST-net.imagej.ops.transform.crop.CropTest.xml reported 0.0% of errors [FAILURE]. Build status is: FAILURE



TEST-net.imagej.ops.transform.dropSingleDimensionsView.DropSingletonDimensionsViewTest.xml has an average of: 23
Performance: File TEST-net.imagej.ops.transform.dropSingleDimensionsView.DropSingletonDimensionsViewTest.xml reported 0.0% of errors [FAILURE]. Build status is: FAILURE



TEST-net.imagej.ops.transform.extendBorderView.ExtendBorderViewTest.xml has an average of: 21
Performance: File TEST-net.imagej.ops.transform.extendBorderView.ExtendBorderViewTest.xml reported 0.0% of errors [FAILURE]. Build status is: FAILURE



TEST-net.imagej.ops.transform.extendMirrorDoubleView.ExtendMirrorDoubleViewTest.xml has an average of: 21
Performance: File TEST-net.imagej.ops.transform.extendMirrorDoubleView.ExtendMirrorDoubleViewTest.xml reported 0.0% of errors [FAILURE]. Build status is: FAILURE



TEST-net.imagej.ops.transform.extendMirrorSingleView.ExtendMirrorSingleViewTest.xml has an average of: 21
Performance: File TEST-net.imagej.ops.transform.extendMirrorSingleView.ExtendMirrorSingleViewTest.xml reported 0.0% of errors [FAILURE]. Build status is: FAILURE



TEST-net.imagej.ops.transform.extendPeriodicView.ExtendPeriodicViewTest.xml has an average of: 22
Performance: File TEST-net.imagej.ops.transform.extendPeriodicView.ExtendPeriodicViewTest.xml reported 0.0% of errors [FAILURE]. Build status is: FAILURE



TEST-net.imagej.ops.transform.extendRandomView.ExtendRandomViewTest.xml has an average of: 23
Performance: File TEST-net.imagej.ops.transform.extendRandomView.ExtendRandomViewTest.xml reported 0.0% of errors [FAILURE]. Build status is: FAILURE



TEST-net.imagej.ops.transform.extendValueView.ExtendValueViewTest.xml has an average of: 21
Performance: File TEST-net.imagej.ops.transform.extendValueView.ExtendValueViewTest.xml reported 0.0% of errors [FAILURE]. Build status is: FAILURE



TEST-net.imagej.ops.transform.extendView.ExtendViewTest.xml has an average of: 27
Performance: File TEST-net.imagej.ops.transform.extendView.ExtendViewTest.xml reported 0.0% of errors [FAILURE]. Build status is: FAILURE



TEST-net.imagej.ops.transform.extendZeroView.ExtendZeroViewTest.xml has an average of: 21
Performance: File TEST-net.imagej.ops.transform.extendZeroView.ExtendZeroViewTest.xml reported 0.0% of errors [FAILURE]. Build status is: FAILURE



TEST-net.imagej.ops.transform.flatIterableView.FlatIterableViewTest.xml has an average of: 21
Performance: File TEST-net.imagej.ops.transform.flatIterableView.FlatIterableViewTest.xml reported 0.0% of errors [FAILURE]. Build status is: FAILURE



TEST-net.imagej.ops.transform.hyperSliceView.HyperSliceViewTest.xml has an average of: 21
Performance: File TEST-net.imagej.ops.transform.hyperSliceView.HyperSliceViewTest.xml reported 0.0% of errors [FAILURE]. Build status is: FAILURE



TEST-net.imagej.ops.transform.interpolateView.InterpolateViewTest.xml has an average of: 29
Performance: File TEST-net.imagej.ops.transform.interpolateView.InterpolateViewTest.xml reported 0.0% of errors [FAILURE]. Build status is: FAILURE



TEST-net.imagej.ops.transform.intervalView.IntervalViewTest.xml has an average of: 24
Performance: File TEST-net.imagej.ops.transform.intervalView.IntervalViewTest.xml reported 0.0% of errors [FAILURE]. Build status is: FAILURE



TEST-net.imagej.ops.transform.invertAxisView.InvertAxisViewTest.xml has an average of: 21
Performance: File TEST-net.imagej.ops.transform.invertAxisView.InvertAxisViewTest.xml reported 0.0% of errors [FAILURE]. Build status is: FAILURE



TEST-net.imagej.ops.transform.offsetView.OffsetViewTest.xml has an average of: 21
Performance: File TEST-net.imagej.ops.transform.offsetView.OffsetViewTest.xml reported 0.0% of errors [FAILURE]. Build status is: FAILURE



TEST-net.imagej.ops.transform.permuteView.PermuteViewTest.xml has an average of: 22
Performance: File TEST-net.imagej.ops.transform.permuteView.PermuteViewTest.xml reported 0.0% of errors [FAILURE]. Build status is: FAILURE



TEST-net.imagej.ops.transform.project.ProjectTest.xml has an average of: 31
Performance: File TEST-net.imagej.ops.transform.project.ProjectTest.xml reported 0.0% of errors [FAILURE]. Build status is: FAILURE



TEST-net.imagej.ops.transform.rasterView.RasterViewTest.xml has an average of: 21
Performance: File TEST-net.imagej.ops.transform.rasterView.RasterViewTest.xml reported 0.0% of errors [FAILURE]. Build status is: FAILURE



TEST-net.imagej.ops.transform.rotateView.RotateViewTest.xml has an average of: 22
Performance: File TEST-net.imagej.ops.transform.rotateView.RotateViewTest.xml reported 0.0% of errors [FAILURE]. Build status is: FAILURE



TEST-net.imagej.ops.transform.scale.ScaleImgTest.xml has an average of: 28
Performance: File TEST-net.imagej.ops.transform.scale.ScaleImgTest.xml reported 0.0% of errors [FAILURE]. Build status is: FAILURE



TEST-net.imagej.ops.transform.shearView.ShearViewTest.xml has an average of: 21
Performance: File TEST-net.imagej.ops.transform.shearView.ShearViewTest.xml reported 0.0% of errors [FAILURE]. Build status is: FAILURE



TEST-net.imagej.ops.transform.stackView.StackViewTest.xml has an average of: 21
Performance: File TEST-net.imagej.ops.transform.stackView.StackViewTest.xml reported 0.0% of errors [FAILURE]. Build status is: FAILURE



TEST-net.imagej.ops.transform.subsampleView.SubsampleViewTest.xml has an average of: 28
Performance: File TEST-net.imagej.ops.transform.subsampleView.SubsampleViewTest.xml reported 0.0% of errors [FAILURE]. Build status is: FAILURE



TEST-net.imagej.ops.transform.translateView.TranslateViewTest.xml has an average of: 21
Performance: File TEST-net.imagej.ops.transform.translateView.TranslateViewTest.xml reported 0.0% of errors [FAILURE]. Build status is: FAILURE



TEST-net.imagej.ops.transform.unshearView.UnshearViewTest.xml has an average of: 23
Performance: File TEST-net.imagej.ops.transform.unshearView.UnshearViewTest.xml reported 0.0% of errors [FAILURE]. Build status is: FAILURE



TEST-net.imagej.ops.transform.zeroMinView.ZeroMinViewTest.xml has an average of: 21
Performance: File TEST-net.imagej.ops.transform.zeroMinView.ZeroMinViewTest.xml reported 0.0% of errors [FAILURE]. Build status is: FAILURE





From jenkins at imagej.net  Fri Aug  5 17:56:27 2016
From: jenkins at imagej.net (jenkins at imagej.net)
Date: Fri, 05 Aug 2016 17:56:27 -0500 (CDT)
Subject: [ImageJ-builds] Build failed in Jenkins: ImageJ-legacy #322
Message-ID: <66124656.134.1470437787601.JavaMail.jenkins@dev>

See <http://jenkins.imagej.net/job/ImageJ-legacy/322/changes>

Changes:

[Curtis Rueden] POM: bump parent to pom-imagej 16.0.0

------------------------------------------
[...truncated 1528 lines...]
Running net.imagej.legacy.LegacyOpenerTest
[ERROR] Exception during event handling:
	[Event] org.scijava.app.event.StatusEvent
	context = org.scijava.Context at 4cc76301
	consumed = false
	progress = -1
	maximum = -1
	status = Running command: script:bobs-macro.ijm
	warning = false
	[Subscriber] org.scijava.ui.DefaultUIService [priority = 0.0]
	[Method] protected void org.scijava.ui.DefaultUIService.onEvent(org.scijava.app.event.StatusEvent)
java.lang.NullPointerException
	at net.imagej.legacy.ui.LegacyStatusBar.setStatus(LegacyStatusBar.java:64)
	at org.scijava.ui.DefaultUIService.onEvent(DefaultUIService.java:480)
	at sun.reflect.NativeMethodAccessorImpl.invoke0(Native Method)
	at sun.reflect.NativeMethodAccessorImpl.invoke(NativeMethodAccessorImpl.java:62)
	at sun.reflect.DelegatingMethodAccessorImpl.invoke(DelegatingMethodAccessorImpl.java:43)
	at java.lang.reflect.Method.invoke(Method.java:498)
	at org.scijava.event.DefaultEventService$ProxySubscriber.onEvent(DefaultEventService.java:300)
	at org.scijava.event.DefaultEventService$ProxySubscriber.onEvent(DefaultEventService.java:274)
	at org.bushe.swing.event.ThreadSafeEventService.publish(ThreadSafeEventService.java:971)
	at org.scijava.event.DefaultEventBus.access$201(DefaultEventBus.java:56)
	at org.scijava.event.DefaultEventBus$2.run(DefaultEventBus.java:216)
	at org.scijava.thread.DefaultThreadService$1.run(DefaultThreadService.java:174)
	at java.util.concurrent.Executors$RunnableAdapter.call(Executors.java:511)
	at java.util.concurrent.FutureTask.run(FutureTask.java:266)
	at java.util.concurrent.ThreadPoolExecutor.runWorker(ThreadPoolExecutor.java:1142)
	at java.util.concurrent.ThreadPoolExecutor$Worker.run(ThreadPoolExecutor.java:617)
	at java.lang.Thread.run(Thread.java:745)
java.lang.NullPointerException
	at net.imagej.legacy.plugin.IJ1MacroEngine.eval(IJ1MacroEngine.java:116)
	at net.imagej.legacy.plugin.IJ1MacroEngine.eval(IJ1MacroEngine.java:163)
	at org.scijava.script.ScriptModule.run(ScriptModule.java:174)
	at org.scijava.module.ModuleRunner.run(ModuleRunner.java:167)
	at org.scijava.module.ModuleRunner.call(ModuleRunner.java:126)
	at org.scijava.module.ModuleRunner.call(ModuleRunner.java:65)
	at org.scijava.thread.DefaultThreadService$2.call(DefaultThreadService.java:191)
	at java.util.concurrent.FutureTask.run(FutureTask.java:266)
	at java.util.concurrent.ThreadPoolExecutor.runWorker(ThreadPoolExecutor.java:1142)
	at java.util.concurrent.ThreadPoolExecutor$Worker.run(ThreadPoolExecutor.java:617)
	at java.lang.Thread.run(Thread.java:745)
[ERROR] Exception during event handling:
	[Event] org.scijava.app.event.StatusEvent
	context = org.scijava.Context at 4cc76301
	consumed = false
	progress = -1
	maximum = -1
	status = Command finished: script:bobs-macro.ijm
	warning = false
	[Subscriber] org.scijava.ui.DefaultUIService [priority = 0.0]
	[Method] protected void org.scijava.ui.DefaultUIService.onEvent(org.scijava.app.event.StatusEvent)
java.lang.NullPointerException
	at net.imagej.legacy.ui.LegacyStatusBar.setStatus(LegacyStatusBar.java:64)
	at org.scijava.ui.DefaultUIService.onEvent(DefaultUIService.java:480)
	at sun.reflect.NativeMethodAccessorImpl.invoke0(Native Method)
	at sun.reflect.NativeMethodAccessorImpl.invoke(NativeMethodAccessorImpl.java:62)
	at sun.reflect.DelegatingMethodAccessorImpl.invoke(DelegatingMethodAccessorImpl.java:43)
	at java.lang.reflect.Method.invoke(Method.java:498)
	at org.scijava.event.DefaultEventService$ProxySubscriber.onEvent(DefaultEventService.java:300)
	at org.scijava.event.DefaultEventService$ProxySubscriber.onEvent(DefaultEventService.java:274)
	at org.bushe.swing.event.ThreadSafeEventService.publish(ThreadSafeEventService.java:971)
	at org.scijava.event.DefaultEventBus.access$201(DefaultEventBus.java:56)
	at org.scijava.event.DefaultEventBus$2.run(DefaultEventBus.java:216)
	at org.scijava.thread.DefaultThreadService$1.run(DefaultThreadService.java:174)
	at java.util.concurrent.Executors$RunnableAdapter.call(Executors.java:511)
	at java.util.concurrent.FutureTask.run(FutureTask.java:266)
	at java.util.concurrent.ThreadPoolExecutor.runWorker(ThreadPoolExecutor.java:1142)
	at java.util.concurrent.ThreadPoolExecutor$Worker.run(ThreadPoolExecutor.java:617)
	at java.lang.Thread.run(Thread.java:745)
[ERROR] Exception during event handling:
	[Event] org.scijava.app.event.StatusEvent
	context = org.scijava.Context at 4b21844c
	consumed = false
	progress = -1
	maximum = -1
	status = Running command: script:pauls-macro.ijm
	warning = false
	[Subscriber] org.scijava.ui.DefaultUIService [priority = 0.0]
	[Method] protected void org.scijava.ui.DefaultUIService.onEvent(org.scijava.app.event.StatusEvent)
java.lang.NullPointerException
	at net.imagej.legacy.ui.LegacyStatusBar.setStatus(LegacyStatusBar.java:64)
	at org.scijava.ui.DefaultUIService.onEvent(DefaultUIService.java:480)
	at sun.reflect.NativeMethodAccessorImpl.invoke0(Native Method)
	at sun.reflect.NativeMethodAccessorImpl.invoke(NativeMethodAccessorImpl.java:62)
	at sun.reflect.DelegatingMethodAccessorImpl.invoke(DelegatingMethodAccessorImpl.java:43)
	at java.lang.reflect.Method.invoke(Method.java:498)
	at org.scijava.event.DefaultEventService$ProxySubscriber.onEvent(DefaultEventService.java:300)
	at org.scijava.event.DefaultEventService$ProxySubscriber.onEvent(DefaultEventService.java:274)
	at org.bushe.swing.event.ThreadSafeEventService.publish(ThreadSafeEventService.java:971)
	at org.scijava.event.DefaultEventBus.access$201(DefaultEventBus.java:56)
	at org.scijava.event.DefaultEventBus$2.run(DefaultEventBus.java:216)
	at org.scijava.thread.DefaultThreadService$1.run(DefaultThreadService.java:174)
	at java.util.concurrent.Executors$RunnableAdapter.call(Executors.java:511)
	at java.util.concurrent.FutureTask.run(FutureTask.java:266)
	at java.util.concurrent.ThreadPoolExecutor.runWorker(ThreadPoolExecutor.java:1142)
	at java.util.concurrent.ThreadPoolExecutor$Worker.run(ThreadPoolExecutor.java:617)
	at java.lang.Thread.run(Thread.java:745)
java.lang.NullPointerException
	at net.imagej.legacy.plugin.IJ1MacroEngine.eval(IJ1MacroEngine.java:116)
	at net.imagej.legacy.plugin.IJ1MacroEngine.eval(IJ1MacroEngine.java:163)
	at org.scijava.script.ScriptModule.run(ScriptModule.java:174)
	at org.scijava.module.ModuleRunner.run(ModuleRunner.java:167)
	at org.scijava.module.ModuleRunner.call(ModuleRunner.java:126)
	at org.scijava.module.ModuleRunner.call(ModuleRunner.java:65)
	at org.scijava.thread.DefaultThreadService$2.call(DefaultThreadService.java:191)
	at java.util.concurrent.FutureTask.run(FutureTask.java:266)
	at java.util.concurrent.ThreadPoolExecutor.runWorker(ThreadPoolExecutor.java:1142)
	at java.util.concurrent.ThreadPoolExecutor$Worker.run(ThreadPoolExecutor.java:617)
	at java.lang.Thread.run(Thread.java:745)
[ERROR] Exception during event handling:
	[Event] org.scijava.app.event.StatusEvent
	context = org.scijava.Context at 4b21844c
	consumed = false
	progress = -1
	maximum = -1
	status = Command finished: script:pauls-macro.ijm
	warning = false
	[Subscriber] org.scijava.ui.DefaultUIService [priority = 0.0]
	[Method] protected void org.scijava.ui.DefaultUIService.onEvent(org.scijava.app.event.StatusEvent)
java.lang.NullPointerException
	at net.imagej.legacy.ui.LegacyStatusBar.setStatus(LegacyStatusBar.java:64)
	at org.scijava.ui.DefaultUIService.onEvent(DefaultUIService.java:480)
	at sun.reflect.NativeMethodAccessorImpl.invoke0(Native Method)
	at sun.reflect.NativeMethodAccessorImpl.invoke(NativeMethodAccessorImpl.java:62)
Tests run: 2, Failures: 2, Errors: 0, Skipped: 0, Time elapsed: 0.052 sec <<< FAILURE! - in net.imagej.legacy.LegacyOpenerTest
testSliceLabels(net.imagej.legacy.LegacyOpenerTest)  Time elapsed: 0.009 sec  <<< FAILURE!
java.lang.AssertionError
	at net.imagej.legacy.LegacyOpenerTest.testSliceLabels(LegacyOpenerTest.java:125)

testPaulsMacro(net.imagej.legacy.LegacyOpenerTest)  Time elapsed: 0.043 sec  <<< FAILURE!
java.lang.AssertionError
	at net.imagej.legacy.LegacyOpenerTest.testPaulsMacro(LegacyOpenerTest.java:86)

Running net.imagej.legacy.translate.MergedRgbVirtualStackTest
	at sun.reflect.DelegatingMethodAccessorImpl.invoke(DelegatingMethodAccessorImpl.java:43)
	at java.lang.reflect.Method.invoke(Method.java:498)
	at org.scijava.event.DefaultEventService$ProxySubscriber.onEvent(DefaultEventService.java:300)
	at org.scijava.event.DefaultEventService$ProxySubscriber.onEvent(DefaultEventService.java:274)
	at org.bushe.swing.event.ThreadSafeEventService.publish(ThreadSafeEventService.java:971)
	at org.scijava.event.DefaultEventBus.access$201(DefaultEventBus.java:56)
	at org.scijava.event.DefaultEventBus$2.run(DefaultEventBus.java:216)
	at org.scijava.thread.DefaultThreadService$1.run(DefaultThreadService.java:174)
	at java.util.concurrent.Executors$RunnableAdapter.call(Executors.java:511)
	at java.util.concurrent.FutureTask.run(FutureTask.java:266)
	at java.util.concurrent.ThreadPoolExecutor.runWorker(ThreadPoolExecutor.java:1142)
	at java.util.concurrent.ThreadPoolExecutor$Worker.run(ThreadPoolExecutor.java:617)
	at java.lang.Thread.run(Thread.java:745)
Tests run: 1, Failures: 0, Errors: 0, Skipped: 0, Time elapsed: 0.008 sec - in net.imagej.legacy.translate.MergedRgbVirtualStackTest
Running net.imagej.legacy.translate.LegacyUtilsTest
Tests run: 2, Failures: 0, Errors: 0, Skipped: 0, Time elapsed: 0 sec - in net.imagej.legacy.translate.LegacyUtilsTest

Results :

Failed tests: 
  LegacyOpenerTest.testPaulsMacro:86
  LegacyOpenerTest.testSliceLabels:125
  MacroTest.testBarePluginFromMacro:142 expected:<[c:\hello\world]> but was:<[/data/devel/jenkins-maven/workspace/ImageJ-legacy/target/bare-testBarePluginFromMacro-L114]>
  MacroTest.testLegacyCompatibleMacro:90

Tests run: 27, Failures: 4, Errors: 0, Skipped: 4

[INFO] ------------------------------------------------------------------------
[INFO] BUILD FAILURE
[INFO] ------------------------------------------------------------------------
[INFO] Total time: 12.623s
[INFO] Finished at: Fri Aug 05 17:56:27 CDT 2016
[INFO] Final Memory: 33M/476M
[INFO] ------------------------------------------------------------------------
[ERROR] Failed to execute goal org.apache.maven.plugins:maven-surefire-plugin:2.19.1:test (default-test) on project imagej-legacy: There are test failures.
[ERROR] 
[ERROR] Please refer to /data/devel/jenkins-maven/workspace/ImageJ-legacy/target/surefire-reports for the individual test results.
[ERROR] -> [Help 1]
[ERROR] 
[ERROR] To see the full stack trace of the errors, re-run Maven with the -e switch.
[ERROR] Re-run Maven using the -X switch to enable full debug logging.
[ERROR] 
[ERROR] For more information about the errors and possible solutions, please read the following articles:
[ERROR] [Help 1] http://cwiki.apache.org/confluence/display/MAVEN/MojoFailureException
Build step 'Invoke top-level Maven targets' marked build as failure
Archiving artifacts
Publishing Javadoc
Build step 'Groovy Postbuild' marked build as failure
Recording test results
Performance: Percentage of errors greater or equal than 0% sets the build as unstable
Performance: Percentage of errors greater or equal than 0% sets the build as failure



Performance: Recording JUnit reports '**/TEST-*.xml'
Performance: Parsing JMeter report file '/var/lib/jenkins/jobs/ImageJ-legacy/builds/322/performance-reports/JUnit/TEST-net.imagej.legacy.ImageJ1EncapsulationTest.xml'.
Performance: Parsing JMeter report file '/var/lib/jenkins/jobs/ImageJ-legacy/builds/322/performance-reports/JUnit/TEST-net.imagej.legacy.LegacyImageMapTest.xml'.
Performance: Parsing JMeter report file '/var/lib/jenkins/jobs/ImageJ-legacy/builds/322/performance-reports/JUnit/TEST-net.imagej.legacy.LegacyOpenerTest.xml'.
Performance: Parsing JMeter report file '/var/lib/jenkins/jobs/ImageJ-legacy/builds/322/performance-reports/JUnit/TEST-net.imagej.legacy.LegacyServiceTest.xml'.
Performance: Parsing JMeter report file '/var/lib/jenkins/jobs/ImageJ-legacy/builds/322/performance-reports/JUnit/TEST-net.imagej.legacy.MacroTest.xml'.
Performance: Parsing JMeter report file '/var/lib/jenkins/jobs/ImageJ-legacy/builds/322/performance-reports/JUnit/TEST-net.imagej.legacy.OverlayHarmonizerTest.xml'.
Performance: Parsing JMeter report file '/var/lib/jenkins/jobs/ImageJ-legacy/builds/322/performance-reports/JUnit/TEST-net.imagej.legacy.ShutdownTest.xml'.
Performance: Parsing JMeter report file '/var/lib/jenkins/jobs/ImageJ-legacy/builds/322/performance-reports/JUnit/TEST-net.imagej.legacy.SwitchToModernTest.xml'.
Performance: Parsing JMeter report file '/var/lib/jenkins/jobs/ImageJ-legacy/builds/322/performance-reports/JUnit/TEST-net.imagej.legacy.translate.LegacyUtilsTest.xml'.
Performance: Parsing JMeter report file '/var/lib/jenkins/jobs/ImageJ-legacy/builds/322/performance-reports/JUnit/TEST-net.imagej.legacy.translate.MergedRgbVirtualStackTest.xml'.
TEST-net.imagej.legacy.ImageJ1EncapsulationTest.xml has an average of: 120
Performance: File TEST-net.imagej.legacy.ImageJ1EncapsulationTest.xml reported 0.0% of errors [SUCCESS]. Build status is: FAILURE



TEST-net.imagej.legacy.LegacyImageMapTest.xml has an average of: 16
Performance: File TEST-net.imagej.legacy.LegacyImageMapTest.xml reported 0.0% of errors [SUCCESS]. Build status is: FAILURE



TEST-net.imagej.legacy.LegacyOpenerTest.xml has an average of: 26
Performance: File TEST-net.imagej.legacy.LegacyOpenerTest.xml reported 100.0% of errors [FAILURE]. Build status is: FAILURE



TEST-net.imagej.legacy.LegacyServiceTest.xml has an average of: 25
Performance: File TEST-net.imagej.legacy.LegacyServiceTest.xml reported 0.0% of errors [FAILURE]. Build status is: FAILURE



TEST-net.imagej.legacy.MacroTest.xml has an average of: 603
Performance: File TEST-net.imagej.legacy.MacroTest.xml reported 100.0% of errors [FAILURE]. Build status is: FAILURE



TEST-net.imagej.legacy.OverlayHarmonizerTest.xml has an average of: 103
Performance: File TEST-net.imagej.legacy.OverlayHarmonizerTest.xml reported 0.0% of errors [FAILURE]. Build status is: FAILURE



TEST-net.imagej.legacy.ShutdownTest.xml has an average of: 0
Performance: File TEST-net.imagej.legacy.ShutdownTest.xml reported 0.0% of errors [FAILURE]. Build status is: FAILURE



TEST-net.imagej.legacy.SwitchToModernTest.xml has an average of: 0
Performance: File TEST-net.imagej.legacy.SwitchToModernTest.xml reported 0.0% of errors [FAILURE]. Build status is: FAILURE



TEST-net.imagej.legacy.translate.LegacyUtilsTest.xml has an average of: 0
Performance: File TEST-net.imagej.legacy.translate.LegacyUtilsTest.xml reported 0.0% of errors [FAILURE]. Build status is: FAILURE



TEST-net.imagej.legacy.translate.MergedRgbVirtualStackTest.xml has an average of: 6
Performance: File TEST-net.imagej.legacy.translate.MergedRgbVirtualStackTest.xml reported 0.0% of errors [FAILURE]. Build status is: FAILURE





From jenkins at imagej.net  Wed Aug 10 09:22:23 2016
From: jenkins at imagej.net (jenkins at imagej.net)
Date: Wed, 10 Aug 2016 09:22:23 -0500 (CDT)
Subject: [ImageJ-builds] Build failed in Jenkins: ImageJ-1.x-patcher #134
Message-ID: <661664478.140.1470838943525.JavaMail.jenkins@dev>

See <http://jenkins.imagej.net/job/ImageJ-1.x-patcher/134/changes>

Changes:

[Curtis Rueden] HeadlessCompletenessTest: list one method per line

[Curtis Rueden] Update the patcher to ImageJ 1.51d

------------------------------------------
Started by an SCM change
Building remotely on maven in workspace <http://jenkins.imagej.net/job/ImageJ-1.x-patcher/ws/>
 > git rev-parse --is-inside-work-tree # timeout=10
Fetching changes from the remote Git repository
 > git config remote.origin.url git://github.com/imagej/ij1-patcher # timeout=10
Fetching upstream changes from git://github.com/imagej/ij1-patcher
 > git --version # timeout=10
 > git -c core.askpass=true fetch --tags --progress git://github.com/imagej/ij1-patcher +refs/heads/*:refs/remotes/origin/*
 > git rev-parse origin/master^{commit} # timeout=10
Checking out Revision 4c7b557d2cf8aab73cfa69824b64064e614287f0 (origin/master)
 > git config core.sparsecheckout # timeout=10
 > git checkout -f 4c7b557d2cf8aab73cfa69824b64064e614287f0
 > git rev-list 175ec2cd0d8c084c8330e9cd761e4fe817f68122 # timeout=10
 > git tag -a -f -m Jenkins Build #134 jenkins-ImageJ-1.x-patcher-134 # timeout=10
[ImageJ-1.x-patcher] $ /bin/sh -xe /tmp/hudson6413033246797980220.sh
+ git clean -dfx
Removing target/
[ImageJ-1.x-patcher] $ mvn -U -Prun-its clean install
[INFO] Scanning for projects...
[INFO]                                                                         
[INFO] ------------------------------------------------------------------------
[INFO] Building ImageJ 1.x Patcher 0.12.4-SNAPSHOT
[INFO] ------------------------------------------------------------------------
Downloading: http://repo.maven.apache.org/maven2/org/javassist/javassist/3.20.0-GA/javassist-3.20.0-GA.jar

Downloaded: http://repo.maven.apache.org/maven2/org/javassist/javassist/3.20.0-GA/javassist-3.20.0-GA.jar (0 B at 0.0 KB/sec)
[INFO] 
[INFO] --- maven-clean-plugin:3.0.0:clean (default-clean) @ ij1-patcher ---
[INFO] 
[INFO] --- maven-enforcer-plugin:1.4.1:enforce (enforce-rules) @ ij1-patcher ---
[INFO] 
[INFO] --- build-helper-maven-plugin:1.12:regex-property (sanitize-version) @ ij1-patcher ---
[INFO] 
[INFO] --- buildnumber-maven-plugin:1.4:create (default) @ ij1-patcher ---
[INFO] Executing: /bin/sh -c cd '/data/devel/jenkins-maven/workspace/ImageJ-1.x-patcher' && 'git' 'rev-parse' '--verify' 'HEAD'
[INFO] Working directory: /data/devel/jenkins-maven/workspace/ImageJ-1.x-patcher
[INFO] Storing buildNumber: 4c7b557d2cf8aab73cfa69824b64064e614287f0 at timestamp: 1470838942196
[WARNING] Cannot get the branch information from the git repository: 
Detecting the current branch failed: fatal: ref HEAD is not a symbolic ref

[INFO] Executing: /bin/sh -c cd '/data/devel/jenkins-maven/workspace/ImageJ-1.x-patcher' && 'git' 'rev-parse' '--verify' 'HEAD'
[INFO] Working directory: /data/devel/jenkins-maven/workspace/ImageJ-1.x-patcher
[INFO] Storing buildScmBranch: UNKNOWN
[INFO] 
[INFO] --- maven-resources-plugin:3.0.1:resources (default-resources) @ ij1-patcher ---
[INFO] Using 'UTF-8' encoding to copy filtered resources.
[INFO] skip non existing resourceDirectory /data/devel/jenkins-maven/workspace/ImageJ-1.x-patcher/src/main/resources
[INFO] 
[INFO] --- maven-compiler-plugin:3.5.1:compile (default-compile) @ ij1-patcher ---
[INFO] Changes detected - recompiling the module!
[INFO] Compiling 21 source files to /data/devel/jenkins-maven/workspace/ImageJ-1.x-patcher/target/classes
[INFO] ------------------------------------------------------------------------
[INFO] BUILD FAILURE
[INFO] ------------------------------------------------------------------------
[INFO] Total time: 8.786s
[INFO] Finished at: Wed Aug 10 09:22:23 CDT 2016
[INFO] Final Memory: 14M/360M
[INFO] ------------------------------------------------------------------------
[ERROR] Failed to execute goal org.apache.maven.plugins:maven-compiler-plugin:3.5.1:compile (default-compile) on project ij1-patcher: Fatal error compiling: invalid target release: 1.8 -> [Help 1]
[ERROR] 
[ERROR] To see the full stack trace of the errors, re-run Maven with the -e switch.
[ERROR] Re-run Maven using the -X switch to enable full debug logging.
[ERROR] 
[ERROR] For more information about the errors and possible solutions, please read the following articles:
[ERROR] [Help 1] http://cwiki.apache.org/confluence/display/MAVEN/MojoExecutionException
Build step 'Invoke top-level Maven targets' marked build as failure
Archiving artifacts
Recording test results
ERROR: Step ‘Publish JUnit test result report’ failed: No test report files were found. Configuration error?
Performance: Percentage of errors greater or equal than 0% sets the build as unstable
Performance: Percentage of errors greater or equal than 0% sets the build as failure



Performance: Recording JUnit reports '**/TEST-*.xml'


From jenkins at imagej.net  Wed Aug 10 09:28:28 2016
From: jenkins at imagej.net (jenkins at imagej.net)
Date: Wed, 10 Aug 2016 09:28:28 -0500 (CDT)
Subject: [ImageJ-builds] Jenkins build is back to normal :
	ImageJ-1.x-patcher #135
In-Reply-To: <661664478.140.1470838943525.JavaMail.jenkins@dev>
References: <661664478.140.1470838943525.JavaMail.jenkins@dev>
Message-ID: <1441922148.141.1470839308179.JavaMail.jenkins@dev>

See <http://jenkins.imagej.net/job/ImageJ-1.x-patcher/135/changes>



From jenkins at imagej.net  Wed Aug 10 09:49:04 2016
From: jenkins at imagej.net (jenkins at imagej.net)
Date: Wed, 10 Aug 2016 09:49:04 -0500 (CDT)
Subject: [ImageJ-builds] Build failed in Jenkins: SPIM_Registration #320
Message-ID: <642784033.142.1470840544101.JavaMail.jenkins@dev>

See <http://jenkins.imagej.net/job/SPIM_Registration/320/changes>

Changes:

[Tobias Pietzsch] bump parent to pom-fiji 24.3.0. This brings the latest bdv and

[Tobias Pietzsch] add IOFunctions.getProgressWriter() and use it for new BDV windows

[Tobias Pietzsch] use BigDataViewer.open() instead of deprecated constructor

------------------------------------------
Started by an SCM change
Building remotely on maven in workspace <http://jenkins.imagej.net/job/SPIM_Registration/ws/>
 > git rev-parse --is-inside-work-tree # timeout=10
Fetching changes from the remote Git repository
 > git config remote.origin.url git://github.com/fiji/SPIM_Registration # timeout=10
Fetching upstream changes from git://github.com/fiji/SPIM_Registration
 > git --version # timeout=10
 > git -c core.askpass=true fetch --tags --progress git://github.com/fiji/SPIM_Registration +refs/heads/*:refs/remotes/origin/*
 > git rev-parse origin/master^{commit} # timeout=10
Checking out Revision 299cfcc1e16b13b88aa36e5a343e341f5feba525 (origin/master)
 > git config core.sparsecheckout # timeout=10
 > git checkout -f 299cfcc1e16b13b88aa36e5a343e341f5feba525
 > git rev-list 357d2b67f89f103c82a9b5eda0a5ef0d0f8658a7 # timeout=10
 > git tag -a -f -m Jenkins Build #320 jenkins-SPIM_Registration-320 # timeout=10
[SPIM_Registration] $ /bin/sh -xe /tmp/hudson2007811595817276027.sh
+ git clean -dfx
Removing target/
[SPIM_Registration] $ /bin/sh -xe /tmp/hudson520132236528856396.sh
+ mvn -U -Pdeploy-to-imagej clean deploy
[INFO] Scanning for projects...
[INFO]                                                                         
[INFO] ------------------------------------------------------------------------
[INFO] Building SPIM Registration 5.0.2-SNAPSHOT
[INFO] ------------------------------------------------------------------------
[INFO] 
[INFO] --- maven-clean-plugin:2.5:clean (default-clean) @ SPIM_Registration ---
[INFO] 
[INFO] --- maven-enforcer-plugin:1.3.1:enforce (enforce-rules) @ SPIM_Registration ---
[INFO] Restricted to JDK 1.7 yet net.imglib2:imglib2-algorithm:jar:0.5.0:compile contains net/imglib2/algorithm/OutputAlgorithm.class targeted to JDK 1.8
[INFO] Restricted to JDK 1.7 yet net.imagej:imagej-common:jar:0.21.0:compile contains net/imagej/FloodFiller$StackOfLongs.class targeted to JDK 1.8
[INFO] Restricted to JDK 1.7 yet net.imglib2:imglib2-ij:jar:2.0.0-beta-34:compile contains net/imglib2/img/ImagePlusAdapter$1.class targeted to JDK 1.8
[INFO] Restricted to JDK 1.7 yet org.scijava:ui-behaviour:jar:1.0.4:compile contains org/scijava/ui/behaviour/Behaviour.class targeted to JDK 1.8
[INFO] Restricted to JDK 1.7 yet net.imglib2:imglib2:jar:3.2.0:compile contains net/imglib2/AbstractLocalizingCursorInt.class targeted to JDK 1.8
[INFO] Restricted to JDK 1.7 yet sc.fiji:bigdataviewer-core:jar:2.5.1:compile contains bdv/BigDataViewer.class targeted to JDK 1.8
[INFO] Restricted to JDK 1.7 yet sc.fiji:spim_data:jar:2.1.0:compile contains mpicbg/spim/data/SpimDataIOException.class targeted to JDK 1.8
[WARNING] Rule 5: org.apache.maven.plugins.enforcer.EnforceBytecodeVersion failed with message:
Found Banned Dependency: net.imglib2:imglib2-algorithm:jar:0.5.0
Found Banned Dependency: net.imagej:imagej-common:jar:0.21.0
Found Banned Dependency: net.imglib2:imglib2-ij:jar:2.0.0-beta-34
Found Banned Dependency: org.scijava:ui-behaviour:jar:1.0.4
Found Banned Dependency: net.imglib2:imglib2:jar:3.2.0
Found Banned Dependency: sc.fiji:bigdataviewer-core:jar:2.5.1
Found Banned Dependency: sc.fiji:spim_data:jar:2.1.0
Use 'mvn dependency:tree' to locate the source of the banned dependencies.
[INFO] ------------------------------------------------------------------------
[INFO] BUILD FAILURE
[INFO] ------------------------------------------------------------------------
[INFO] Total time: 7.387s
[INFO] Finished at: Wed Aug 10 09:49:03 CDT 2016
[INFO] Final Memory: 92M/569M
[INFO] ------------------------------------------------------------------------
[ERROR] Failed to execute goal org.apache.maven.plugins:maven-enforcer-plugin:1.3.1:enforce (enforce-rules) on project SPIM_Registration: Some Enforcer rules have failed. Look above for specific messages explaining why the rule failed. -> [Help 1]
[ERROR] 
[ERROR] To see the full stack trace of the errors, re-run Maven with the -e switch.
[ERROR] Re-run Maven using the -X switch to enable full debug logging.
[ERROR] 
[ERROR] For more information about the errors and possible solutions, please read the following articles:
[ERROR] [Help 1] http://cwiki.apache.org/confluence/display/MAVEN/MojoExecutionException
Build step 'Execute shell' marked build as failure
Archiving artifacts


From jenkins at imagej.net  Wed Aug 10 10:00:21 2016
From: jenkins at imagej.net (jenkins at imagej.net)
Date: Wed, 10 Aug 2016 10:00:21 -0500 (CDT)
Subject: [ImageJ-builds] Build failed in Jenkins: SPIM_Registration #321
In-Reply-To: <642784033.142.1470840544101.JavaMail.jenkins@dev>
References: <642784033.142.1470840544101.JavaMail.jenkins@dev>
Message-ID: <1698425771.143.1470841221730.JavaMail.jenkins@dev>

See <http://jenkins.imagej.net/job/SPIM_Registration/321/changes>

Changes:

[Stephan Preibisch] update to java 8

------------------------------------------
Started by an SCM change
Building remotely on maven in workspace <http://jenkins.imagej.net/job/SPIM_Registration/ws/>
 > git rev-parse --is-inside-work-tree # timeout=10
Fetching changes from the remote Git repository
 > git config remote.origin.url git://github.com/fiji/SPIM_Registration # timeout=10
Fetching upstream changes from git://github.com/fiji/SPIM_Registration
 > git --version # timeout=10
 > git -c core.askpass=true fetch --tags --progress git://github.com/fiji/SPIM_Registration +refs/heads/*:refs/remotes/origin/*
 > git rev-parse origin/master^{commit} # timeout=10
Checking out Revision c4326c1841afe5f7ce874ba648390fc164978bac (origin/master)
 > git config core.sparsecheckout # timeout=10
 > git checkout -f c4326c1841afe5f7ce874ba648390fc164978bac
 > git rev-list 299cfcc1e16b13b88aa36e5a343e341f5feba525 # timeout=10
 > git tag -a -f -m Jenkins Build #321 jenkins-SPIM_Registration-321 # timeout=10
[SPIM_Registration] $ /bin/sh -xe /tmp/hudson4176380337566117282.sh
+ git clean -dfx
[SPIM_Registration] $ /bin/sh -xe /tmp/hudson9025880867070602122.sh
+ mvn -U -Pdeploy-to-imagej clean deploy
[INFO] Scanning for projects...
[INFO]                                                                         
[INFO] ------------------------------------------------------------------------
[INFO] Building SPIM Registration 5.0.2-SNAPSHOT
[INFO] ------------------------------------------------------------------------
[INFO] 
[INFO] --- maven-clean-plugin:2.5:clean (default-clean) @ SPIM_Registration ---
[INFO] 
[INFO] --- maven-enforcer-plugin:1.3.1:enforce (enforce-rules) @ SPIM_Registration ---
[INFO] 
[INFO] --- build-helper-maven-plugin:1.9.1:regex-property (sanitize-version) @ SPIM_Registration ---
[INFO] 
[INFO] --- buildnumber-maven-plugin:1.3:create (default) @ SPIM_Registration ---
[INFO] Executing: /bin/sh -c cd /data/devel/jenkins-maven/workspace/SPIM_Registration && git rev-parse --verify HEAD
[INFO] Working directory: /data/devel/jenkins-maven/workspace/SPIM_Registration
[INFO] Storing buildNumber: c4326c1841afe5f7ce874ba648390fc164978bac at timestamp: 1470841220826
[WARNING] Cannot get the branch information from the git repository: 
Detecting the current branch failed: fatal: ref HEAD is not a symbolic ref

[INFO] Executing: /bin/sh -c cd /data/devel/jenkins-maven/workspace/SPIM_Registration && git rev-parse --verify HEAD
[INFO] Working directory: /data/devel/jenkins-maven/workspace/SPIM_Registration
[INFO] Storing buildScmBranch: UNKNOWN
[INFO] 
[INFO] --- scijava-maven-plugin:0.5.1:set-rootdir (set-rootdir) @ SPIM_Registration ---
[INFO] Setting rootdir: /data/devel/jenkins-maven/workspace/SPIM_Registration
[INFO] 
[INFO] --- maven-resources-plugin:2.6:resources (default-resources) @ SPIM_Registration ---
[INFO] Using 'UTF-8' encoding to copy filtered resources.
[INFO] Copying 3 resources
[INFO] 
[INFO] --- maven-compiler-plugin:3.1:compile (default-compile) @ SPIM_Registration ---
[INFO] Changes detected - recompiling the module!
[INFO] Compiling 398 source files to /data/devel/jenkins-maven/workspace/SPIM_Registration/target/classes
[INFO] ------------------------------------------------------------------------
[INFO] BUILD FAILURE
[INFO] ------------------------------------------------------------------------
[INFO] Total time: 7.211s
[INFO] Finished at: Wed Aug 10 10:00:21 CDT 2016
[INFO] Final Memory: 24M/513M
[INFO] ------------------------------------------------------------------------
[ERROR] Failed to execute goal org.apache.maven.plugins:maven-compiler-plugin:3.1:compile (default-compile) on project SPIM_Registration: Fatal error compiling: invalid target release: 1.8 -> [Help 1]
[ERROR] 
[ERROR] To see the full stack trace of the errors, re-run Maven with the -e switch.
[ERROR] Re-run Maven using the -X switch to enable full debug logging.
[ERROR] 
[ERROR] For more information about the errors and possible solutions, please read the following articles:
[ERROR] [Help 1] http://cwiki.apache.org/confluence/display/MAVEN/MojoExecutionException
Build step 'Execute shell' marked build as failure
Archiving artifacts


From jenkins at imagej.net  Wed Aug 10 10:11:31 2016
From: jenkins at imagej.net (jenkins at imagej.net)
Date: Wed, 10 Aug 2016 10:11:31 -0500 (CDT)
Subject: [ImageJ-builds] Jenkins build is back to normal : SPIM_Registration
	#322
In-Reply-To: <1698425771.143.1470841221730.JavaMail.jenkins@dev>
References: <1698425771.143.1470841221730.JavaMail.jenkins@dev>
Message-ID: <1917414454.144.1470841891366.JavaMail.jenkins@dev>

See <http://jenkins.imagej.net/job/SPIM_Registration/322/>



From jenkins at imagej.net  Wed Aug 10 15:28:04 2016
From: jenkins at imagej.net (jenkins at imagej.net)
Date: Wed, 10 Aug 2016 15:28:04 -0500 (CDT)
Subject: [ImageJ-builds] Jenkins build is back to normal : ImageJ-legacy #323
In-Reply-To: <66124656.134.1470437787601.JavaMail.jenkins@dev>
References: <66124656.134.1470437787601.JavaMail.jenkins@dev>
Message-ID: <1397580533.145.1470860884362.JavaMail.jenkins@dev>

See <http://jenkins.imagej.net/job/ImageJ-legacy/323/changes>



From jenkins at imagej.net  Wed Aug 10 15:35:05 2016
From: jenkins at imagej.net (jenkins at imagej.net)
Date: Wed, 10 Aug 2016 15:35:05 -0500 (CDT)
Subject: [ImageJ-builds] Build failed in Jenkins: ImageJ-plugins-commands #58
Message-ID: <984800402.146.1470861306002.JavaMail.jenkins@dev>

See <http://jenkins.imagej.net/job/ImageJ-plugins-commands/58/changes>

Changes:

[Curtis Rueden] POM: bump parent to pom-imagej 16.0.0

------------------------------------------
Started by an SCM change
Building remotely on maven in workspace <http://jenkins.imagej.net/job/ImageJ-plugins-commands/ws/>
 > git rev-parse --is-inside-work-tree # timeout=10
Fetching changes from the remote Git repository
 > git config remote.origin.url git://github.com/imagej/imagej-plugins-commands # timeout=10
Fetching upstream changes from git://github.com/imagej/imagej-plugins-commands
 > git --version # timeout=10
 > git -c core.askpass=true fetch --tags --progress git://github.com/imagej/imagej-plugins-commands +refs/heads/*:refs/remotes/origin/*
 > git rev-parse origin/master^{commit} # timeout=10
Checking out Revision 33132e1653e1266e9d2b00019bf6517c193ce70e (origin/master)
 > git config core.sparsecheckout # timeout=10
 > git checkout -f 33132e1653e1266e9d2b00019bf6517c193ce70e
 > git rev-list 11ea2ac1b5e0c191b6d72e49f332a5323e597fd1 # timeout=10
[ImageJ-plugins-commands] $ /bin/sh -xe /tmp/hudson1486502545732260523.sh
+ git clean -dfx
Removing target/
[ImageJ-plugins-commands] $ mvn -U -Pdeploy-to-imagej clean deploy javadoc:javadoc
[INFO] Scanning for projects...
[INFO]                                                                         
[INFO] ------------------------------------------------------------------------
[INFO] Building ImageJ Plugins: Commands 0.7.0-SNAPSHOT
[INFO] ------------------------------------------------------------------------
[INFO] 
[INFO] --- maven-clean-plugin:3.0.0:clean (default-clean) @ imagej-plugins-commands ---
[INFO] 
[INFO] --- maven-enforcer-plugin:1.4.1:enforce (enforce-rules) @ imagej-plugins-commands ---
[INFO] 
[INFO] --- build-helper-maven-plugin:1.12:regex-property (sanitize-version) @ imagej-plugins-commands ---
[INFO] 
[INFO] --- buildnumber-maven-plugin:1.4:create (default) @ imagej-plugins-commands ---
[INFO] Executing: /bin/sh -c cd '/data/devel/jenkins-maven/workspace/ImageJ-plugins-commands' && 'git' 'rev-parse' '--verify' 'HEAD'
[INFO] Working directory: /data/devel/jenkins-maven/workspace/ImageJ-plugins-commands
[INFO] Storing buildNumber: 33132e1653e1266e9d2b00019bf6517c193ce70e at timestamp: 1470861305070
[WARNING] Cannot get the branch information from the git repository: 
Detecting the current branch failed: fatal: ref HEAD is not a symbolic ref

[INFO] Executing: /bin/sh -c cd '/data/devel/jenkins-maven/workspace/ImageJ-plugins-commands' && 'git' 'rev-parse' '--verify' 'HEAD'
[INFO] Working directory: /data/devel/jenkins-maven/workspace/ImageJ-plugins-commands
[INFO] Storing buildScmBranch: UNKNOWN
[INFO] 
[INFO] --- maven-resources-plugin:3.0.1:resources (default-resources) @ imagej-plugins-commands ---
[INFO] Using 'UTF-8' encoding to copy filtered resources.
[INFO] Copying 11 resources
[INFO] 
[INFO] --- maven-compiler-plugin:3.5.1:compile (default-compile) @ imagej-plugins-commands ---
[INFO] Changes detected - recompiling the module!
[INFO] Compiling 167 source files to /data/devel/jenkins-maven/workspace/ImageJ-plugins-commands/target/classes
[INFO] ------------------------------------------------------------------------
[INFO] BUILD FAILURE
[INFO] ------------------------------------------------------------------------
[INFO] Total time: 5.720s
[INFO] Finished at: Wed Aug 10 15:35:05 CDT 2016
[INFO] Final Memory: 25M/566M
[INFO] ------------------------------------------------------------------------
[ERROR] Failed to execute goal org.apache.maven.plugins:maven-compiler-plugin:3.5.1:compile (default-compile) on project imagej-plugins-commands: Fatal error compiling: invalid target release: 1.8 -> [Help 1]
[ERROR] 
[ERROR] To see the full stack trace of the errors, re-run Maven with the -e switch.
[ERROR] Re-run Maven using the -X switch to enable full debug logging.
[ERROR] 
[ERROR] For more information about the errors and possible solutions, please read the following articles:
[ERROR] [Help 1] http://cwiki.apache.org/confluence/display/MAVEN/MojoExecutionException
Build step 'Invoke top-level Maven targets' marked build as failure
Archiving artifacts
Publishing Javadoc


From jenkins at imagej.net  Wed Aug 10 15:37:13 2016
From: jenkins at imagej.net (jenkins at imagej.net)
Date: Wed, 10 Aug 2016 15:37:13 -0500 (CDT)
Subject: [ImageJ-builds] Jenkins build is back to normal :
	ImageJ-plugins-commands #59
In-Reply-To: <984800402.146.1470861306002.JavaMail.jenkins@dev>
References: <984800402.146.1470861306002.JavaMail.jenkins@dev>
Message-ID: <1751967148.147.1470861433163.JavaMail.jenkins@dev>

See <http://jenkins.imagej.net/job/ImageJ-plugins-commands/59/changes>



From jenkins at imagej.net  Tue Aug 23 16:45:55 2016
From: jenkins at imagej.net (jenkins at imagej.net)
Date: Tue, 23 Aug 2016 16:45:55 -0500 (CDT)
Subject: [ImageJ-builds] Jenkins build is back to normal : ImageJ-Ops #604
In-Reply-To: <709177272.133.1470432334531.JavaMail.jenkins@dev>
References: <709177272.133.1470432334531.JavaMail.jenkins@dev>
Message-ID: <735929298.168.1471988755209.JavaMail.jenkins@dev>

See <http://jenkins.imagej.net/job/ImageJ-Ops/604/changes>



From jenkins at imagej.net  Thu Aug 25 12:14:06 2016
From: jenkins at imagej.net (jenkins at imagej.net)
Date: Thu, 25 Aug 2016 12:14:06 -0500 (CDT)
Subject: [ImageJ-builds] Build failed in Jenkins: SciJava-common #1062
Message-ID: <1303502092.169.1472145246279.JavaMail.jenkins@dev>

See <http://jenkins.imagej.net/job/SciJava-common/1062/changes>

Changes:

[Curtis Rueden] DefaultScriptService: also alias java.util.Date

[Curtis Rueden] ScriptServiceTest: add a test for built-in aliases

------------------------------------------
[...truncated 580 lines...]
Performance: File TEST-org.scijava.event.EventServiceTest.xml reported 0.0% of errors [SUCCESS]. Build status is: FAILURE



TEST-org.scijava.io.BytesLocationTest.xml has an average of: 0
Performance: File TEST-org.scijava.io.BytesLocationTest.xml reported 0.0% of errors [SUCCESS]. Build status is: FAILURE



TEST-org.scijava.io.FileHandleTest.xml has an average of: 19
Performance: File TEST-org.scijava.io.FileHandleTest.xml reported 0.0% of errors [SUCCESS]. Build status is: FAILURE



TEST-org.scijava.io.FileLocationTest.xml has an average of: 0
Performance: File TEST-org.scijava.io.FileLocationTest.xml reported 0.0% of errors [SUCCESS]. Build status is: FAILURE



TEST-org.scijava.io.URILocationTest.xml has an average of: 1
Performance: File TEST-org.scijava.io.URILocationTest.xml reported 0.0% of errors [SUCCESS]. Build status is: FAILURE



TEST-org.scijava.io.URLLocationTest.xml has an average of: 0
Performance: File TEST-org.scijava.io.URLLocationTest.xml reported 0.0% of errors [SUCCESS]. Build status is: FAILURE



TEST-org.scijava.log.LogServiceTest.xml has an average of: 0
Performance: File TEST-org.scijava.log.LogServiceTest.xml reported 0.0% of errors [SUCCESS]. Build status is: FAILURE



TEST-org.scijava.main.MainServiceTest.xml has an average of: 96
Performance: File TEST-org.scijava.main.MainServiceTest.xml reported 0.0% of errors [SUCCESS]. Build status is: FAILURE



TEST-org.scijava.main.run.MainCodeRunnerTest.xml has an average of: 0
Performance: File TEST-org.scijava.main.run.MainCodeRunnerTest.xml reported 0.0% of errors [SUCCESS]. Build status is: FAILURE



TEST-org.scijava.menu.MenuServiceTest.xml has an average of: 22
Performance: File TEST-org.scijava.menu.MenuServiceTest.xml reported 0.0% of errors [SUCCESS]. Build status is: FAILURE



TEST-org.scijava.menu.ShadowMenuTest.xml has an average of: 9
Performance: File TEST-org.scijava.menu.ShadowMenuTest.xml reported 0.0% of errors [SUCCESS]. Build status is: FAILURE



TEST-org.scijava.module.ModuleServiceTest.xml has an average of: 6
Performance: File TEST-org.scijava.module.ModuleServiceTest.xml reported 0.0% of errors [SUCCESS]. Build status is: FAILURE



TEST-org.scijava.module.run.ModuleCodeRunnerTest.xml has an average of: 22
Performance: File TEST-org.scijava.module.run.ModuleCodeRunnerTest.xml reported 0.0% of errors [SUCCESS]. Build status is: FAILURE



TEST-org.scijava.object.ObjectIndexTest.xml has an average of: 0
Performance: File TEST-org.scijava.object.ObjectIndexTest.xml reported 0.0% of errors [SUCCESS]. Build status is: FAILURE



TEST-org.scijava.object.SortedObjectIndexTest.xml has an average of: 0
Performance: File TEST-org.scijava.object.SortedObjectIndexTest.xml reported 0.0% of errors [SUCCESS]. Build status is: FAILURE



TEST-org.scijava.options.OptionsTest.xml has an average of: 18
Performance: File TEST-org.scijava.options.OptionsTest.xml reported 0.0% of errors [SUCCESS]. Build status is: FAILURE



TEST-org.scijava.parse.ParseServiceTest.xml has an average of: 2
Performance: File TEST-org.scijava.parse.ParseServiceTest.xml reported 0.0% of errors [SUCCESS]. Build status is: FAILURE



TEST-org.scijava.plugin.PluginFinderTest.xml has an average of: 15
Performance: File TEST-org.scijava.plugin.PluginFinderTest.xml reported 0.0% of errors [SUCCESS]. Build status is: FAILURE



TEST-org.scijava.plugin.PluginIndexTest.xml has an average of: 7
Performance: File TEST-org.scijava.plugin.PluginIndexTest.xml reported 0.0% of errors [SUCCESS]. Build status is: FAILURE



TEST-org.scijava.plugin.PluginInfoTest.xml has an average of: 4
Performance: File TEST-org.scijava.plugin.PluginInfoTest.xml reported 0.0% of errors [SUCCESS]. Build status is: FAILURE



TEST-org.scijava.prefs.PrefServiceTest.xml has an average of: 12
Performance: File TEST-org.scijava.prefs.PrefServiceTest.xml reported 0.0% of errors [SUCCESS]. Build status is: FAILURE



TEST-org.scijava.run.RunServiceTest.xml has an average of: 4
Performance: File TEST-org.scijava.run.RunServiceTest.xml reported 0.0% of errors [SUCCESS]. Build status is: FAILURE



TEST-org.scijava.script.ScriptEngineTest.xml has an average of: 5
Performance: File TEST-org.scijava.script.ScriptEngineTest.xml reported 0.0% of errors [SUCCESS]. Build status is: FAILURE



TEST-org.scijava.script.ScriptFinderTest.xml has an average of: 10
Performance: File TEST-org.scijava.script.ScriptFinderTest.xml reported 0.0% of errors [SUCCESS]. Build status is: FAILURE



TEST-org.scijava.script.ScriptInfoTest.xml has an average of: 11
Performance: File TEST-org.scijava.script.ScriptInfoTest.xml reported 0.0% of errors [SUCCESS]. Build status is: FAILURE



TEST-org.scijava.script.ScriptServiceTest.xml has an average of: 5
Performance: File TEST-org.scijava.script.ScriptServiceTest.xml reported 0.0% of errors [SUCCESS]. Build status is: FAILURE



TEST-org.scijava.service.ServiceIndexTest.xml has an average of: 8
Performance: File TEST-org.scijava.service.ServiceIndexTest.xml reported 0.0% of errors [SUCCESS]. Build status is: FAILURE



TEST-org.scijava.test.TestUtilsTest.xml has an average of: 0
Performance: File TEST-org.scijava.test.TestUtilsTest.xml reported 0.0% of errors [SUCCESS]. Build status is: FAILURE



TEST-org.scijava.thread.ThreadServiceTest.xml has an average of: 4
Performance: File TEST-org.scijava.thread.ThreadServiceTest.xml reported 0.0% of errors [SUCCESS]. Build status is: FAILURE



TEST-org.scijava.util.AppUtilsTest.xml has an average of: 0
Performance: File TEST-org.scijava.util.AppUtilsTest.xml reported 0.0% of errors [SUCCESS]. Build status is: FAILURE



TEST-org.scijava.util.ArrayUtilsTest.xml has an average of: 0
Performance: File TEST-org.scijava.util.ArrayUtilsTest.xml reported 0.0% of errors [SUCCESS]. Build status is: FAILURE



TEST-org.scijava.util.BoolArrayTest.xml has an average of: 0
Performance: File TEST-org.scijava.util.BoolArrayTest.xml reported 0.0% of errors [SUCCESS]. Build status is: FAILURE



TEST-org.scijava.util.ByteArrayTest.xml has an average of: 0
Performance: File TEST-org.scijava.util.ByteArrayTest.xml reported 0.0% of errors [SUCCESS]. Build status is: FAILURE



TEST-org.scijava.util.CharArrayTest.xml has an average of: 0
Performance: File TEST-org.scijava.util.CharArrayTest.xml reported 0.0% of errors [SUCCESS]. Build status is: FAILURE



TEST-org.scijava.util.ClassUtilsTest.xml has an average of: 1
Performance: File TEST-org.scijava.util.ClassUtilsTest.xml reported 0.0% of errors [SUCCESS]. Build status is: FAILURE



TEST-org.scijava.util.ColorRGBTest.xml has an average of: 0
Performance: File TEST-org.scijava.util.ColorRGBTest.xml reported 0.0% of errors [SUCCESS]. Build status is: FAILURE



TEST-org.scijava.util.ConversionUtilsTest.xml has an average of: 0
Performance: File TEST-org.scijava.util.ConversionUtilsTest.xml reported 0.0% of errors [SUCCESS]. Build status is: FAILURE



TEST-org.scijava.util.DigestUtilsTest.xml has an average of: 0
Performance: File TEST-org.scijava.util.DigestUtilsTest.xml reported 0.0% of errors [SUCCESS]. Build status is: FAILURE



TEST-org.scijava.util.DoubleArrayTest.xml has an average of: 0
Performance: File TEST-org.scijava.util.DoubleArrayTest.xml reported 0.0% of errors [SUCCESS]. Build status is: FAILURE



TEST-org.scijava.util.FileUtilsTest.xml has an average of: 2
Performance: File TEST-org.scijava.util.FileUtilsTest.xml reported 0.0% of errors [SUCCESS]. Build status is: FAILURE



TEST-org.scijava.util.FloatArrayTest.xml has an average of: 0
Performance: File TEST-org.scijava.util.FloatArrayTest.xml reported 0.0% of errors [SUCCESS]. Build status is: FAILURE



TEST-org.scijava.util.GenericUtilsTest.xml has an average of: 1
Performance: File TEST-org.scijava.util.GenericUtilsTest.xml reported 0.0% of errors [SUCCESS]. Build status is: FAILURE



TEST-org.scijava.util.IntArrayTest.xml has an average of: 0
Performance: File TEST-org.scijava.util.IntArrayTest.xml reported 0.0% of errors [SUCCESS]. Build status is: FAILURE



TEST-org.scijava.util.LastRecentlyUsedTest.xml has an average of: 0
Performance: File TEST-org.scijava.util.LastRecentlyUsedTest.xml reported 0.0% of errors [SUCCESS]. Build status is: FAILURE



TEST-org.scijava.util.LongArrayTest.xml has an average of: 0
Performance: File TEST-org.scijava.util.LongArrayTest.xml reported 0.0% of errors [SUCCESS]. Build status is: FAILURE



TEST-org.scijava.util.ObjectArrayTest.xml has an average of: 0
Performance: File TEST-org.scijava.util.ObjectArrayTest.xml reported 0.0% of errors [SUCCESS]. Build status is: FAILURE



TEST-org.scijava.util.POMTest.xml has an average of: 12
Performance: File TEST-org.scijava.util.POMTest.xml reported 0.0% of errors [SUCCESS]. Build status is: FAILURE



TEST-org.scijava.util.ProcessUtilsTest.xml has an average of: 51
Performance: File TEST-org.scijava.util.ProcessUtilsTest.xml reported 0.0% of errors [SUCCESS]. Build status is: FAILURE



TEST-org.scijava.util.ShortArrayTest.xml has an average of: 0
Performance: File TEST-org.scijava.util.ShortArrayTest.xml reported 0.0% of errors [SUCCESS]. Build status is: FAILURE



TEST-org.scijava.util.UnitUtilsTest.xml has an average of: 14
Performance: File TEST-org.scijava.util.UnitUtilsTest.xml reported 0.0% of errors [SUCCESS]. Build status is: FAILURE





From jenkins at imagej.net  Thu Aug 25 12:26:55 2016
From: jenkins at imagej.net (jenkins at imagej.net)
Date: Thu, 25 Aug 2016 12:26:55 -0500 (CDT)
Subject: [ImageJ-builds] Build failed in Jenkins: SciJava-common #1063
In-Reply-To: <1303502092.169.1472145246279.JavaMail.jenkins@dev>
References: <1303502092.169.1472145246279.JavaMail.jenkins@dev>
Message-ID: <1792270775.170.1472146015421.JavaMail.jenkins@dev>

See <http://jenkins.imagej.net/job/SciJava-common/1063/>

------------------------------------------
[...truncated 580 lines...]
Performance: File TEST-org.scijava.event.EventServiceTest.xml reported 0.0% of errors [SUCCESS]. Build status is: FAILURE



TEST-org.scijava.io.BytesLocationTest.xml has an average of: 0
Performance: File TEST-org.scijava.io.BytesLocationTest.xml reported 0.0% of errors [SUCCESS]. Build status is: FAILURE



TEST-org.scijava.io.FileHandleTest.xml has an average of: 20
Performance: File TEST-org.scijava.io.FileHandleTest.xml reported 0.0% of errors [SUCCESS]. Build status is: FAILURE



TEST-org.scijava.io.FileLocationTest.xml has an average of: 0
Performance: File TEST-org.scijava.io.FileLocationTest.xml reported 0.0% of errors [SUCCESS]. Build status is: FAILURE



TEST-org.scijava.io.URILocationTest.xml has an average of: 1
Performance: File TEST-org.scijava.io.URILocationTest.xml reported 0.0% of errors [SUCCESS]. Build status is: FAILURE



TEST-org.scijava.io.URLLocationTest.xml has an average of: 0
Performance: File TEST-org.scijava.io.URLLocationTest.xml reported 0.0% of errors [SUCCESS]. Build status is: FAILURE



TEST-org.scijava.log.LogServiceTest.xml has an average of: 0
Performance: File TEST-org.scijava.log.LogServiceTest.xml reported 0.0% of errors [SUCCESS]. Build status is: FAILURE



TEST-org.scijava.main.MainServiceTest.xml has an average of: 51
Performance: File TEST-org.scijava.main.MainServiceTest.xml reported 0.0% of errors [SUCCESS]. Build status is: FAILURE



TEST-org.scijava.main.run.MainCodeRunnerTest.xml has an average of: 0
Performance: File TEST-org.scijava.main.run.MainCodeRunnerTest.xml reported 0.0% of errors [SUCCESS]. Build status is: FAILURE



TEST-org.scijava.menu.MenuServiceTest.xml has an average of: 20
Performance: File TEST-org.scijava.menu.MenuServiceTest.xml reported 0.0% of errors [SUCCESS]. Build status is: FAILURE



TEST-org.scijava.menu.ShadowMenuTest.xml has an average of: 9
Performance: File TEST-org.scijava.menu.ShadowMenuTest.xml reported 0.0% of errors [SUCCESS]. Build status is: FAILURE



TEST-org.scijava.module.ModuleServiceTest.xml has an average of: 5
Performance: File TEST-org.scijava.module.ModuleServiceTest.xml reported 0.0% of errors [SUCCESS]. Build status is: FAILURE



TEST-org.scijava.module.run.ModuleCodeRunnerTest.xml has an average of: 10
Performance: File TEST-org.scijava.module.run.ModuleCodeRunnerTest.xml reported 0.0% of errors [SUCCESS]. Build status is: FAILURE



TEST-org.scijava.object.ObjectIndexTest.xml has an average of: 0
Performance: File TEST-org.scijava.object.ObjectIndexTest.xml reported 0.0% of errors [SUCCESS]. Build status is: FAILURE



TEST-org.scijava.object.SortedObjectIndexTest.xml has an average of: 0
Performance: File TEST-org.scijava.object.SortedObjectIndexTest.xml reported 0.0% of errors [SUCCESS]. Build status is: FAILURE



TEST-org.scijava.options.OptionsTest.xml has an average of: 13
Performance: File TEST-org.scijava.options.OptionsTest.xml reported 0.0% of errors [SUCCESS]. Build status is: FAILURE



TEST-org.scijava.parse.ParseServiceTest.xml has an average of: 3
Performance: File TEST-org.scijava.parse.ParseServiceTest.xml reported 0.0% of errors [SUCCESS]. Build status is: FAILURE



TEST-org.scijava.plugin.PluginFinderTest.xml has an average of: 14
Performance: File TEST-org.scijava.plugin.PluginFinderTest.xml reported 0.0% of errors [SUCCESS]. Build status is: FAILURE



TEST-org.scijava.plugin.PluginIndexTest.xml has an average of: 6
Performance: File TEST-org.scijava.plugin.PluginIndexTest.xml reported 0.0% of errors [SUCCESS]. Build status is: FAILURE



TEST-org.scijava.plugin.PluginInfoTest.xml has an average of: 6
Performance: File TEST-org.scijava.plugin.PluginInfoTest.xml reported 0.0% of errors [SUCCESS]. Build status is: FAILURE



TEST-org.scijava.prefs.PrefServiceTest.xml has an average of: 7
Performance: File TEST-org.scijava.prefs.PrefServiceTest.xml reported 0.0% of errors [SUCCESS]. Build status is: FAILURE



TEST-org.scijava.run.RunServiceTest.xml has an average of: 9
Performance: File TEST-org.scijava.run.RunServiceTest.xml reported 0.0% of errors [SUCCESS]. Build status is: FAILURE



TEST-org.scijava.script.ScriptEngineTest.xml has an average of: 5
Performance: File TEST-org.scijava.script.ScriptEngineTest.xml reported 0.0% of errors [SUCCESS]. Build status is: FAILURE



TEST-org.scijava.script.ScriptFinderTest.xml has an average of: 8
Performance: File TEST-org.scijava.script.ScriptFinderTest.xml reported 0.0% of errors [SUCCESS]. Build status is: FAILURE



TEST-org.scijava.script.ScriptInfoTest.xml has an average of: 8
Performance: File TEST-org.scijava.script.ScriptInfoTest.xml reported 0.0% of errors [SUCCESS]. Build status is: FAILURE



TEST-org.scijava.script.ScriptServiceTest.xml has an average of: 5
Performance: File TEST-org.scijava.script.ScriptServiceTest.xml reported 0.0% of errors [SUCCESS]. Build status is: FAILURE



TEST-org.scijava.service.ServiceIndexTest.xml has an average of: 6
Performance: File TEST-org.scijava.service.ServiceIndexTest.xml reported 0.0% of errors [SUCCESS]. Build status is: FAILURE



TEST-org.scijava.test.TestUtilsTest.xml has an average of: 1
Performance: File TEST-org.scijava.test.TestUtilsTest.xml reported 0.0% of errors [SUCCESS]. Build status is: FAILURE



TEST-org.scijava.thread.ThreadServiceTest.xml has an average of: 3
Performance: File TEST-org.scijava.thread.ThreadServiceTest.xml reported 0.0% of errors [SUCCESS]. Build status is: FAILURE



TEST-org.scijava.util.AppUtilsTest.xml has an average of: 0
Performance: File TEST-org.scijava.util.AppUtilsTest.xml reported 0.0% of errors [SUCCESS]. Build status is: FAILURE



TEST-org.scijava.util.ArrayUtilsTest.xml has an average of: 0
Performance: File TEST-org.scijava.util.ArrayUtilsTest.xml reported 0.0% of errors [SUCCESS]. Build status is: FAILURE



TEST-org.scijava.util.BoolArrayTest.xml has an average of: 0
Performance: File TEST-org.scijava.util.BoolArrayTest.xml reported 0.0% of errors [SUCCESS]. Build status is: FAILURE



TEST-org.scijava.util.ByteArrayTest.xml has an average of: 0
Performance: File TEST-org.scijava.util.ByteArrayTest.xml reported 0.0% of errors [SUCCESS]. Build status is: FAILURE



TEST-org.scijava.util.CharArrayTest.xml has an average of: 0
Performance: File TEST-org.scijava.util.CharArrayTest.xml reported 0.0% of errors [SUCCESS]. Build status is: FAILURE



TEST-org.scijava.util.ClassUtilsTest.xml has an average of: 1
Performance: File TEST-org.scijava.util.ClassUtilsTest.xml reported 0.0% of errors [SUCCESS]. Build status is: FAILURE



TEST-org.scijava.util.ColorRGBTest.xml has an average of: 0
Performance: File TEST-org.scijava.util.ColorRGBTest.xml reported 0.0% of errors [SUCCESS]. Build status is: FAILURE



TEST-org.scijava.util.ConversionUtilsTest.xml has an average of: 0
Performance: File TEST-org.scijava.util.ConversionUtilsTest.xml reported 0.0% of errors [SUCCESS]. Build status is: FAILURE



TEST-org.scijava.util.DigestUtilsTest.xml has an average of: 0
Performance: File TEST-org.scijava.util.DigestUtilsTest.xml reported 0.0% of errors [SUCCESS]. Build status is: FAILURE



TEST-org.scijava.util.DoubleArrayTest.xml has an average of: 0
Performance: File TEST-org.scijava.util.DoubleArrayTest.xml reported 0.0% of errors [SUCCESS]. Build status is: FAILURE



TEST-org.scijava.util.FileUtilsTest.xml has an average of: 1
Performance: File TEST-org.scijava.util.FileUtilsTest.xml reported 0.0% of errors [SUCCESS]. Build status is: FAILURE



TEST-org.scijava.util.FloatArrayTest.xml has an average of: 0
Performance: File TEST-org.scijava.util.FloatArrayTest.xml reported 0.0% of errors [SUCCESS]. Build status is: FAILURE



TEST-org.scijava.util.GenericUtilsTest.xml has an average of: 0
Performance: File TEST-org.scijava.util.GenericUtilsTest.xml reported 0.0% of errors [SUCCESS]. Build status is: FAILURE



TEST-org.scijava.util.IntArrayTest.xml has an average of: 0
Performance: File TEST-org.scijava.util.IntArrayTest.xml reported 0.0% of errors [SUCCESS]. Build status is: FAILURE



TEST-org.scijava.util.LastRecentlyUsedTest.xml has an average of: 0
Performance: File TEST-org.scijava.util.LastRecentlyUsedTest.xml reported 0.0% of errors [SUCCESS]. Build status is: FAILURE



TEST-org.scijava.util.LongArrayTest.xml has an average of: 0
Performance: File TEST-org.scijava.util.LongArrayTest.xml reported 0.0% of errors [SUCCESS]. Build status is: FAILURE



TEST-org.scijava.util.ObjectArrayTest.xml has an average of: 0
Performance: File TEST-org.scijava.util.ObjectArrayTest.xml reported 0.0% of errors [SUCCESS]. Build status is: FAILURE



TEST-org.scijava.util.POMTest.xml has an average of: 10
Performance: File TEST-org.scijava.util.POMTest.xml reported 0.0% of errors [SUCCESS]. Build status is: FAILURE



TEST-org.scijava.util.ProcessUtilsTest.xml has an average of: 51
Performance: File TEST-org.scijava.util.ProcessUtilsTest.xml reported 0.0% of errors [SUCCESS]. Build status is: FAILURE



TEST-org.scijava.util.ShortArrayTest.xml has an average of: 0
Performance: File TEST-org.scijava.util.ShortArrayTest.xml reported 0.0% of errors [SUCCESS]. Build status is: FAILURE



TEST-org.scijava.util.UnitUtilsTest.xml has an average of: 4
Performance: File TEST-org.scijava.util.UnitUtilsTest.xml reported 0.0% of errors [SUCCESS]. Build status is: FAILURE





From jenkins at imagej.net  Thu Aug 25 13:00:12 2016
From: jenkins at imagej.net (jenkins at imagej.net)
Date: Thu, 25 Aug 2016 13:00:12 -0500 (CDT)
Subject: [ImageJ-builds] Jenkins build is back to normal : SciJava-common
	#1064
In-Reply-To: <1792270775.170.1472146015421.JavaMail.jenkins@dev>
References: <1792270775.170.1472146015421.JavaMail.jenkins@dev>
Message-ID: <2121147010.171.1472148012091.JavaMail.jenkins@dev>

See <http://jenkins.imagej.net/job/SciJava-common/1064/changes>



From jenkins at imagej.net  Sat Aug 27 05:54:34 2016
From: jenkins at imagej.net (jenkins at imagej.net)
Date: Sat, 27 Aug 2016 05:54:34 -0500 (CDT)
Subject: [ImageJ-builds] Build failed in Jenkins: Validate-javadoc #506
Message-ID: <1705028549.172.1472295274010.JavaMail.jenkins@dev>

See <http://jenkins.imagej.net/job/Validate-javadoc/506/>

------------------------------------------
Started by upstream project "SciJava-javadoc" build number 47
originally caused by:
 Started by timer
Building on master in workspace <http://jenkins.imagej.net/job/Validate-javadoc/ws/>
 > git rev-parse --is-inside-work-tree # timeout=10
Fetching changes from the remote Git repository
 > git config remote.origin.url git://github.com/imagej/imagej-javadoc # timeout=10
Fetching upstream changes from git://github.com/imagej/imagej-javadoc
 > git --version # timeout=10
 > git -c core.askpass=true fetch --tags --progress git://github.com/imagej/imagej-javadoc +refs/heads/*:refs/remotes/origin/*
 > git rev-parse origin/master^{commit} # timeout=10
Checking out Revision 8cffdfa07c7406ebc8152cbdb84213d8a9774ff8 (origin/master)
 > git config core.sparsecheckout # timeout=10
 > git checkout -f 8cffdfa07c7406ebc8152cbdb84213d8a9774ff8
 > git rev-list 8cffdfa07c7406ebc8152cbdb84213d8a9774ff8 # timeout=10
[workspace] $ /bin/sh -xe /tmp/hudson5752828138984175469.sh
+ cram tests
!
--- proxies.t
+++ proxies.t.err
@@ -21,7 +21,7 @@
   $ curl -Is http://javadoc.imagej.net/Micro-Manager-Studio/index.html | head -n 1
   HTTP/1.1 200 OK
   $ curl -Is http://javadoc.imagej.net/KNIME/index.html | head -n 1
-  HTTP/1.1 200 OK
+  HTTP/1.1 503 Service Unavailable
   $ curl -Is http://javadoc.imagej.net/OMERO/index.html | head -n 1
   HTTP/1.1 200 OK
   $ curl -Is http://javadoc.imagej.net/Icy/index.html | head -n 1

# Ran 1 tests, 0 skipped, 1 failed.
Build step 'Execute shell' marked build as failure


From jenkins at imagej.net  Tue Aug 30 00:36:38 2016
From: jenkins at imagej.net (jenkins at imagej.net)
Date: Tue, 30 Aug 2016 00:36:38 -0500 (CDT)
Subject: [ImageJ-builds] Build failed in Jenkins: Validate-javadoc #507
In-Reply-To: <1705028549.172.1472295274010.JavaMail.jenkins@dev>
References: <1705028549.172.1472295274010.JavaMail.jenkins@dev>
Message-ID: <1681225515.173.1472535398606.JavaMail.jenkins@dev>

See <http://jenkins.imagej.net/job/Validate-javadoc/507/>

------------------------------------------
Started by upstream project "ImageJ-javadoc" build number 130
originally caused by:
 Started by timer
Building on master in workspace <http://jenkins.imagej.net/job/Validate-javadoc/ws/>
 > git rev-parse --is-inside-work-tree # timeout=10
Fetching changes from the remote Git repository
 > git config remote.origin.url git://github.com/imagej/imagej-javadoc # timeout=10
Fetching upstream changes from git://github.com/imagej/imagej-javadoc
 > git --version # timeout=10
 > git -c core.askpass=true fetch --tags --progress git://github.com/imagej/imagej-javadoc +refs/heads/*:refs/remotes/origin/*
 > git rev-parse origin/master^{commit} # timeout=10
Checking out Revision 8cffdfa07c7406ebc8152cbdb84213d8a9774ff8 (origin/master)
 > git config core.sparsecheckout # timeout=10
 > git checkout -f 8cffdfa07c7406ebc8152cbdb84213d8a9774ff8
 > git rev-list 8cffdfa07c7406ebc8152cbdb84213d8a9774ff8 # timeout=10
[workspace] $ /bin/sh -xe /tmp/hudson7066798116726901477.sh
+ cram tests
!
--- proxies.t
+++ proxies.t.err
@@ -51,7 +51,7 @@
   $ curl -Is http://javadoc.imagej.net/Apache-Commons-Math/index.html | head -n 1
   HTTP/1.1 200 OK
   $ curl -Is http://javadoc.imagej.net/JFreeChart/index.html | head -n 1
-  HTTP/1.1 200 OK
+  HTTP/1.1 503 Service Unavailable
   $ curl -Is http://javadoc.imagej.net/JGraphT/ | head -n 1
   HTTP/1.1 302 Found
   $ curl -Is http://javadoc.imagej.net/Java6/index.html | head -n 1

# Ran 1 tests, 0 skipped, 1 failed.
Build step 'Execute shell' marked build as failure


From jenkins at imagej.net  Tue Aug 30 19:15:17 2016
From: jenkins at imagej.net (jenkins at imagej.net)
Date: Tue, 30 Aug 2016 19:15:17 -0500 (CDT)
Subject: [ImageJ-builds] Jenkins build is back to normal : Validate-javadoc
	#508
In-Reply-To: <1681225515.173.1472535398606.JavaMail.jenkins@dev>
References: <1681225515.173.1472535398606.JavaMail.jenkins@dev>
Message-ID: <1064688089.174.1472602517035.JavaMail.jenkins@dev>

See <http://jenkins.imagej.net/job/Validate-javadoc/508/>



