From jenkins at imagej.net  Thu Feb  2 16:30:03 2017
From: jenkins at imagej.net (jenkins at imagej.net)
Date: Thu, 02 Feb 2017 16:30:03 -0600 (CST)
Subject: [ImageJ-builds] Build failed in Jenkins: scripting-Groovy #29
Message-ID: <921899072.575.1486074603259.JavaMail.jenkins@dev>

See <http://jenkins.imagej.net/job/scripting-Groovy/29/changes>

Changes:

[Curtis Rueden] Update Groovy + add ivy package, needed for Grape

[Curtis Rueden] Update parent to org.scijava:pom-scijava:13.0.0

[Curtis Rueden] Happy New Year 2017

------------------------------------------
[...truncated 1367 lines...]
3741/4448 KB   
3745/4448 KB   
3749/4448 KB   
3753/4448 KB   
3756/4448 KB   
3760/4448 KB   
3764/4448 KB   
3765/4448 KB   
3769/4448 KB   
3773/4448 KB   
3777/4448 KB   
3778/4448 KB   
3782/4448 KB   
3786/4448 KB   
3790/4448 KB   
3794/4448 KB   
3798/4448 KB   
3802/4448 KB   
3806/4448 KB   
3806/4448 KB   
3810/4448 KB   
3814/4448 KB   
3818/4448 KB   
3822/4448 KB   
3826/4448 KB   
3829/4448 KB   
3833/4448 KB   
3837/4448 KB   
3841/4448 KB   
3845/4448 KB   
3849/4448 KB   
3853/4448 KB   
3857/4448 KB   
3857/4448 KB   
3861/4448 KB   
3865/4448 KB   
3869/4448 KB   
3873/4448 KB   
3877/4448 KB   
3881/4448 KB   
3885/4448 KB   
3886/4448 KB   
3890/4448 KB   
3893/4448 KB   
3897/4448 KB   
3901/4448 KB   
3905/4448 KB   
3909/4448 KB   
3913/4448 KB   
3917/4448 KB   
3921/4448 KB   
3921/4448 KB   
3925/4448 KB   
3929/4448 KB   
3933/4448 KB   
3937/4448 KB   
3941/4448 KB   
3945/4448 KB   
3949/4448 KB   
3949/4448 KB   
3953/4448 KB   
3956/4448 KB   
3960/4448 KB   
3964/4448 KB   
3968/4448 KB   
3972/4448 KB   
3976/4448 KB   
3980/4448 KB   
3984/4448 KB   
3985/4448 KB   
3989/4448 KB   
3993/4448 KB   
3997/4448 KB   
4001/4448 KB   
4005/4448 KB   
4009/4448 KB   
4013/4448 KB   
4017/4448 KB   
4020/4448 KB   
4024/4448 KB   
4028/4448 KB   
4032/4448 KB   
4036/4448 KB   
4040/4448 KB   
4044/4448 KB   
4048/4448 KB   
4048/4448 KB   
4052/4448 KB   
4056/4448 KB   
4060/4448 KB   
4064/4448 KB   
4068/4448 KB   
4072/4448 KB   
4076/4448 KB   
4077/4448 KB   
4081/4448 KB   
4083/4448 KB   
4087/4448 KB   
4091/4448 KB   
4095/4448 KB   
4099/4448 KB   
4103/4448 KB   
4107/4448 KB   
4111/4448 KB   
4112/4448 KB   
4116/4448 KB   
4120/4448 KB   
4124/4448 KB   
4128/4448 KB   
4132/4448 KB   
4136/4448 KB   
4140/4448 KB   
4140/4448 KB   
4144/4448 KB   
4148/4448 KB   
4152/4448 KB   
4156/4448 KB   
4160/4448 KB   
4164/4448 KB   
4166/4448 KB   
4170/4448 KB   
4174/4448 KB   
4178/4448 KB   
4182/4448 KB   
4186/4448 KB   
4190/4448 KB   
4194/4448 KB   
4196/4448 KB   
4200/4448 KB   
4204/4448 KB   
4208/4448 KB   
4211/4448 KB   
4215/4448 KB   
4219/4448 KB   
4223/4448 KB   
4227/4448 KB   
4231/4448 KB   
4235/4448 KB   
4239/4448 KB   
4240/4448 KB   
4244/4448 KB   
4248/4448 KB   
4252/4448 KB   
4256/4448 KB   
4260/4448 KB   
4263/4448 KB   
4267/4448 KB   
4271/4448 KB   
4274/4448 KB   
4278/4448 KB   
4282/4448 KB   
4286/4448 KB   
4290/4448 KB   
4294/4448 KB   
4298/4448 KB   
4302/4448 KB   
4304/4448 KB   
4308/4448 KB   
4312/4448 KB   
4316/4448 KB   
4320/4448 KB   
4324/4448 KB   
4328/4448 KB   
4332/4448 KB   
4334/4448 KB   
4338/4448 KB   
4338/4448 KB   
4342/4448 KB   
4346/4448 KB   
4350/4448 KB   
4354/4448 KB   
4358/4448 KB   
4362/4448 KB   
4366/4448 KB   
4366/4448 KB   
4370/4448 KB   
4374/4448 KB   
4378/4448 KB   
4382/4448 KB   
4386/4448 KB   
4390/4448 KB   
4394/4448 KB   
4397/4448 KB   
4401/4448 KB   
4405/4448 KB   
4407/4448 KB   
4411/4448 KB   
4415/4448 KB   
4419/4448 KB   
4423/4448 KB   
4427/4448 KB   
4431/4448 KB   
4433/4448 KB   
4437/4448 KB   
4441/4448 KB   
4445/4448 KB   
4448/4448 KB   
               
Downloaded: http://repo.maven.apache.org/maven2/org/codehaus/groovy/groovy/2.4.8/groovy-2.4.8.jar (4448 KB at 11462.0 KB/sec)
[INFO] 
[INFO] --- maven-enforcer-plugin:1.4.1:enforce (enforce-rules) @ scripting-groovy ---
[INFO] 
[INFO] --- build-helper-maven-plugin:1.12:regex-property (sanitize-version) @ scripting-groovy ---
[INFO] 
[INFO] --- buildnumber-maven-plugin:1.4:create (default) @ scripting-groovy ---
[INFO] Executing: /bin/sh -c cd '/data/devel/jenkins-maven/workspace/scripting-Groovy' && 'git' 'rev-parse' '--verify' 'HEAD'
[INFO] Working directory: /data/devel/jenkins-maven/workspace/scripting-Groovy
[INFO] Storing buildNumber: 10c61c408f2a1480c17977137485005f3d0daf2c at timestamp: 1486074602421
[WARNING] Cannot get the branch information from the git repository: 
Detecting the current branch failed: fatal: ref HEAD is not a symbolic ref

[INFO] Executing: /bin/sh -c cd '/data/devel/jenkins-maven/workspace/scripting-Groovy' && 'git' 'rev-parse' '--verify' 'HEAD'
[INFO] Working directory: /data/devel/jenkins-maven/workspace/scripting-Groovy
[INFO] Storing buildScmBranch: UNKNOWN
[INFO] 
[INFO] --- scijava-maven-plugin:1.0.0:set-rootdir (set-rootdir) @ scripting-groovy ---
[INFO] Setting rootdir: /data/devel/jenkins-maven/workspace/scripting-Groovy
[INFO] 
[INFO] --- maven-resources-plugin:3.0.1:resources (default-resources) @ scripting-groovy ---
[INFO] Using 'UTF-8' encoding to copy filtered resources.
[INFO] Copying 3 resources
[INFO] 
[INFO] --- maven-compiler-plugin:3.5.1:compile (default-compile) @ scripting-groovy ---
[INFO] Compiling 3 source files to /data/devel/jenkins-maven/workspace/scripting-Groovy/target/classes
[INFO] ------------------------------------------------------------------------
[INFO] BUILD FAILURE
[INFO] ------------------------------------------------------------------------
[INFO] Total time: 4.556s
[INFO] Finished at: Thu Feb 02 16:30:02 CST 2017
[INFO] Final Memory: 18M/455M
[INFO] ------------------------------------------------------------------------
[ERROR] Failed to execute goal org.apache.maven.plugins:maven-compiler-plugin:3.5.1:compile (default-compile) on project scripting-groovy: Fatal error compiling: invalid target release: 1.8 -> [Help 1]
[ERROR] 
[ERROR] To see the full stack trace of the errors, re-run Maven with the -e switch.
[ERROR] Re-run Maven using the -X switch to enable full debug logging.
[ERROR] 
[ERROR] For more information about the errors and possible solutions, please read the following articles:
[ERROR] [Help 1] http://cwiki.apache.org/confluence/display/MAVEN/MojoExecutionException
Build step 'Invoke top-level Maven targets' marked build as failure
Archiving artifacts
Publishing Javadoc
Recording test results
ERROR: Step ‘Publish JUnit test result report’ failed: No test report files were found. Configuration error?
Performance: Percentage of errors greater or equal than 0% sets the build as unstable
Performance: Percentage of errors greater or equal than 0% sets the build as failure



Performance: Recording JUnit reports '**/TEST-*.xml'


From jenkins at imagej.net  Thu Feb  2 16:31:22 2017
From: jenkins at imagej.net (jenkins at imagej.net)
Date: Thu, 02 Feb 2017 16:31:22 -0600 (CST)
Subject: [ImageJ-builds] Jenkins build is back to normal : scripting-Groovy
	#30
In-Reply-To: <921899072.575.1486074603259.JavaMail.jenkins@dev>
References: <921899072.575.1486074603259.JavaMail.jenkins@dev>
Message-ID: <1424903367.576.1486074682798.JavaMail.jenkins@dev>

See <http://jenkins.imagej.net/job/scripting-Groovy/30/>



From jenkins at imagej.net  Fri Feb  3 02:31:20 2017
From: jenkins at imagej.net (jenkins at imagej.net)
Date: Fri, 03 Feb 2017 02:31:20 -0600 (CST)
Subject: [ImageJ-builds] Build failed in Jenkins: Validate-javadoc #686
Message-ID: <296102576.580.1486110680499.JavaMail.jenkins@dev>

See <http://jenkins.imagej.net/job/Validate-javadoc/686/>

------------------------------------------
Started by upstream project "ImgLib2-javadoc" build number 61
originally caused by:
 Started by timer
Building on master in workspace <http://jenkins.imagej.net/job/Validate-javadoc/ws/>
 > git rev-parse --is-inside-work-tree # timeout=10
Fetching changes from the remote Git repository
 > git config remote.origin.url git://github.com/imagej/imagej-javadoc # timeout=10
Fetching upstream changes from git://github.com/imagej/imagej-javadoc
 > git --version # timeout=10
 > git -c core.askpass=true fetch --tags --progress git://github.com/imagej/imagej-javadoc +refs/heads/*:refs/remotes/origin/*
 > git rev-parse origin/master^{commit} # timeout=10
Checking out Revision 740f941ddc1a6a5dfd545630b5075a47acc636e3 (origin/master)
 > git config core.sparsecheckout # timeout=10
 > git checkout -f 740f941ddc1a6a5dfd545630b5075a47acc636e3
 > git rev-list 740f941ddc1a6a5dfd545630b5075a47acc636e3 # timeout=10
[workspace] $ /bin/sh -xe /tmp/hudson5399576988487241663.sh
+ cram tests
!
--- proxies.t
+++ proxies.t.err
@@ -17,9 +17,9 @@
   $ curl -Is http://javadoc.imagej.net/SLIM-Curve/index.html | head -n 1
   HTTP/1.1 200 OK
   $ curl -Is http://javadoc.imagej.net/Micro-Manager-Core/index.html | head -n 1
-  HTTP/1.1 200 OK
+  HTTP/1.1 503 Service Unavailable
   $ curl -Is http://javadoc.imagej.net/Micro-Manager-Studio/index.html | head -n 1
-  HTTP/1.1 200 OK
+  HTTP/1.1 503 Service Unavailable
   $ curl -Is http://javadoc.imagej.net/KNIME/index.html | head -n 1
   HTTP/1.1 200 OK
   $ curl -Is http://javadoc.imagej.net/OMERO/index.html | head -n 1

# Ran 1 tests, 0 skipped, 1 failed.
Build step 'Execute shell' marked build as failure


From jenkins at imagej.net  Fri Feb  3 04:42:57 2017
From: jenkins at imagej.net (jenkins at imagej.net)
Date: Fri, 03 Feb 2017 04:42:57 -0600 (CST)
Subject: [ImageJ-builds] Build failed in Jenkins: Validate-javadoc #687
In-Reply-To: <296102576.580.1486110680499.JavaMail.jenkins@dev>
References: <296102576.580.1486110680499.JavaMail.jenkins@dev>
Message-ID: <917489000.581.1486118577383.JavaMail.jenkins@dev>

See <http://jenkins.imagej.net/job/Validate-javadoc/687/>

------------------------------------------
Started by upstream project "LOCI-javadoc" build number 62
originally caused by:
 Started by timer
Building on master in workspace <http://jenkins.imagej.net/job/Validate-javadoc/ws/>
 > git rev-parse --is-inside-work-tree # timeout=10
Fetching changes from the remote Git repository
 > git config remote.origin.url git://github.com/imagej/imagej-javadoc # timeout=10
Fetching upstream changes from git://github.com/imagej/imagej-javadoc
 > git --version # timeout=10
 > git -c core.askpass=true fetch --tags --progress git://github.com/imagej/imagej-javadoc +refs/heads/*:refs/remotes/origin/*
 > git rev-parse origin/master^{commit} # timeout=10
Checking out Revision 740f941ddc1a6a5dfd545630b5075a47acc636e3 (origin/master)
 > git config core.sparsecheckout # timeout=10
 > git checkout -f 740f941ddc1a6a5dfd545630b5075a47acc636e3
 > git rev-list 740f941ddc1a6a5dfd545630b5075a47acc636e3 # timeout=10
[workspace] $ /bin/sh -xe /tmp/hudson4802048235206215760.sh
+ cram tests
!
--- proxies.t
+++ proxies.t.err
@@ -17,9 +17,9 @@
   $ curl -Is http://javadoc.imagej.net/SLIM-Curve/index.html | head -n 1
   HTTP/1.1 200 OK
   $ curl -Is http://javadoc.imagej.net/Micro-Manager-Core/index.html | head -n 1
-  HTTP/1.1 200 OK
+  HTTP/1.1 503 Service Unavailable
   $ curl -Is http://javadoc.imagej.net/Micro-Manager-Studio/index.html | head -n 1
-  HTTP/1.1 200 OK
+  HTTP/1.1 503 Service Unavailable
   $ curl -Is http://javadoc.imagej.net/KNIME/index.html | head -n 1
   HTTP/1.1 200 OK
   $ curl -Is http://javadoc.imagej.net/OMERO/index.html | head -n 1

# Ran 1 tests, 0 skipped, 1 failed.
Build step 'Execute shell' marked build as failure


From jenkins at imagej.net  Sat Feb  4 05:50:08 2017
From: jenkins at imagej.net (jenkins at imagej.net)
Date: Sat, 04 Feb 2017 05:50:08 -0600 (CST)
Subject: [ImageJ-builds] Build failed in Jenkins: SciJava-javadoc #71
Message-ID: <648606360.583.1486209008175.JavaMail.jenkins@dev>

See <http://jenkins.imagej.net/job/SciJava-javadoc/71/>

------------------------------------------
Started by timer
Building remotely on maven in workspace <http://jenkins.imagej.net/job/SciJava-javadoc/ws/>
 > git rev-parse --is-inside-work-tree # timeout=10
Fetching changes from the remote Git repository
 > git config remote.origin.url git://github.com/scijava/scijava-javadoc # timeout=10
Fetching upstream changes from git://github.com/scijava/scijava-javadoc
 > git --version # timeout=10
 > git -c core.askpass=true fetch --tags --progress git://github.com/scijava/scijava-javadoc +refs/heads/*:refs/remotes/origin/*
 > git rev-parse origin/master^{commit} # timeout=10
Checking out Revision 6dcbab57bf2e3fcc3793e69c1efdd68ea9c43ed9 (origin/master)
 > git config core.sparsecheckout # timeout=10
 > git checkout -f 6dcbab57bf2e3fcc3793e69c1efdd68ea9c43ed9
 > git rev-list 6dcbab57bf2e3fcc3793e69c1efdd68ea9c43ed9 # timeout=10
[SciJava-javadoc] $ mvn -U -Denforcer.skip -Pbuild-javadoc
OpenJDK 64-Bit Server VM warning: ignoring option MaxPermSize=256m; support was removed in 8.0
[INFO] Scanning for projects...
Downloading: http://maven.imagej.net/content/groups/public/org/scijava/pom-scijava/maven-metadata.xml
Downloading: http://repo.maven.apache.org/maven2/org/scijava/pom-scijava/maven-metadata.xml
4/5 KB   
5/5 KB   
         
Downloaded: http://repo.maven.apache.org/maven2/org/scijava/pom-scijava/maven-metadata.xml (5 KB at 7.4 KB/sec)
4/9 KB   
8/9 KB   
9/9 KB   
         
Downloaded: http://maven.imagej.net/content/groups/public/org/scijava/pom-scijava/maven-metadata.xml (9 KB at 9.0 KB/sec)
[ERROR] The build could not read 1 project -> [Help 1]
[ERROR]   
[ERROR]   The project org.scijava:scijava-javadoc:1.0.0-SNAPSHOT (/data/devel/jenkins-maven/workspace/SciJava-javadoc/pom.xml) has 1 error
[ERROR]     'dependencies.dependency.version' for org.scijava:scijava-expression-parser:jar is missing. @ line 107, column 15
[ERROR] 
[ERROR] To see the full stack trace of the errors, re-run Maven with the -e switch.
[ERROR] Re-run Maven using the -X switch to enable full debug logging.
[ERROR] 
[ERROR] For more information about the errors and possible solutions, please read the following articles:
[ERROR] [Help 1] http://cwiki.apache.org/confluence/display/MAVEN/ProjectBuildingException
Build step 'Invoke top-level Maven targets' marked build as failure
Publishing Javadoc


From jenkins at imagej.net  Sat Feb  4 15:19:52 2017
From: jenkins at imagej.net (jenkins at imagej.net)
Date: Sat, 04 Feb 2017 15:19:52 -0600 (CST)
Subject: [ImageJ-builds] Jenkins build is back to normal : SciJava-javadoc
	#72
In-Reply-To: <648606360.583.1486209008175.JavaMail.jenkins@dev>
References: <648606360.583.1486209008175.JavaMail.jenkins@dev>
Message-ID: <121589954.584.1486243192167.JavaMail.jenkins@dev>

See <http://jenkins.imagej.net/job/SciJava-javadoc/72/changes>



From jenkins at imagej.net  Sat Feb  4 15:20:15 2017
From: jenkins at imagej.net (jenkins at imagej.net)
Date: Sat, 04 Feb 2017 15:20:15 -0600 (CST)
Subject: [ImageJ-builds] Jenkins build is back to normal : Validate-javadoc
	#688
In-Reply-To: <917489000.581.1486118577383.JavaMail.jenkins@dev>
References: <917489000.581.1486118577383.JavaMail.jenkins@dev>
Message-ID: <1086174306.585.1486243215456.JavaMail.jenkins@dev>

See <http://jenkins.imagej.net/job/Validate-javadoc/688/>



From jenkins at imagej.net  Thu Feb  9 13:26:47 2017
From: jenkins at imagej.net (jenkins at imagej.net)
Date: Thu, 09 Feb 2017 13:26:47 -0600 (CST)
Subject: [ImageJ-builds] Build failed in Jenkins: Validate-javadoc #693
Message-ID: <210734591.590.1486668407496.JavaMail.jenkins@dev>

See <http://jenkins.imagej.net/job/Validate-javadoc/693/>

------------------------------------------
Started by upstream project "SLIM-curve-javadoc" build number 58
originally caused by:
 Started by timer
Building on master in workspace <http://jenkins.imagej.net/job/Validate-javadoc/ws/>
 > git rev-parse --is-inside-work-tree # timeout=10
Fetching changes from the remote Git repository
 > git config remote.origin.url git://github.com/imagej/imagej-javadoc # timeout=10
Fetching upstream changes from git://github.com/imagej/imagej-javadoc
 > git --version # timeout=10
 > git -c core.askpass=true fetch --tags --progress git://github.com/imagej/imagej-javadoc +refs/heads/*:refs/remotes/origin/*
 > git rev-parse origin/master^{commit} # timeout=10
Checking out Revision 740f941ddc1a6a5dfd545630b5075a47acc636e3 (origin/master)
 > git config core.sparsecheckout # timeout=10
 > git checkout -f 740f941ddc1a6a5dfd545630b5075a47acc636e3
 > git rev-list 740f941ddc1a6a5dfd545630b5075a47acc636e3 # timeout=10
[workspace] $ /bin/sh -xe /tmp/hudson3936004966489125607.sh
+ cram tests
!
--- proxies.t
+++ proxies.t.err
@@ -17,9 +17,9 @@
   $ curl -Is http://javadoc.imagej.net/SLIM-Curve/index.html | head -n 1
   HTTP/1.1 200 OK
   $ curl -Is http://javadoc.imagej.net/Micro-Manager-Core/index.html | head -n 1
-  HTTP/1.1 200 OK
+  HTTP/1.1 503 Service Unavailable
   $ curl -Is http://javadoc.imagej.net/Micro-Manager-Studio/index.html | head -n 1
-  HTTP/1.1 200 OK
+  HTTP/1.1 503 Service Unavailable
   $ curl -Is http://javadoc.imagej.net/KNIME/index.html | head -n 1
   HTTP/1.1 200 OK
   $ curl -Is http://javadoc.imagej.net/OMERO/index.html | head -n 1
@@ -27,9 +27,9 @@
   $ curl -Is http://javadoc.imagej.net/Icy/index.html | head -n 1
   HTTP/1.1 200 OK
   $ curl -Is http://javadoc.imagej.net/Alida/index.html | head -n 1
-  HTTP/1.1 200 OK
+  HTTP/1.1 503 Service Unavailable
   $ curl -Is http://javadoc.imagej.net/MiToBo/index.html | head -n 1
-  HTTP/1.1 200 OK
+  HTTP/1.1 503 Service Unavailable
   $ curl -Is http://javadoc.imagej.net/Eclipse/ | head -n 1
   HTTP/1.1 302 Found
   $ curl -Is http://javadoc.imagej.net/NetBeans/index.html | head -n 1
@@ -101,7 +101,7 @@
   $ curl -Is http://javadoc.imagej.net/Alida | head -n 1
   HTTP/1.1 301 Moved Permanently
   $ curl -Is http://javadoc.imagej.net/MiToBo | head -n 1
-  HTTP/1.1 301 Moved Permanently
+  HTTP/1.1 503 Service Unavailable
   $ curl -Is http://javadoc.imagej.net/Eclipse | head -n 1
   HTTP/1.1 301 Moved Permanently
   $ curl -Is http://javadoc.imagej.net/NetBeans | head -n 1

# Ran 1 tests, 0 skipped, 1 failed.
Build step 'Execute shell' marked build as failure


From jenkins at imagej.net  Fri Feb 10 02:35:40 2017
From: jenkins at imagej.net (jenkins at imagej.net)
Date: Fri, 10 Feb 2017 02:35:40 -0600 (CST)
Subject: [ImageJ-builds] Build failed in Jenkins: Validate-javadoc #694
In-Reply-To: <210734591.590.1486668407496.JavaMail.jenkins@dev>
References: <210734591.590.1486668407496.JavaMail.jenkins@dev>
Message-ID: <59074698.592.1486715740865.JavaMail.jenkins@dev>

See <http://jenkins.imagej.net/job/Validate-javadoc/694/>

------------------------------------------
Started by upstream project "ImgLib2-javadoc" build number 62
originally caused by:
 Started by timer
Building on master in workspace <http://jenkins.imagej.net/job/Validate-javadoc/ws/>
 > git rev-parse --is-inside-work-tree # timeout=10
Fetching changes from the remote Git repository
 > git config remote.origin.url git://github.com/imagej/imagej-javadoc # timeout=10
Fetching upstream changes from git://github.com/imagej/imagej-javadoc
 > git --version # timeout=10
 > git -c core.askpass=true fetch --tags --progress git://github.com/imagej/imagej-javadoc +refs/heads/*:refs/remotes/origin/*
 > git rev-parse origin/master^{commit} # timeout=10
Checking out Revision 740f941ddc1a6a5dfd545630b5075a47acc636e3 (origin/master)
 > git config core.sparsecheckout # timeout=10
 > git checkout -f 740f941ddc1a6a5dfd545630b5075a47acc636e3
 > git rev-list 740f941ddc1a6a5dfd545630b5075a47acc636e3 # timeout=10
[workspace] $ /bin/sh -xe /tmp/hudson1270516082141152174.sh
+ cram tests
!
--- proxies.t
+++ proxies.t.err
@@ -27,9 +27,9 @@
   $ curl -Is http://javadoc.imagej.net/Icy/index.html | head -n 1
   HTTP/1.1 200 OK
   $ curl -Is http://javadoc.imagej.net/Alida/index.html | head -n 1
-  HTTP/1.1 200 OK
+  HTTP/1.1 503 Service Unavailable
   $ curl -Is http://javadoc.imagej.net/MiToBo/index.html | head -n 1
-  HTTP/1.1 200 OK
+  HTTP/1.1 503 Service Unavailable
   $ curl -Is http://javadoc.imagej.net/Eclipse/ | head -n 1
   HTTP/1.1 302 Found
   $ curl -Is http://javadoc.imagej.net/NetBeans/index.html | head -n 1
@@ -101,7 +101,7 @@
   $ curl -Is http://javadoc.imagej.net/Alida | head -n 1
   HTTP/1.1 301 Moved Permanently
   $ curl -Is http://javadoc.imagej.net/MiToBo | head -n 1
-  HTTP/1.1 301 Moved Permanently
+  HTTP/1.1 503 Service Unavailable
   $ curl -Is http://javadoc.imagej.net/Eclipse | head -n 1
   HTTP/1.1 301 Moved Permanently
   $ curl -Is http://javadoc.imagej.net/NetBeans | head -n 1

# Ran 1 tests, 0 skipped, 1 failed.
Build step 'Execute shell' marked build as failure


From jenkins at imagej.net  Fri Feb 10 04:38:38 2017
From: jenkins at imagej.net (jenkins at imagej.net)
Date: Fri, 10 Feb 2017 04:38:38 -0600 (CST)
Subject: [ImageJ-builds] Jenkins build is back to normal : Validate-javadoc
	#695
In-Reply-To: <59074698.592.1486715740865.JavaMail.jenkins@dev>
References: <59074698.592.1486715740865.JavaMail.jenkins@dev>
Message-ID: <363337821.593.1486723118364.JavaMail.jenkins@dev>

See <http://jenkins.imagej.net/job/Validate-javadoc/695/>



From jenkins at imagej.net  Mon Feb 13 05:58:36 2017
From: jenkins at imagej.net (jenkins at imagej.net)
Date: Mon, 13 Feb 2017 05:58:36 -0600 (CST)
Subject: [ImageJ-builds] Build failed in Jenkins: ImageJ-scripting #48
Message-ID: <199963071.599.1486987116486.JavaMail.jenkins@dev>

See <http://jenkins.imagej.net/job/ImageJ-scripting/48/changes>

Changes:

[bnorthan] Add tests for several scripts

[hadrien.mary] Reorganize scripts by folder

------------------------------------------
Started by an SCM change
Building remotely on maven in workspace <http://jenkins.imagej.net/job/ImageJ-scripting/ws/>
 > git rev-parse --is-inside-work-tree # timeout=10
Fetching changes from the remote Git repository
 > git config remote.origin.url git://github.com/imagej/imagej-scripting # timeout=10
Fetching upstream changes from git://github.com/imagej/imagej-scripting
 > git --version # timeout=10
 > git -c core.askpass=true fetch --tags --progress git://github.com/imagej/imagej-scripting +refs/heads/master:refs/remotes/origin/master
 > git rev-parse origin/master^{commit} # timeout=10
Checking out Revision 61a86f055e345e0ed0480a3c4bd458cb7bdf536f (origin/master)
 > git config core.sparsecheckout # timeout=10
 > git checkout -f 61a86f055e345e0ed0480a3c4bd458cb7bdf536f
 > git rev-list 53f1d320664872995d39db1fcce4e5588411c9ed # timeout=10
 > git tag -a -f -m Jenkins Build #48 jenkins-ImageJ-scripting-48 # timeout=10
[ImageJ-scripting] $ /bin/sh -xe /tmp/hudson5280432951606519495.sh
+ git clean -dfx
Removing target/
[ImageJ-scripting] $ mvn -U -Pdeploy-to-imagej deploy
OpenJDK 64-Bit Server VM warning: ignoring option MaxPermSize=256m; support was removed in 8.0
[INFO] Scanning for projects...
[INFO]                                                                         
[INFO] ------------------------------------------------------------------------
[INFO] Building ImageJ Scripting 0.4.1-SNAPSHOT
[INFO] ------------------------------------------------------------------------
Downloading: http://repo.maven.apache.org/maven2/com/github/jnr/jffi/maven-metadata.xml
Downloading: https://oss.sonatype.org/content/repositories/snapshots/com/github/jnr/jffi/maven-metadata.xml
Downloading: https://oss.sonatype.org/content/repositories/snapshots/com/github/jnr/jffi/maven-metadata.xml
Downloading: http://maven.imagej.net/content/groups/public/com/github/jnr/jffi/maven-metadata.xml
829/829 B   918/918 B   
829/829 B   918/918 B   
                        
                        
Downloaded: http://maven.imagej.net/content/groups/public/com/github/jnr/jffi/maven-metadata.xml (918 B at 2.3 KB/sec)
Downloaded: http://repo.maven.apache.org/maven2/com/github/jnr/jffi/maven-metadata.xml (829 B at 2.1 KB/sec)
400/400 B               
400/400 B   400/400 B   
                        
Downloaded: https://oss.sonatype.org/content/repositories/snapshots/com/github/jnr/jffi/maven-metadata.xml (400 B at 0.3 KB/sec)
                        
Downloaded: https://oss.sonatype.org/content/repositories/snapshots/com/github/jnr/jffi/maven-metadata.xml (400 B at 0.3 KB/sec)
Downloading: https://oss.sonatype.org/content/repositories/snapshots/com/github/jnr/jffi/1.3.0-SNAPSHOT/maven-metadata.xml
Downloading: http://maven.imagej.net/content/groups/public/com/github/jnr/jffi/1.3.0-SNAPSHOT/maven-metadata.xml
Downloading: https://oss.sonatype.org/content/repositories/snapshots/com/github/jnr/jffi/1.3.0-SNAPSHOT/maven-metadata.xml
981/981 B               
            
Downloaded: http://maven.imagej.net/content/groups/public/com/github/jnr/jffi/1.3.0-SNAPSHOT/maven-metadata.xml (981 B at 47.9 KB/sec)
981/981 B   
981/981 B   981/981 B   
                        
Downloaded: https://oss.sonatype.org/content/repositories/snapshots/com/github/jnr/jffi/1.3.0-SNAPSHOT/maven-metadata.xml (981 B at 5.2 KB/sec)
                        
Downloaded: https://oss.sonatype.org/content/repositories/snapshots/com/github/jnr/jffi/1.3.0-SNAPSHOT/maven-metadata.xml (981 B at 4.8 KB/sec)
Downloading: http://maven.imagej.net/content/groups/public/com/github/jnr/jnr-x86asm/maven-metadata.xml
Downloading: http://repo.maven.apache.org/maven2/com/github/jnr/jnr-x86asm/maven-metadata.xml
Downloading: https://oss.sonatype.org/content/repositories/snapshots/com/github/jnr/jnr-x86asm/maven-metadata.xml
Downloading: https://oss.sonatype.org/content/repositories/snapshots/com/github/jnr/jnr-x86asm/maven-metadata.xml
362/362 B               
            
Downloaded: http://maven.imagej.net/content/groups/public/com/github/jnr/jnr-x86asm/maven-metadata.xml (362 B at 16.1 KB/sec)
362/362 B   
            
Downloaded: http://repo.maven.apache.org/maven2/com/github/jnr/jnr-x86asm/maven-metadata.xml (362 B at 8.2 KB/sec)
            
            
[INFO] 
[INFO] --- maven-enforcer-plugin:1.4.1:enforce (enforce-rules) @ imagej-scripting ---
[INFO] artifact com.github.jnr:jffi: checking for updates from imagej.public
[INFO] artifact com.github.jnr:jffi: checking for updates from central
[INFO] artifact com.github.jnr:jffi: checking for updates from imagej.public
[INFO] artifact com.github.jnr:jffi: checking for updates from central
[INFO] artifact com.github.jnr:jnr-x86asm: checking for updates from imagej.public
[INFO] artifact com.github.jnr:jnr-x86asm: checking for updates from central
[INFO] artifact com.github.jnr:jffi: checking for updates from imagej.public
[INFO] artifact com.github.jnr:jffi: checking for updates from central
[INFO] artifact com.github.jnr:jffi: checking for updates from imagej.public
[INFO] artifact com.github.jnr:jffi: checking for updates from central
[INFO] artifact com.github.jnr:jnr-x86asm: checking for updates from imagej.public
[INFO] artifact com.github.jnr:jnr-x86asm: checking for updates from central
[INFO] artifact com.github.jnr:jffi: checking for updates from imagej.public
[INFO] artifact com.github.jnr:jffi: checking for updates from central
[INFO] artifact com.github.jnr:jffi: checking for updates from imagej.public
[INFO] artifact com.github.jnr:jffi: checking for updates from central
[INFO] artifact com.github.jnr:jnr-x86asm: checking for updates from imagej.public
[INFO] artifact com.github.jnr:jnr-x86asm: checking for updates from central
[INFO] 
[INFO] --- build-helper-maven-plugin:1.12:regex-property (sanitize-version) @ imagej-scripting ---
[INFO] 
[INFO] --- buildnumber-maven-plugin:1.4:create (default) @ imagej-scripting ---
[INFO] Executing: /bin/sh -c cd '/data/devel/jenkins-maven/workspace/ImageJ-scripting' && 'git' 'rev-parse' '--verify' 'HEAD'
[INFO] Working directory: /data/devel/jenkins-maven/workspace/ImageJ-scripting
[INFO] Storing buildNumber: 61a86f055e345e0ed0480a3c4bd458cb7bdf536f at timestamp: 1486987094510
[WARNING] Cannot get the branch information from the git repository: 
Detecting the current branch failed: fatal: ref HEAD is not a symbolic ref

[INFO] Executing: /bin/sh -c cd '/data/devel/jenkins-maven/workspace/ImageJ-scripting' && 'git' 'rev-parse' '--verify' 'HEAD'
[INFO] Working directory: /data/devel/jenkins-maven/workspace/ImageJ-scripting
[INFO] Storing buildScmBranch: UNKNOWN
[INFO] 
[INFO] --- scijava-maven-plugin:1.0.0:set-rootdir (set-rootdir) @ imagej-scripting ---
[INFO] Setting rootdir: /data/devel/jenkins-maven/workspace/ImageJ-scripting
[INFO] 
[INFO] --- maven-resources-plugin:3.0.1:resources (default-resources) @ imagej-scripting ---
[INFO] Using 'UTF-8' encoding to copy filtered resources.
[INFO] Copying 27 resources
[INFO] 
[INFO] --- maven-compiler-plugin:3.5.1:compile (default-compile) @ imagej-scripting ---
[INFO] No sources to compile
[INFO] 
[INFO] --- maven-resources-plugin:3.0.1:testResources (default-testResources) @ imagej-scripting ---
[INFO] Using 'UTF-8' encoding to copy filtered resources.
[INFO] skip non existing resourceDirectory /data/devel/jenkins-maven/workspace/ImageJ-scripting/src/test/resources
[INFO] 
[INFO] --- maven-compiler-plugin:3.5.1:testCompile (default-testCompile) @ imagej-scripting ---
[INFO] Compiling 6 source files to /data/devel/jenkins-maven/workspace/ImageJ-scripting/target/test-classes
[INFO] 
[INFO] --- maven-surefire-plugin:2.19.1:test (default-test) @ imagej-scripting ---

-------------------------------------------------------
 T E S T S
-------------------------------------------------------
Running net.imagej.scripting.TutorialsScriptTest
log4j:WARN No appenders could be found for logger (org.bushe.swing.event.EventService).
log4j:WARN Please initialize the log4j system properly.
log4j:WARN See http://logging.apache.org/log4j/1.2/faq.html#noconfig for more info.
[100L, 100L]
axis 0: type: X length: 100
axis 1: type: Y length: 100
axis 2: type: Z length: 100
size 212 intensity -6.21226415094
size 8971 intensity -74.9077025973
[WARNING] Unmatched input: sigma2
[WARNING] Unmatched input: sigma1
axis d: type: X length: 400
axis d: type: Y length: 400
axis d: type: Channel length: 2
axis d: type: Z length: 25
Tests run: 6, Failures: 0, Errors: 1, Skipped: 0, Time elapsed: 9.676 sec <<< FAILURE! - in net.imagej.scripting.TutorialsScriptTest
testCreateAndConvolvePoints(net.imagej.scripting.TutorialsScriptTest)  Time elapsed: 0.07 sec  <<< ERROR!
java.lang.NullPointerException
	at net.imagej.scripting.TutorialsScriptTest.testCreateAndConvolvePoints(TutorialsScriptTest.java:85)

Running net.imagej.scripting.DeconvolutionScriptTest
Tests run: 1, Failures: 0, Errors: 0, Skipped: 0, Time elapsed: 4.336 sec - in net.imagej.scripting.DeconvolutionScriptTest
Running net.imagej.scripting.ImageJ2ScriptTest
Tests run: 9, Failures: 0, Errors: 0, Skipped: 0, Time elapsed: 2.271 sec - in net.imagej.scripting.ImageJ2ScriptTest

Results :

Tests in error: 
  TutorialsScriptTest.testCreateAndConvolvePoints:85 NullPointer

Tests run: 16, Failures: 0, Errors: 1, Skipped: 0

[INFO] ------------------------------------------------------------------------
[INFO] BUILD FAILURE
[INFO] ------------------------------------------------------------------------
[INFO] Total time: 45.117s
[INFO] Finished at: Mon Feb 13 05:58:36 CST 2017
[INFO] Final Memory: 46M/499M
[INFO] ------------------------------------------------------------------------
[ERROR] Failed to execute goal org.apache.maven.plugins:maven-surefire-plugin:2.19.1:test (default-test) on project imagej-scripting: There are test failures.
[ERROR] 
[ERROR] Please refer to /data/devel/jenkins-maven/workspace/ImageJ-scripting/target/surefire-reports for the individual test results.
[ERROR] -> [Help 1]
[ERROR] 
[ERROR] To see the full stack trace of the errors, re-run Maven with the -e switch.
[ERROR] Re-run Maven using the -X switch to enable full debug logging.
[ERROR] 
[ERROR] For more information about the errors and possible solutions, please read the following articles:
[ERROR] [Help 1] http://cwiki.apache.org/confluence/display/MAVEN/MojoFailureException
Build step 'Invoke top-level Maven targets' marked build as failure
Archiving artifacts
Build step 'Groovy Postbuild' marked build as failure


From jenkins at imagej.net  Mon Feb 13 07:21:58 2017
From: jenkins at imagej.net (jenkins at imagej.net)
Date: Mon, 13 Feb 2017 07:21:58 -0600 (CST)
Subject: [ImageJ-builds] Jenkins build is back to normal : ImageJ-scripting
	#49
In-Reply-To: <199963071.599.1486987116486.JavaMail.jenkins@dev>
References: <199963071.599.1486987116486.JavaMail.jenkins@dev>
Message-ID: <1017823699.600.1486992118400.JavaMail.jenkins@dev>

See <http://jenkins.imagej.net/job/ImageJ-scripting/49/changes>



From jenkins at imagej.net  Wed Feb 15 05:15:35 2017
From: jenkins at imagej.net (jenkins at imagej.net)
Date: Wed, 15 Feb 2017 05:15:35 -0600 (CST)
Subject: [ImageJ-builds] Build failed in Jenkins: ImageJ1-deploy #24
Message-ID: <1993193550.602.1487157335229.JavaMail.jenkins@dev>

See <http://jenkins.imagej.net/job/ImageJ1-deploy/24/changes>

Changes:

[Jenkins]   • 1.51j 4 February 2017       □ Added the Rotated Rectangle selection

------------------------------------------
Started by upstream project "ImageJ1-sync-with-notes" build number 5189
originally caused by:
 Started by user Curtis Rueden
Started by upstream project "ImageJ1-sync-with-notes" build number 5189
originally caused by:
 Started by user Curtis Rueden
Building remotely on maven in workspace <http://jenkins.imagej.net/job/ImageJ1-deploy/ws/>
 > git rev-parse --is-inside-work-tree # timeout=10
Fetching changes from the remote Git repository
 > git config remote.origin.url git://github.com/imagej/ImageJA # timeout=10
Fetching upstream changes from git://github.com/imagej/ImageJA
 > git --version # timeout=10
 > git -c core.askpass=true fetch --tags --progress git://github.com/imagej/ImageJA +refs/heads/*:refs/remotes/origin/*
 > git rev-parse origin/master^{commit} # timeout=10
Checking out Revision 88ca91a558a43cd03bd880f754f0afc6e7c7e939 (origin/master)
 > git config core.sparsecheckout # timeout=10
 > git checkout -f 88ca91a558a43cd03bd880f754f0afc6e7c7e939
 > git rev-list 4fac3f69ba52582d8e4cb69b2cca1160553ca885 # timeout=10
 > git tag -a -f -m Jenkins Build #24 jenkins-ImageJ1-deploy-24 # timeout=10
[ImageJ1-deploy] $ /bin/sh -xe /tmp/hudson5112094227946657573.sh
+ export GIT_AUTHOR_NAME=Curtis Rueden
+ export GIT_AUTHOR_EMAIL=ctrueden at wisc.edu
+ export PATH=/var/lib/jenkins-maven/.mvn.gnupg/:/usr/lib/jvm/java-6-sun/bin:/usr/lib/jvm/java-6-sun/bin:/usr/local/sbin:/usr/local/bin:/usr/sbin:/usr/bin:/sbin:/bin:/usr/games
+ set +x
Removing target/
[INFO] Scanning for projects...
[INFO]                                                                         
[INFO] ------------------------------------------------------------------------
[INFO] Building ImageJ 1.51j
[INFO] ------------------------------------------------------------------------
[INFO] 
[INFO] --- maven-clean-plugin:3.0.0:clean (default-clean) @ ij ---
[INFO] ------------------------------------------------------------------------
[INFO] BUILD SUCCESS
[INFO] ------------------------------------------------------------------------
[INFO] Total time: 1.274s
[INFO] Finished at: Wed Feb 15 05:15:28 CST 2017
[INFO] Final Memory: 6M/360M
[INFO] ------------------------------------------------------------------------
[INFO] Scanning for projects...
[INFO] Inspecting build with total of 1 modules...
[INFO] Installing Nexus Staging features:
[INFO]   ... total of 1 executions of maven-deploy-plugin replaced with nexus-staging-maven-plugin
[INFO]                                                                         
[INFO] ------------------------------------------------------------------------
[INFO] Building ImageJ 1.51j
[INFO] ------------------------------------------------------------------------
[INFO] 
[INFO] --- maven-enforcer-plugin:1.4.1:enforce (enforce-rules) @ ij ---
[WARNING] Rule 0: org.apache.maven.plugins.enforcer.RequireProperty failed with message:
~
+-----------------------------------------------------------------------+
| The pom-imagej parent is obsolete. Please extend pom-scijava instead! |
+-----------------------------------------------------------------------+
~
[INFO] ------------------------------------------------------------------------
[INFO] BUILD FAILURE
[INFO] ------------------------------------------------------------------------
[INFO] Total time: 4.279s
[INFO] Finished at: Wed Feb 15 05:15:34 CST 2017
[INFO] Final Memory: 13M/360M
[INFO] ------------------------------------------------------------------------
[ERROR] Failed to execute goal org.apache.maven.plugins:maven-enforcer-plugin:1.4.1:enforce (enforce-rules) on project ij: Some Enforcer rules have failed. Look above for specific messages explaining why the rule failed. -> [Help 1]
[ERROR] 
[ERROR] To see the full stack trace of the errors, re-run Maven with the -e switch.
[ERROR] Re-run Maven using the -X switch to enable full debug logging.
[ERROR] 
[ERROR] For more information about the errors and possible solutions, please read the following articles:
[ERROR] [Help 1] http://cwiki.apache.org/confluence/display/MAVEN/MojoExecutionException
Build step 'Execute shell' marked build as failure


From jenkins at imagej.net  Wed Feb 15 05:15:54 2017
From: jenkins at imagej.net (jenkins at imagej.net)
Date: Wed, 15 Feb 2017 05:15:54 -0600 (CST)
Subject: [ImageJ-builds] Build failed in Jenkins: ImageJ1-javadoc #2676
Message-ID: <1650783373.603.1487157354801.JavaMail.jenkins@dev>

See <http://jenkins.imagej.net/job/ImageJ1-javadoc/2676/changes>

Changes:

[Jenkins]   • 1.51j 4 February 2017       □ Added the Rotated Rectangle selection

------------------------------------------
Started by upstream project "ImageJ1-sync-with-notes" build number 5189
originally caused by:
 Started by user Curtis Rueden
Building remotely on maven in workspace <http://jenkins.imagej.net/job/ImageJ1-javadoc/ws/>
 > git rev-parse --is-inside-work-tree # timeout=10
Fetching changes from the remote Git repository
 > git config remote.origin.url git://github.com/fiji/ImageJA # timeout=10
Fetching upstream changes from git://github.com/fiji/ImageJA
 > git --version # timeout=10
 > git -c core.askpass=true fetch --tags --progress git://github.com/fiji/ImageJA +refs/heads/*:refs/remotes/origin/*
 > git rev-parse origin/master^{commit} # timeout=10
Checking out Revision 88ca91a558a43cd03bd880f754f0afc6e7c7e939 (origin/master)
 > git config core.sparsecheckout # timeout=10
 > git checkout -f 88ca91a558a43cd03bd880f754f0afc6e7c7e939
 > git rev-list 4fac3f69ba52582d8e4cb69b2cca1160553ca885 # timeout=10
 > git tag -a -f -m Jenkins Build #2676 jenkins-ImageJ1-javadoc-2676 # timeout=10
[ImageJ1-javadoc] $ /bin/sh -xe /tmp/hudson5020472563981313289.sh
+ export JAVA_HOME=/usr/lib/jvm/java-1.7.0-openjdk-amd64/
+ export PATH=/usr/lib/jvm/java-1.7.0-openjdk-amd64/bin:/usr/lib/jvm/java-6-sun/bin:/usr/lib/jvm/java-6-sun/bin:/usr/local/sbin:/usr/local/bin:/usr/sbin:/usr/bin:/sbin:/bin:/usr/games
+ mvn site -P-javac
[INFO] Scanning for projects...
[INFO]                                                                         
[INFO] ------------------------------------------------------------------------
[INFO] Building ImageJ 1.51j
[INFO] ------------------------------------------------------------------------
[INFO] 
[INFO] --- maven-site-plugin:3.5.1:site (default-site) @ ij ---
[INFO] configuring report plugin org.apache.maven.plugins:maven-javadoc-plugin:2.10.4
[INFO] preparing 'javadoc' report requires 'generate-sources' forked phase execution
[INFO] 
[INFO] >>> maven-javadoc-plugin:2.10.4:javadoc @ ij >>>
[INFO] 
[INFO] --- maven-enforcer-plugin:1.4.1:enforce (enforce-rules) @ ij ---
[WARNING] Rule 0: org.apache.maven.plugins.enforcer.RequireProperty failed with message:
~
+-----------------------------------------------------------------------+
| The pom-imagej parent is obsolete. Please extend pom-scijava instead! |
+-----------------------------------------------------------------------+
~
[INFO] ------------------------------------------------------------------------
[INFO] BUILD FAILURE
[INFO] ------------------------------------------------------------------------
[INFO] Total time: 4.856s
[INFO] Finished at: Wed Feb 15 05:15:49 CST 2017
[INFO] Final Memory: 20M/361M
[INFO] ------------------------------------------------------------------------
[ERROR] Failed to execute goal org.apache.maven.plugins:maven-site-plugin:3.5.1:site (default-site) on project ij: failed to get report for org.apache.maven.plugins:maven-javadoc-plugin: Failed to execute goal org.apache.maven.plugins:maven-enforcer-plugin:1.4.1:enforce (enforce-rules) on project ij: Some Enforcer rules have failed. Look above for specific messages explaining why the rule failed. -> [Help 1]
[ERROR] 
[ERROR] To see the full stack trace of the errors, re-run Maven with the -e switch.
[ERROR] Re-run Maven using the -X switch to enable full debug logging.
[ERROR] 
[ERROR] For more information about the errors and possible solutions, please read the following articles:
[ERROR] [Help 1] http://cwiki.apache.org/confluence/display/MAVEN/MojoExecutionException
Build step 'Execute shell' marked build as failure
Archiving artifacts
Publishing Javadoc


From jenkins at imagej.net  Wed Feb 15 05:26:34 2017
From: jenkins at imagej.net (jenkins at imagej.net)
Date: Wed, 15 Feb 2017 05:26:34 -0600 (CST)
Subject: [ImageJ-builds] Jenkins build is back to normal : ImageJ1-deploy #25
In-Reply-To: <1993193550.602.1487157335229.JavaMail.jenkins@dev>
References: <1993193550.602.1487157335229.JavaMail.jenkins@dev>
Message-ID: <449338512.605.1487157994178.JavaMail.jenkins@dev>

See <http://jenkins.imagej.net/job/ImageJ1-deploy/25/changes>



From jenkins at imagej.net  Wed Feb 15 05:27:32 2017
From: jenkins at imagej.net (jenkins at imagej.net)
Date: Wed, 15 Feb 2017 05:27:32 -0600 (CST)
Subject: [ImageJ-builds] Jenkins build is back to normal : ImageJ1-javadoc
	#2677
In-Reply-To: <1650783373.603.1487157354801.JavaMail.jenkins@dev>
References: <1650783373.603.1487157354801.JavaMail.jenkins@dev>
Message-ID: <328090817.606.1487158052549.JavaMail.jenkins@dev>

See <http://jenkins.imagej.net/job/ImageJ1-javadoc/2677/>



From jenkins at imagej.net  Wed Feb 15 05:28:02 2017
From: jenkins at imagej.net (jenkins at imagej.net)
Date: Wed, 15 Feb 2017 05:28:02 -0600 (CST)
Subject: [ImageJ-builds] Build failed in Jenkins: ImageJ1-unit-tests #318
Message-ID: <955864253.607.1487158082143.JavaMail.jenkins@dev>

See <http://jenkins.imagej.net/job/ImageJ1-unit-tests/318/>

------------------------------------------
Started by upstream project "ImageJ1-deploy" build number 25
originally caused by:
 Started by user Curtis Rueden
Building remotely on maven in workspace <http://jenkins.imagej.net/job/ImageJ1-unit-tests/ws/>
 > git rev-parse --is-inside-work-tree # timeout=10
Fetching changes from the remote Git repository
 > git config remote.origin.url git://github.com/imagej/ij1-tests # timeout=10
Fetching upstream changes from git://github.com/imagej/ij1-tests
 > git --version # timeout=10
 > git -c core.askpass=true fetch --tags --progress git://github.com/imagej/ij1-tests +refs/heads/*:refs/remotes/origin/*
Seen branch in repository origin/master
Seen 1 remote branch
Checking out Revision d71cda9c466a3f9e360ac7f84b446be82cfa7198 (origin/master)
 > git config core.sparsecheckout # timeout=10
 > git checkout -f d71cda9c466a3f9e360ac7f84b446be82cfa7198
 > git rev-list d71cda9c466a3f9e360ac7f84b446be82cfa7198 # timeout=10
 > git tag -a -f -m Jenkins Build #318 jenkins-ImageJ1-unit-tests-318 # timeout=10
[ImageJ1-unit-tests] $ /bin/sh -xe /tmp/hudson5409408951489974683.sh
+ + grep net.imagej:ij:jar
mvn dependency:list
+ cut -d : -f 4
OpenJDK 64-Bit Server VM warning: ignoring option MaxPermSize=256m; support was removed in 8.0
+ printf \n======================\n Testing ImageJ 1.51j\n======================\n\n

======================
 Testing ImageJ 1.51j
======================

[ImageJ1-unit-tests] $ mvn -U clean test
OpenJDK 64-Bit Server VM warning: ignoring option MaxPermSize=256m; support was removed in 8.0
[INFO] Scanning for projects...
Downloading: http://maven.imagej.net/content/groups/public/org/scijava/pom-scijava/maven-metadata.xml
Downloading: http://repo.maven.apache.org/maven2/org/scijava/pom-scijava/maven-metadata.xml
4/9 KB   4/5 KB   
4/9 KB   4/5 KB   
8/9 KB   4/5 KB   
8/9 KB   5/5 KB   
9/9 KB   5/5 KB   
                  
Downloaded: http://maven.imagej.net/content/groups/public/org/scijava/pom-scijava/maven-metadata.xml (9 KB at 103.8 KB/sec)
                  
Downloaded: http://repo.maven.apache.org/maven2/org/scijava/pom-scijava/maven-metadata.xml (5 KB at 52.9 KB/sec)
[INFO]                                                                         
[INFO] ------------------------------------------------------------------------
[INFO] Building ImageJ1 unit tests 1.0-SNAPSHOT
[INFO] ------------------------------------------------------------------------
Downloading: http://maven.imagej.net/content/groups/public/net/imagej/ij/maven-metadata.xml
Downloading: http://repo.maven.apache.org/maven2/net/imagej/ij/maven-metadata.xml
2/2 KB            
         
Downloaded: http://repo.maven.apache.org/maven2/net/imagej/ij/maven-metadata.xml (2 KB at 31.1 KB/sec)
4/5 KB   
5/5 KB   
         
Downloaded: http://maven.imagej.net/content/groups/public/net/imagej/ij/maven-metadata.xml (5 KB at 6.1 KB/sec)
[INFO] 
[INFO] --- maven-clean-plugin:3.0.0:clean (default-clean) @ ij1-tests ---
[INFO] Deleting /data/devel/jenkins-maven/workspace/ImageJ1-unit-tests/target
[INFO] 
[INFO] --- maven-enforcer-plugin:1.4.1:enforce (enforce-rules) @ ij1-tests ---
[INFO] 
[INFO] --- build-helper-maven-plugin:1.12:regex-property (sanitize-version) @ ij1-tests ---
[INFO] No match to regex '^([0-9]+)\.([0-9]+)\.([0-9]+).*$' found in '1.0-SNAPSHOT'. The initial value '1.0-SNAPSHOT' is left as-is...
[INFO] 
[INFO] --- buildnumber-maven-plugin:1.4:create (default) @ ij1-tests ---
[INFO] Executing: /bin/sh -c cd '/data/devel/jenkins-maven/workspace/ImageJ1-unit-tests' && 'git' 'rev-parse' '--verify' 'HEAD'
[INFO] Working directory: /data/devel/jenkins-maven/workspace/ImageJ1-unit-tests
[INFO] Storing buildNumber: d71cda9c466a3f9e360ac7f84b446be82cfa7198 at timestamp: 1487158063656
[WARNING] Cannot get the branch information from the git repository: 
Detecting the current branch failed: fatal: ref HEAD is not a symbolic ref

[INFO] Executing: /bin/sh -c cd '/data/devel/jenkins-maven/workspace/ImageJ1-unit-tests' && 'git' 'rev-parse' '--verify' 'HEAD'
[INFO] Working directory: /data/devel/jenkins-maven/workspace/ImageJ1-unit-tests
[INFO] Storing buildScmBranch: UNKNOWN
[INFO] 
[INFO] --- scijava-maven-plugin:1.0.0:set-rootdir (set-rootdir) @ ij1-tests ---
[INFO] Setting rootdir: /data/devel/jenkins-maven/workspace/ImageJ1-unit-tests
[INFO] 
[INFO] --- maven-resources-plugin:3.0.1:resources (default-resources) @ ij1-tests ---
[INFO] Using 'UTF-8' encoding to copy filtered resources.
[INFO] skip non existing resourceDirectory /data/devel/jenkins-maven/workspace/ImageJ1-unit-tests/src/main/resources
[INFO] 
[INFO] --- maven-compiler-plugin:3.5.1:compile (default-compile) @ ij1-tests ---
[INFO] No sources to compile
[INFO] 
[INFO] --- maven-resources-plugin:3.0.1:testResources (default-testResources) @ ij1-tests ---
[INFO] Using 'UTF-8' encoding to copy filtered resources.
[INFO] Copying 28 resources
[INFO] 
[INFO] --- maven-compiler-plugin:3.5.1:testCompile (default-testCompile) @ ij1-tests ---
[INFO] Compiling 85 source files to /data/devel/jenkins-maven/workspace/ImageJ1-unit-tests/target/test-classes
[INFO] /data/devel/jenkins-maven/workspace/ImageJ1-unit-tests/src/test/java/ij/gui/LineTest.java: Some input files use or override a deprecated API.
[INFO] /data/devel/jenkins-maven/workspace/ImageJ1-unit-tests/src/test/java/ij/gui/LineTest.java: Recompile with -Xlint:deprecation for details.
[INFO] 
[INFO] --- maven-surefire-plugin:2.19.1:test (default-test) @ ij1-tests ---

-------------------------------------------------------
 T E S T S
-------------------------------------------------------
Running ij.IJEventListenerTest
Tests run: 2, Failures: 0, Errors: 0, Skipped: 0, Time elapsed: 0.046 sec - in ij.IJEventListenerTest
Running ij.process.FloatProcessorTest
Tests run: 81, Failures: 0, Errors: 0, Skipped: 0, Time elapsed: 1.018 sec - in ij.process.FloatProcessorTest
Running ij.process.LUTTest
Tests run: 7, Failures: 0, Errors: 0, Skipped: 0, Time elapsed: 0 sec - in ij.process.LUTTest
Running ij.process.ByteProcessorTest
Tests run: 71, Failures: 0, Errors: 0, Skipped: 0, Time elapsed: 0.594 sec - in ij.process.ByteProcessorTest
Running ij.process.ShortProcessorTest
Tests run: 86, Failures: 0, Errors: 0, Skipped: 0, Time elapsed: 2.884 sec - in ij.process.ShortProcessorTest
Running ij.process.ColorProcessorTest
Tests run: 86, Failures: 1, Errors: 0, Skipped: 0, Time elapsed: 1.465 sec <<< FAILURE! - in ij.process.ColorProcessorTest
testFilter(ij.process.ColorProcessorTest)  Time elapsed: 0.041 sec  <<< FAILURE!
java.lang.AssertionError: expected:<241.0> but was:<239.0>
	at ij.process.ColorProcessorTest.testFilter(ColorProcessorTest.java:966)

Running ij.process.ImageProcessorTest
Tests run: 181, Failures: 1, Errors: 0, Skipped: 0, Time elapsed: 0.462 sec <<< FAILURE! - in ij.process.ImageProcessorTest
testSmooth(ij.process.ImageProcessorTest)  Time elapsed: 0.007 sec  <<< FAILURE!
org.junit.ComparisonFailure: expected:<...ount=64000, mean=71.[237984375, min=1.0, max=247].0]> but was:<...ount=64000, mean=71.[655234375, min=2.0, max=246].0]>
	at ij.process.ImageProcessorTest.testSmooth(ImageProcessorTest.java:1439)

Running ij.process.BinaryProcessorTest
Tests run: 5, Failures: 0, Errors: 0, Skipped: 0, Time elapsed: 0.135 sec - in ij.process.BinaryProcessorTest
Running ij.io.DirectoryChooserTest
Tests run: 3, Failures: 0, Errors: 0, Skipped: 0, Time elapsed: 0.001 sec - in ij.io.DirectoryChooserTest
Running ij.io.RandomAccessStreamTest
Tests run: 16, Failures: 0, Errors: 0, Skipped: 0, Time elapsed: 0.004 sec - in ij.io.RandomAccessStreamTest
Running ij.io.FileOpenerTest
Tests run: 8, Failures: 0, Errors: 0, Skipped: 0, Time elapsed: 1.039 sec - in ij.io.FileOpenerTest
Running ij.io.BitBufferTest
Tests run: 2, Failures: 0, Errors: 0, Skipped: 0, Time elapsed: 0 sec - in ij.io.BitBufferTest
Running ij.io.ImageWriterTest
Tests run: 1, Failures: 0, Errors: 0, Skipped: 0, Time elapsed: 0 sec - in ij.io.ImageWriterTest
Running ij.io.FileInfoTest
Tests run: 5, Failures: 0, Errors: 0, Skipped: 0, Time elapsed: 0 sec - in ij.io.FileInfoTest
Running ij.io.ImageReaderTest
java.net.MalformedURLException: no protocol: ashdjjfj
java.net.UnknownHostException: fred.joe.john.edu
java.io.FileNotFoundException: http://www.google.com/ooglywooglygugglychoogly.tiff
Tests run: 16, Failures: 0, Errors: 0, Skipped: 0, Time elapsed: 1.058 sec - in ij.io.ImageReaderTest
Running ij.CommandListenerTest
Tests run: 1, Failures: 0, Errors: 0, Skipped: 0, Time elapsed: 0 sec - in ij.CommandListenerTest
Running ij.ImagePlusTest
This command requires an area selection
This command requires an area selection
Unsupported format or not found
Tests run: 123, Failures: 0, Errors: 0, Skipped: 0, Time elapsed: 0.077 sec - in ij.ImagePlusTest
Running ij.VirtualStackTest
Tests run: 22, Failures: 0, Errors: 0, Skipped: 0, Time elapsed: 0.015 sec - in ij.VirtualStackTest
Running ij.macro.SymbolTest
Tests run: 4, Failures: 0, Errors: 0, Skipped: 0, Time elapsed: 0 sec - in ij.macro.SymbolTest
Running ij.macro.ReturnExceptionTest
Tests run: 1, Failures: 0, Errors: 0, Skipped: 0, Time elapsed: 0 sec - in ij.macro.ReturnExceptionTest
Running ij.ImageListenerTest
Tests run: 1, Failures: 0, Errors: 0, Skipped: 0, Time elapsed: 0 sec - in ij.ImageListenerTest
Running ij.CompositeImageTest
Tests run: 29, Failures: 0, Errors: 0, Skipped: 0, Time elapsed: 0.048 sec - in ij.CompositeImageTest
Running ij.util.ToolsTest
Tests run: 13, Failures: 0, Errors: 0, Skipped: 0, Time elapsed: 0.003 sec - in ij.util.ToolsTest
Running ij.util.StringSorterTest
Tests run: 1, Failures: 0, Errors: 0, Skipped: 0, Time elapsed: 0 sec - in ij.util.StringSorterTest
Running ij.UndoTest
Tests run: 1, Failures: 0, Errors: 0, Skipped: 0, Time elapsed: 0 sec - in ij.UndoTest
Running ij.ExecuterTest
Tests run: 5, Failures: 0, Errors: 0, Skipped: 0, Time elapsed: 1.004 sec - in ij.ExecuterTest
Running ij.LookUpTableTest
Tests run: 8, Failures: 0, Errors: 0, Skipped: 0, Time elapsed: 0.008 sec - in ij.LookUpTableTest
Running ij.ImageStackTest
Tests run: 27, Failures: 0, Errors: 0, Skipped: 0, Time elapsed: 0.639 sec - in ij.ImageStackTest
Running ij.measure.MeasurementsTest
Tests run: 1, Failures: 0, Errors: 0, Skipped: 0, Time elapsed: 0 sec - in ij.measure.MeasurementsTest
Running ij.measure.CalibrationTest
Tests run: 35, Failures: 0, Errors: 0, Skipped: 0, Time elapsed: 0.085 sec - in ij.measure.CalibrationTest
Running ij.measure.ResultsTableTest
version: 1.51j
Tests run: 37, Failures: 0, Errors: 0, Skipped: 0, Time elapsed: 0.633 sec - in ij.measure.ResultsTableTest
Running ij.measure.CurveFitterTest
Tests run: 24, Failures: 0, Errors: 0, Skipped: 0, Time elapsed: 0.161 sec - in ij.measure.CurveFitterTest
Running ij.measure.SplineFitterTest
Tests run: 2, Failures: 0, Errors: 0, Skipped: 0, Time elapsed: 0.001 sec - in ij.measure.SplineFitterTest
Running ij.gui.ArrowTest
Tests run: 13, Failures: 0, Errors: 0, Skipped: 0, Time elapsed: 0.002 sec - in ij.gui.ArrowTest
Running ij.gui.ProgressBarTest
Tests run: 8, Failures: 0, Errors: 0, Skipped: 0, Time elapsed: 0.001 sec - in ij.gui.ProgressBarTest
Running ij.gui.OverlayTest
Tests run: 12, Failures: 0, Errors: 0, Skipped: 0, Time elapsed: 0.001 sec - in ij.gui.OverlayTest
Running ij.gui.LineTest
Tests run: 16, Failures: 0, Errors: 0, Skipped: 0, Time elapsed: 0.007 sec - in ij.gui.LineTest
Running ij.gui.TrimmedButtonTest
Tests run: 1, Failures: 0, Errors: 0, Skipped: 0, Time elapsed: 0 sec - in ij.gui.TrimmedButtonTest
Running ij.gui.RoiTest
Tests run: 52, Failures: 0, Errors: 0, Skipped: 0, Time elapsed: 0.088 sec - in ij.gui.RoiTest
Running ij.gui.WandTest
Tests run: 8, Failures: 0, Errors: 0, Skipped: 0, Time elapsed: 0 sec - in ij.gui.WandTest
Running ij.gui.ToolbarTest
Tests run: 1, Failures: 0, Errors: 0, Skipped: 0, Time elapsed: 0 sec - in ij.gui.ToolbarTest
Running ij.gui.TextRoiTest
Tests run: 12, Failures: 0, Errors: 0, Skipped: 0, Time elapsed: 0.002 sec - in ij.gui.TextRoiTest
Running ij.gui.PolygonRoiTest
Tests run: 24, Failures: 0, Errors: 0, Skipped: 0, Time elapsed: 0.009 sec - in ij.gui.PolygonRoiTest
Running ij.gui.ImageRoiTest
Tests run: 5, Failures: 0, Errors: 0, Skipped: 0, Time elapsed: 0 sec - in ij.gui.ImageRoiTest
Running ij.gui.ProfilePlotTest
Tests run: 6, Failures: 0, Errors: 0, Skipped: 0, Time elapsed: 0.001 sec - in ij.gui.ProfilePlotTest
Running ij.gui.FreehandRoiTest
Tests run: 1, Failures: 0, Errors: 0, Skipped: 0, Time elapsed: 0 sec - in ij.gui.FreehandRoiTest
Running ij.gui.ShapeRoiTest
Tests run: 22, Failures: 0, Errors: 0, Skipped: 0, Time elapsed: 0.135 sec - in ij.gui.ShapeRoiTest
Running ij.gui.OvalRoiTest
Tests run: 9, Failures: 0, Errors: 0, Skipped: 0, Time elapsed: 0.002 sec - in ij.gui.OvalRoiTest
Running ij.gui.PlotTest
Tests run: 20, Failures: 0, Errors: 0, Skipped: 0, Time elapsed: 1.715 sec - in ij.gui.PlotTest
Running ij.gui.PointRoiTest
Tests run: 10, Failures: 0, Errors: 0, Skipped: 0, Time elapsed: 0.018 sec - in ij.gui.PointRoiTest

Results :

Failed tests: 
  ColorProcessorTest.testFilter:966 expected:<241.0> but was:<239.0>
  ImageProcessorTest.testSmooth:1439 expected:<...ount=64000, mean=71.[237984375, min=1.0, max=247].0]> but was:<...ount=64000, mean=71.[655234375, min=2.0, max=246].0]>

Tests run: 1125, Failures: 2, Errors: 0, Skipped: 0

[INFO] ------------------------------------------------------------------------
[INFO] BUILD FAILURE
[INFO] ------------------------------------------------------------------------
[INFO] Total time: 21.118s
[INFO] Finished at: Wed Feb 15 05:28:01 CST 2017
[INFO] Final Memory: 27M/455M
[INFO] ------------------------------------------------------------------------
[ERROR] Failed to execute goal org.apache.maven.plugins:maven-surefire-plugin:2.19.1:test (default-test) on project ij1-tests: There are test failures.
[ERROR] 
[ERROR] Please refer to /data/devel/jenkins-maven/workspace/ImageJ1-unit-tests/target/surefire-reports for the individual test results.
[ERROR] -> [Help 1]
[ERROR] 
[ERROR] To see the full stack trace of the errors, re-run Maven with the -e switch.
[ERROR] Re-run Maven using the -X switch to enable full debug logging.
[ERROR] 
[ERROR] For more information about the errors and possible solutions, please read the following articles:
[ERROR] [Help 1] http://cwiki.apache.org/confluence/display/MAVEN/MojoFailureException
Build step 'Invoke top-level Maven targets' marked build as failure
Recording test results


From jenkins at imagej.net  Fri Feb 17 09:43:10 2017
From: jenkins at imagej.net (jenkins at imagej.net)
Date: Fri, 17 Feb 2017 09:43:10 -0600 (CST)
Subject: [ImageJ-builds] =?utf-8?q?Build_failed_in_Jenkins=3A_ImageJ-launc?=
	=?utf-8?q?her_=C2=BB_maven_=231268?=
In-Reply-To: <1757665508.498.1482854130023.JavaMail.jenkins@dev>
References: <1757665508.498.1482854130023.JavaMail.jenkins@dev>
Message-ID: <737587023.610.1487346190774.JavaMail.jenkins@dev>

See <http://jenkins.imagej.net/job/ImageJ-launcher/label=maven/1268/changes>

Changes:

[stefan.helfrich] ImageJ.c: properly handle --showUI argument

------------------------------------------
[...truncated 4538 lines...]
Setting project property: jetty-server.version -> 9.3.11.v20160721
Setting project property: Interactive_3D_Surface_Plot.version -> 2.4.1
Setting project property: imglib2-ui.version -> 2.0.0-beta-31
Setting project property: slf4j-jcl.version -> 1.7.21
Setting project property: Directionality.version -> 2.0.1
Setting project property: bigwarp.version -> 2.1.3
Setting project property: IO.version -> 3.0.1
Setting project property: batik-gui-util.version -> 1.8
Setting project property: package-name -> net.imagej.launcher
Setting project property: scripting-jython.version -> 0.4.0
Setting project property: sanitizedVersion -> 4.0.6
Setting project property: gson.version -> 2.7
Setting project property: jetty-jaspi.version -> 9.3.11.v20160721
Setting project property: imglib2-algorithm-gpl.version -> 0.1.5
Setting project property: scijava-cache.version -> 0.1.1
Setting project property: rootdir -> /data/devel/jenkins-maven/workspace/ImageJ-launcher/label/maven
Setting project property: IJ_Robot.version -> 2.0.0
Setting project property: batik-ext.version -> 1.8
Setting project property: CPU_Meter.version -> 2.0.0
Setting project property: ImageJ_3D_Viewer.version -> 4.0.1
Setting project property: jetty-util-ajax.version -> 9.3.11.v20160721
Setting project property: commons-math3.version -> 3.6.1
Setting project property: imagej-plugins-commands.version -> 0.7.0
Setting project property: commons-codec.version -> 1.8
Setting project property: M_I_P.version -> 2.0.0
Setting project property: Dichromacy.version -> 2.1.0
Setting project property: Helmholtz_Analysis.version -> 2.0.1
Setting project property: scijava.jvm.test.version -> 1.6
Setting project property: logback.version -> 1.1.7
Setting project property: nar.arch -> amd64
Setting project property: imageware.version -> 2.0.0
Setting project property: jetty-util.version -> 9.3.11.v20160721
Setting project property: imagej-usage.version -> 0.4.0
Setting project property: jetty-start.version -> 9.3.11.v20160721
Setting project property: SPIM_Registration.version -> 5.0.7
Setting project property: postgresql.version -> 8.2-507.jdbc3
Setting project property: level_sets.version -> 1.0.1
Setting project property: batik-squiggle.version -> 1.8
Setting project property: Arrow.version -> 2.0.1
Setting project property: argLine -> 
Setting project property: Auto_Threshold.version -> 1.16.4
Setting project property: jetty-plus.version -> 9.3.11.v20160721
Setting project property: scripting-java.version -> 0.4.0
Setting project property: jetty-rewrite.version -> 9.3.11.v20160721
Setting project property: nar.linker -> gcc
Setting project property: VIB.version -> 3.0.1
Setting project property: java3d.version -> 1.6.0-scijava-2
Setting project property: spim_data.version -> 2.2.0
Setting project property: bigdataviewer_fiji.version -> 3.0.0
Setting project property: slf4j-api.version -> 1.7.21
Setting project property: scripting-jruby.version -> 0.2.4
Setting project property: libdl.name -> dl
Setting project property: scijava-ui-awt.version -> 0.1.5
Setting project property: jgrapht.version -> 0.8.3
Setting project property: QuickPALM.version -> 1.1.1
Setting project property: imagej-plugins-uploader-ssh.version -> 0.3.0
Setting project property: swing-checkbox-tree.version -> 1.0.1
Setting project property: batik-svggen.version -> 1.8
Setting project property: jetty-xml.version -> 9.3.11.v20160721
Setting project property: batik-xml.version -> 1.8
Setting project property: batik-util.version -> 1.8
Setting project property: jna.version -> 4.2.2
Setting project property: Extended_Depth_Field.version -> 2.0.1
Setting project property: pal-optimization.version -> 2.0.0
Setting project property: batik-rasterizer-ext.version -> 1.8
Setting project property: formats-common.version -> 5.2.4
Setting project property: bUnwarpJ.version -> 2.6.3
Setting project property: ToAST.version -> 25.0.1
Setting project property: jogl.version -> 2.3.2
Setting project property: panorama.version -> 3.0.1
Setting project property: skipTests -> true
Setting project property: slf4j-nop.version -> 1.7.21
Setting project property: Linear_Kuwahara.version -> 2.0.0
Setting project property: LSM_Reader.version -> 4.1.1
Setting project property: imagej-ui-swing.version -> 0.21.1
Setting project property: MTrack2.version -> 2.0.0
Setting project property: batik-svg-dom.version -> 1.8
Setting project property: imglib2.version -> 3.2.1
Setting project property: jetty-jsp.version -> 9.3.11.v20160721
Setting project property: imglib2-algorithm.version -> 0.6.1
Setting project property: VIB-lib.version -> 2.1.1
Setting project property: TrackMate.version -> 3.4.2
Setting project property: Gray_Morphology.version -> 2.3.3
Setting project property: scijava.jvm.version -> 1.6
Setting project property: imglib2-ij.version -> 2.0.0-beta-35
Setting project property: jsch.version -> 0.1.49
Setting project property: Trainable_Segmentation.version -> 3.2.2
Setting project property: nar.aol -> amd64-Linux-gcc
Setting project property: rsyntaxtextarea.version -> 2.5.8
Setting project property: scijava-plugins-text-markdown.version -> 0.1.2
Setting project property: Volume_Viewer.version -> 2.01.1
Setting project property: license.projectName -> ImageJ software for multidimensional image processing and analysis.
Setting project property: z_spacing.version -> 1.0.2
Setting project property: nar.os -> Linux
Setting project property: Statistical_Region_Merging.version -> 2.0.0
Setting project property: imagej-launcher.version -> 4.0.5
Setting project property: mines-jtk.version -> 20151125
Setting project property: Graph_Cut.version -> 1.0.1
Setting project property: scijava.groupIds -> org.scijava,net.imagej,net.imglib2,io.scif,sc.fiji
Setting project property: Colour_Deconvolution.version -> 3.0.1
Setting project property: license.copyrightOwners -> Board of Regents of the University of
Wisconsin-Madison, Broad Institute of MIT and Harvard, and Max Planck
Institute of Molecular Cell Biology and Genetics.
Setting project property: imagej-common.version -> 0.24.1
Setting project property: architecture.option -> -m32
Setting project property: jep.version -> 2.4.2
Setting project property: SplineDeformationGenerator.version -> 2.0.0
Setting project property: bio-formats_plugins.version -> 5.2.4
Setting project property: jama.version -> 1.0.3
Setting project property: T2-NIT.version -> 1.1.1
Setting project property: slf4j-ext.version -> 1.7.21
Setting project property: Fiji_Archipelago.version -> 2.0.0
Setting project property: ij.executable.name -> ImageJ-linux32
Setting project property: batik-codec.version -> 1.8
Setting project property: legacy-imglib1.version -> 1.1.5
Setting project property: imagej-updater.version -> 0.8.1
Setting project property: batik-dom.version -> 1.8
Setting project property: Multi_Kymograph.version -> 2.0.0
Setting project property: T2-TreelineGraph.version -> 1.1.1
Setting project property: fiji.version -> 2.0.0
Setting project property: VectorString.version -> 2.0.0
Setting project property: imagej.version -> 2.0.0-rc-55
Setting project property: jetty-security.version -> 9.3.11.v20160721
Setting project property: imglib2-realtransform.version -> 2.0.0-beta-33
Setting project property: imagej-maven-plugin.version -> 0.6.0
Setting project property: stack.protector.option -> -fno-stack-protector
Setting project property: Fiji_Package_Maker.version -> 2.1.0
Setting project property: Video_Editing.version -> 2.0.0
Setting project property: Reconstruct_Reader.version -> 2.0.2
Setting project property: imagej-scripting.version -> 0.4.0
Setting project property: scmBranch -> UNKNOWN
Setting project property: formats-gpl.version -> 5.2.4
Setting project property: scijava.team.roles -> founder,lead,developer,debugger,reviewer,support,maintainer
Setting project property: batik-ttf2svg.version -> 1.8
Setting project property: jai-core.version -> 1.1.3
Setting project property: Cell_Counter.version -> 2.2.1
Setting project property: scripting-scala.version -> 0.1.0
Setting project property: jetty-proxy.version -> 9.3.11.v20160721
Setting project property: scijava-plugins-platforms.version -> 0.2.0
Setting project property: KymographBuilder.version -> 1.2.4
Setting project property: AnalyzeSkeleton.version -> 3.1.1
Setting project property: fiji-lib.version -> 2.1.1
Setting project property: jetty-io.version -> 9.3.11.v20160721
Setting project property: opencsv.version -> 2.4
Setting project property: Time_Lapse.version -> 2.0.1
Setting project property: Vaa3d_Writer.version -> 1.0.1
Setting project property: ImageJ_3D_Objects_Counter.version -> 2.0.0
Setting project property: Siox_Segmentation.version -> 1.0.4
Setting project property: fiji-compat.version -> 2.0.2
Setting project property: formats-bsd.version -> 5.2.4
Setting project property: argLineDebug -> 
Setting project property: imagej-legacy.version -> 0.23.3
Setting project property: ant.file -> /data/devel/jenkins-maven/workspace/ImageJ-launcher/label/maven/pom.xml
[DEBUG] Setting properties with prefix: 
Setting project property: project.groupId -> net.imagej
Setting project property: project.artifactId -> imagej-launcher
Setting project property: project.name -> ImageJ Launcher
Setting project property: project.description -> The executable which runs ImageJ. Its purpose is also to make sure that updates downloaded by the ImageJ Updater will be put into place before starting the Java Virtual Machine. It was formerly known as the Fiji launcher.
Setting project property: project.version -> 4.0.6-SNAPSHOT
Setting project property: project.packaging -> nar
Setting project property: project.build.directory -> /data/devel/jenkins-maven/workspace/ImageJ-launcher/label/maven/target
Setting project property: project.build.outputDirectory -> /data/devel/jenkins-maven/workspace/ImageJ-launcher/label/maven/target/classes
Setting project property: project.build.testOutputDirectory -> /data/devel/jenkins-maven/workspace/ImageJ-launcher/label/maven/target/test-classes
Setting project property: project.build.sourceDirectory -> /data/devel/jenkins-maven/workspace/ImageJ-launcher/label/maven/src/main/java
Setting project property: project.build.testSourceDirectory -> /data/devel/jenkins-maven/workspace/ImageJ-launcher/label/maven/src/test/java
Setting project property: localRepository ->        id: local
      url: file:///var/lib/jenkins-maven/.m2/repository/
   layout: none
Setting project property: settings.localRepository -> /var/lib/jenkins-maven/.m2/repository
Setting project property: org.scijava:scijava-common:jar -> /var/lib/jenkins-maven/.m2/repository/org/scijava/scijava-common/2.61.0/scijava-common-2.61.0.jar
Setting project property: org.scijava:scijava-expression-parser:jar -> /var/lib/jenkins-maven/.m2/repository/org/scijava/scijava-expression-parser/3.1.0/scijava-expression-parser-3.1.0.jar
Setting project property: com.googlecode.gentyref:gentyref:jar -> /var/lib/jenkins-maven/.m2/repository/com/googlecode/gentyref/gentyref/1.1.0/gentyref-1.1.0.jar
Setting project property: org.bushe:eventbus:jar -> /var/lib/jenkins-maven/.m2/repository/org/bushe/eventbus/1.4/eventbus-1.4.jar
Setting project property: maven.project.dependencies.versions -> 2.61.0:3.1.0:1.1.0:1.4:
Setting project property: maven.dependency.org.scijava.scijava-common.jar.path -> /var/lib/jenkins-maven/.m2/repository/org/scijava/scijava-common/2.61.0/scijava-common-2.61.0.jar
Setting project property: maven.dependency.org.scijava.scijava-expression-parser.jar.path -> /var/lib/jenkins-maven/.m2/repository/org/scijava/scijava-expression-parser/3.1.0/scijava-expression-parser-3.1.0.jar
Setting project property: maven.dependency.com.googlecode.gentyref.gentyref.jar.path -> /var/lib/jenkins-maven/.m2/repository/com/googlecode/gentyref/gentyref/1.1.0/gentyref-1.1.0.jar
Setting project property: maven.dependency.org.bushe.eventbus.jar.path -> /var/lib/jenkins-maven/.m2/repository/org/bushe/eventbus/1.4/eventbus-1.4.jar
[INFO] Executing tasks
Build sequence for target(s) `main' is [main]
Complete build sequence is [main, ]

main:
fileset: Setup scanner in dir /data/devel/jenkins-maven/workspace/ImageJ-launcher/label/maven/target/nar with patternSet{ includes: [**/*/bin/i386-*/imagej-launcher*] excludes: [] }
[INFO]                                                                         
[INFO] ------------------------------------------------------------------------
[INFO] Skipping ImageJ Launcher
[INFO] This project has been banned from the build due to previous failures.
[INFO] ------------------------------------------------------------------------
[INFO] ------------------------------------------------------------------------
[INFO] BUILD FAILURE
[INFO] ------------------------------------------------------------------------
[INFO] Total time: 11.967s
[INFO] Finished at: Fri Feb 17 09:43:10 CST 2017
[INFO] Final Memory: 33M/594M
[INFO] ------------------------------------------------------------------------
[ERROR] Failed to execute goal org.apache.maven.plugins:maven-antrun-plugin:1.8:run (copy) on project imagej-launcher: An Ant BuildException has occured: Cannot perform operation from directory to file.
[ERROR] around Ant part ...<copy tofile="/data/devel/jenkins-maven/workspace/ImageJ-launcher/label/maven/target/ImageJ-linux32">... @ 4:104 in /data/devel/jenkins-maven/workspace/ImageJ-launcher/label/maven/target/antrun/build-main.xml
[ERROR] -> [Help 1]
org.apache.maven.lifecycle.LifecycleExecutionException: Failed to execute goal org.apache.maven.plugins:maven-antrun-plugin:1.8:run (copy) on project imagej-launcher: An Ant BuildException has occured: Cannot perform operation from directory to file.
around Ant part ...<copy tofile="/data/devel/jenkins-maven/workspace/ImageJ-launcher/label/maven/target/ImageJ-linux32">... @ 4:104 in /data/devel/jenkins-maven/workspace/ImageJ-launcher/label/maven/target/antrun/build-main.xml
	at org.apache.maven.lifecycle.internal.MojoExecutor.execute(MojoExecutor.java:217)
	at org.apache.maven.lifecycle.internal.MojoExecutor.execute(MojoExecutor.java:153)
	at org.apache.maven.lifecycle.internal.MojoExecutor.execute(MojoExecutor.java:145)
	at org.apache.maven.lifecycle.internal.LifecycleModuleBuilder.buildProject(LifecycleModuleBuilder.java:84)
	at org.apache.maven.lifecycle.internal.LifecycleModuleBuilder.buildProject(LifecycleModuleBuilder.java:59)
	at org.apache.maven.lifecycle.internal.LifecycleStarter.singleThreadedBuild(LifecycleStarter.java:183)
	at org.apache.maven.lifecycle.internal.LifecycleStarter.execute(LifecycleStarter.java:161)
	at org.apache.maven.DefaultMaven.doExecute(DefaultMaven.java:320)
	at org.apache.maven.DefaultMaven.execute(DefaultMaven.java:156)
	at org.apache.maven.cli.MavenCli.execute(MavenCli.java:537)
	at org.apache.maven.cli.MavenCli.doMain(MavenCli.java:196)
	at org.apache.maven.cli.MavenCli.main(MavenCli.java:141)
	at sun.reflect.NativeMethodAccessorImpl.invoke0(Native Method)
	at sun.reflect.NativeMethodAccessorImpl.invoke(NativeMethodAccessorImpl.java:62)
	at sun.reflect.DelegatingMethodAccessorImpl.invoke(DelegatingMethodAccessorImpl.java:43)
	at java.lang.reflect.Method.invoke(Method.java:498)
	at org.codehaus.plexus.classworlds.launcher.Launcher.launchEnhanced(Launcher.java:290)
	at org.codehaus.plexus.classworlds.launcher.Launcher.launch(Launcher.java:230)
	at org.codehaus.plexus.classworlds.launcher.Launcher.mainWithExitCode(Launcher.java:409)
	at org.codehaus.plexus.classworlds.launcher.Launcher.main(Launcher.java:352)
Caused by: org.apache.maven.plugin.MojoExecutionException: An Ant BuildException has occured: Cannot perform operation from directory to file.
around Ant part ...<copy tofile="/data/devel/jenkins-maven/workspace/ImageJ-launcher/label/maven/target/ImageJ-linux32">... @ 4:104 in /data/devel/jenkins-maven/workspace/ImageJ-launcher/label/maven/target/antrun/build-main.xml
	at org.apache.maven.plugin.antrun.AntRunMojo.execute(AntRunMojo.java:342)
	at org.apache.maven.plugin.DefaultBuildPluginManager.executeMojo(DefaultBuildPluginManager.java:101)
	at org.apache.maven.lifecycle.internal.MojoExecutor.execute(MojoExecutor.java:209)
	... 19 more
Caused by: /data/devel/jenkins-maven/workspace/ImageJ-launcher/label/maven/target/antrun/build-main.xml:4: Cannot perform operation from directory to file.
	at org.apache.tools.ant.taskdefs.Copy.validateAttributes(Copy.java:697)
	at org.apache.tools.ant.taskdefs.Copy.execute(Copy.java:442)
	at org.apache.tools.ant.UnknownElement.execute(UnknownElement.java:292)
	at sun.reflect.NativeMethodAccessorImpl.invoke0(Native Method)
	at sun.reflect.NativeMethodAccessorImpl.invoke(NativeMethodAccessorImpl.java:62)
	at sun.reflect.DelegatingMethodAccessorImpl.invoke(DelegatingMethodAccessorImpl.java:43)
	at java.lang.reflect.Method.invoke(Method.java:498)
	at org.apache.tools.ant.dispatch.DispatchUtils.execute(DispatchUtils.java:106)
	at org.apache.tools.ant.Task.perform(Task.java:348)
	at org.apache.tools.ant.Target.execute(Target.java:435)
	at org.apache.tools.ant.Target.performTasks(Target.java:456)
	at org.apache.tools.ant.Project.executeSortedTargets(Project.java:1393)
	at org.apache.tools.ant.Project.executeTarget(Project.java:1364)
	at org.apache.maven.plugin.antrun.AntRunMojo.execute(AntRunMojo.java:313)
	... 21 more
[ERROR] 
[ERROR] 
[ERROR] For more information about the errors and possible solutions, please read the following articles:
[ERROR] [Help 1] http://cwiki.apache.org/confluence/display/MAVEN/MojoExecutionException
Build step 'Execute shell' marked build as failure
Archiving artifacts


From jenkins at imagej.net  Sat Feb 18 08:59:58 2017
From: jenkins at imagej.net (jenkins at imagej.net)
Date: Sat, 18 Feb 2017 08:59:58 -0600 (CST)
Subject: [ImageJ-builds] Build failed in Jenkins: ImgLib2-Algorithm-GPL #19
Message-ID: <165014999.612.1487429998077.JavaMail.jenkins@dev>

See <http://jenkins.imagej.net/job/ImgLib2-Algorithm-GPL/19/changes>

Changes:

[Tobias Pietzsch] Use up-to-date mpicbg version

------------------------------------------
Started by an SCM change
Building remotely on maven in workspace <http://jenkins.imagej.net/job/ImgLib2-Algorithm-GPL/ws/>
 > git rev-parse --is-inside-work-tree # timeout=10
Fetching changes from the remote Git repository
 > git config remote.origin.url git://github.com/imglib/imglib2-algorithm-gpl # timeout=10
Fetching upstream changes from git://github.com/imglib/imglib2-algorithm-gpl
 > git --version # timeout=10
 > git -c core.askpass=true fetch --tags --progress git://github.com/imglib/imglib2-algorithm-gpl +refs/heads/*:refs/remotes/origin/*
 > git rev-parse origin/master^{commit} # timeout=10
Checking out Revision 82dbd96d9a8a66a9dcb518d0ab7771defcfa43e9 (origin/master)
 > git config core.sparsecheckout # timeout=10
 > git checkout -f 82dbd96d9a8a66a9dcb518d0ab7771defcfa43e9
 > git rev-list 787be153b068b9e144936cf43a389ebe15a452d7 # timeout=10
 > git tag -a -f -m Jenkins Build #19 jenkins-ImgLib2-Algorithm-GPL-19 # timeout=10
[ImgLib2-Algorithm-GPL] $ /bin/sh -xe /tmp/hudson1332205943317120740.sh
+ git clean -dfx
Removing target/
[ImgLib2-Algorithm-GPL] $ mvn -U -Pdeploy-to-imagej clean deploy javadoc:javadoc
[INFO] Scanning for projects...
[ERROR] The build could not read 1 project -> [Help 1]
[ERROR]   
[ERROR]   The project net.imglib2:imglib2-algorithm-gpl:0.1.6-SNAPSHOT (/data/devel/jenkins-maven/workspace/ImgLib2-Algorithm-GPL/pom.xml) has 1 error
[ERROR]     'dependencies.dependency.version' for edu.mines:mines-jtk:jar is missing. @ line 54, column 15
[ERROR] 
[ERROR] To see the full stack trace of the errors, re-run Maven with the -e switch.
[ERROR] Re-run Maven using the -X switch to enable full debug logging.
[ERROR] 
[ERROR] For more information about the errors and possible solutions, please read the following articles:
[ERROR] [Help 1] http://cwiki.apache.org/confluence/display/MAVEN/ProjectBuildingException
Build step 'Invoke top-level Maven targets' marked build as failure
Archiving artifacts
Publishing Javadoc
Build step 'Groovy Postbuild' marked build as failure
Recording test results
ERROR: Step ‘Publish JUnit test result report’ failed: No test report files were found. Configuration error?
Performance: Percentage of errors greater or equal than 0% sets the build as unstable
Performance: Percentage of errors greater or equal than 0% sets the build as failure





From jenkins at imagej.net  Sat Feb 18 09:02:10 2017
From: jenkins at imagej.net (jenkins at imagej.net)
Date: Sat, 18 Feb 2017 09:02:10 -0600 (CST)
Subject: [ImageJ-builds] Build failed in Jenkins: ImgLib2-UI #24
Message-ID: <313377776.613.1487430130525.JavaMail.jenkins@dev>

See <http://jenkins.imagej.net/job/ImgLib2-UI/24/changes>

Changes:

[Tobias Pietzsch] Add SimpleInterruptibleProjector constructor with ExecutorService

------------------------------------------
Started by an SCM change
Building remotely on maven in workspace <http://jenkins.imagej.net/job/ImgLib2-UI/ws/>
 > git rev-parse --is-inside-work-tree # timeout=10
Fetching changes from the remote Git repository
 > git config remote.origin.url git://github.com/imglib/imglib2-ui # timeout=10
Fetching upstream changes from git://github.com/imglib/imglib2-ui
 > git --version # timeout=10
 > git -c core.askpass=true fetch --tags --progress git://github.com/imglib/imglib2-ui +refs/heads/*:refs/remotes/origin/*
 > git rev-parse origin/master^{commit} # timeout=10
Checking out Revision af5f3e76d38b2c9ac4f3dae9befd119ad4b143e0 (origin/master)
 > git config core.sparsecheckout # timeout=10
 > git checkout -f af5f3e76d38b2c9ac4f3dae9befd119ad4b143e0
 > git rev-list b09cb3f1eabacae6e15e51e88aacf4550c47a997 # timeout=10
 > git tag -a -f -m Jenkins Build #24 jenkins-ImgLib2-UI-24 # timeout=10
[ImgLib2-UI] $ /bin/sh -xe /tmp/hudson8741047839916289589.sh
+ git clean -dfx
Removing target/
[ImgLib2-UI] $ mvn -U -Pdeploy-to-imagej clean deploy javadoc:javadoc
[INFO] Scanning for projects...
[INFO]                                                                         
[INFO] ------------------------------------------------------------------------
[INFO] Building ImgLib2 UI 2.0.0-beta-32-SNAPSHOT
[INFO] ------------------------------------------------------------------------
[INFO] 
[INFO] --- maven-clean-plugin:2.5:clean (default-clean) @ imglib2-ui ---
[INFO] 
[INFO] --- maven-enforcer-plugin:1.3.1:enforce (enforce-rules) @ imglib2-ui ---
[INFO] Adding ignorable dependency: null:jcodings:null
[INFO]   Adding ignore: org/jcodings/*
[INFO] Adding ignorable dependency: null:jnr-constants:null
[INFO]   Adding ignore: com/kenai/constantine/*
[INFO]   Adding ignore: jnr/constants/*
[INFO] Adding ignorable dependency: null:jnr-ffi:null
[INFO]   Adding ignore: jnr/ffi/*
[INFO] Adding ignorable dependency: null:VIB-lib:null
[INFO]   Adding ignore: javax/media/j3d/
[INFO] Adding ignorable dependency: null:j3d-core:null
[INFO]   Adding ignore: javax/media/j3d/
[INFO] Adding ignorable dependency: null:joda-time:null
[INFO]   Adding ignore: *
[INFO] Adding ignorable dependency: null:slf4j-log4j12:null
[INFO]   Adding ignore: org/slf4j/impl/*
[INFO] Adding ignorable dependency: batik:batik:null
[INFO]   Adding ignore: *
[INFO] Adding ignorable dependency: jama:jama:null
[INFO]   Adding ignore: Jama/*
[INFO] Adding ignorable dependency: com.sun:tools:null
[INFO]   Adding ignore: *
[INFO] 
[INFO] --- buildnumber-maven-plugin:1.3:create (default) @ imglib2-ui ---
[INFO] Executing: /bin/sh -c cd /data/devel/jenkins-maven/workspace/ImgLib2-UI && git rev-parse --verify HEAD
[INFO] Working directory: /data/devel/jenkins-maven/workspace/ImgLib2-UI
[INFO] Storing buildNumber: af5f3e76d38b2c9ac4f3dae9befd119ad4b143e0 at timestamp: 1487430128788
[WARNING] Cannot get the branch information from the git repository: 
Detecting the current branch failed: fatal: ref HEAD is not a symbolic ref

[INFO] Executing: /bin/sh -c cd /data/devel/jenkins-maven/workspace/ImgLib2-UI && git rev-parse --verify HEAD
[INFO] Working directory: /data/devel/jenkins-maven/workspace/ImgLib2-UI
[INFO] Storing buildScmBranch: UNKNOWN
[INFO] 
[INFO] --- maven-resources-plugin:2.6:resources (default-resources) @ imglib2-ui ---
[INFO] Using 'UTF-8' encoding to copy filtered resources.
[INFO] Copying 1 resource
[INFO] 
[INFO] --- maven-compiler-plugin:3.1:compile (default-compile) @ imglib2-ui ---
[INFO] Changes detected - recompiling the module!
[INFO] Compiling 38 source files to /data/devel/jenkins-maven/workspace/ImgLib2-UI/target/classes
[INFO] -------------------------------------------------------------
[ERROR] COMPILATION ERROR : 
[INFO] -------------------------------------------------------------
[ERROR] /data/devel/jenkins-maven/workspace/ImgLib2-UI/src/main/java/net/imglib2/ui/SimpleInterruptibleProjector.java:[156,75] illegal start of type
[INFO] 1 error
[INFO] -------------------------------------------------------------
[INFO] ------------------------------------------------------------------------
[INFO] BUILD FAILURE
[INFO] ------------------------------------------------------------------------
[INFO] Total time: 4.499s
[INFO] Finished at: Sat Feb 18 09:02:10 CST 2017
[INFO] Final Memory: 14M/360M
[INFO] ------------------------------------------------------------------------
[ERROR] Failed to execute goal org.apache.maven.plugins:maven-compiler-plugin:3.1:compile (default-compile) on project imglib2-ui: Compilation failure
[ERROR] /data/devel/jenkins-maven/workspace/ImgLib2-UI/src/main/java/net/imglib2/ui/SimpleInterruptibleProjector.java:[156,75] illegal start of type
[ERROR] -> [Help 1]
[ERROR] 
[ERROR] To see the full stack trace of the errors, re-run Maven with the -e switch.
[ERROR] Re-run Maven using the -X switch to enable full debug logging.
[ERROR] 
[ERROR] For more information about the errors and possible solutions, please read the following articles:
[ERROR] [Help 1] http://cwiki.apache.org/confluence/display/MAVEN/MojoFailureException
Build step 'Invoke top-level Maven targets' marked build as failure
Archiving artifacts
Publishing Javadoc
Build step 'Groovy Postbuild' marked build as failure
Recording test results
ERROR: Step ‘Publish JUnit test result report’ failed: No test report files were found. Configuration error?
Performance: Percentage of errors greater or equal than 0% sets the build as unstable
Performance: Percentage of errors greater or equal than 0% sets the build as failure





From jenkins at imagej.net  Sat Feb 18 09:55:15 2017
From: jenkins at imagej.net (jenkins at imagej.net)
Date: Sat, 18 Feb 2017 09:55:15 -0600 (CST)
Subject: [ImageJ-builds] Build failed in Jenkins: ImgLib2-UI #25
In-Reply-To: <313377776.613.1487430130525.JavaMail.jenkins@dev>
References: <313377776.613.1487430130525.JavaMail.jenkins@dev>
Message-ID: <1869004014.614.1487433315677.JavaMail.jenkins@dev>

See <http://jenkins.imagej.net/job/ImgLib2-UI/25/>

------------------------------------------
Started by user Tobias Pietzsch
Building remotely on maven in workspace <http://jenkins.imagej.net/job/ImgLib2-UI/ws/>
 > git rev-parse --is-inside-work-tree # timeout=10
Fetching changes from the remote Git repository
 > git config remote.origin.url git://github.com/imglib/imglib2-ui # timeout=10
Fetching upstream changes from git://github.com/imglib/imglib2-ui
 > git --version # timeout=10
 > git -c core.askpass=true fetch --tags --progress git://github.com/imglib/imglib2-ui +refs/heads/*:refs/remotes/origin/*
 > git rev-parse origin/master^{commit} # timeout=10
Checking out Revision af5f3e76d38b2c9ac4f3dae9befd119ad4b143e0 (origin/master)
 > git config core.sparsecheckout # timeout=10
 > git checkout -f af5f3e76d38b2c9ac4f3dae9befd119ad4b143e0
 > git rev-list af5f3e76d38b2c9ac4f3dae9befd119ad4b143e0 # timeout=10
 > git tag -a -f -m Jenkins Build #25 jenkins-ImgLib2-UI-25 # timeout=10
[ImgLib2-UI] $ /bin/sh -xe /tmp/hudson6186908777993412065.sh
+ git clean -dfx
Removing target/
[ImgLib2-UI] $ mvn -U -Pdeploy-to-imagej clean deploy javadoc:javadoc
OpenJDK 64-Bit Server VM warning: ignoring option MaxPermSize=256m; support was removed in 8.0
[INFO] Scanning for projects...
[INFO]                                                                         
[INFO] ------------------------------------------------------------------------
[INFO] Building ImgLib2 UI 2.0.0-beta-32-SNAPSHOT
[INFO] ------------------------------------------------------------------------
[INFO] 
[INFO] --- maven-clean-plugin:2.5:clean (default-clean) @ imglib2-ui ---
[INFO] 
[INFO] --- maven-enforcer-plugin:1.3.1:enforce (enforce-rules) @ imglib2-ui ---
[INFO] Adding ignorable dependency: null:jcodings:null
[INFO]   Adding ignore: org/jcodings/*
[INFO] Adding ignorable dependency: null:jnr-constants:null
[INFO]   Adding ignore: com/kenai/constantine/*
[INFO]   Adding ignore: jnr/constants/*
[INFO] Adding ignorable dependency: null:jnr-ffi:null
[INFO]   Adding ignore: jnr/ffi/*
[INFO] Adding ignorable dependency: null:VIB-lib:null
[INFO]   Adding ignore: javax/media/j3d/
[INFO] Adding ignorable dependency: null:j3d-core:null
[INFO]   Adding ignore: javax/media/j3d/
[INFO] Adding ignorable dependency: null:joda-time:null
[INFO]   Adding ignore: *
[INFO] Adding ignorable dependency: null:slf4j-log4j12:null
[INFO]   Adding ignore: org/slf4j/impl/*
[INFO] Adding ignorable dependency: batik:batik:null
[INFO]   Adding ignore: *
[INFO] Adding ignorable dependency: jama:jama:null
[INFO]   Adding ignore: Jama/*
[INFO] Adding ignorable dependency: com.sun:tools:null
[INFO]   Adding ignore: *
[INFO] 
[INFO] --- buildnumber-maven-plugin:1.3:create (default) @ imglib2-ui ---
[INFO] Executing: /bin/sh -c cd /data/devel/jenkins-maven/workspace/ImgLib2-UI && git rev-parse --verify HEAD
[INFO] Working directory: /data/devel/jenkins-maven/workspace/ImgLib2-UI
[INFO] Storing buildNumber: af5f3e76d38b2c9ac4f3dae9befd119ad4b143e0 at timestamp: 1487433314488
[WARNING] Cannot get the branch information from the git repository: 
Detecting the current branch failed: fatal: ref HEAD is not a symbolic ref

[INFO] Executing: /bin/sh -c cd /data/devel/jenkins-maven/workspace/ImgLib2-UI && git rev-parse --verify HEAD
[INFO] Working directory: /data/devel/jenkins-maven/workspace/ImgLib2-UI
[INFO] Storing buildScmBranch: UNKNOWN
[INFO] 
[INFO] --- maven-resources-plugin:2.6:resources (default-resources) @ imglib2-ui ---
[INFO] Using 'UTF-8' encoding to copy filtered resources.
[INFO] Copying 1 resource
[INFO] 
[INFO] --- maven-compiler-plugin:3.1:compile (default-compile) @ imglib2-ui ---
[INFO] Changes detected - recompiling the module!
[INFO] Compiling 38 source files to /data/devel/jenkins-maven/workspace/ImgLib2-UI/target/classes
[INFO] -------------------------------------------------------------
[ERROR] COMPILATION ERROR : 
[INFO] -------------------------------------------------------------
[ERROR] /data/devel/jenkins-maven/workspace/ImgLib2-UI/src/main/java/net/imglib2/ui/SimpleInterruptibleProjector.java:[156,75] diamond operator is not supported in -source 1.6
  (use -source 7 or higher to enable diamond operator)
[INFO] 1 error
[INFO] -------------------------------------------------------------
[INFO] ------------------------------------------------------------------------
[INFO] BUILD FAILURE
[INFO] ------------------------------------------------------------------------
[INFO] Total time: 2.648s
[INFO] Finished at: Sat Feb 18 09:55:15 CST 2017
[INFO] Final Memory: 18M/359M
[INFO] ------------------------------------------------------------------------
[ERROR] Failed to execute goal org.apache.maven.plugins:maven-compiler-plugin:3.1:compile (default-compile) on project imglib2-ui: Compilation failure
[ERROR] /data/devel/jenkins-maven/workspace/ImgLib2-UI/src/main/java/net/imglib2/ui/SimpleInterruptibleProjector.java:[156,75] diamond operator is not supported in -source 1.6
[ERROR] (use -source 7 or higher to enable diamond operator)
[ERROR] -> [Help 1]
[ERROR] 
[ERROR] To see the full stack trace of the errors, re-run Maven with the -e switch.
[ERROR] Re-run Maven using the -X switch to enable full debug logging.
[ERROR] 
[ERROR] For more information about the errors and possible solutions, please read the following articles:
[ERROR] [Help 1] http://cwiki.apache.org/confluence/display/MAVEN/MojoFailureException
Build step 'Invoke top-level Maven targets' marked build as failure
Archiving artifacts
Publishing Javadoc
Build step 'Groovy Postbuild' marked build as failure
Recording test results
ERROR: Step ‘Publish JUnit test result report’ failed: No test report files were found. Configuration error?
Performance: Percentage of errors greater or equal than 0% sets the build as unstable
Performance: Percentage of errors greater or equal than 0% sets the build as failure





From jenkins at imagej.net  Sat Feb 18 09:57:34 2017
From: jenkins at imagej.net (jenkins at imagej.net)
Date: Sat, 18 Feb 2017 09:57:34 -0600 (CST)
Subject: [ImageJ-builds] Build failed in Jenkins: ImgLib2-UI #26
In-Reply-To: <1869004014.614.1487433315677.JavaMail.jenkins@dev>
References: <1869004014.614.1487433315677.JavaMail.jenkins@dev>
Message-ID: <803464343.615.1487433454606.JavaMail.jenkins@dev>

See <http://jenkins.imagej.net/job/ImgLib2-UI/26/>

------------------------------------------
Started by user Tobias Pietzsch
Building remotely on maven in workspace <http://jenkins.imagej.net/job/ImgLib2-UI/ws/>
 > git rev-parse --is-inside-work-tree # timeout=10
Fetching changes from the remote Git repository
 > git config remote.origin.url git://github.com/imglib/imglib2-ui # timeout=10
Fetching upstream changes from git://github.com/imglib/imglib2-ui
 > git --version # timeout=10
 > git -c core.askpass=true fetch --tags --progress git://github.com/imglib/imglib2-ui +refs/heads/*:refs/remotes/origin/*
 > git rev-parse origin/master^{commit} # timeout=10
Checking out Revision af5f3e76d38b2c9ac4f3dae9befd119ad4b143e0 (origin/master)
 > git config core.sparsecheckout # timeout=10
 > git checkout -f af5f3e76d38b2c9ac4f3dae9befd119ad4b143e0
 > git rev-list af5f3e76d38b2c9ac4f3dae9befd119ad4b143e0 # timeout=10
 > git tag -a -f -m Jenkins Build #26 jenkins-ImgLib2-UI-26 # timeout=10
[ImgLib2-UI] $ /bin/sh -xe /tmp/hudson7499932721080074557.sh
+ git clean -dfx
Removing target/
[ImgLib2-UI] $ mvn -U -Pdeploy-to-imagej clean deploy javadoc:javadoc
OpenJDK 64-Bit Server VM warning: ignoring option MaxPermSize=256m; support was removed in 8.0
[INFO] Scanning for projects...
[INFO]                                                                         
[INFO] ------------------------------------------------------------------------
[INFO] Building ImgLib2 UI 2.0.0-beta-32-SNAPSHOT
[INFO] ------------------------------------------------------------------------
[INFO] 
[INFO] --- maven-clean-plugin:2.5:clean (default-clean) @ imglib2-ui ---
[INFO] 
[INFO] --- maven-enforcer-plugin:1.3.1:enforce (enforce-rules) @ imglib2-ui ---
[INFO] Adding ignorable dependency: null:jcodings:null
[INFO]   Adding ignore: org/jcodings/*
[INFO] Adding ignorable dependency: null:jnr-constants:null
[INFO]   Adding ignore: com/kenai/constantine/*
[INFO]   Adding ignore: jnr/constants/*
[INFO] Adding ignorable dependency: null:jnr-ffi:null
[INFO]   Adding ignore: jnr/ffi/*
[INFO] Adding ignorable dependency: null:VIB-lib:null
[INFO]   Adding ignore: javax/media/j3d/
[INFO] Adding ignorable dependency: null:j3d-core:null
[INFO]   Adding ignore: javax/media/j3d/
[INFO] Adding ignorable dependency: null:joda-time:null
[INFO]   Adding ignore: *
[INFO] Adding ignorable dependency: null:slf4j-log4j12:null
[INFO]   Adding ignore: org/slf4j/impl/*
[INFO] Adding ignorable dependency: batik:batik:null
[INFO]   Adding ignore: *
[INFO] Adding ignorable dependency: jama:jama:null
[INFO]   Adding ignore: Jama/*
[INFO] Adding ignorable dependency: com.sun:tools:null
[INFO]   Adding ignore: *
[INFO] 
[INFO] --- buildnumber-maven-plugin:1.3:create (default) @ imglib2-ui ---
[INFO] Executing: /bin/sh -c cd /data/devel/jenkins-maven/workspace/ImgLib2-UI && git rev-parse --verify HEAD
[INFO] Working directory: /data/devel/jenkins-maven/workspace/ImgLib2-UI
[INFO] Storing buildNumber: af5f3e76d38b2c9ac4f3dae9befd119ad4b143e0 at timestamp: 1487433453451
[WARNING] Cannot get the branch information from the git repository: 
Detecting the current branch failed: fatal: ref HEAD is not a symbolic ref

[INFO] Executing: /bin/sh -c cd /data/devel/jenkins-maven/workspace/ImgLib2-UI && git rev-parse --verify HEAD
[INFO] Working directory: /data/devel/jenkins-maven/workspace/ImgLib2-UI
[INFO] Storing buildScmBranch: UNKNOWN
[INFO] 
[INFO] --- maven-resources-plugin:2.6:resources (default-resources) @ imglib2-ui ---
[INFO] Using 'UTF-8' encoding to copy filtered resources.
[INFO] Copying 1 resource
[INFO] 
[INFO] --- maven-compiler-plugin:3.1:compile (default-compile) @ imglib2-ui ---
[INFO] Changes detected - recompiling the module!
[INFO] Compiling 38 source files to /data/devel/jenkins-maven/workspace/ImgLib2-UI/target/classes
[INFO] -------------------------------------------------------------
[ERROR] COMPILATION ERROR : 
[INFO] -------------------------------------------------------------
[ERROR] /data/devel/jenkins-maven/workspace/ImgLib2-UI/src/main/java/net/imglib2/ui/SimpleInterruptibleProjector.java:[156,75] diamond operator is not supported in -source 1.6
  (use -source 7 or higher to enable diamond operator)
[INFO] 1 error
[INFO] -------------------------------------------------------------
[INFO] ------------------------------------------------------------------------
[INFO] BUILD FAILURE
[INFO] ------------------------------------------------------------------------
[INFO] Total time: 2.143s
[INFO] Finished at: Sat Feb 18 09:57:34 CST 2017
[INFO] Final Memory: 18M/361M
[INFO] ------------------------------------------------------------------------
[ERROR] Failed to execute goal org.apache.maven.plugins:maven-compiler-plugin:3.1:compile (default-compile) on project imglib2-ui: Compilation failure
[ERROR] /data/devel/jenkins-maven/workspace/ImgLib2-UI/src/main/java/net/imglib2/ui/SimpleInterruptibleProjector.java:[156,75] diamond operator is not supported in -source 1.6
[ERROR] (use -source 7 or higher to enable diamond operator)
[ERROR] -> [Help 1]
[ERROR] 
[ERROR] To see the full stack trace of the errors, re-run Maven with the -e switch.
[ERROR] Re-run Maven using the -X switch to enable full debug logging.
[ERROR] 
[ERROR] For more information about the errors and possible solutions, please read the following articles:
[ERROR] [Help 1] http://cwiki.apache.org/confluence/display/MAVEN/MojoFailureException
Build step 'Invoke top-level Maven targets' marked build as failure
Archiving artifacts
Publishing Javadoc
Build step 'Groovy Postbuild' marked build as failure
Recording test results
ERROR: Step ‘Publish JUnit test result report’ failed: No test report files were found. Configuration error?
Performance: Percentage of errors greater or equal than 0% sets the build as unstable
Performance: Percentage of errors greater or equal than 0% sets the build as failure





From jenkins at imagej.net  Sat Feb 18 19:35:48 2017
From: jenkins at imagej.net (jenkins at imagej.net)
Date: Sat, 18 Feb 2017 19:35:48 -0600 (CST)
Subject: [ImageJ-builds] Jenkins build is back to normal : ImgLib2-UI #27
In-Reply-To: <803464343.615.1487433454606.JavaMail.jenkins@dev>
References: <803464343.615.1487433454606.JavaMail.jenkins@dev>
Message-ID: <1543229732.616.1487468148613.JavaMail.jenkins@dev>

See <http://jenkins.imagej.net/job/ImgLib2-UI/27/changes>



From jenkins at imagej.net  Sat Feb 18 19:59:33 2017
From: jenkins at imagej.net (jenkins at imagej.net)
Date: Sat, 18 Feb 2017 19:59:33 -0600 (CST)
Subject: [ImageJ-builds] Build failed in Jenkins: ImgLib2-Algorithm-FFT #15
Message-ID: <1143543950.617.1487469573159.JavaMail.jenkins@dev>

See <http://jenkins.imagej.net/job/ImgLib2-Algorithm-FFT/15/changes>

Changes:

[Tobias Pietzsch] Preparing for release of all imglib2 projects with new pom-scijava

------------------------------------------
Started by an SCM change
Building remotely on maven in workspace <http://jenkins.imagej.net/job/ImgLib2-Algorithm-FFT/ws/>
 > git rev-parse --is-inside-work-tree # timeout=10
Fetching changes from the remote Git repository
 > git config remote.origin.url git://github.com/imglib/imglib2-algorithm-fft # timeout=10
Fetching upstream changes from git://github.com/imglib/imglib2-algorithm-fft
 > git --version # timeout=10
 > git -c core.askpass=true fetch --tags --progress git://github.com/imglib/imglib2-algorithm-fft +refs/heads/*:refs/remotes/origin/*
 > git rev-parse origin/master^{commit} # timeout=10
Checking out Revision 8f6839c90eac59742713f6857686842561d48356 (origin/master)
 > git config core.sparsecheckout # timeout=10
 > git checkout -f 8f6839c90eac59742713f6857686842561d48356
 > git rev-list f8dadc47022783031c11ed2ce565cb816d65ea03 # timeout=10
 > git tag -a -f -m Jenkins Build #15 jenkins-ImgLib2-Algorithm-FFT-15 # timeout=10
[ImgLib2-Algorithm-FFT] $ /bin/sh -xe /tmp/hudson6031457161886395653.sh
+ git clean -dfx
Removing target/
[ImgLib2-Algorithm-FFT] $ mvn -U -Pdeploy-to-imagej clean deploy javadoc:javadoc
[INFO] Scanning for projects...
[INFO]                                                                         
[INFO] ------------------------------------------------------------------------
[INFO] Building ImgLib2 Algorithms: FFT 0.1.3-SNAPSHOT
[INFO] ------------------------------------------------------------------------
[INFO] 
[INFO] --- maven-clean-plugin:3.0.0:clean (default-clean) @ imglib2-algorithm-fft ---
[INFO] 
[INFO] --- maven-enforcer-plugin:1.4.1:enforce (enforce-rules) @ imglib2-algorithm-fft ---
[INFO] 
[INFO] --- build-helper-maven-plugin:1.12:regex-property (sanitize-version) @ imglib2-algorithm-fft ---
[INFO] 
[INFO] --- buildnumber-maven-plugin:1.4:create (default) @ imglib2-algorithm-fft ---
[INFO] Executing: /bin/sh -c cd '/data/devel/jenkins-maven/workspace/ImgLib2-Algorithm-FFT' && 'git' 'rev-parse' '--verify' 'HEAD'
[INFO] Working directory: /data/devel/jenkins-maven/workspace/ImgLib2-Algorithm-FFT
[INFO] Storing buildNumber: 8f6839c90eac59742713f6857686842561d48356 at timestamp: 1487469572449
[WARNING] Cannot get the branch information from the git repository: 
Detecting the current branch failed: fatal: ref HEAD is not a symbolic ref

[INFO] Executing: /bin/sh -c cd '/data/devel/jenkins-maven/workspace/ImgLib2-Algorithm-FFT' && 'git' 'rev-parse' '--verify' 'HEAD'
[INFO] Working directory: /data/devel/jenkins-maven/workspace/ImgLib2-Algorithm-FFT
[INFO] Storing buildScmBranch: UNKNOWN
[INFO] 
[INFO] --- scijava-maven-plugin:1.0.0:set-rootdir (set-rootdir) @ imglib2-algorithm-fft ---
[INFO] Setting rootdir: /data/devel/jenkins-maven/workspace/ImgLib2-Algorithm-FFT
[INFO] 
[INFO] --- maven-resources-plugin:3.0.1:resources (default-resources) @ imglib2-algorithm-fft ---
[INFO] Using 'UTF-8' encoding to copy filtered resources.
[INFO] skip non existing resourceDirectory /data/devel/jenkins-maven/workspace/ImgLib2-Algorithm-FFT/src/main/resources
[INFO] 
[INFO] --- maven-compiler-plugin:3.5.1:compile (default-compile) @ imglib2-algorithm-fft ---
[INFO] Compiling 2 source files to /data/devel/jenkins-maven/workspace/ImgLib2-Algorithm-FFT/target/classes
[INFO] ------------------------------------------------------------------------
[INFO] BUILD FAILURE
[INFO] ------------------------------------------------------------------------
[INFO] Total time: 4.827s
[INFO] Finished at: Sat Feb 18 19:59:32 CST 2017
[INFO] Final Memory: 22M/461M
[INFO] ------------------------------------------------------------------------
[ERROR] Failed to execute goal org.apache.maven.plugins:maven-compiler-plugin:3.5.1:compile (default-compile) on project imglib2-algorithm-fft: Fatal error compiling: invalid target release: 1.8 -> [Help 1]
[ERROR] 
[ERROR] To see the full stack trace of the errors, re-run Maven with the -e switch.
[ERROR] Re-run Maven using the -X switch to enable full debug logging.
[ERROR] 
[ERROR] For more information about the errors and possible solutions, please read the following articles:
[ERROR] [Help 1] http://cwiki.apache.org/confluence/display/MAVEN/MojoExecutionException
Build step 'Invoke top-level Maven targets' marked build as failure
Archiving artifacts
Publishing Javadoc
Build step 'Groovy Postbuild' marked build as failure
Recording test results
ERROR: Step ‘Publish JUnit test result report’ failed: No test report files were found. Configuration error?
Performance: Percentage of errors greater or equal than 0% sets the build as unstable
Performance: Percentage of errors greater or equal than 0% sets the build as failure





From jenkins at imagej.net  Sat Feb 18 19:59:50 2017
From: jenkins at imagej.net (jenkins at imagej.net)
Date: Sat, 18 Feb 2017 19:59:50 -0600 (CST)
Subject: [ImageJ-builds] Build failed in Jenkins: ImgLib2-Algorithm-GPL #20
In-Reply-To: <165014999.612.1487429998077.JavaMail.jenkins@dev>
References: <165014999.612.1487429998077.JavaMail.jenkins@dev>
Message-ID: <1400704731.618.1487469590020.JavaMail.jenkins@dev>

See <http://jenkins.imagej.net/job/ImgLib2-Algorithm-GPL/20/changes>

Changes:

[Tobias Pietzsch] Preparing for release of all imglib2 projects with new pom-scijava

------------------------------------------
Started by an SCM change
Building remotely on maven in workspace <http://jenkins.imagej.net/job/ImgLib2-Algorithm-GPL/ws/>
 > git rev-parse --is-inside-work-tree # timeout=10
Fetching changes from the remote Git repository
 > git config remote.origin.url git://github.com/imglib/imglib2-algorithm-gpl # timeout=10
Fetching upstream changes from git://github.com/imglib/imglib2-algorithm-gpl
 > git --version # timeout=10
 > git -c core.askpass=true fetch --tags --progress git://github.com/imglib/imglib2-algorithm-gpl +refs/heads/*:refs/remotes/origin/*
 > git rev-parse origin/master^{commit} # timeout=10
Checking out Revision ed649222bb61f9e3b31a1a0d1adabe48c4c62492 (origin/master)
 > git config core.sparsecheckout # timeout=10
 > git checkout -f ed649222bb61f9e3b31a1a0d1adabe48c4c62492
 > git rev-list 82dbd96d9a8a66a9dcb518d0ab7771defcfa43e9 # timeout=10
 > git tag -a -f -m Jenkins Build #20 jenkins-ImgLib2-Algorithm-GPL-20 # timeout=10
[ImgLib2-Algorithm-GPL] $ /bin/sh -xe /tmp/hudson4300457293569697039.sh
+ git clean -dfx
[ImgLib2-Algorithm-GPL] $ mvn -U -Pdeploy-to-imagej clean deploy javadoc:javadoc
[INFO] Scanning for projects...
[INFO]                                                                         
[INFO] ------------------------------------------------------------------------
[INFO] Building ImgLib2 Algorithms: GPL 0.2.0-SNAPSHOT
[INFO] ------------------------------------------------------------------------
Downloading: http://maven.imagej.net/content/groups/public/net/imglib2/imglib2-algorithm-fft/0.1.3/imglib2-algorithm-fft-0.1.3.pom

Downloading: http://repo.maven.apache.org/maven2/net/imglib2/imglib2-algorithm-fft/0.1.3/imglib2-algorithm-fft-0.1.3.pom

[WARNING] The POM for net.imglib2:imglib2-algorithm-fft:jar:0.1.3 is missing, no dependency information available
Downloading: http://maven.imagej.net/content/groups/public/net/imglib2/imglib2-algorithm-fft/0.1.3/imglib2-algorithm-fft-0.1.3.jar

Downloading: http://repo.maven.apache.org/maven2/net/imglib2/imglib2-algorithm-fft/0.1.3/imglib2-algorithm-fft-0.1.3.jar

[INFO] ------------------------------------------------------------------------
[INFO] BUILD FAILURE
[INFO] ------------------------------------------------------------------------
[INFO] Total time: 9.657s
[INFO] Finished at: Sat Feb 18 19:59:49 CST 2017
[INFO] Final Memory: 11M/360M
[INFO] ------------------------------------------------------------------------
[ERROR] Failed to execute goal on project imglib2-algorithm-gpl: Could not resolve dependencies for project net.imglib2:imglib2-algorithm-gpl:jar:0.2.0-SNAPSHOT: Could not find artifact net.imglib2:imglib2-algorithm-fft:jar:0.1.3 in imagej.public (http://maven.imagej.net/content/groups/public) -> [Help 1]
[ERROR] 
[ERROR] To see the full stack trace of the errors, re-run Maven with the -e switch.
[ERROR] Re-run Maven using the -X switch to enable full debug logging.
[ERROR] 
[ERROR] For more information about the errors and possible solutions, please read the following articles:
[ERROR] [Help 1] http://cwiki.apache.org/confluence/display/MAVEN/DependencyResolutionException
Build step 'Invoke top-level Maven targets' marked build as failure
Archiving artifacts
Publishing Javadoc
Build step 'Groovy Postbuild' marked build as failure
Recording test results
ERROR: Step ‘Publish JUnit test result report’ failed: No test report files were found. Configuration error?
Performance: Percentage of errors greater or equal than 0% sets the build as unstable
Performance: Percentage of errors greater or equal than 0% sets the build as failure





From jenkins at imagej.net  Sat Feb 18 19:59:59 2017
From: jenkins at imagej.net (jenkins at imagej.net)
Date: Sat, 18 Feb 2017 19:59:59 -0600 (CST)
Subject: [ImageJ-builds] Build failed in Jenkins: ImgLib2-Script #14
Message-ID: <774448334.619.1487469599405.JavaMail.jenkins@dev>

See <http://jenkins.imagej.net/job/ImgLib2-Script/14/changes>

Changes:

[Tobias Pietzsch] Preparing for release of all imglib2 projects with new pom-scijava

------------------------------------------
Started by an SCM change
Building remotely on maven in workspace <http://jenkins.imagej.net/job/ImgLib2-Script/ws/>
 > git rev-parse --is-inside-work-tree # timeout=10
Fetching changes from the remote Git repository
 > git config remote.origin.url git://github.com/imglib/imglib2-script # timeout=10
Fetching upstream changes from git://github.com/imglib/imglib2-script
 > git --version # timeout=10
 > git -c core.askpass=true fetch --tags --progress git://github.com/imglib/imglib2-script +refs/heads/*:refs/remotes/origin/*
 > git rev-parse origin/master^{commit} # timeout=10
Checking out Revision e168080ce3a9e523b38fe62bd19de01356ce9521 (origin/master)
 > git config core.sparsecheckout # timeout=10
 > git checkout -f e168080ce3a9e523b38fe62bd19de01356ce9521
 > git rev-list 51657e8e5eb97d2d7cb5c70e96c332e61d432b9d # timeout=10
 > git tag -a -f -m Jenkins Build #14 jenkins-ImgLib2-Script-14 # timeout=10
[ImgLib2-Script] $ /bin/sh -xe /tmp/hudson2323810234774612649.sh
+ git clean -dfx
Removing target/
[ImgLib2-Script] $ mvn -U -Pdeploy-to-imagej deploy javadoc:javadoc
[INFO] Scanning for projects...
[INFO]                                                                         
[INFO] ------------------------------------------------------------------------
[INFO] Building ImgLib2 Scripting 0.2.1-SNAPSHOT
[INFO] ------------------------------------------------------------------------
Downloading: http://maven.imagej.net/content/groups/public/net/imglib2/imglib2-algorithm-gpl/0.2.0/imglib2-algorithm-gpl-0.2.0.pom

Downloading: http://repo.maven.apache.org/maven2/net/imglib2/imglib2-algorithm-gpl/0.2.0/imglib2-algorithm-gpl-0.2.0.pom

[WARNING] The POM for net.imglib2:imglib2-algorithm-gpl:jar:0.2.0 is missing, no dependency information available
Downloading: http://maven.imagej.net/content/groups/public/net/imglib2/imglib2-algorithm-gpl/0.2.0/imglib2-algorithm-gpl-0.2.0.jar

Downloading: http://repo.maven.apache.org/maven2/net/imglib2/imglib2-algorithm-gpl/0.2.0/imglib2-algorithm-gpl-0.2.0.jar

[INFO] ------------------------------------------------------------------------
[INFO] BUILD FAILURE
[INFO] ------------------------------------------------------------------------
[INFO] Total time: 6.429s
[INFO] Finished at: Sat Feb 18 19:59:59 CST 2017
[INFO] Final Memory: 12M/360M
[INFO] ------------------------------------------------------------------------
[ERROR] Failed to execute goal on project imglib2-script: Could not resolve dependencies for project net.imglib2:imglib2-script:jar:0.2.1-SNAPSHOT: Could not find artifact net.imglib2:imglib2-algorithm-gpl:jar:0.2.0 in imagej.public (http://maven.imagej.net/content/groups/public) -> [Help 1]
[ERROR] 
[ERROR] To see the full stack trace of the errors, re-run Maven with the -e switch.
[ERROR] Re-run Maven using the -X switch to enable full debug logging.
[ERROR] 
[ERROR] For more information about the errors and possible solutions, please read the following articles:
[ERROR] [Help 1] http://cwiki.apache.org/confluence/display/MAVEN/DependencyResolutionException
Build step 'Invoke top-level Maven targets' marked build as failure
Archiving artifacts
Publishing Javadoc
Build step 'Groovy Postbuild' marked build as failure
Recording test results
ERROR: Step ‘Publish JUnit test result report’ failed: No test report files were found. Configuration error?
Performance: Percentage of errors greater or equal than 0% sets the build as unstable
Performance: Percentage of errors greater or equal than 0% sets the build as failure





From jenkins at imagej.net  Sat Feb 18 20:01:42 2017
From: jenkins at imagej.net (jenkins at imagej.net)
Date: Sat, 18 Feb 2017 20:01:42 -0600 (CST)
Subject: [ImageJ-builds] Build failed in Jenkins: ImgLib2-Tests #18
Message-ID: <27847436.620.1487469702538.JavaMail.jenkins@dev>

See <http://jenkins.imagej.net/job/ImgLib2-Tests/18/changes>

Changes:

[Tobias Pietzsch] Preparing for release of all imglib2 projects with new pom-scijava

------------------------------------------
Started by an SCM change
Building remotely on maven in workspace <http://jenkins.imagej.net/job/ImgLib2-Tests/ws/>
 > git rev-parse --is-inside-work-tree # timeout=10
Fetching changes from the remote Git repository
 > git config remote.origin.url git://github.com/imglib/imglib2-tests # timeout=10
Fetching upstream changes from git://github.com/imglib/imglib2-tests
 > git --version # timeout=10
 > git -c core.askpass=true fetch --tags --progress git://github.com/imglib/imglib2-tests +refs/heads/*:refs/remotes/origin/*
 > git rev-parse origin/master^{commit} # timeout=10
Checking out Revision ad15b645a0ef7a7cbc80543037a02dd0e72aa157 (origin/master)
 > git config core.sparsecheckout # timeout=10
 > git checkout -f ad15b645a0ef7a7cbc80543037a02dd0e72aa157
 > git rev-list 05c97e623081b0990d04f5ad740983a293bfcb2a # timeout=10
 > git tag -a -f -m Jenkins Build #18 jenkins-ImgLib2-Tests-18 # timeout=10
[ImgLib2-Tests] $ /bin/sh -xe /tmp/hudson469466359851794259.sh
+ git clean -dfx
Removing target/
[ImgLib2-Tests] $ mvn -U -Pdeploy-to-imagej clean deploy javadoc:javadoc
OpenJDK 64-Bit Server VM warning: ignoring option MaxPermSize=256m; support was removed in 8.0
[INFO] Scanning for projects...
[INFO]                                                                         
[INFO] ------------------------------------------------------------------------
[INFO] Building ImgLib2 Tests 0.1.0-SNAPSHOT
[INFO] ------------------------------------------------------------------------
Downloading: http://maven.imagej.net/content/groups/public/net/imglib2/imglib2-algorithm-gpl/0.2.0/imglib2-algorithm-gpl-0.2.0.pom

Downloading: http://repo.maven.apache.org/maven2/net/imglib2/imglib2-algorithm-gpl/0.2.0/imglib2-algorithm-gpl-0.2.0.pom

[WARNING] The POM for net.imglib2:imglib2-algorithm-gpl:jar:0.2.0 is missing, no dependency information available
Downloading: http://maven.imagej.net/content/groups/public/net/imglib2/imglib2-algorithm-gpl/0.2.0/imglib2-algorithm-gpl-0.2.0.jar

Downloading: http://repo.maven.apache.org/maven2/net/imglib2/imglib2-algorithm-gpl/0.2.0/imglib2-algorithm-gpl-0.2.0.jar

[INFO] ------------------------------------------------------------------------
[INFO] BUILD FAILURE
[INFO] ------------------------------------------------------------------------
[INFO] Total time: 2.228s
[INFO] Finished at: Sat Feb 18 20:01:42 CST 2017
[INFO] Final Memory: 13M/362M
[INFO] ------------------------------------------------------------------------
[ERROR] Failed to execute goal on project imglib2-tests: Could not resolve dependencies for project net.imglib2:imglib2-tests:jar:0.1.0-SNAPSHOT: Could not find artifact net.imglib2:imglib2-algorithm-gpl:jar:0.2.0 in imagej.public (http://maven.imagej.net/content/groups/public) -> [Help 1]
[ERROR] 
[ERROR] To see the full stack trace of the errors, re-run Maven with the -e switch.
[ERROR] Re-run Maven using the -X switch to enable full debug logging.
[ERROR] 
[ERROR] For more information about the errors and possible solutions, please read the following articles:
[ERROR] [Help 1] http://cwiki.apache.org/confluence/display/MAVEN/DependencyResolutionException
Build step 'Invoke top-level Maven targets' marked build as failure
Archiving artifacts
Build step 'Groovy Postbuild' marked build as failure


From jenkins at imagej.net  Sat Feb 18 20:40:32 2017
From: jenkins at imagej.net (jenkins at imagej.net)
Date: Sat, 18 Feb 2017 20:40:32 -0600 (CST)
Subject: [ImageJ-builds] Build failed in Jenkins: ImgLib2-Algorithm-FFT #16
In-Reply-To: <1143543950.617.1487469573159.JavaMail.jenkins@dev>
References: <1143543950.617.1487469573159.JavaMail.jenkins@dev>
Message-ID: <463851848.622.1487472032117.JavaMail.jenkins@dev>

See <http://jenkins.imagej.net/job/ImgLib2-Algorithm-FFT/16/changes>

Changes:

[Jenkins] Bump to next development cycle

------------------------------------------
Started by an SCM change
Started by an SCM change
Building remotely on maven in workspace <http://jenkins.imagej.net/job/ImgLib2-Algorithm-FFT/ws/>
 > git rev-parse --is-inside-work-tree # timeout=10
Fetching changes from the remote Git repository
 > git config remote.origin.url git://github.com/imglib/imglib2-algorithm-fft # timeout=10
Fetching upstream changes from git://github.com/imglib/imglib2-algorithm-fft
 > git --version # timeout=10
 > git -c core.askpass=true fetch --tags --progress git://github.com/imglib/imglib2-algorithm-fft +refs/heads/*:refs/remotes/origin/*
 > git rev-parse origin/master^{commit} # timeout=10
Checking out Revision 519fc5f8793c4d55a7b2f496822f1dcdd3e5a177 (origin/master)
 > git config core.sparsecheckout # timeout=10
 > git checkout -f 519fc5f8793c4d55a7b2f496822f1dcdd3e5a177
 > git rev-list 8f6839c90eac59742713f6857686842561d48356 # timeout=10
 > git tag -a -f -m Jenkins Build #16 jenkins-ImgLib2-Algorithm-FFT-16 # timeout=10
[ImgLib2-Algorithm-FFT] $ /bin/sh -xe /tmp/hudson4976852877761513938.sh
+ git clean -dfx
Removing target/
[ImgLib2-Algorithm-FFT] $ mvn -U -Pdeploy-to-imagej clean deploy javadoc:javadoc
[INFO] Scanning for projects...
[INFO]                                                                         
[INFO] ------------------------------------------------------------------------
[INFO] Building ImgLib2 Algorithms: FFT 0.1.4-SNAPSHOT
[INFO] ------------------------------------------------------------------------
[INFO] 
[INFO] --- maven-clean-plugin:3.0.0:clean (default-clean) @ imglib2-algorithm-fft ---
[INFO] 
[INFO] --- maven-enforcer-plugin:1.4.1:enforce (enforce-rules) @ imglib2-algorithm-fft ---
[INFO] 
[INFO] --- build-helper-maven-plugin:1.12:regex-property (sanitize-version) @ imglib2-algorithm-fft ---
[INFO] 
[INFO] --- buildnumber-maven-plugin:1.4:create (default) @ imglib2-algorithm-fft ---
[INFO] Executing: /bin/sh -c cd '/data/devel/jenkins-maven/workspace/ImgLib2-Algorithm-FFT' && 'git' 'rev-parse' '--verify' 'HEAD'
[INFO] Working directory: /data/devel/jenkins-maven/workspace/ImgLib2-Algorithm-FFT
[INFO] Storing buildNumber: 519fc5f8793c4d55a7b2f496822f1dcdd3e5a177 at timestamp: 1487472031337
[WARNING] Cannot get the branch information from the git repository: 
Detecting the current branch failed: fatal: ref HEAD is not a symbolic ref

[INFO] Executing: /bin/sh -c cd '/data/devel/jenkins-maven/workspace/ImgLib2-Algorithm-FFT' && 'git' 'rev-parse' '--verify' 'HEAD'
[INFO] Working directory: /data/devel/jenkins-maven/workspace/ImgLib2-Algorithm-FFT
[INFO] Storing buildScmBranch: UNKNOWN
[INFO] 
[INFO] --- scijava-maven-plugin:1.0.0:set-rootdir (set-rootdir) @ imglib2-algorithm-fft ---
[INFO] Setting rootdir: /data/devel/jenkins-maven/workspace/ImgLib2-Algorithm-FFT
[INFO] 
[INFO] --- maven-resources-plugin:3.0.1:resources (default-resources) @ imglib2-algorithm-fft ---
[INFO] Using 'UTF-8' encoding to copy filtered resources.
[INFO] skip non existing resourceDirectory /data/devel/jenkins-maven/workspace/ImgLib2-Algorithm-FFT/src/main/resources
[INFO] 
[INFO] --- maven-compiler-plugin:3.5.1:compile (default-compile) @ imglib2-algorithm-fft ---
[INFO] Compiling 2 source files to /data/devel/jenkins-maven/workspace/ImgLib2-Algorithm-FFT/target/classes
[INFO] ------------------------------------------------------------------------
[INFO] BUILD FAILURE
[INFO] ------------------------------------------------------------------------
[INFO] Total time: 4.789s
[INFO] Finished at: Sat Feb 18 20:40:31 CST 2017
[INFO] Final Memory: 23M/568M
[INFO] ------------------------------------------------------------------------
[ERROR] Failed to execute goal org.apache.maven.plugins:maven-compiler-plugin:3.5.1:compile (default-compile) on project imglib2-algorithm-fft: Fatal error compiling: invalid target release: 1.8 -> [Help 1]
[ERROR] 
[ERROR] To see the full stack trace of the errors, re-run Maven with the -e switch.
[ERROR] Re-run Maven using the -X switch to enable full debug logging.
[ERROR] 
[ERROR] For more information about the errors and possible solutions, please read the following articles:
[ERROR] [Help 1] http://cwiki.apache.org/confluence/display/MAVEN/MojoExecutionException
Build step 'Invoke top-level Maven targets' marked build as failure
Archiving artifacts
Publishing Javadoc
Build step 'Groovy Postbuild' marked build as failure
Recording test results
ERROR: Step ‘Publish JUnit test result report’ failed: No test report files were found. Configuration error?
Performance: Percentage of errors greater or equal than 0% sets the build as unstable
Performance: Percentage of errors greater or equal than 0% sets the build as failure





From jenkins at imagej.net  Sat Feb 18 20:43:01 2017
From: jenkins at imagej.net (jenkins at imagej.net)
Date: Sat, 18 Feb 2017 20:43:01 -0600 (CST)
Subject: [ImageJ-builds] Build failed in Jenkins: ImgLib2-Algorithm-GPL #21
In-Reply-To: <1400704731.618.1487469590020.JavaMail.jenkins@dev>
References: <1400704731.618.1487469590020.JavaMail.jenkins@dev>
Message-ID: <737157783.623.1487472181116.JavaMail.jenkins@dev>

See <http://jenkins.imagej.net/job/ImgLib2-Algorithm-GPL/21/changes>

Changes:

[Jenkins] Bump to next development cycle

------------------------------------------
Started by an SCM change
Started by an SCM change
Building remotely on maven in workspace <http://jenkins.imagej.net/job/ImgLib2-Algorithm-GPL/ws/>
 > git rev-parse --is-inside-work-tree # timeout=10
Fetching changes from the remote Git repository
 > git config remote.origin.url git://github.com/imglib/imglib2-algorithm-gpl # timeout=10
Fetching upstream changes from git://github.com/imglib/imglib2-algorithm-gpl
 > git --version # timeout=10
 > git -c core.askpass=true fetch --tags --progress git://github.com/imglib/imglib2-algorithm-gpl +refs/heads/*:refs/remotes/origin/*
 > git rev-parse origin/master^{commit} # timeout=10
Checking out Revision 86c0bc21a31832bd0b713f415d145b72481011a3 (origin/master)
 > git config core.sparsecheckout # timeout=10
 > git checkout -f 86c0bc21a31832bd0b713f415d145b72481011a3
 > git rev-list ed649222bb61f9e3b31a1a0d1adabe48c4c62492 # timeout=10
 > git tag -a -f -m Jenkins Build #21 jenkins-ImgLib2-Algorithm-GPL-21 # timeout=10
[ImgLib2-Algorithm-GPL] $ /bin/sh -xe /tmp/hudson5226431462337326485.sh
+ git clean -dfx
[ImgLib2-Algorithm-GPL] $ mvn -U -Pdeploy-to-imagej clean deploy javadoc:javadoc
[INFO] Scanning for projects...
[INFO]                                                                         
[INFO] ------------------------------------------------------------------------
[INFO] Building ImgLib2 Algorithms: GPL 0.2.1-SNAPSHOT
[INFO] ------------------------------------------------------------------------
[INFO] 
[INFO] --- maven-clean-plugin:3.0.0:clean (default-clean) @ imglib2-algorithm-gpl ---
[INFO] 
[INFO] --- maven-enforcer-plugin:1.4.1:enforce (enforce-rules) @ imglib2-algorithm-gpl ---
[INFO] 
[INFO] --- build-helper-maven-plugin:1.12:regex-property (sanitize-version) @ imglib2-algorithm-gpl ---
[INFO] 
[INFO] --- buildnumber-maven-plugin:1.4:create (default) @ imglib2-algorithm-gpl ---
[INFO] Executing: /bin/sh -c cd '/data/devel/jenkins-maven/workspace/ImgLib2-Algorithm-GPL' && 'git' 'rev-parse' '--verify' 'HEAD'
[INFO] Working directory: /data/devel/jenkins-maven/workspace/ImgLib2-Algorithm-GPL
[INFO] Storing buildNumber: 86c0bc21a31832bd0b713f415d145b72481011a3 at timestamp: 1487472180348
[WARNING] Cannot get the branch information from the git repository: 
Detecting the current branch failed: fatal: ref HEAD is not a symbolic ref

[INFO] Executing: /bin/sh -c cd '/data/devel/jenkins-maven/workspace/ImgLib2-Algorithm-GPL' && 'git' 'rev-parse' '--verify' 'HEAD'
[INFO] Working directory: /data/devel/jenkins-maven/workspace/ImgLib2-Algorithm-GPL
[INFO] Storing buildScmBranch: UNKNOWN
[INFO] 
[INFO] --- scijava-maven-plugin:1.0.0:set-rootdir (set-rootdir) @ imglib2-algorithm-gpl ---
[INFO] Setting rootdir: /data/devel/jenkins-maven/workspace/ImgLib2-Algorithm-GPL
[INFO] 
[INFO] --- maven-resources-plugin:3.0.1:resources (default-resources) @ imglib2-algorithm-gpl ---
[INFO] Using 'UTF-8' encoding to copy filtered resources.
[INFO] skip non existing resourceDirectory /data/devel/jenkins-maven/workspace/ImgLib2-Algorithm-GPL/src/main/resources
[INFO] 
[INFO] --- maven-compiler-plugin:3.5.1:compile (default-compile) @ imglib2-algorithm-gpl ---
[INFO] Compiling 50 source files to /data/devel/jenkins-maven/workspace/ImgLib2-Algorithm-GPL/target/classes
[INFO] ------------------------------------------------------------------------
[INFO] BUILD FAILURE
[INFO] ------------------------------------------------------------------------
[INFO] Total time: 4.979s
[INFO] Finished at: Sat Feb 18 20:43:00 CST 2017
[INFO] Final Memory: 23M/567M
[INFO] ------------------------------------------------------------------------
[ERROR] Failed to execute goal org.apache.maven.plugins:maven-compiler-plugin:3.5.1:compile (default-compile) on project imglib2-algorithm-gpl: Fatal error compiling: invalid target release: 1.8 -> [Help 1]
[ERROR] 
[ERROR] To see the full stack trace of the errors, re-run Maven with the -e switch.
[ERROR] Re-run Maven using the -X switch to enable full debug logging.
[ERROR] 
[ERROR] For more information about the errors and possible solutions, please read the following articles:
[ERROR] [Help 1] http://cwiki.apache.org/confluence/display/MAVEN/MojoExecutionException
Build step 'Invoke top-level Maven targets' marked build as failure
Archiving artifacts
Publishing Javadoc
Build step 'Groovy Postbuild' marked build as failure
Recording test results
ERROR: Step ‘Publish JUnit test result report’ failed: No test report files were found. Configuration error?
Performance: Percentage of errors greater or equal than 0% sets the build as unstable
Performance: Percentage of errors greater or equal than 0% sets the build as failure





From jenkins at imagej.net  Sat Feb 18 20:46:07 2017
From: jenkins at imagej.net (jenkins at imagej.net)
Date: Sat, 18 Feb 2017 20:46:07 -0600 (CST)
Subject: [ImageJ-builds] Build failed in Jenkins: ImgLib2-Script #15
In-Reply-To: <774448334.619.1487469599405.JavaMail.jenkins@dev>
References: <774448334.619.1487469599405.JavaMail.jenkins@dev>
Message-ID: <814768169.624.1487472367500.JavaMail.jenkins@dev>

See <http://jenkins.imagej.net/job/ImgLib2-Script/15/changes>

Changes:

[Jenkins] Bump to next development cycle

------------------------------------------
Started by an SCM change
Started by an SCM change
Building remotely on maven in workspace <http://jenkins.imagej.net/job/ImgLib2-Script/ws/>
 > git rev-parse --is-inside-work-tree # timeout=10
Fetching changes from the remote Git repository
 > git config remote.origin.url git://github.com/imglib/imglib2-script # timeout=10
Fetching upstream changes from git://github.com/imglib/imglib2-script
 > git --version # timeout=10
 > git -c core.askpass=true fetch --tags --progress git://github.com/imglib/imglib2-script +refs/heads/*:refs/remotes/origin/*
 > git rev-parse origin/master^{commit} # timeout=10
Checking out Revision ff0fe34ee5dc5fb86f83b039cc1fabd137d0c968 (origin/master)
 > git config core.sparsecheckout # timeout=10
 > git checkout -f ff0fe34ee5dc5fb86f83b039cc1fabd137d0c968
 > git rev-list e168080ce3a9e523b38fe62bd19de01356ce9521 # timeout=10
 > git tag -a -f -m Jenkins Build #15 jenkins-ImgLib2-Script-15 # timeout=10
[ImgLib2-Script] $ /bin/sh -xe /tmp/hudson1540966940357480003.sh
+ git clean -dfx
[ImgLib2-Script] $ mvn -U -Pdeploy-to-imagej deploy javadoc:javadoc
[INFO] Scanning for projects...
[INFO]                                                                         
[INFO] ------------------------------------------------------------------------
[INFO] Building ImgLib2 Scripting 0.2.2-SNAPSHOT
[INFO] ------------------------------------------------------------------------
[INFO] 
[INFO] --- maven-enforcer-plugin:1.4.1:enforce (enforce-rules) @ imglib2-script ---
[INFO] 
[INFO] --- build-helper-maven-plugin:1.12:regex-property (sanitize-version) @ imglib2-script ---
[INFO] 
[INFO] --- buildnumber-maven-plugin:1.4:create (default) @ imglib2-script ---
[INFO] Executing: /bin/sh -c cd '/data/devel/jenkins-maven/workspace/ImgLib2-Script' && 'git' 'rev-parse' '--verify' 'HEAD'
[INFO] Working directory: /data/devel/jenkins-maven/workspace/ImgLib2-Script
[INFO] Storing buildNumber: ff0fe34ee5dc5fb86f83b039cc1fabd137d0c968 at timestamp: 1487472366754
[WARNING] Cannot get the branch information from the git repository: 
Detecting the current branch failed: fatal: ref HEAD is not a symbolic ref

[INFO] Executing: /bin/sh -c cd '/data/devel/jenkins-maven/workspace/ImgLib2-Script' && 'git' 'rev-parse' '--verify' 'HEAD'
[INFO] Working directory: /data/devel/jenkins-maven/workspace/ImgLib2-Script
[INFO] Storing buildScmBranch: UNKNOWN
[INFO] 
[INFO] --- scijava-maven-plugin:1.0.0:set-rootdir (set-rootdir) @ imglib2-script ---
[INFO] Setting rootdir: /data/devel/jenkins-maven/workspace/ImgLib2-Script
[INFO] 
[INFO] --- maven-resources-plugin:3.0.1:resources (default-resources) @ imglib2-script ---
[INFO] Using 'UTF-8' encoding to copy filtered resources.
[INFO] skip non existing resourceDirectory /data/devel/jenkins-maven/workspace/ImgLib2-Script/src/main/resources
[INFO] 
[INFO] --- maven-compiler-plugin:3.5.1:compile (default-compile) @ imglib2-script ---
[INFO] Compiling 157 source files to /data/devel/jenkins-maven/workspace/ImgLib2-Script/target/classes
[INFO] ------------------------------------------------------------------------
[INFO] BUILD FAILURE
[INFO] ------------------------------------------------------------------------
[INFO] Total time: 5.319s
[INFO] Finished at: Sat Feb 18 20:46:07 CST 2017
[INFO] Final Memory: 24M/569M
[INFO] ------------------------------------------------------------------------
[ERROR] Failed to execute goal org.apache.maven.plugins:maven-compiler-plugin:3.5.1:compile (default-compile) on project imglib2-script: Fatal error compiling: invalid target release: 1.8 -> [Help 1]
[ERROR] 
[ERROR] To see the full stack trace of the errors, re-run Maven with the -e switch.
[ERROR] Re-run Maven using the -X switch to enable full debug logging.
[ERROR] 
[ERROR] For more information about the errors and possible solutions, please read the following articles:
[ERROR] [Help 1] http://cwiki.apache.org/confluence/display/MAVEN/MojoExecutionException
Build step 'Invoke top-level Maven targets' marked build as failure
Archiving artifacts
Publishing Javadoc
Build step 'Groovy Postbuild' marked build as failure
Recording test results
ERROR: Step ‘Publish JUnit test result report’ failed: No test report files were found. Configuration error?
Performance: Percentage of errors greater or equal than 0% sets the build as unstable
Performance: Percentage of errors greater or equal than 0% sets the build as failure





From jenkins at imagej.net  Sat Feb 18 22:57:26 2017
From: jenkins at imagej.net (jenkins at imagej.net)
Date: Sat, 18 Feb 2017 22:57:26 -0600 (CST)
Subject: [ImageJ-builds] Jenkins build is back to normal : ImgLib2-Tests #19
In-Reply-To: <27847436.620.1487469702538.JavaMail.jenkins@dev>
References: <27847436.620.1487469702538.JavaMail.jenkins@dev>
Message-ID: <613286627.625.1487480246081.JavaMail.jenkins@dev>

See <http://jenkins.imagej.net/job/ImgLib2-Tests/19/>



From jenkins at imagej.net  Sat Feb 18 22:59:39 2017
From: jenkins at imagej.net (jenkins at imagej.net)
Date: Sat, 18 Feb 2017 22:59:39 -0600 (CST)
Subject: [ImageJ-builds] Jenkins build is back to normal :
	ImgLib2-Algorithm-FFT #17
In-Reply-To: <463851848.622.1487472032117.JavaMail.jenkins@dev>
References: <463851848.622.1487472032117.JavaMail.jenkins@dev>
Message-ID: <166910602.626.1487480379002.JavaMail.jenkins@dev>

See <http://jenkins.imagej.net/job/ImgLib2-Algorithm-FFT/17/>



From jenkins at imagej.net  Sat Feb 18 23:01:36 2017
From: jenkins at imagej.net (jenkins at imagej.net)
Date: Sat, 18 Feb 2017 23:01:36 -0600 (CST)
Subject: [ImageJ-builds] Jenkins build is back to normal :
	ImgLib2-Algorithm-GPL #22
In-Reply-To: <737157783.623.1487472181116.JavaMail.jenkins@dev>
References: <737157783.623.1487472181116.JavaMail.jenkins@dev>
Message-ID: <72523196.627.1487480496467.JavaMail.jenkins@dev>

See <http://jenkins.imagej.net/job/ImgLib2-Algorithm-GPL/22/>



From jenkins at imagej.net  Sat Feb 18 23:02:42 2017
From: jenkins at imagej.net (jenkins at imagej.net)
Date: Sat, 18 Feb 2017 23:02:42 -0600 (CST)
Subject: [ImageJ-builds] Jenkins build is back to normal : ImgLib2-Script #16
In-Reply-To: <814768169.624.1487472367500.JavaMail.jenkins@dev>
References: <814768169.624.1487472367500.JavaMail.jenkins@dev>
Message-ID: <1483877366.628.1487480562242.JavaMail.jenkins@dev>

See <http://jenkins.imagej.net/job/ImgLib2-Script/16/>



From jenkins at imagej.net  Sun Feb 19 01:11:03 2017
From: jenkins at imagej.net (jenkins at imagej.net)
Date: Sun, 19 Feb 2017 01:11:03 -0600 (CST)
Subject: [ImageJ-builds] Build failed in Jenkins:
	IterativeDeconv-Git-SVN-Mirror #1527
Message-ID: <2005215347.629.1487488263044.JavaMail.jenkins@dev>

See <http://jenkins.imagej.net/job/IterativeDeconv-Git-SVN-Mirror/1527/>

------------------------------------------
Started by timer
Building on master in workspace <http://jenkins.imagej.net/job/IterativeDeconv-Git-SVN-Mirror/ws/>
Copied 1 artifact from "SciJava-scripts" build number 146
[workspace] $ /bin/sh -xe /tmp/hudson3414475459042679846.sh
+ sh -x bin/git-svn-synchronizer.sh http://svn.code.sf.net/p/iterativedeconv/code/ dev:/srv/git/iterativedeconv.git
+ force=
+ reset=
+ test 2 -gt 0
+ break
+ test 2 -lt 2
+ set -e
+ SVN_URL=http://svn.code.sf.net/p/iterativedeconv/code/
+ shift
+ test -d .git
+ test -d .git/svn
+ git config svn-remote.svn.url
+ test ahttp://svn.code.sf.net/p/iterativedeconv/code != ahttp://svn.code.sf.net/p/iterativedeconv/code
+ git svn fetch
RA layer request failed: OPTIONS of 'http://svn.code.sf.net/p/iterativedeconv/code': could not connect to server (http://svn.code.sf.net) at /usr/lib/git-core/git-svn line 2139

Build step 'Execute shell' marked build as failure
Build step 'Groovy Postbuild' marked build as failure


From jenkins at imagej.net  Sun Feb 19 01:15:00 2017
From: jenkins at imagej.net (jenkins at imagej.net)
Date: Sun, 19 Feb 2017 01:15:00 -0600 (CST)
Subject: [ImageJ-builds] Build failed in Jenkins: JMathLib-Git-SVN-Mirror
	#1510
Message-ID: <367900656.630.1487488500211.JavaMail.jenkins@dev>

See <http://jenkins.imagej.net/job/JMathLib-Git-SVN-Mirror/1510/>

------------------------------------------
Started by timer
Building on master in workspace <http://jenkins.imagej.net/job/JMathLib-Git-SVN-Mirror/ws/>
Copied 1 artifact from "SciJava-scripts" build number 146
[workspace] $ /bin/sh -xe /tmp/hudson7468997917152175691.sh
+ sh -x bin/git-svn-synchronizer.sh svn://svn.code.sf.net/p/mathlib/code/ dev:/srv/git/JMathLib.git
+ force=
+ reset=
+ test 2 -gt 0
+ break
+ test 2 -lt 2
+ set -e
+ SVN_URL=svn://svn.code.sf.net/p/mathlib/code/
+ shift
+ test -d .git
+ test -d .git/svn
+ git config svn-remote.svn.url
+ test asvn://svn.code.sf.net/p/mathlib/code != asvn://svn.code.sf.net/p/mathlib/code
+ git svn fetch
Connection refused: Can't connect to host 'svn.code.sf.net': Connection refused at /usr/lib/git-core/git-svn line 2139

Build step 'Execute shell' marked build as failure
Build step 'Groovy Postbuild' marked build as failure


From jenkins at imagej.net  Sun Feb 19 01:39:00 2017
From: jenkins at imagej.net (jenkins at imagej.net)
Date: Sun, 19 Feb 2017 01:39:00 -0600 (CST)
Subject: [ImageJ-builds] Build failed in Jenkins:
	SpectralDeconv-Git-SVN-Mirror #1508
Message-ID: <1773403468.631.1487489940185.JavaMail.jenkins@dev>

See <http://jenkins.imagej.net/job/SpectralDeconv-Git-SVN-Mirror/1508/>

------------------------------------------
Started by timer
Building on master in workspace <http://jenkins.imagej.net/job/SpectralDeconv-Git-SVN-Mirror/ws/>
Copied 1 artifact from "SciJava-scripts" build number 146
[workspace] $ /bin/sh -xe /tmp/hudson2556442985647809303.sh
+ sh -x bin/git-svn-synchronizer.sh http://svn.code.sf.net/p/spectraldeconv/code/ dev:/srv/git/spectraldeconv.git
+ force=
+ reset=
+ test 2 -gt 0
+ break
+ test 2 -lt 2
+ set -e
+ SVN_URL=http://svn.code.sf.net/p/spectraldeconv/code/
+ shift
+ test -d .git
+ test -d .git/svn
+ git config svn-remote.svn.url
+ test ahttp://svn.code.sf.net/p/spectraldeconv/code != ahttp://svn.code.sf.net/p/spectraldeconv/code
+ git svn fetch
RA layer request failed: OPTIONS of 'http://svn.code.sf.net/p/spectraldeconv/code': could not connect to server (http://svn.code.sf.net) at /usr/lib/git-core/git-svn line 2139

Build step 'Execute shell' marked build as failure
Build step 'Groovy Postbuild' marked build as failure


From jenkins at imagej.net  Sun Feb 19 01:42:00 2017
From: jenkins at imagej.net (jenkins at imagej.net)
Date: Sun, 19 Feb 2017 01:42:00 -0600 (CST)
Subject: [ImageJ-builds] Build failed in Jenkins: WiiGee-Git-SVN-Mirror #1495
Message-ID: <572977933.632.1487490120333.JavaMail.jenkins@dev>

See <http://jenkins.imagej.net/job/WiiGee-Git-SVN-Mirror/1495/>

------------------------------------------
Started by timer
Building on master in workspace <http://jenkins.imagej.net/job/WiiGee-Git-SVN-Mirror/ws/>
Copied 1 artifact from "SciJava-scripts" build number 146
[workspace] $ /bin/sh -xe /tmp/hudson1369156449509669657.sh
+ sh -x bin/git-svn-synchronizer.sh https://svn.code.sf.net/p/wiigee/code/ dev:/srv/git/wiigee.git
+ force=
+ reset=
+ test 2 -gt 0
+ break
+ test 2 -lt 2
+ set -e
+ SVN_URL=https://svn.code.sf.net/p/wiigee/code/
+ shift
+ test -d .git
+ test -d .git/svn
+ git config svn-remote.svn.url
+ test ahttps://svn.code.sf.net/p/wiigee/code != ahttps://svn.code.sf.net/p/wiigee/code
+ git svn fetch
RA layer request failed: OPTIONS of 'https://svn.code.sf.net/p/wiigee/code': could not connect to server (https://svn.code.sf.net) at /usr/lib/git-core/git-svn line 2139

Build step 'Execute shell' marked build as failure
Build step 'Groovy Postbuild' marked build as failure


From jenkins at imagej.net  Sun Feb 19 01:44:00 2017
From: jenkins at imagej.net (jenkins at imagej.net)
Date: Sun, 19 Feb 2017 01:44:00 -0600 (CST)
Subject: [ImageJ-builds] Build failed in Jenkins: Jython-Git-SVN-Mirror #1510
Message-ID: <1341867046.633.1487490240302.JavaMail.jenkins@dev>

See <http://jenkins.imagej.net/job/Jython-Git-SVN-Mirror/1510/>

------------------------------------------
Started by timer
Building on master in workspace <http://jenkins.imagej.net/job/Jython-Git-SVN-Mirror/ws/>
Copied 1 artifact from "SciJava-scripts" build number 146
[workspace] $ /bin/sh -xe /tmp/hudson308533850457757493.sh
+ sh -x bin/git-svn-synchronizer.sh http://svn.code.sf.net/p/jython/svn/ dev:/srv/git/jython.git
+ force=
+ reset=
+ test 2 -gt 0
+ break
+ test 2 -lt 2
+ set -e
+ SVN_URL=http://svn.code.sf.net/p/jython/svn/
+ shift
+ test -d .git
+ test -d .git/svn
+ git config svn-remote.svn.url
+ test ahttp://svn.code.sf.net/p/jython/svn != ahttp://svn.code.sf.net/p/jython/svn
+ git svn fetch
RA layer request failed: OPTIONS of 'http://svn.code.sf.net/p/jython/svn': could not connect to server (http://svn.code.sf.net) at /usr/lib/git-core/git-svn line 2139

Build step 'Execute shell' marked build as failure
Build step 'Groovy Postbuild' marked build as failure


From jenkins at imagej.net  Sun Feb 19 08:18:48 2017
From: jenkins at imagej.net (jenkins at imagej.net)
Date: Sun, 19 Feb 2017 08:18:48 -0600 (CST)
Subject: [ImageJ-builds] Build failed in Jenkins: Multi_Kymograph #18
Message-ID: <1460903780.634.1487513928924.JavaMail.jenkins@dev>

See <http://jenkins.imagej.net/job/Multi_Kymograph/18/changes>

Changes:

[Curtis Rueden] Move classes into sc.fiji.multiKymograph package

[Curtis Rueden] POM: fix the project license

[Curtis Rueden] Update parent to org.scijava:pom-scijava:13.2.1

[Curtis Rueden] Add license blurbs and project license

------------------------------------------
Started by an SCM change
Building remotely on maven in workspace <http://jenkins.imagej.net/job/Multi_Kymograph/ws/>
 > git rev-parse --is-inside-work-tree # timeout=10
Fetching changes from the remote Git repository
 > git config remote.origin.url git://github.com/fiji/Multi_Kymograph # timeout=10
Fetching upstream changes from git://github.com/fiji/Multi_Kymograph
 > git --version # timeout=10
 > git -c core.askpass=true fetch --tags --progress git://github.com/fiji/Multi_Kymograph +refs/heads/*:refs/remotes/origin/*
 > git rev-parse origin/master^{commit} # timeout=10
Checking out Revision d05237ece5ecd8d71a2a35698a2bb6bfa4addf96 (origin/master)
 > git config core.sparsecheckout # timeout=10
 > git checkout -f d05237ece5ecd8d71a2a35698a2bb6bfa4addf96
 > git rev-list 14d08678423cd391fff1d18b80c13e9053bb692d # timeout=10
 > git tag -a -f -m Jenkins Build #18 jenkins-Multi_Kymograph-18 # timeout=10
[Multi_Kymograph] $ /bin/sh -xe /tmp/hudson4766718297820103481.sh
+ git clean -dfx
Removing target/
[Multi_Kymograph] $ /bin/sh -xe /tmp/hudson1992617173584081312.sh
+ mvn -U -Pdeploy-to-imagej clean deploy
[INFO] Scanning for projects...
[INFO]                                                                         
[INFO] ------------------------------------------------------------------------
[INFO] Building Multi Kymograph 3.0.0-SNAPSHOT
[INFO] ------------------------------------------------------------------------
[INFO] 
[INFO] --- maven-clean-plugin:3.0.0:clean (default-clean) @ Multi_Kymograph ---
[INFO] 
[INFO] --- maven-enforcer-plugin:1.4.1:enforce (enforce-rules) @ Multi_Kymograph ---
[INFO] 
[INFO] --- build-helper-maven-plugin:1.12:regex-property (sanitize-version) @ Multi_Kymograph ---
[INFO] 
[INFO] --- buildnumber-maven-plugin:1.4:create (default) @ Multi_Kymograph ---
[INFO] Executing: /bin/sh -c cd '/data/devel/jenkins-maven/workspace/Multi_Kymograph' && 'git' 'rev-parse' '--verify' 'HEAD'
[INFO] Working directory: /data/devel/jenkins-maven/workspace/Multi_Kymograph
[INFO] Storing buildNumber: d05237ece5ecd8d71a2a35698a2bb6bfa4addf96 at timestamp: 1487513928210
[WARNING] Cannot get the branch information from the git repository: 
Detecting the current branch failed: fatal: ref HEAD is not a symbolic ref

[INFO] Executing: /bin/sh -c cd '/data/devel/jenkins-maven/workspace/Multi_Kymograph' && 'git' 'rev-parse' '--verify' 'HEAD'
[INFO] Working directory: /data/devel/jenkins-maven/workspace/Multi_Kymograph
[INFO] Storing buildScmBranch: UNKNOWN
[INFO] 
[INFO] --- scijava-maven-plugin:1.0.0:set-rootdir (set-rootdir) @ Multi_Kymograph ---
[INFO] Setting rootdir: /data/devel/jenkins-maven/workspace/Multi_Kymograph
[INFO] 
[INFO] --- maven-resources-plugin:3.0.1:resources (default-resources) @ Multi_Kymograph ---
[INFO] Using 'UTF-8' encoding to copy filtered resources.
[INFO] Copying 1 resource
[INFO] 
[INFO] --- maven-compiler-plugin:3.5.1:compile (default-compile) @ Multi_Kymograph ---
[INFO] Compiling 4 source files to /data/devel/jenkins-maven/workspace/Multi_Kymograph/target/classes
[INFO] ------------------------------------------------------------------------
[INFO] BUILD FAILURE
[INFO] ------------------------------------------------------------------------
[INFO] Total time: 3.446s
[INFO] Finished at: Sun Feb 19 08:18:48 CST 2017
[INFO] Final Memory: 16M/360M
[INFO] ------------------------------------------------------------------------
[ERROR] Failed to execute goal org.apache.maven.plugins:maven-compiler-plugin:3.5.1:compile (default-compile) on project Multi_Kymograph: Fatal error compiling: invalid target release: 1.8 -> [Help 1]
[ERROR] 
[ERROR] To see the full stack trace of the errors, re-run Maven with the -e switch.
[ERROR] Re-run Maven using the -X switch to enable full debug logging.
[ERROR] 
[ERROR] For more information about the errors and possible solutions, please read the following articles:
[ERROR] [Help 1] http://cwiki.apache.org/confluence/display/MAVEN/MojoExecutionException
Build step 'Execute shell' marked build as failure
Archiving artifacts


From jenkins at imagej.net  Sun Feb 19 08:22:07 2017
From: jenkins at imagej.net (jenkins at imagej.net)
Date: Sun, 19 Feb 2017 08:22:07 -0600 (CST)
Subject: [ImageJ-builds] Jenkins build is back to normal : Multi_Kymograph
	#19
In-Reply-To: <1460903780.634.1487513928924.JavaMail.jenkins@dev>
References: <1460903780.634.1487513928924.JavaMail.jenkins@dev>
Message-ID: <903458656.635.1487514127463.JavaMail.jenkins@dev>

See <http://jenkins.imagej.net/job/Multi_Kymograph/19/>



From jenkins at imagej.net  Thu Feb 23 10:23:21 2017
From: jenkins at imagej.net (jenkins at imagej.net)
Date: Thu, 23 Feb 2017 10:23:21 -0600 (CST)
Subject: [ImageJ-builds] Build failed in Jenkins: BalloonSegmentation #23
Message-ID: <1484448178.640.1487867001853.JavaMail.jenkins@dev>

See <http://jenkins.imagej.net/job/BalloonSegmentation/23/changes>

Changes:

[Curtis Rueden] Update parent to org.scijava:pom-scijava:13.2.1

[Curtis Rueden] Add license blurbs and project license

[Curtis Rueden] fixup! Update parent to org.scijava:pom-scijava:13.2.1

[Curtis Rueden] Move code to standard Fiji package prefix

------------------------------------------
Started by an SCM change
Building remotely on maven in workspace <http://jenkins.imagej.net/job/BalloonSegmentation/ws/>
 > git rev-parse --is-inside-work-tree # timeout=10
Fetching changes from the remote Git repository
 > git config remote.origin.url git://github.com/fiji/BalloonSegmentation # timeout=10
Fetching upstream changes from git://github.com/fiji/BalloonSegmentation
 > git --version # timeout=10
 > git -c core.askpass=true fetch --tags --progress git://github.com/fiji/BalloonSegmentation +refs/heads/*:refs/remotes/origin/*
 > git rev-parse origin/master^{commit} # timeout=10
Checking out Revision bb65b23d9ac46b31de6ba3bb841245021e9bd058 (origin/master)
 > git config core.sparsecheckout # timeout=10
 > git checkout -f bb65b23d9ac46b31de6ba3bb841245021e9bd058
 > git rev-list 080b7cc05abaa57a3837b067ae9db26d703a3e79 # timeout=10
 > git tag -a -f -m Jenkins Build #23 jenkins-BalloonSegmentation-23 # timeout=10
[BalloonSegmentation] $ /bin/sh -xe /tmp/hudson4455711526331725989.sh
+ git clean -dfx
Removing target/
[BalloonSegmentation] $ /bin/sh -xe /tmp/hudson9164457635229504549.sh
+ mvn -U -Pdeploy-to-imagej clean deploy
[INFO] Scanning for projects...
[INFO]                                                                         
[INFO] ------------------------------------------------------------------------
[INFO] Building Balloon Segmentation 3.0.0-SNAPSHOT
[INFO] ------------------------------------------------------------------------
[INFO] 
[INFO] --- maven-clean-plugin:3.0.0:clean (default-clean) @ BalloonSegmentation_ ---
[INFO] 
[INFO] --- maven-enforcer-plugin:1.4.1:enforce (enforce-rules) @ BalloonSegmentation_ ---
[INFO] 
[INFO] --- build-helper-maven-plugin:1.12:regex-property (sanitize-version) @ BalloonSegmentation_ ---
[INFO] 
[INFO] --- buildnumber-maven-plugin:1.4:create (default) @ BalloonSegmentation_ ---
[INFO] Executing: /bin/sh -c cd '/data/devel/jenkins-maven/workspace/BalloonSegmentation' && 'git' 'rev-parse' '--verify' 'HEAD'
[INFO] Working directory: /data/devel/jenkins-maven/workspace/BalloonSegmentation
[INFO] Storing buildNumber: bb65b23d9ac46b31de6ba3bb841245021e9bd058 at timestamp: 1487867000435
[WARNING] Cannot get the branch information from the git repository: 
Detecting the current branch failed: fatal: ref HEAD is not a symbolic ref

[INFO] Executing: /bin/sh -c cd '/data/devel/jenkins-maven/workspace/BalloonSegmentation' && 'git' 'rev-parse' '--verify' 'HEAD'
[INFO] Working directory: /data/devel/jenkins-maven/workspace/BalloonSegmentation
[INFO] Storing buildScmBranch: UNKNOWN
[INFO] 
[INFO] --- scijava-maven-plugin:1.0.0:set-rootdir (set-rootdir) @ BalloonSegmentation_ ---
[INFO] Setting rootdir: /data/devel/jenkins-maven/workspace/BalloonSegmentation
[INFO] 
[INFO] --- maven-resources-plugin:3.0.1:resources (default-resources) @ BalloonSegmentation_ ---
[INFO] Using 'UTF-8' encoding to copy filtered resources.
[INFO] Copying 2 resources
[INFO] 
[INFO] --- maven-compiler-plugin:3.5.1:compile (default-compile) @ BalloonSegmentation_ ---
[INFO] Compiling 8 source files to /data/devel/jenkins-maven/workspace/BalloonSegmentation/target/classes
[INFO] ------------------------------------------------------------------------
[INFO] BUILD FAILURE
[INFO] ------------------------------------------------------------------------
[INFO] Total time: 4.534s
[INFO] Finished at: Thu Feb 23 10:23:21 CST 2017
[INFO] Final Memory: 16M/360M
[INFO] ------------------------------------------------------------------------
[ERROR] Failed to execute goal org.apache.maven.plugins:maven-compiler-plugin:3.5.1:compile (default-compile) on project BalloonSegmentation_: Fatal error compiling: invalid target release: 1.8 -> [Help 1]
[ERROR] 
[ERROR] To see the full stack trace of the errors, re-run Maven with the -e switch.
[ERROR] Re-run Maven using the -X switch to enable full debug logging.
[ERROR] 
[ERROR] For more information about the errors and possible solutions, please read the following articles:
[ERROR] [Help 1] http://cwiki.apache.org/confluence/display/MAVEN/MojoExecutionException
Build step 'Execute shell' marked build as failure
Archiving artifacts


From jenkins at imagej.net  Thu Feb 23 10:23:54 2017
From: jenkins at imagej.net (jenkins at imagej.net)
Date: Thu, 23 Feb 2017 10:23:54 -0600 (CST)
Subject: [ImageJ-builds] Build failed in Jenkins: BalloonSegmentation #24
In-Reply-To: <1484448178.640.1487867001853.JavaMail.jenkins@dev>
References: <1484448178.640.1487867001853.JavaMail.jenkins@dev>
Message-ID: <1630172820.641.1487867034511.JavaMail.jenkins@dev>

See <http://jenkins.imagej.net/job/BalloonSegmentation/24/changes>

Changes:

[Curtis Rueden] Update parent to org.scijava:pom-scijava:13.2.1

[Curtis Rueden] Add license blurbs and project license

[Curtis Rueden] Move code to standard Fiji package prefix

------------------------------------------
Started by an SCM change
Building remotely on maven in workspace <http://jenkins.imagej.net/job/BalloonSegmentation/ws/>
 > git rev-parse --is-inside-work-tree # timeout=10
Fetching changes from the remote Git repository
 > git config remote.origin.url git://github.com/fiji/BalloonSegmentation # timeout=10
Fetching upstream changes from git://github.com/fiji/BalloonSegmentation
 > git --version # timeout=10
 > git -c core.askpass=true fetch --tags --progress git://github.com/fiji/BalloonSegmentation +refs/heads/*:refs/remotes/origin/*
 > git rev-parse origin/master^{commit} # timeout=10
Checking out Revision 12c42f9142ad566c98beb3ebb27317b1961d6fe5 (origin/master)
 > git config core.sparsecheckout # timeout=10
 > git checkout -f 12c42f9142ad566c98beb3ebb27317b1961d6fe5
 > git rev-list bb65b23d9ac46b31de6ba3bb841245021e9bd058 # timeout=10
 > git tag -a -f -m Jenkins Build #24 jenkins-BalloonSegmentation-24 # timeout=10
[BalloonSegmentation] $ /bin/sh -xe /tmp/hudson6942233684895230284.sh
+ git clean -dfx
Removing target/
[BalloonSegmentation] $ /bin/sh -xe /tmp/hudson3373768704323043600.sh
+ mvn -U -Pdeploy-to-imagej clean deploy
[INFO] Scanning for projects...
[INFO]                                                                         
[INFO] ------------------------------------------------------------------------
[INFO] Building Balloon Segmentation 3.0.0-SNAPSHOT
[INFO] ------------------------------------------------------------------------
[INFO] 
[INFO] --- maven-clean-plugin:3.0.0:clean (default-clean) @ BalloonSegmentation_ ---
[INFO] 
[INFO] --- maven-enforcer-plugin:1.4.1:enforce (enforce-rules) @ BalloonSegmentation_ ---
[INFO] 
[INFO] --- build-helper-maven-plugin:1.12:regex-property (sanitize-version) @ BalloonSegmentation_ ---
[INFO] 
[INFO] --- buildnumber-maven-plugin:1.4:create (default) @ BalloonSegmentation_ ---
[INFO] Executing: /bin/sh -c cd '/data/devel/jenkins-maven/workspace/BalloonSegmentation' && 'git' 'rev-parse' '--verify' 'HEAD'
[INFO] Working directory: /data/devel/jenkins-maven/workspace/BalloonSegmentation
[INFO] Storing buildNumber: 12c42f9142ad566c98beb3ebb27317b1961d6fe5 at timestamp: 1487867033797
[WARNING] Cannot get the branch information from the git repository: 
Detecting the current branch failed: fatal: ref HEAD is not a symbolic ref

[INFO] Executing: /bin/sh -c cd '/data/devel/jenkins-maven/workspace/BalloonSegmentation' && 'git' 'rev-parse' '--verify' 'HEAD'
[INFO] Working directory: /data/devel/jenkins-maven/workspace/BalloonSegmentation
[INFO] Storing buildScmBranch: UNKNOWN
[INFO] 
[INFO] --- scijava-maven-plugin:1.0.0:set-rootdir (set-rootdir) @ BalloonSegmentation_ ---
[INFO] Setting rootdir: /data/devel/jenkins-maven/workspace/BalloonSegmentation
[INFO] 
[INFO] --- maven-resources-plugin:3.0.1:resources (default-resources) @ BalloonSegmentation_ ---
[INFO] Using 'UTF-8' encoding to copy filtered resources.
[INFO] Copying 2 resources
[INFO] 
[INFO] --- maven-compiler-plugin:3.5.1:compile (default-compile) @ BalloonSegmentation_ ---
[INFO] Compiling 8 source files to /data/devel/jenkins-maven/workspace/BalloonSegmentation/target/classes
[INFO] ------------------------------------------------------------------------
[INFO] BUILD FAILURE
[INFO] ------------------------------------------------------------------------
[INFO] Total time: 3.399s
[INFO] Finished at: Thu Feb 23 10:23:54 CST 2017
[INFO] Final Memory: 18M/455M
[INFO] ------------------------------------------------------------------------
[ERROR] Failed to execute goal org.apache.maven.plugins:maven-compiler-plugin:3.5.1:compile (default-compile) on project BalloonSegmentation_: Fatal error compiling: invalid target release: 1.8 -> [Help 1]
[ERROR] 
[ERROR] To see the full stack trace of the errors, re-run Maven with the -e switch.
[ERROR] Re-run Maven using the -X switch to enable full debug logging.
[ERROR] 
[ERROR] For more information about the errors and possible solutions, please read the following articles:
[ERROR] [Help 1] http://cwiki.apache.org/confluence/display/MAVEN/MojoExecutionException
Build step 'Execute shell' marked build as failure
Archiving artifacts


From jenkins at imagej.net  Thu Feb 23 10:25:04 2017
From: jenkins at imagej.net (jenkins at imagej.net)
Date: Thu, 23 Feb 2017 10:25:04 -0600 (CST)
Subject: [ImageJ-builds] Build failed in Jenkins: BalloonSegmentation #25
In-Reply-To: <1630172820.641.1487867034511.JavaMail.jenkins@dev>
References: <1630172820.641.1487867034511.JavaMail.jenkins@dev>
Message-ID: <1130505329.642.1487867104995.JavaMail.jenkins@dev>

See <http://jenkins.imagej.net/job/BalloonSegmentation/25/changes>

Changes:

[Curtis Rueden] Bump to next development cycle

------------------------------------------
Started by an SCM change
Started by an SCM change
Building remotely on maven in workspace <http://jenkins.imagej.net/job/BalloonSegmentation/ws/>
 > git rev-parse --is-inside-work-tree # timeout=10
Fetching changes from the remote Git repository
 > git config remote.origin.url git://github.com/fiji/BalloonSegmentation # timeout=10
Fetching upstream changes from git://github.com/fiji/BalloonSegmentation
 > git --version # timeout=10
 > git -c core.askpass=true fetch --tags --progress git://github.com/fiji/BalloonSegmentation +refs/heads/*:refs/remotes/origin/*
 > git rev-parse origin/master^{commit} # timeout=10
Checking out Revision 0ff2de6c1146e184d46bfe8658561f16e8c16e70 (origin/master)
 > git config core.sparsecheckout # timeout=10
 > git checkout -f 0ff2de6c1146e184d46bfe8658561f16e8c16e70
 > git rev-list 12c42f9142ad566c98beb3ebb27317b1961d6fe5 # timeout=10
 > git tag -a -f -m Jenkins Build #25 jenkins-BalloonSegmentation-25 # timeout=10
[BalloonSegmentation] $ /bin/sh -xe /tmp/hudson7703710607062961749.sh
+ git clean -dfx
Removing target/
[BalloonSegmentation] $ /bin/sh -xe /tmp/hudson393178069720038070.sh
+ mvn -U -Pdeploy-to-imagej clean deploy
[INFO] Scanning for projects...
[INFO]                                                                         
[INFO] ------------------------------------------------------------------------
[INFO] Building Balloon Segmentation 3.0.1-SNAPSHOT
[INFO] ------------------------------------------------------------------------
[INFO] 
[INFO] --- maven-clean-plugin:3.0.0:clean (default-clean) @ BalloonSegmentation_ ---
[INFO] 
[INFO] --- maven-enforcer-plugin:1.4.1:enforce (enforce-rules) @ BalloonSegmentation_ ---
[INFO] 
[INFO] --- build-helper-maven-plugin:1.12:regex-property (sanitize-version) @ BalloonSegmentation_ ---
[INFO] 
[INFO] --- buildnumber-maven-plugin:1.4:create (default) @ BalloonSegmentation_ ---
[INFO] Executing: /bin/sh -c cd '/data/devel/jenkins-maven/workspace/BalloonSegmentation' && 'git' 'rev-parse' '--verify' 'HEAD'
[INFO] Working directory: /data/devel/jenkins-maven/workspace/BalloonSegmentation
[INFO] Storing buildNumber: 0ff2de6c1146e184d46bfe8658561f16e8c16e70 at timestamp: 1487867104078
[WARNING] Cannot get the branch information from the git repository: 
Detecting the current branch failed: fatal: ref HEAD is not a symbolic ref

[INFO] Executing: /bin/sh -c cd '/data/devel/jenkins-maven/workspace/BalloonSegmentation' && 'git' 'rev-parse' '--verify' 'HEAD'
[INFO] Working directory: /data/devel/jenkins-maven/workspace/BalloonSegmentation
[INFO] Storing buildScmBranch: UNKNOWN
[INFO] 
[INFO] --- scijava-maven-plugin:1.0.0:set-rootdir (set-rootdir) @ BalloonSegmentation_ ---
[INFO] Setting rootdir: /data/devel/jenkins-maven/workspace/BalloonSegmentation
[INFO] 
[INFO] --- maven-resources-plugin:3.0.1:resources (default-resources) @ BalloonSegmentation_ ---
[INFO] Using 'UTF-8' encoding to copy filtered resources.
[INFO] Copying 2 resources
[INFO] 
[INFO] --- maven-compiler-plugin:3.5.1:compile (default-compile) @ BalloonSegmentation_ ---
[INFO] Compiling 8 source files to /data/devel/jenkins-maven/workspace/BalloonSegmentation/target/classes
[INFO] ------------------------------------------------------------------------
[INFO] BUILD FAILURE
[INFO] ------------------------------------------------------------------------
[INFO] Total time: 3.950s
[INFO] Finished at: Thu Feb 23 10:25:04 CST 2017
[INFO] Final Memory: 18M/455M
[INFO] ------------------------------------------------------------------------
[ERROR] Failed to execute goal org.apache.maven.plugins:maven-compiler-plugin:3.5.1:compile (default-compile) on project BalloonSegmentation_: Fatal error compiling: invalid target release: 1.8 -> [Help 1]
[ERROR] 
[ERROR] To see the full stack trace of the errors, re-run Maven with the -e switch.
[ERROR] Re-run Maven using the -X switch to enable full debug logging.
[ERROR] 
[ERROR] For more information about the errors and possible solutions, please read the following articles:
[ERROR] [Help 1] http://cwiki.apache.org/confluence/display/MAVEN/MojoExecutionException
Build step 'Execute shell' marked build as failure
Archiving artifacts


From jenkins at imagej.net  Thu Feb 23 10:36:10 2017
From: jenkins at imagej.net (jenkins at imagej.net)
Date: Thu, 23 Feb 2017 10:36:10 -0600 (CST)
Subject: [ImageJ-builds] Build failed in Jenkins: AnalyzeSkeleton #46
Message-ID: <554205450.643.1487867770561.JavaMail.jenkins@dev>

See <http://jenkins.imagej.net/job/AnalyzeSkeleton/46/changes>

Changes:

[Curtis Rueden] Update parent to org.scijava:pom-scijava:13.2.1

[Curtis Rueden] Add license blurbs and project license

[Curtis Rueden] Fix location and name of manual test class

------------------------------------------
Started by an SCM change
Building remotely on maven in workspace <http://jenkins.imagej.net/job/AnalyzeSkeleton/ws/>
 > git rev-parse --is-inside-work-tree # timeout=10
Fetching changes from the remote Git repository
 > git config remote.origin.url git://github.com/fiji/AnalyzeSkeleton/ # timeout=10
Fetching upstream changes from git://github.com/fiji/AnalyzeSkeleton/
 > git --version # timeout=10
 > git -c core.askpass=true fetch --tags --progress git://github.com/fiji/AnalyzeSkeleton/ +refs/heads/*:refs/remotes/origin/*
 > git rev-parse origin/master^{commit} # timeout=10
Checking out Revision ab9410a971439d2854e246208e9b44a41ee0b4e5 (origin/master)
 > git config core.sparsecheckout # timeout=10
 > git checkout -f ab9410a971439d2854e246208e9b44a41ee0b4e5
 > git rev-list 776b278f5a042bb51fad844ece55c262094c2d46 # timeout=10
 > git tag -a -f -m Jenkins Build #46 jenkins-AnalyzeSkeleton-46 # timeout=10
[AnalyzeSkeleton] $ /bin/sh -xe /tmp/hudson2560872459490088578.sh
+ git clean -dfx
Removing target/
[AnalyzeSkeleton] $ /bin/sh -xe /tmp/hudson394654002851370294.sh
+ mvn -U -Pdeploy-to-imagej clean deploy
[INFO] Scanning for projects...
[INFO]                                                                         
[INFO] ------------------------------------------------------------------------
[INFO] Building Analyze Skeleton 3.1.2-SNAPSHOT
[INFO] ------------------------------------------------------------------------
[INFO] 
[INFO] --- maven-clean-plugin:3.0.0:clean (default-clean) @ AnalyzeSkeleton_ ---
[INFO] 
[INFO] --- maven-enforcer-plugin:1.4.1:enforce (enforce-rules) @ AnalyzeSkeleton_ ---
[INFO] 
[INFO] --- build-helper-maven-plugin:1.12:regex-property (sanitize-version) @ AnalyzeSkeleton_ ---
[INFO] 
[INFO] --- buildnumber-maven-plugin:1.4:create (default) @ AnalyzeSkeleton_ ---
[INFO] Executing: /bin/sh -c cd '/data/devel/jenkins-maven/workspace/AnalyzeSkeleton' && 'git' 'rev-parse' '--verify' 'HEAD'
[INFO] Working directory: /data/devel/jenkins-maven/workspace/AnalyzeSkeleton
[INFO] Storing buildNumber: ab9410a971439d2854e246208e9b44a41ee0b4e5 at timestamp: 1487867769712
[WARNING] Cannot get the branch information from the git repository: 
Detecting the current branch failed: fatal: ref HEAD is not a symbolic ref

[INFO] Executing: /bin/sh -c cd '/data/devel/jenkins-maven/workspace/AnalyzeSkeleton' && 'git' 'rev-parse' '--verify' 'HEAD'
[INFO] Working directory: /data/devel/jenkins-maven/workspace/AnalyzeSkeleton
[INFO] Storing buildScmBranch: UNKNOWN
[INFO] 
[INFO] --- scijava-maven-plugin:1.0.0:set-rootdir (set-rootdir) @ AnalyzeSkeleton_ ---
[INFO] Setting rootdir: /data/devel/jenkins-maven/workspace/AnalyzeSkeleton
[INFO] 
[INFO] --- maven-resources-plugin:3.0.1:resources (default-resources) @ AnalyzeSkeleton_ ---
[INFO] Using 'UTF-8' encoding to copy filtered resources.
[INFO] Copying 1 resource
[INFO] 
[INFO] --- maven-compiler-plugin:3.5.1:compile (default-compile) @ AnalyzeSkeleton_ ---
[INFO] Compiling 6 source files to /data/devel/jenkins-maven/workspace/AnalyzeSkeleton/target/classes
[INFO] ------------------------------------------------------------------------
[INFO] BUILD FAILURE
[INFO] ------------------------------------------------------------------------
[INFO] Total time: 3.508s
[INFO] Finished at: Thu Feb 23 10:36:10 CST 2017
[INFO] Final Memory: 16M/360M
[INFO] ------------------------------------------------------------------------
[ERROR] Failed to execute goal org.apache.maven.plugins:maven-compiler-plugin:3.5.1:compile (default-compile) on project AnalyzeSkeleton_: Fatal error compiling: invalid target release: 1.8 -> [Help 1]
[ERROR] 
[ERROR] To see the full stack trace of the errors, re-run Maven with the -e switch.
[ERROR] Re-run Maven using the -X switch to enable full debug logging.
[ERROR] 
[ERROR] For more information about the errors and possible solutions, please read the following articles:
[ERROR] [Help 1] http://cwiki.apache.org/confluence/display/MAVEN/MojoExecutionException
Build step 'Execute shell' marked build as failure
Archiving artifacts


From jenkins at imagej.net  Thu Feb 23 10:36:39 2017
From: jenkins at imagej.net (jenkins at imagej.net)
Date: Thu, 23 Feb 2017 10:36:39 -0600 (CST)
Subject: [ImageJ-builds] Build failed in Jenkins: AnalyzeSkeleton #47
In-Reply-To: <554205450.643.1487867770561.JavaMail.jenkins@dev>
References: <554205450.643.1487867770561.JavaMail.jenkins@dev>
Message-ID: <818452987.644.1487867799607.JavaMail.jenkins@dev>

See <http://jenkins.imagej.net/job/AnalyzeSkeleton/47/changes>

Changes:

[Curtis Rueden] Bump to next development cycle

------------------------------------------
Started by an SCM change
Started by an SCM change
Building remotely on maven in workspace <http://jenkins.imagej.net/job/AnalyzeSkeleton/ws/>
 > git rev-parse --is-inside-work-tree # timeout=10
Fetching changes from the remote Git repository
 > git config remote.origin.url git://github.com/fiji/AnalyzeSkeleton/ # timeout=10
Fetching upstream changes from git://github.com/fiji/AnalyzeSkeleton/
 > git --version # timeout=10
 > git -c core.askpass=true fetch --tags --progress git://github.com/fiji/AnalyzeSkeleton/ +refs/heads/*:refs/remotes/origin/*
 > git rev-parse origin/master^{commit} # timeout=10
Checking out Revision 76b14e12e647ae5e964af38b459096f6ffcbb406 (origin/master)
 > git config core.sparsecheckout # timeout=10
 > git checkout -f 76b14e12e647ae5e964af38b459096f6ffcbb406
 > git rev-list ab9410a971439d2854e246208e9b44a41ee0b4e5 # timeout=10
 > git tag -a -f -m Jenkins Build #47 jenkins-AnalyzeSkeleton-47 # timeout=10
[AnalyzeSkeleton] $ /bin/sh -xe /tmp/hudson6761481254252814557.sh
+ git clean -dfx
Removing target/
[AnalyzeSkeleton] $ /bin/sh -xe /tmp/hudson5644580183528372689.sh
+ mvn -U -Pdeploy-to-imagej clean deploy
[INFO] Scanning for projects...
[INFO]                                                                         
[INFO] ------------------------------------------------------------------------
[INFO] Building Analyze Skeleton 3.1.3-SNAPSHOT
[INFO] ------------------------------------------------------------------------
[INFO] 
[INFO] --- maven-clean-plugin:3.0.0:clean (default-clean) @ AnalyzeSkeleton_ ---
[INFO] 
[INFO] --- maven-enforcer-plugin:1.4.1:enforce (enforce-rules) @ AnalyzeSkeleton_ ---
[INFO] 
[INFO] --- build-helper-maven-plugin:1.12:regex-property (sanitize-version) @ AnalyzeSkeleton_ ---
[INFO] 
[INFO] --- buildnumber-maven-plugin:1.4:create (default) @ AnalyzeSkeleton_ ---
[INFO] Executing: /bin/sh -c cd '/data/devel/jenkins-maven/workspace/AnalyzeSkeleton' && 'git' 'rev-parse' '--verify' 'HEAD'
[INFO] Working directory: /data/devel/jenkins-maven/workspace/AnalyzeSkeleton
[INFO] Storing buildNumber: 76b14e12e647ae5e964af38b459096f6ffcbb406 at timestamp: 1487867798810
[WARNING] Cannot get the branch information from the git repository: 
Detecting the current branch failed: fatal: ref HEAD is not a symbolic ref

[INFO] Executing: /bin/sh -c cd '/data/devel/jenkins-maven/workspace/AnalyzeSkeleton' && 'git' 'rev-parse' '--verify' 'HEAD'
[INFO] Working directory: /data/devel/jenkins-maven/workspace/AnalyzeSkeleton
[INFO] Storing buildScmBranch: UNKNOWN
[INFO] 
[INFO] --- scijava-maven-plugin:1.0.0:set-rootdir (set-rootdir) @ AnalyzeSkeleton_ ---
[INFO] Setting rootdir: /data/devel/jenkins-maven/workspace/AnalyzeSkeleton
[INFO] 
[INFO] --- maven-resources-plugin:3.0.1:resources (default-resources) @ AnalyzeSkeleton_ ---
[INFO] Using 'UTF-8' encoding to copy filtered resources.
[INFO] Copying 1 resource
[INFO] 
[INFO] --- maven-compiler-plugin:3.5.1:compile (default-compile) @ AnalyzeSkeleton_ ---
[INFO] Compiling 6 source files to /data/devel/jenkins-maven/workspace/AnalyzeSkeleton/target/classes
[INFO] ------------------------------------------------------------------------
[INFO] BUILD FAILURE
[INFO] ------------------------------------------------------------------------
[INFO] Total time: 3.606s
[INFO] Finished at: Thu Feb 23 10:36:39 CST 2017
[INFO] Final Memory: 16M/360M
[INFO] ------------------------------------------------------------------------
[ERROR] Failed to execute goal org.apache.maven.plugins:maven-compiler-plugin:3.5.1:compile (default-compile) on project AnalyzeSkeleton_: Fatal error compiling: invalid target release: 1.8 -> [Help 1]
[ERROR] 
[ERROR] To see the full stack trace of the errors, re-run Maven with the -e switch.
[ERROR] Re-run Maven using the -X switch to enable full debug logging.
[ERROR] 
[ERROR] For more information about the errors and possible solutions, please read the following articles:
[ERROR] [Help 1] http://cwiki.apache.org/confluence/display/MAVEN/MojoExecutionException
Build step 'Execute shell' marked build as failure
Archiving artifacts


From jenkins at imagej.net  Thu Feb 23 10:45:28 2017
From: jenkins at imagej.net (jenkins at imagej.net)
Date: Thu, 23 Feb 2017 10:45:28 -0600 (CST)
Subject: [ImageJ-builds] Build failed in Jenkins: Colocalisation_Analysis #60
Message-ID: <1622168014.645.1487868328149.JavaMail.jenkins@dev>

See <http://jenkins.imagej.net/job/Colocalisation_Analysis/60/changes>

Changes:

[Curtis Rueden] POM: update project URL

[Curtis Rueden] Update parent to org.scijava:pom-scijava:13.2.1

[Curtis Rueden] Add license blurbs and project license

[Curtis Rueden] Fix EOF newline

------------------------------------------
Started by an SCM change
Building remotely on maven in workspace <http://jenkins.imagej.net/job/Colocalisation_Analysis/ws/>
 > git rev-parse --is-inside-work-tree # timeout=10
Fetching changes from the remote Git repository
 > git config remote.origin.url git://github.com/fiji/Colocalisation_Analysis # timeout=10
Fetching upstream changes from git://github.com/fiji/Colocalisation_Analysis
 > git --version # timeout=10
 > git -c core.askpass=true fetch --tags --progress git://github.com/fiji/Colocalisation_Analysis +refs/heads/*:refs/remotes/origin/*
 > git rev-parse origin/master^{commit} # timeout=10
Checking out Revision 9d4338b4dadc0ea1ee8b51cb2a16944bcade8691 (origin/master)
 > git config core.sparsecheckout # timeout=10
 > git checkout -f 9d4338b4dadc0ea1ee8b51cb2a16944bcade8691
 > git rev-list 829f2111bb0090cb0c7c16d2fb22beaf876593c8 # timeout=10
 > git tag -a -f -m Jenkins Build #60 jenkins-Colocalisation_Analysis-60 # timeout=10
[Colocalisation_Analysis] $ /bin/sh -xe /tmp/hudson4380463243592262990.sh
+ git clean -dfx
Removing target/
[Colocalisation_Analysis] $ /bin/sh -xe /tmp/hudson5197530253979884747.sh
+ mvn -U -Pdeploy-to-imagej clean deploy
[INFO] Scanning for projects...
[INFO]                                                                         
[INFO] ------------------------------------------------------------------------
[INFO] Building Coloc 2 2.2.2-SNAPSHOT
[INFO] ------------------------------------------------------------------------
[INFO] 
[INFO] --- maven-clean-plugin:3.0.0:clean (default-clean) @ Colocalisation_Analysis ---
[INFO] 
[INFO] --- maven-enforcer-plugin:1.4.1:enforce (enforce-rules) @ Colocalisation_Analysis ---
[INFO] 
[INFO] --- build-helper-maven-plugin:1.12:regex-property (sanitize-version) @ Colocalisation_Analysis ---
[INFO] 
[INFO] --- buildnumber-maven-plugin:1.4:create (default) @ Colocalisation_Analysis ---
[INFO] Executing: /bin/sh -c cd '/data/devel/jenkins-maven/workspace/Colocalisation_Analysis' && 'git' 'rev-parse' '--verify' 'HEAD'
[INFO] Working directory: /data/devel/jenkins-maven/workspace/Colocalisation_Analysis
[INFO] Storing buildNumber: 9d4338b4dadc0ea1ee8b51cb2a16944bcade8691 at timestamp: 1487868327447
[WARNING] Cannot get the branch information from the git repository: 
Detecting the current branch failed: fatal: ref HEAD is not a symbolic ref

[INFO] Executing: /bin/sh -c cd '/data/devel/jenkins-maven/workspace/Colocalisation_Analysis' && 'git' 'rev-parse' '--verify' 'HEAD'
[INFO] Working directory: /data/devel/jenkins-maven/workspace/Colocalisation_Analysis
[INFO] Storing buildScmBranch: UNKNOWN
[INFO] 
[INFO] --- scijava-maven-plugin:1.0.0:set-rootdir (set-rootdir) @ Colocalisation_Analysis ---
[INFO] Setting rootdir: /data/devel/jenkins-maven/workspace/Colocalisation_Analysis
[INFO] 
[INFO] --- maven-resources-plugin:3.0.1:resources (default-resources) @ Colocalisation_Analysis ---
[INFO] Using 'UTF-8' encoding to copy filtered resources.
[INFO] Copying 1 resource
[INFO] 
[INFO] --- maven-compiler-plugin:3.5.1:compile (default-compile) @ Colocalisation_Analysis ---
[INFO] Compiling 40 source files to /data/devel/jenkins-maven/workspace/Colocalisation_Analysis/target/classes
[INFO] ------------------------------------------------------------------------
[INFO] BUILD FAILURE
[INFO] ------------------------------------------------------------------------
[INFO] Total time: 5.459s
[INFO] Finished at: Thu Feb 23 10:45:27 CST 2017
[INFO] Final Memory: 21M/461M
[INFO] ------------------------------------------------------------------------
[ERROR] Failed to execute goal org.apache.maven.plugins:maven-compiler-plugin:3.5.1:compile (default-compile) on project Colocalisation_Analysis: Fatal error compiling: invalid target release: 1.8 -> [Help 1]
[ERROR] 
[ERROR] To see the full stack trace of the errors, re-run Maven with the -e switch.
[ERROR] Re-run Maven using the -X switch to enable full debug logging.
[ERROR] 
[ERROR] For more information about the errors and possible solutions, please read the following articles:
[ERROR] [Help 1] http://cwiki.apache.org/confluence/display/MAVEN/MojoExecutionException
Build step 'Execute shell' marked build as failure
Archiving artifacts


From jenkins at imagej.net  Thu Feb 23 10:46:27 2017
From: jenkins at imagej.net (jenkins at imagej.net)
Date: Thu, 23 Feb 2017 10:46:27 -0600 (CST)
Subject: [ImageJ-builds] Build failed in Jenkins: Colocalisation_Analysis #61
In-Reply-To: <1622168014.645.1487868328149.JavaMail.jenkins@dev>
References: <1622168014.645.1487868328149.JavaMail.jenkins@dev>
Message-ID: <1928806940.646.1487868387367.JavaMail.jenkins@dev>

See <http://jenkins.imagej.net/job/Colocalisation_Analysis/61/changes>

Changes:

[Curtis Rueden] Bump to next development cycle

------------------------------------------
Started by an SCM change
Started by an SCM change
Building remotely on maven in workspace <http://jenkins.imagej.net/job/Colocalisation_Analysis/ws/>
 > git rev-parse --is-inside-work-tree # timeout=10
Fetching changes from the remote Git repository
 > git config remote.origin.url git://github.com/fiji/Colocalisation_Analysis # timeout=10
Fetching upstream changes from git://github.com/fiji/Colocalisation_Analysis
 > git --version # timeout=10
 > git -c core.askpass=true fetch --tags --progress git://github.com/fiji/Colocalisation_Analysis +refs/heads/*:refs/remotes/origin/*
 > git rev-parse origin/master^{commit} # timeout=10
Checking out Revision 03124461338aa29a8130cd4ae6841a8efb84fa92 (origin/master)
 > git config core.sparsecheckout # timeout=10
 > git checkout -f 03124461338aa29a8130cd4ae6841a8efb84fa92
 > git rev-list 9d4338b4dadc0ea1ee8b51cb2a16944bcade8691 # timeout=10
 > git tag -a -f -m Jenkins Build #61 jenkins-Colocalisation_Analysis-61 # timeout=10
[Colocalisation_Analysis] $ /bin/sh -xe /tmp/hudson8986712486494764911.sh
+ git clean -dfx
Removing target/
[Colocalisation_Analysis] $ /bin/sh -xe /tmp/hudson2646917532631871815.sh
+ mvn -U -Pdeploy-to-imagej clean deploy
[INFO] Scanning for projects...
[INFO]                                                                         
[INFO] ------------------------------------------------------------------------
[INFO] Building Coloc 2 2.2.3-SNAPSHOT
[INFO] ------------------------------------------------------------------------
[INFO] 
[INFO] --- maven-clean-plugin:3.0.0:clean (default-clean) @ Colocalisation_Analysis ---
[INFO] 
[INFO] --- maven-enforcer-plugin:1.4.1:enforce (enforce-rules) @ Colocalisation_Analysis ---
[INFO] 
[INFO] --- build-helper-maven-plugin:1.12:regex-property (sanitize-version) @ Colocalisation_Analysis ---
[INFO] 
[INFO] --- buildnumber-maven-plugin:1.4:create (default) @ Colocalisation_Analysis ---
[INFO] Executing: /bin/sh -c cd '/data/devel/jenkins-maven/workspace/Colocalisation_Analysis' && 'git' 'rev-parse' '--verify' 'HEAD'
[INFO] Working directory: /data/devel/jenkins-maven/workspace/Colocalisation_Analysis
[INFO] Storing buildNumber: 03124461338aa29a8130cd4ae6841a8efb84fa92 at timestamp: 1487868386589
[WARNING] Cannot get the branch information from the git repository: 
Detecting the current branch failed: fatal: ref HEAD is not a symbolic ref

[INFO] Executing: /bin/sh -c cd '/data/devel/jenkins-maven/workspace/Colocalisation_Analysis' && 'git' 'rev-parse' '--verify' 'HEAD'
[INFO] Working directory: /data/devel/jenkins-maven/workspace/Colocalisation_Analysis
[INFO] Storing buildScmBranch: UNKNOWN
[INFO] 
[INFO] --- scijava-maven-plugin:1.0.0:set-rootdir (set-rootdir) @ Colocalisation_Analysis ---
[INFO] Setting rootdir: /data/devel/jenkins-maven/workspace/Colocalisation_Analysis
[INFO] 
[INFO] --- maven-resources-plugin:3.0.1:resources (default-resources) @ Colocalisation_Analysis ---
[INFO] Using 'UTF-8' encoding to copy filtered resources.
[INFO] Copying 1 resource
[INFO] 
[INFO] --- maven-compiler-plugin:3.5.1:compile (default-compile) @ Colocalisation_Analysis ---
[INFO] Compiling 40 source files to /data/devel/jenkins-maven/workspace/Colocalisation_Analysis/target/classes
[INFO] ------------------------------------------------------------------------
[INFO] BUILD FAILURE
[INFO] ------------------------------------------------------------------------
[INFO] Total time: 5.836s
[INFO] Finished at: Thu Feb 23 10:46:27 CST 2017
[INFO] Final Memory: 21M/456M
[INFO] ------------------------------------------------------------------------
[ERROR] Failed to execute goal org.apache.maven.plugins:maven-compiler-plugin:3.5.1:compile (default-compile) on project Colocalisation_Analysis: Fatal error compiling: invalid target release: 1.8 -> [Help 1]
[ERROR] 
[ERROR] To see the full stack trace of the errors, re-run Maven with the -e switch.
[ERROR] Re-run Maven using the -X switch to enable full debug logging.
[ERROR] 
[ERROR] For more information about the errors and possible solutions, please read the following articles:
[ERROR] [Help 1] http://cwiki.apache.org/confluence/display/MAVEN/MojoExecutionException
Build step 'Execute shell' marked build as failure
Archiving artifacts


From jenkins at imagej.net  Thu Feb 23 10:59:06 2017
From: jenkins at imagej.net (jenkins at imagej.net)
Date: Thu, 23 Feb 2017 10:59:06 -0600 (CST)
Subject: [ImageJ-builds] Jenkins build is back to normal :
	Colocalisation_Analysis #62
In-Reply-To: <1928806940.646.1487868387367.JavaMail.jenkins@dev>
References: <1928806940.646.1487868387367.JavaMail.jenkins@dev>
Message-ID: <736302511.647.1487869146745.JavaMail.jenkins@dev>

See <http://jenkins.imagej.net/job/Colocalisation_Analysis/62/>



From jenkins at imagej.net  Thu Feb 23 10:59:19 2017
From: jenkins at imagej.net (jenkins at imagej.net)
Date: Thu, 23 Feb 2017 10:59:19 -0600 (CST)
Subject: [ImageJ-builds] Jenkins build is back to normal : AnalyzeSkeleton
	#48
In-Reply-To: <818452987.644.1487867799607.JavaMail.jenkins@dev>
References: <818452987.644.1487867799607.JavaMail.jenkins@dev>
Message-ID: <765757923.648.1487869159500.JavaMail.jenkins@dev>

See <http://jenkins.imagej.net/job/AnalyzeSkeleton/48/>



From jenkins at imagej.net  Thu Feb 23 10:59:33 2017
From: jenkins at imagej.net (jenkins at imagej.net)
Date: Thu, 23 Feb 2017 10:59:33 -0600 (CST)
Subject: [ImageJ-builds] Jenkins build is back to normal :
	BalloonSegmentation #26
In-Reply-To: <1130505329.642.1487867104995.JavaMail.jenkins@dev>
References: <1130505329.642.1487867104995.JavaMail.jenkins@dev>
Message-ID: <617216649.649.1487869173236.JavaMail.jenkins@dev>

See <http://jenkins.imagej.net/job/BalloonSegmentation/26/>



From jenkins at imagej.net  Fri Feb 24 01:34:45 2017
From: jenkins at imagej.net (jenkins at imagej.net)
Date: Fri, 24 Feb 2017 01:34:45 -0600 (CST)
Subject: [ImageJ-builds] Build failed in Jenkins: MIPAV-Git-SVN-Mirror #1425
Message-ID: <1049039984.652.1487921685761.JavaMail.jenkins@dev>

See <http://jenkins.imagej.net/job/MIPAV-Git-SVN-Mirror/1425/>

------------------------------------------
Started by timer
Building on master in workspace <http://jenkins.imagej.net/job/MIPAV-Git-SVN-Mirror/ws/>
Copied 1 artifact from "SciJava-scripts" build number 146
[workspace] $ /bin/sh -xe /tmp/hudson257975862007601492.sh
+ sh -x bin/git-svn-synchronizer.sh https://citdcbmipav.cit.nih.gov/repos-pub/mipav dev:/srv/git/mipav.git
+ force=
+ reset=
+ test 2 -gt 0
+ break
+ test 2 -lt 2
+ set -e
+ SVN_URL=https://citdcbmipav.cit.nih.gov/repos-pub/mipav
+ shift
+ test -d .git
+ test -d .git/svn
+ git config svn-remote.svn.url
+ test ahttps://citdcbmipav.cit.nih.gov/repos-pub/mipav != ahttps://citdcbmipav.cit.nih.gov/repos-pub/mipav
+ git svn fetch
RA layer request failed: PROPFIND of '/repos-pub/mipav/!svn/vcc/default': SSL handshake failed: Secure connection truncated (https://citdcbmipav.cit.nih.gov) at /usr/lib/git-core/git-svn line 2139

Build step 'Execute shell' marked build as failure
Build step 'Groovy Postbuild' marked build as failure


From jenkins at imagej.net  Sat Feb 25 05:11:14 2017
From: jenkins at imagej.net (jenkins at imagej.net)
Date: Sat, 25 Feb 2017 05:11:14 -0600 (CST)
Subject: [ImageJ-builds] Build failed in Jenkins: EventBus-Git-SVN-Mirror
	#1295
Message-ID: <1518659076.655.1488021074564.JavaMail.jenkins@dev>

See <http://jenkins.imagej.net/job/EventBus-Git-SVN-Mirror/1295/>

------------------------------------------
Started by timer
Building on master in workspace <http://jenkins.imagej.net/job/EventBus-Git-SVN-Mirror/ws/>
Copied 1 artifact from "SciJava-scripts" build number 146
[workspace] $ /bin/sh -xe /tmp/hudson3583620399930037077.sh
+ sh -x bin/git-svn-synchronizer.sh https://svn.java.net/svn/eventbus~svn github-eventbus:scijava/eventbus
+ force=
+ reset=
+ test 2 -gt 0
+ break
+ test 2 -lt 2
+ set -e
+ SVN_URL=https://svn.java.net/svn/eventbus~svn
+ shift
+ test -d .git
+ test -d .git/svn
+ git config svn-remote.svn.url
+ test ahttps://svn.java.net/svn/eventbus~svn != ahttps://svn.java.net/svn/eventbus~svn
+ git svn fetch
RA layer request failed: OPTIONS of 'https://svn.java.net/svn/eventbus~svn': Could not read status line: Secure connection truncated (https://svn.java.net) at /usr/lib/git-core/git-svn line 2139

Build step 'Execute shell' marked build as failure
Build step 'Groovy Postbuild' marked build as failure


From jenkins at imagej.net  Tue Feb 28 20:42:34 2017
From: jenkins at imagej.net (jenkins at imagej.net)
Date: Tue, 28 Feb 2017 20:42:34 -0600 (CST)
Subject: [ImageJ-builds] Build failed in Jenkins: 3D_Objects_Counter #18
Message-ID: <312759475.663.1488336154851.JavaMail.jenkins@dev>

See <http://jenkins.imagej.net/job/3D_Objects_Counter/18/changes>

Changes:

[Curtis Rueden] Update parent to org.scijava:pom-scijava:14.0.0

------------------------------------------
Started by an SCM change
Building remotely on maven in workspace <http://jenkins.imagej.net/job/3D_Objects_Counter/ws/>
 > git rev-parse --is-inside-work-tree # timeout=10
Fetching changes from the remote Git repository
 > git config remote.origin.url git://github.com/fiji/3D_Objects_Counter # timeout=10
Fetching upstream changes from git://github.com/fiji/3D_Objects_Counter
 > git --version # timeout=10
 > git -c core.askpass=true fetch --tags --progress git://github.com/fiji/3D_Objects_Counter +refs/heads/*:refs/remotes/origin/*
 > git rev-parse origin/master^{commit} # timeout=10
Checking out Revision 556342040fd6ae7c2da9c230c0e8895c9b924ff0 (origin/master)
 > git config core.sparsecheckout # timeout=10
 > git checkout -f 556342040fd6ae7c2da9c230c0e8895c9b924ff0
 > git rev-list a0561bf6a438a48e926fa5777d6bc0e74c660cd8 # timeout=10
 > git tag -a -f -m Jenkins Build #18 jenkins-3D_Objects_Counter-18 # timeout=10
[3D_Objects_Counter] $ /bin/sh -xe /tmp/hudson4452328173402084575.sh
+ git clean -dfx
Removing target/
[3D_Objects_Counter] $ /bin/sh -xe /tmp/hudson2546529671975891126.sh
+ mvn -U -Pdeploy-to-imagej clean deploy
[INFO] Scanning for projects...
[INFO]                                                                         
[INFO] ------------------------------------------------------------------------
[INFO] Building 3D Objects Counter 2.0.1-SNAPSHOT
[INFO] ------------------------------------------------------------------------
[INFO] 
[INFO] --- maven-clean-plugin:3.0.0:clean (default-clean) @ 3D_Objects_Counter ---
[INFO] 
[INFO] --- maven-enforcer-plugin:1.4.1:enforce (enforce-rules) @ 3D_Objects_Counter ---
[INFO] 
[INFO] --- build-helper-maven-plugin:1.12:regex-property (sanitize-version) @ 3D_Objects_Counter ---
[INFO] 
[INFO] --- buildnumber-maven-plugin:1.4:create (default) @ 3D_Objects_Counter ---
[INFO] Executing: /bin/sh -c cd '/data/devel/jenkins-maven/workspace/3D_Objects_Counter' && 'git' 'rev-parse' '--verify' 'HEAD'
[INFO] Working directory: /data/devel/jenkins-maven/workspace/3D_Objects_Counter
[INFO] Storing buildNumber: 556342040fd6ae7c2da9c230c0e8895c9b924ff0 at timestamp: 1488336153690
[WARNING] Cannot get the branch information from the git repository: 
Detecting the current branch failed: fatal: ref HEAD is not a symbolic ref

[INFO] Executing: /bin/sh -c cd '/data/devel/jenkins-maven/workspace/3D_Objects_Counter' && 'git' 'rev-parse' '--verify' 'HEAD'
[INFO] Working directory: /data/devel/jenkins-maven/workspace/3D_Objects_Counter
[INFO] Storing buildScmBranch: UNKNOWN
[INFO] 
[INFO] --- scijava-maven-plugin:1.0.0:set-rootdir (set-rootdir) @ 3D_Objects_Counter ---
[INFO] Setting rootdir: /data/devel/jenkins-maven/workspace/3D_Objects_Counter
[INFO] 
[INFO] --- maven-resources-plugin:3.0.2:resources (default-resources) @ 3D_Objects_Counter ---
[INFO] Using 'UTF-8' encoding to copy filtered resources.
[INFO] Copying 1 resource
[INFO] 
[INFO] --- maven-compiler-plugin:3.6.0:compile (default-compile) @ 3D_Objects_Counter ---
[INFO] Compiling 4 source files to /data/devel/jenkins-maven/workspace/3D_Objects_Counter/target/classes
[INFO] ------------------------------------------------------------------------
[INFO] BUILD FAILURE
[INFO] ------------------------------------------------------------------------
[INFO] Total time: 4.554s
[INFO] Finished at: Tue Feb 28 20:42:34 CST 2017
[INFO] Final Memory: 16M/360M
[INFO] ------------------------------------------------------------------------
[ERROR] Failed to execute goal org.apache.maven.plugins:maven-compiler-plugin:3.6.0:compile (default-compile) on project 3D_Objects_Counter: Fatal error compiling: invalid target release: 1.8 -> [Help 1]
[ERROR] 
[ERROR] To see the full stack trace of the errors, re-run Maven with the -e switch.
[ERROR] Re-run Maven using the -X switch to enable full debug logging.
[ERROR] 
[ERROR] For more information about the errors and possible solutions, please read the following articles:
[ERROR] [Help 1] http://cwiki.apache.org/confluence/display/MAVEN/MojoExecutionException
Build step 'Execute shell' marked build as failure
Archiving artifacts


