From jenkins at imagej.net  Mon May  1 22:42:42 2017
From: jenkins at imagej.net (jenkins at imagej.net)
Date: Mon, 01 May 2017 22:42:42 -0500 (CDT)
Subject: [ImageJ-builds] Build failed in Jenkins: ImageJ1-unit-tests #323
In-Reply-To: <371414767.17.1493599254100.JavaMail.jenkins@dev>
References: <371414767.17.1493599254100.JavaMail.jenkins@dev>
Message-ID: <990877528.22.1493696562563.JavaMail.jenkins@dev>

See <http://jenkins.imagej.net/job/ImageJ1-unit-tests/323/display/redirect>

------------------------------------------
[...truncated 4.31 KB...]
 > git rev-parse refs/tags/jenkins-ImageJ1-unit-tests-295^{commit} # timeout=10
 > git rev-parse refs/tags/jenkins-ImageJ1-unit-tests-296^{commit} # timeout=10
 > git rev-parse refs/tags/jenkins-ImageJ1-unit-tests-297^{commit} # timeout=10
 > git rev-parse refs/tags/jenkins-ImageJ1-unit-tests-298^{commit} # timeout=10
 > git rev-parse refs/tags/jenkins-ImageJ1-unit-tests-299^{commit} # timeout=10
 > git rev-parse refs/tags/jenkins-ImageJ1-unit-tests-310^{commit} # timeout=10
 > git rev-parse refs/tags/jenkins-ImageJ1-unit-tests-311^{commit} # timeout=10
 > git rev-parse refs/tags/jenkins-ImageJ1-unit-tests-312^{commit} # timeout=10
 > git rev-parse refs/tags/jenkins-ImageJ1-unit-tests-313^{commit} # timeout=10
 > git rev-parse refs/tags/jenkins-ImageJ1-unit-tests-314^{commit} # timeout=10
 > git rev-parse refs/tags/jenkins-ImageJ1-unit-tests-315^{commit} # timeout=10
 > git rev-parse refs/tags/jenkins-ImageJ1-unit-tests-316^{commit} # timeout=10
 > git rev-parse refs/tags/jenkins-ImageJ1-unit-tests-317^{commit} # timeout=10
 > git rev-parse refs/tags/jenkins-ImageJ1-unit-tests-318^{commit} # timeout=10
 > git rev-parse refs/tags/jenkins-ImageJ1-unit-tests-319^{commit} # timeout=10
 > git rev-parse refs/tags/jenkins-ImageJ1-unit-tests-280^{commit} # timeout=10
 > git rev-parse refs/tags/jenkins-ImageJ1-unit-tests-281^{commit} # timeout=10
 > git rev-parse refs/tags/jenkins-ImageJ1-unit-tests-282^{commit} # timeout=10
 > git rev-parse refs/tags/jenkins-ImageJ1-unit-tests-283^{commit} # timeout=10
 > git rev-parse refs/tags/jenkins-ImageJ1-unit-tests-284^{commit} # timeout=10
 > git rev-parse refs/tags/jenkins-ImageJ1-unit-tests-285^{commit} # timeout=10
 > git rev-parse refs/tags/jenkins-ImageJ1-unit-tests-286^{commit} # timeout=10
 > git rev-parse refs/tags/jenkins-ImageJ1-unit-tests-287^{commit} # timeout=10
 > git rev-parse refs/tags/jenkins-ImageJ1-unit-tests-320^{commit} # timeout=10
 > git rev-parse refs/tags/jenkins-ImageJ1-unit-tests-288^{commit} # timeout=10
 > git rev-parse refs/tags/jenkins-ImageJ1-unit-tests-321^{commit} # timeout=10
Checking out Revision d71cda9c466a3f9e360ac7f84b446be82cfa7198 (origin/master, refs/tags/jenkins-ImageJ1-unit-tests-322, refs/tags/jenkins-ImageJ1-unit-tests-317, refs/tags/jenkins-ImageJ1-unit-tests-318, refs/tags/jenkins-ImageJ1-unit-tests-319, refs/tags/jenkins-ImageJ1-unit-tests-320, refs/tags/jenkins-ImageJ1-unit-tests-321)
 > git config core.sparsecheckout # timeout=10
 > git checkout -f d71cda9c466a3f9e360ac7f84b446be82cfa7198
 > git rev-list d71cda9c466a3f9e360ac7f84b446be82cfa7198 # timeout=10
 > git rev-list d71cda9c466a3f9e360ac7f84b446be82cfa7198 # timeout=10
 > git rev-list d71cda9c466a3f9e360ac7f84b446be82cfa7198 # timeout=10
 > git rev-list d71cda9c466a3f9e360ac7f84b446be82cfa7198 # timeout=10
 > git rev-list d71cda9c466a3f9e360ac7f84b446be82cfa7198 # timeout=10
 > git rev-list d71cda9c466a3f9e360ac7f84b446be82cfa7198 # timeout=10
 > git tag -a -f -m Jenkins Build #323 jenkins-ImageJ1-unit-tests-323 # timeout=10
[ImageJ1-unit-tests] $ /bin/sh -xe /tmp/jenkins8200364567483797160.sh
+ mvn dependency:list
+ grep net.imagej:ij:jar
+ cut -d : -f 4
OpenJDK 64-Bit Server VM warning: ignoring option MaxPermSize=256m; support was removed in 8.0
+ printf \n======================\n Testing ImageJ 1.51n\n======================\n\n

======================
 Testing ImageJ 1.51n
======================

[ImageJ1-unit-tests] $ mvn -U clean test
OpenJDK 64-Bit Server VM warning: ignoring option MaxPermSize=256m; support was removed in 8.0
[INFO] Scanning for projects...
Downloading: http://maven.imagej.net/content/groups/public/org/scijava/pom-scijava/maven-metadata.xml
Downloading: http://repo.maven.apache.org/maven2/org/scijava/pom-scijava/maven-metadata.xml
4/5 KB   4/9 KB   4/5 KB   4/9 KB   5/5 KB   4/9 KB   5/5 KB   8/9 KB   5/5 KB   9/9 KB                     Downloaded: http://maven.imagej.net/content/groups/public/org/scijava/pom-scijava/maven-metadata.xml (9 KB at 100.7 KB/sec)
                  Downloaded: http://repo.maven.apache.org/maven2/org/scijava/pom-scijava/maven-metadata.xml (5 KB at 51.6 KB/sec)
[INFO]                                                                         
[INFO] ------------------------------------------------------------------------
[INFO] Building ImageJ1 unit tests 1.0-SNAPSHOT
[INFO] ------------------------------------------------------------------------
Downloading: http://repo.maven.apache.org/maven2/net/imagej/ij/maven-metadata.xml
Downloading: http://maven.imagej.net/content/groups/public/net/imagej/ij/maven-metadata.xml
2/2 KB                     Downloaded: http://repo.maven.apache.org/maven2/net/imagej/ij/maven-metadata.xml (2 KB at 25.9 KB/sec)
4/5 KB   5/5 KB            Downloaded: http://maven.imagej.net/content/groups/public/net/imagej/ij/maven-metadata.xml (5 KB at 10.1 KB/sec)
[INFO] 
[INFO] --- maven-clean-plugin:3.0.0:clean (default-clean) @ ij1-tests ---
[INFO] Deleting /data/devel/jenkins-maven/workspace/ImageJ1-unit-tests/target
[INFO] 
[INFO] --- maven-enforcer-plugin:1.4.1:enforce (enforce-rules) @ ij1-tests ---
[INFO] 
[INFO] --- build-helper-maven-plugin:1.12:regex-property (sanitize-version) @ ij1-tests ---
[INFO] No match to regex '^([0-9]+)\.([0-9]+)\.([0-9]+).*$' found in '1.0-SNAPSHOT'. The initial value '1.0-SNAPSHOT' is left as-is...
[INFO] 
[INFO] --- buildnumber-maven-plugin:1.4:create (default) @ ij1-tests ---
[INFO] Executing: /bin/sh -c cd '/data/devel/jenkins-maven/workspace/ImageJ1-unit-tests' && 'git' 'rev-parse' '--verify' 'HEAD'
[INFO] Working directory: /data/devel/jenkins-maven/workspace/ImageJ1-unit-tests
[INFO] Storing buildNumber: d71cda9c466a3f9e360ac7f84b446be82cfa7198 at timestamp: 1493696544227
[WARNING] Cannot get the branch information from the git repository: 
Detecting the current branch failed: fatal: ref HEAD is not a symbolic ref

[INFO] Executing: /bin/sh -c cd '/data/devel/jenkins-maven/workspace/ImageJ1-unit-tests' && 'git' 'rev-parse' '--verify' 'HEAD'
[INFO] Working directory: /data/devel/jenkins-maven/workspace/ImageJ1-unit-tests
[INFO] Storing buildScmBranch: UNKNOWN
[INFO] 
[INFO] --- scijava-maven-plugin:1.0.0:set-rootdir (set-rootdir) @ ij1-tests ---
[INFO] Setting rootdir: /data/devel/jenkins-maven/workspace/ImageJ1-unit-tests
[INFO] 
[INFO] --- maven-resources-plugin:3.0.2:resources (default-resources) @ ij1-tests ---
[INFO] Using 'UTF-8' encoding to copy filtered resources.
[INFO] skip non existing resourceDirectory /data/devel/jenkins-maven/workspace/ImageJ1-unit-tests/src/main/resources
[INFO] 
[INFO] --- maven-compiler-plugin:3.6.0:compile (default-compile) @ ij1-tests ---
[INFO] No sources to compile
[INFO] 
[INFO] --- maven-resources-plugin:3.0.2:testResources (default-testResources) @ ij1-tests ---
[INFO] Using 'UTF-8' encoding to copy filtered resources.
[INFO] Copying 28 resources
[INFO] 
[INFO] --- maven-compiler-plugin:3.6.0:testCompile (default-testCompile) @ ij1-tests ---
[INFO] Compiling 85 source files to /data/devel/jenkins-maven/workspace/ImageJ1-unit-tests/target/test-classes
[INFO] /data/devel/jenkins-maven/workspace/ImageJ1-unit-tests/src/test/java/ij/gui/LineTest.java: Some input files use or override a deprecated API.
[INFO] /data/devel/jenkins-maven/workspace/ImageJ1-unit-tests/src/test/java/ij/gui/LineTest.java: Recompile with -Xlint:deprecation for details.
[INFO] 
[INFO] --- maven-surefire-plugin:2.19.1:test (default-test) @ ij1-tests ---

-------------------------------------------------------
 T E S T S
-------------------------------------------------------
Running ij.IJEventListenerTest
Tests run: 2, Failures: 0, Errors: 0, Skipped: 0, Time elapsed: 0.051 sec - in ij.IJEventListenerTest
Running ij.process.FloatProcessorTest
Tests run: 81, Failures: 0, Errors: 0, Skipped: 0, Time elapsed: 1.089 sec - in ij.process.FloatProcessorTest
Running ij.process.LUTTest
Tests run: 7, Failures: 0, Errors: 0, Skipped: 0, Time elapsed: 0.002 sec - in ij.process.LUTTest
Running ij.process.ByteProcessorTest
Tests run: 71, Failures: 0, Errors: 0, Skipped: 0, Time elapsed: 0.598 sec - in ij.process.ByteProcessorTest
Running ij.process.ShortProcessorTest
Tests run: 86, Failures: 0, Errors: 0, Skipped: 0, Time elapsed: 2.932 sec - in ij.process.ShortProcessorTest
Running ij.process.ColorProcessorTest
Tests run: 86, Failures: 1, Errors: 0, Skipped: 0, Time elapsed: 1.47 sec <<< FAILURE! - in ij.process.ColorProcessorTest
testFilter(ij.process.ColorProcessorTest)  Time elapsed: 0.04 sec  <<< FAILURE!
java.lang.AssertionError: expected:<241.0> but was:<239.0>
	at ij.process.ColorProcessorTest.testFilter(ColorProcessorTest.java:966)

Running ij.process.ImageProcessorTest
Tests run: 181, Failures: 1, Errors: 0, Skipped: 0, Time elapsed: 0.425 sec <<< FAILURE! - in ij.process.ImageProcessorTest
testSmooth(ij.process.ImageProcessorTest)  Time elapsed: 0.005 sec  <<< FAILURE!
org.junit.ComparisonFailure: expected:<...ount=64000, mean=71.[237984375, min=1.0, max=247].0]> but was:<...ount=64000, mean=71.[655234375, min=2.0, max=246].0]>
	at ij.process.ImageProcessorTest.testSmooth(ImageProcessorTest.java:1439)

Running ij.process.BinaryProcessorTest
Tests run: 5, Failures: 0, Errors: 0, Skipped: 0, Time elapsed: 0.138 sec - in ij.process.BinaryProcessorTest
Running ij.io.DirectoryChooserTest
Tests run: 3, Failures: 0, Errors: 0, Skipped: 0, Time elapsed: 0 sec - in ij.io.DirectoryChooserTest
Running ij.io.RandomAccessStreamTest
Tests run: 16, Failures: 0, Errors: 0, Skipped: 0, Time elapsed: 0.005 sec - in ij.io.RandomAccessStreamTest
Running ij.io.FileOpenerTest
Tests run: 8, Failures: 0, Errors: 0, Skipped: 0, Time elapsed: 0.512 sec - in ij.io.FileOpenerTest
Running ij.io.BitBufferTest
Tests run: 2, Failures: 0, Errors: 0, Skipped: 0, Time elapsed: 0 sec - in ij.io.BitBufferTest
Running ij.io.ImageWriterTest
Tests run: 1, Failures: 0, Errors: 0, Skipped: 0, Time elapsed: 0.026 sec - in ij.io.ImageWriterTest
Running ij.io.FileInfoTest
Tests run: 5, Failures: 0, Errors: 0, Skipped: 0, Time elapsed: 0.002 sec - in ij.io.FileInfoTest
Running ij.io.ImageReaderTest
java.net.MalformedURLException: no protocol: ashdjjfj
java.net.UnknownHostException: fred.joe.john.edu
java.io.FileNotFoundException: http://www.google.com/ooglywooglygugglychoogly.tiff
Tests run: 16, Failures: 0, Errors: 0, Skipped: 0, Time elapsed: 1.012 sec - in ij.io.ImageReaderTest
Running ij.CommandListenerTest
Tests run: 1, Failures: 0, Errors: 0, Skipped: 0, Time elapsed: 0 sec - in ij.CommandListenerTest
Running ij.ImagePlusTest
This command requires an area selection
This command requires an area selection
Unsupported format or not found
Tests run: 123, Failures: 0, Errors: 0, Skipped: 0, Time elapsed: 0.075 sec - in ij.ImagePlusTest
Running ij.VirtualStackTest
Tests run: 22, Failures: 0, Errors: 0, Skipped: 0, Time elapsed: 0.014 sec - in ij.VirtualStackTest
Running ij.macro.SymbolTest
Tests run: 4, Failures: 0, Errors: 0, Skipped: 0, Time elapsed: 0.001 sec - in ij.macro.SymbolTest
Running ij.macro.ReturnExceptionTest
Tests run: 1, Failures: 0, Errors: 0, Skipped: 0, Time elapsed: 0 sec - in ij.macro.ReturnExceptionTest
Running ij.ImageListenerTest
Tests run: 1, Failures: 0, Errors: 0, Skipped: 0, Time elapsed: 0 sec - in ij.ImageListenerTest
Running ij.CompositeImageTest
Tests run: 29, Failures: 0, Errors: 0, Skipped: 0, Time elapsed: 0.056 sec - in ij.CompositeImageTest
Running ij.util.ToolsTest
Tests run: 13, Failures: 0, Errors: 0, Skipped: 0, Time elapsed: 0.002 sec - in ij.util.ToolsTest
Running ij.util.StringSorterTest
Tests run: 1, Failures: 0, Errors: 0, Skipped: 0, Time elapsed: 0 sec - in ij.util.StringSorterTest
Running ij.UndoTest
Tests run: 1, Failures: 0, Errors: 0, Skipped: 0, Time elapsed: 0 sec - in ij.UndoTest
Running ij.ExecuterTest
Tests run: 5, Failures: 0, Errors: 0, Skipped: 0, Time elapsed: 1.004 sec - in ij.ExecuterTest
Running ij.LookUpTableTest
Tests run: 8, Failures: 0, Errors: 0, Skipped: 0, Time elapsed: 0.009 sec - in ij.LookUpTableTest
Running ij.ImageStackTest
Tests run: 27, Failures: 0, Errors: 0, Skipped: 0, Time elapsed: 0.627 sec - in ij.ImageStackTest
Running ij.measure.MeasurementsTest
Tests run: 1, Failures: 0, Errors: 0, Skipped: 0, Time elapsed: 0 sec - in ij.measure.MeasurementsTest
Running ij.measure.CalibrationTest
Tests run: 35, Failures: 0, Errors: 0, Skipped: 0, Time elapsed: 0.079 sec - in ij.measure.CalibrationTest
Running ij.measure.ResultsTableTest
version: 1.51n
Tests run: 37, Failures: 0, Errors: 0, Skipped: 0, Time elapsed: 0.628 sec - in ij.measure.ResultsTableTest
Running ij.measure.CurveFitterTest
Tests run: 24, Failures: 0, Errors: 0, Skipped: 0, Time elapsed: 0.142 sec - in ij.measure.CurveFitterTest
Running ij.measure.SplineFitterTest
Tests run: 2, Failures: 0, Errors: 0, Skipped: 0, Time elapsed: 0 sec - in ij.measure.SplineFitterTest
Running ij.gui.ArrowTest
Tests run: 13, Failures: 0, Errors: 0, Skipped: 0, Time elapsed: 0.001 sec - in ij.gui.ArrowTest
Running ij.gui.ProgressBarTest
Tests run: 8, Failures: 0, Errors: 0, Skipped: 0, Time elapsed: 0.001 sec - in ij.gui.ProgressBarTest
Running ij.gui.OverlayTest
Tests run: 12, Failures: 0, Errors: 0, Skipped: 0, Time elapsed: 0.001 sec - in ij.gui.OverlayTest
Running ij.gui.LineTest
Tests run: 16, Failures: 0, Errors: 0, Skipped: 0, Time elapsed: 0.006 sec - in ij.gui.LineTest
Running ij.gui.TrimmedButtonTest
Tests run: 1, Failures: 0, Errors: 0, Skipped: 0, Time elapsed: 0 sec - in ij.gui.TrimmedButtonTest
Running ij.gui.RoiTest
Tests run: 52, Failures: 0, Errors: 0, Skipped: 0, Time elapsed: 0.087 sec - in ij.gui.RoiTest
Running ij.gui.WandTest
Tests run: 8, Failures: 0, Errors: 0, Skipped: 0, Time elapsed: 0 sec - in ij.gui.WandTest
Running ij.gui.ToolbarTest
Tests run: 1, Failures: 0, Errors: 0, Skipped: 0, Time elapsed: 0 sec - in ij.gui.ToolbarTest
Running ij.gui.TextRoiTest
Tests run: 12, Failures: 0, Errors: 0, Skipped: 0, Time elapsed: 0.002 sec - in ij.gui.TextRoiTest
Running ij.gui.PolygonRoiTest
Tests run: 24, Failures: 0, Errors: 0, Skipped: 0, Time elapsed: 0.009 sec - in ij.gui.PolygonRoiTest
Running ij.gui.ImageRoiTest
Tests run: 5, Failures: 0, Errors: 0, Skipped: 0, Time elapsed: 0.001 sec - in ij.gui.ImageRoiTest
Running ij.gui.ProfilePlotTest
Tests run: 6, Failures: 0, Errors: 0, Skipped: 0, Time elapsed: 0.001 sec - in ij.gui.ProfilePlotTest
Running ij.gui.FreehandRoiTest
Tests run: 1, Failures: 0, Errors: 0, Skipped: 0, Time elapsed: 0 sec - in ij.gui.FreehandRoiTest
Running ij.gui.ShapeRoiTest
Tests run: 22, Failures: 0, Errors: 0, Skipped: 0, Time elapsed: 0.133 sec - in ij.gui.ShapeRoiTest
Running ij.gui.OvalRoiTest
Tests run: 9, Failures: 0, Errors: 0, Skipped: 0, Time elapsed: 0.003 sec - in ij.gui.OvalRoiTest
Running ij.gui.PlotTest
Tests run: 20, Failures: 0, Errors: 0, Skipped: 0, Time elapsed: 1.737 sec - in ij.gui.PlotTest
Running ij.gui.PointRoiTest
Tests run: 10, Failures: 0, Errors: 0, Skipped: 0, Time elapsed: 0.018 sec - in ij.gui.PointRoiTest

Results :

Failed tests: 
  ColorProcessorTest.testFilter:966 expected:<241.0> but was:<239.0>
  ImageProcessorTest.testSmooth:1439 expected:<...ount=64000, mean=71.[237984375, min=1.0, max=247].0]> but was:<...ount=64000, mean=71.[655234375, min=2.0, max=246].0]>

Tests run: 1125, Failures: 2, Errors: 0, Skipped: 0

[INFO] ------------------------------------------------------------------------
[INFO] BUILD FAILURE
[INFO] ------------------------------------------------------------------------
[INFO] Total time: 21.218s
[INFO] Finished at: Mon May 01 22:42:42 CDT 2017
[INFO] Final Memory: 27M/449M
[INFO] ------------------------------------------------------------------------
[ERROR] Failed to execute goal org.apache.maven.plugins:maven-surefire-plugin:2.19.1:test (default-test) on project ij1-tests: There are test failures.
[ERROR] 
[ERROR] Please refer to /data/devel/jenkins-maven/workspace/ImageJ1-unit-tests/target/surefire-reports for the individual test results.
[ERROR] -> [Help 1]
[ERROR] 
[ERROR] To see the full stack trace of the errors, re-run Maven with the -e switch.
[ERROR] Re-run Maven using the -X switch to enable full debug logging.
[ERROR] 
[ERROR] For more information about the errors and possible solutions, please read the following articles:
[ERROR] [Help 1] http://cwiki.apache.org/confluence/display/MAVEN/MojoFailureException
Build step 'Invoke top-level Maven targets' marked build as failure
Recording test results


From jenkins at imagej.net  Tue May  9 19:15:00 2017
From: jenkins at imagej.net (jenkins at imagej.net)
Date: Tue, 09 May 2017 19:15:00 -0500 (CDT)
Subject: [ImageJ-builds] Build failed in Jenkins: Validate-javadoc #793
Message-ID: <991844405.37.1494375300280.JavaMail.jenkins@dev>

See <http://jenkins.imagej.net/job/Validate-javadoc/793/display/redirect>

------------------------------------------
Started by upstream project "SCIFIO-javadoc" build number 543
originally caused by:
 Started by timer
Building on master in workspace <http://jenkins.imagej.net/job/Validate-javadoc/ws/>
 > git rev-parse --is-inside-work-tree # timeout=10
Fetching changes from the remote Git repository
 > git config remote.origin.url git://github.com/imagej/imagej-javadoc # timeout=10
Fetching upstream changes from git://github.com/imagej/imagej-javadoc
 > git --version # timeout=10
 > git fetch --tags --progress git://github.com/imagej/imagej-javadoc +refs/heads/*:refs/remotes/origin/*
 > git rev-parse origin/master^{commit} # timeout=10
Checking out Revision 613a1cd24b706321269d0ce0e1d1a355ccc6e471 (origin/master)
 > git config core.sparsecheckout # timeout=10
 > git checkout -f 613a1cd24b706321269d0ce0e1d1a355ccc6e471
 > git rev-list 613a1cd24b706321269d0ce0e1d1a355ccc6e471 # timeout=10
[workspace] $ /bin/sh -xe /tmp/jenkins1094611578039215947.sh
+ cram tests
!
--- proxies.t
+++ proxies.t.err
@@ -1,143 +1,77 @@
 Ensure URL proxies all still work:
 
   $ curl -Is http://javadoc.imagej.net/ImageJ/index.html | head -n 1
-  HTTP/1.1 200 OK
   $ curl -Is http://javadoc.imagej.net/ImgLib2/index.html | head -n 1
-  HTTP/1.1 200 OK
   $ curl -Is http://javadoc.imagej.net/SCIFIO/index.html | head -n 1
-  HTTP/1.1 200 OK
   $ curl -Is http://javadoc.imagej.net/SciJava/index.html | head -n 1
-  HTTP/1.1 200 OK
   $ curl -Is http://javadoc.imagej.net/Fiji/index.html | head -n 1
-  HTTP/1.1 200 OK
   $ curl -Is http://javadoc.imagej.net/ImageJ1/index.html | head -n 1
-  HTTP/1.1 200 OK
   $ curl -Is http://javadoc.imagej.net/Bio-Formats/index.html | head -n 1
-  HTTP/1.1 200 OK
   $ curl -Is http://javadoc.imagej.net/SLIM-Curve/index.html | head -n 1
-  HTTP/1.1 200 OK
   $ curl -Is http://javadoc.imagej.net/Micro-Manager-Core/index.html | head -n 1
-  HTTP/1.1 200 OK
   $ curl -Is http://javadoc.imagej.net/Micro-Manager-Studio/index.html | head -n 1
-  HTTP/1.1 200 OK
   $ curl -Is http://javadoc.imagej.net/KNIME/index.html | head -n 1
-  HTTP/1.1 200 OK
   $ curl -Is http://javadoc.imagej.net/OMERO/index.html | head -n 1
-  HTTP/1.1 200 OK
   $ curl -Is http://javadoc.imagej.net/Icy/index.html | head -n 1
-  HTTP/1.1 200 OK
   $ curl -Is http://javadoc.imagej.net/Alida/index.html | head -n 1
-  HTTP/1.1 200 OK
   $ curl -Is http://javadoc.imagej.net/MiToBo/index.html | head -n 1
-  HTTP/1.1 200 OK
   $ curl -Is http://javadoc.imagej.net/Eclipse/ | head -n 1
-  HTTP/1.1 302 Found
   $ curl -Is http://javadoc.imagej.net/NetBeans/index.html | head -n 1
-  HTTP/1.1 200 OK
   $ curl -Is http://javadoc.imagej.net/LOCI/index.html | head -n 1
-  HTTP/1.1 200 OK
   $ curl -Is http://javadoc.imagej.net/Pivot/index.html | head -n 1
-  HTTP/1.1 200 OK
   $ curl -Is http://javadoc.imagej.net/MigLayout/index.html | head -n 1
-  HTTP/1.1 200 OK
   $ curl -Is http://javadoc.imagej.net/Javassist/index.html | head -n 1
-  HTTP/1.1 200 OK
   $ curl -Is http://javadoc.imagej.net/JHotDraw/index.html | head -n 1
-  HTTP/1.1 200 OK
   $ curl -Is http://javadoc.imagej.net/Apache-Commons-Lang/index.html | head -n 1
-  HTTP/1.1 200 OK
   $ curl -Is http://javadoc.imagej.net/Apache-Commons-Math/index.html | head -n 1
-  HTTP/1.1 200 OK
   $ curl -Is http://javadoc.imagej.net/JFreeChart/index.html | head -n 1
-  HTTP/1.1 200 OK
   $ curl -Is http://javadoc.imagej.net/JGraphT/ | head -n 1
-  HTTP/1.1 302 Found
   $ curl -Is http://javadoc.imagej.net/Java6/index.html | head -n 1
-  HTTP/1.1 200 OK
   $ curl -Is http://javadoc.imagej.net/Java7/index.html | head -n 1
-  HTTP/1.1 200 OK
   $ curl -Is http://javadoc.imagej.net/Java8/index.html | head -n 1
-  HTTP/1.1 200 OK
   $ curl -Is http://javadoc.imagej.net/Java3D/index.html | head -n 1
-  HTTP/1.1 200 OK
 
 Check a couple of secondary aliases:
 
   $ curl -Is http://javadoc.imagej.net/ImageJ2/index.html | head -n 1
-  HTTP/1.1 200 OK
   $ curl -Is http://javadoc.imagej.net/Java/index.html | head -n 1
-  HTTP/1.1 200 OK
 
 Check that URLs work without trailing slashes:
 
   $ curl -Is http://javadoc.imagej.net/ImageJ | head -n 1
-  HTTP/1.1 301 Moved Permanently
   $ curl -Is http://javadoc.imagej.net/ImgLib2 | head -n 1
-  HTTP/1.1 301 Moved Permanently
   $ curl -Is http://javadoc.imagej.net/SCIFIO | head -n 1
-  HTTP/1.1 301 Moved Permanently
   $ curl -Is http://javadoc.imagej.net/SciJava | head -n 1
-  HTTP/1.1 301 Moved Permanently
   $ curl -Is http://javadoc.imagej.net/Fiji | head -n 1
-  HTTP/1.1 301 Moved Permanently
   $ curl -Is http://javadoc.imagej.net/ImageJ1 | head -n 1
-  HTTP/1.1 301 Moved Permanently
   $ curl -Is http://javadoc.imagej.net/Bio-Formats | head -n 1
-  HTTP/1.1 301 Moved Permanently
   $ curl -Is http://javadoc.imagej.net/SLIM-Curve | head -n 1
-  HTTP/1.1 301 Moved Permanently
   $ curl -Is http://javadoc.imagej.net/Micro-Manager-Core | head -n 1
-  HTTP/1.1 301 Moved Permanently
   $ curl -Is http://javadoc.imagej.net/Micro-Manager-Studio | head -n 1
-  HTTP/1.1 301 Moved Permanently
   $ curl -Is http://javadoc.imagej.net/KNIME | head -n 1
-  HTTP/1.1 301 Moved Permanently
   $ curl -Is http://javadoc.imagej.net/OMERO | head -n 1
-  HTTP/1.1 301 Moved Permanently
   $ curl -Is http://javadoc.imagej.net/Icy | head -n 1
-  HTTP/1.1 301 Moved Permanently
   $ curl -Is http://javadoc.imagej.net/Alida | head -n 1
-  HTTP/1.1 301 Moved Permanently
   $ curl -Is http://javadoc.imagej.net/MiToBo | head -n 1
-  HTTP/1.1 301 Moved Permanently
   $ curl -Is http://javadoc.imagej.net/Eclipse | head -n 1
-  HTTP/1.1 301 Moved Permanently
   $ curl -Is http://javadoc.imagej.net/NetBeans | head -n 1
-  HTTP/1.1 301 Moved Permanently
   $ curl -Is http://javadoc.imagej.net/LOCI | head -n 1
-  HTTP/1.1 301 Moved Permanently
   $ curl -Is http://javadoc.imagej.net/Pivot | head -n 1
-  HTTP/1.1 301 Moved Permanently
   $ curl -Is http://javadoc.imagej.net/MigLayout | head -n 1
-  HTTP/1.1 301 Moved Permanently
   $ curl -Is http://javadoc.imagej.net/Javassist | head -n 1
-  HTTP/1.1 301 Moved Permanently
   $ curl -Is http://javadoc.imagej.net/JHotDraw | head -n 1
-  HTTP/1.1 301 Moved Permanently
   $ curl -Is http://javadoc.imagej.net/Apache-Commons-Lang | head -n 1
-  HTTP/1.1 301 Moved Permanently
   $ curl -Is http://javadoc.imagej.net/Apache-Commons-Math | head -n 1
-  HTTP/1.1 301 Moved Permanently
   $ curl -Is http://javadoc.imagej.net/JFreeChart | head -n 1
-  HTTP/1.1 301 Moved Permanently
   $ curl -Is http://javadoc.imagej.net/JGraphT | head -n 1
-  HTTP/1.1 301 Moved Permanently
   $ curl -Is http://javadoc.imagej.net/Java6 | head -n 1
-  HTTP/1.1 301 Moved Permanently
   $ curl -Is http://javadoc.imagej.net/Java7 | head -n 1
-  HTTP/1.1 301 Moved Permanently
   $ curl -Is http://javadoc.imagej.net/Java8 | head -n 1
-  HTTP/1.1 301 Moved Permanently
   $ curl -Is http://javadoc.imagej.net/Java3D | head -n 1
-  HTTP/1.1 301 Moved Permanently
 
 Test the ImageJ "catch-all" redirects:
 
   $ curl -Is http://javadoc.imagej.net/ImageJ1000 | head -n 1
-  HTTP/1.1 404 Not Found
   $ curl -Is http://javadoc.imagej.net/ImageJ2000 | head -n 1
-  HTTP/1.1 404 Not Found
   $ curl -Is http://javadoc.imagej.net/ImageJ3000 | head -n 1
-  HTTP/1.1 404 Not Found
   $ curl -Is http://javadoc.imagej.net/ImageJ3 | head -n 1
-  HTTP/1.1 404 Not Found

# Ran 1 tests, 0 skipped, 1 failed.
Build step 'Execute shell' marked build as failure


From jenkins at imagej.net  Thu May 11 07:16:15 2017
From: jenkins at imagej.net (jenkins at imagej.net)
Date: Thu, 11 May 2017 07:16:15 -0500 (CDT)
Subject: [ImageJ-builds] Jenkins build is back to normal : Validate-javadoc
	#794
In-Reply-To: <991844405.37.1494375300280.JavaMail.jenkins@dev>
References: <991844405.37.1494375300280.JavaMail.jenkins@dev>
Message-ID: <956063602.42.1494504975997.JavaMail.jenkins@dev>

See <http://jenkins.imagej.net/job/Validate-javadoc/794/display/redirect>



From jenkins at imagej.net  Sat May 13 01:10:04 2017
From: jenkins at imagej.net (jenkins at imagej.net)
Date: Sat, 13 May 2017 01:10:04 -0500 (CDT)
Subject: [ImageJ-builds] Build failed in Jenkins: JOGL-Git-SVN-Mirror #1577
Message-ID: <1140568422.49.1494655804097.JavaMail.jenkins@dev>

See <http://jenkins.imagej.net/job/JOGL-Git-SVN-Mirror/1577/display/redirect>

------------------------------------------
Started by timer
Building on master in workspace <http://jenkins.imagej.net/job/JOGL-Git-SVN-Mirror/ws/>
Copied 1 artifact from "SciJava-scripts" build number 151
[workspace] $ /bin/sh -xe /tmp/jenkins524548768158502897.sh
+ sh -x bin/git-svn-synchronizer.sh https://svn.java.net/svn/jogl~svn dev:/srv/git/jogl.git
+ force=
+ reset=
+ test 2 -gt 0
+ break
+ test 2 -lt 2
+ set -e
+ SVN_URL=https://svn.java.net/svn/jogl~svn
+ shift
+ test -d .git
+ test -d .git/svn
+ git config svn-remote.svn.url
+ test ahttps://svn.java.net/svn/jogl~svn != ahttps://svn.java.net/svn/jogl~svn
+ git svn fetch
Repository has been moved: Repository moved temporarily to 'http://www.oracle.com/splash/java.net/maintenance/index.html'; please relocate at /usr/lib/git-core/git-svn line 2139

Build step 'Execute shell' marked build as failure
ERROR: Failed to evaluate groovy script.
org.jenkinsci.plugins.scriptsecurity.scripts.UnapprovedUsageException: script not yet approved for use
	at org.jenkinsci.plugins.scriptsecurity.scripts.ScriptApproval.using(ScriptApproval.java:459)
	at org.jenkinsci.plugins.scriptsecurity.sandbox.groovy.SecureGroovyScript.evaluate(SecureGroovyScript.java:170)
	at org.jvnet.hudson.plugins.groovypostbuild.GroovyPostbuildRecorder.perform(GroovyPostbuildRecorder.java:362)
	at hudson.tasks.BuildStepMonitor$1.perform(BuildStepMonitor.java:20)
	at hudson.model.AbstractBuild$AbstractBuildExecution.perform(AbstractBuild.java:779)
	at hudson.model.AbstractBuild$AbstractBuildExecution.performAllBuildSteps(AbstractBuild.java:720)
	at hudson.model.Build$BuildExecution.post2(Build.java:186)
	at hudson.model.AbstractBuild$AbstractBuildExecution.post(AbstractBuild.java:665)
	at hudson.model.Run.execute(Run.java:1760)
	at hudson.model.FreeStyleBuild.run(FreeStyleBuild.java:43)
	at hudson.model.ResourceController.execute(ResourceController.java:97)
	at hudson.model.Executor.run(Executor.java:405)


From jenkins at imagej.net  Sat May 13 01:16:01 2017
From: jenkins at imagej.net (jenkins at imagej.net)
Date: Sat, 13 May 2017 01:16:01 -0500 (CDT)
Subject: [ImageJ-builds] Build failed in Jenkins: Scripting-Git-SVN-Mirror
	#1138
Message-ID: <1159229153.50.1494656161929.JavaMail.jenkins@dev>

See <http://jenkins.imagej.net/job/Scripting-Git-SVN-Mirror/1138/display/redirect>

------------------------------------------
Started by timer
Building on master in workspace <http://jenkins.imagej.net/job/Scripting-Git-SVN-Mirror/ws/>
Copied 1 artifact from "SciJava-scripts" build number 151
[workspace] $ /bin/sh -xe /tmp/jenkins3343002943393644588.sh
+ sh -x bin/git-svn-synchronizer.sh https://svn.java.net/svn/scripting~svn dev:/srv/git/scripting.git
+ force=
+ reset=
+ test 2 -gt 0
+ break
+ test 2 -lt 2
+ set -e
+ SVN_URL=https://svn.java.net/svn/scripting~svn
+ shift
+ test -d .git
+ test -d .git/svn
+ git config svn-remote.svn.url
+ test ahttps://svn.java.net/svn/scripting~svn != ahttps://svn.java.net/svn/scripting~svn
+ git svn fetch
Repository has been moved: Repository moved temporarily to 'http://www.oracle.com/splash/java.net/maintenance/index.html'; please relocate at /usr/lib/git-core/git-svn line 2139

Build step 'Execute shell' marked build as failure
ERROR: Failed to evaluate groovy script.
org.jenkinsci.plugins.scriptsecurity.scripts.UnapprovedUsageException: script not yet approved for use
	at org.jenkinsci.plugins.scriptsecurity.scripts.ScriptApproval.using(ScriptApproval.java:459)
	at org.jenkinsci.plugins.scriptsecurity.sandbox.groovy.SecureGroovyScript.evaluate(SecureGroovyScript.java:170)
	at org.jvnet.hudson.plugins.groovypostbuild.GroovyPostbuildRecorder.perform(GroovyPostbuildRecorder.java:362)
	at hudson.tasks.BuildStepMonitor$1.perform(BuildStepMonitor.java:20)
	at hudson.model.AbstractBuild$AbstractBuildExecution.perform(AbstractBuild.java:779)
	at hudson.model.AbstractBuild$AbstractBuildExecution.performAllBuildSteps(AbstractBuild.java:720)
	at hudson.model.Build$BuildExecution.post2(Build.java:186)
	at hudson.model.AbstractBuild$AbstractBuildExecution.post(AbstractBuild.java:665)
	at hudson.model.Run.execute(Run.java:1760)
	at hudson.model.FreeStyleBuild.run(FreeStyleBuild.java:43)
	at hudson.model.ResourceController.execute(ResourceController.java:97)
	at hudson.model.Executor.run(Executor.java:405)


From jenkins at imagej.net  Sat May 13 01:25:01 2017
From: jenkins at imagej.net (jenkins at imagej.net)
Date: Sat, 13 May 2017 01:25:01 -0500 (CDT)
Subject: [ImageJ-builds] Build failed in Jenkins: JNA-Git-SVN-Mirror #1612
Message-ID: <980322787.51.1494656701942.JavaMail.jenkins@dev>

See <http://jenkins.imagej.net/job/JNA-Git-SVN-Mirror/1612/display/redirect>

------------------------------------------
Started by timer
Building on master in workspace <http://jenkins.imagej.net/job/JNA-Git-SVN-Mirror/ws/>
Copied 1 artifact from "SciJava-scripts" build number 151
[workspace] $ /bin/sh -xe /tmp/jenkins3089116397448310854.sh
+ sh -x bin/git-svn-synchronizer.sh https://svn.java.net/svn/jna~svn dev:/srv/git/jna.git
+ force=
+ reset=
+ test 2 -gt 0
+ break
+ test 2 -lt 2
+ set -e
+ SVN_URL=https://svn.java.net/svn/jna~svn
+ shift
+ test -d .git
+ test -d .git/svn
+ git config svn-remote.svn.url
+ test ahttps://svn.java.net/svn/jna~svn != ahttps://svn.java.net/svn/jna~svn
+ git svn fetch
Repository has been moved: Repository moved temporarily to 'http://www.oracle.com/splash/java.net/maintenance/index.html'; please relocate at /usr/lib/git-core/git-svn line 2139

Build step 'Execute shell' marked build as failure
ERROR: Failed to evaluate groovy script.
org.jenkinsci.plugins.scriptsecurity.scripts.UnapprovedUsageException: script not yet approved for use
	at org.jenkinsci.plugins.scriptsecurity.scripts.ScriptApproval.using(ScriptApproval.java:459)
	at org.jenkinsci.plugins.scriptsecurity.sandbox.groovy.SecureGroovyScript.evaluate(SecureGroovyScript.java:170)
	at org.jvnet.hudson.plugins.groovypostbuild.GroovyPostbuildRecorder.perform(GroovyPostbuildRecorder.java:362)
	at hudson.tasks.BuildStepMonitor$1.perform(BuildStepMonitor.java:20)
	at hudson.model.AbstractBuild$AbstractBuildExecution.perform(AbstractBuild.java:779)
	at hudson.model.AbstractBuild$AbstractBuildExecution.performAllBuildSteps(AbstractBuild.java:720)
	at hudson.model.Build$BuildExecution.post2(Build.java:186)
	at hudson.model.AbstractBuild$AbstractBuildExecution.post(AbstractBuild.java:665)
	at hudson.model.Run.execute(Run.java:1760)
	at hudson.model.FreeStyleBuild.run(FreeStyleBuild.java:43)
	at hudson.model.ResourceController.execute(ResourceController.java:97)
	at hudson.model.Executor.run(Executor.java:405)


From jenkins at imagej.net  Sat May 13 05:10:01 2017
From: jenkins at imagej.net (jenkins at imagej.net)
Date: Sat, 13 May 2017 05:10:01 -0500 (CDT)
Subject: [ImageJ-builds] Build failed in Jenkins: EventBus-Git-SVN-Mirror
	#1356
Message-ID: <1483940443.52.1494670201845.JavaMail.jenkins@dev>

See <http://jenkins.imagej.net/job/EventBus-Git-SVN-Mirror/1356/display/redirect>

------------------------------------------
Started by timer
Building on master in workspace <http://jenkins.imagej.net/job/EventBus-Git-SVN-Mirror/ws/>
Copied 1 artifact from "SciJava-scripts" build number 151
[workspace] $ /bin/sh -xe /tmp/jenkins5502315840642308733.sh
+ sh -x bin/git-svn-synchronizer.sh https://svn.java.net/svn/eventbus~svn github-eventbus:scijava/eventbus
+ force=
+ reset=
+ test 2 -gt 0
+ break
+ test 2 -lt 2
+ set -e
+ SVN_URL=https://svn.java.net/svn/eventbus~svn
+ shift
+ test -d .git
+ test -d .git/svn
+ git config svn-remote.svn.url
+ test ahttps://svn.java.net/svn/eventbus~svn != ahttps://svn.java.net/svn/eventbus~svn
+ git svn fetch
Repository has been moved: Repository moved temporarily to 'http://www.oracle.com/splash/java.net/maintenance/index.html'; please relocate at /usr/lib/git-core/git-svn line 2139

Build step 'Execute shell' marked build as failure
ERROR: Failed to evaluate groovy script.
org.jenkinsci.plugins.scriptsecurity.scripts.UnapprovedUsageException: script not yet approved for use
	at org.jenkinsci.plugins.scriptsecurity.scripts.ScriptApproval.using(ScriptApproval.java:459)
	at org.jenkinsci.plugins.scriptsecurity.sandbox.groovy.SecureGroovyScript.evaluate(SecureGroovyScript.java:170)
	at org.jvnet.hudson.plugins.groovypostbuild.GroovyPostbuildRecorder.perform(GroovyPostbuildRecorder.java:362)
	at hudson.tasks.BuildStepMonitor$1.perform(BuildStepMonitor.java:20)
	at hudson.model.AbstractBuild$AbstractBuildExecution.perform(AbstractBuild.java:779)
	at hudson.model.AbstractBuild$AbstractBuildExecution.performAllBuildSteps(AbstractBuild.java:720)
	at hudson.model.Build$BuildExecution.post2(Build.java:186)
	at hudson.model.AbstractBuild$AbstractBuildExecution.post(AbstractBuild.java:665)
	at hudson.model.Run.execute(Run.java:1760)
	at hudson.model.FreeStyleBuild.run(FreeStyleBuild.java:43)
	at hudson.model.ResourceController.execute(ResourceController.java:97)
	at hudson.model.Executor.run(Executor.java:405)


From jenkins at imagej.net  Sun May 14 01:10:03 2017
From: jenkins at imagej.net (jenkins at imagej.net)
Date: Sun, 14 May 2017 01:10:03 -0500 (CDT)
Subject: [ImageJ-builds] Build failed in Jenkins: JOGL-Git-SVN-Mirror #1578
In-Reply-To: <1140568422.49.1494655804097.JavaMail.jenkins@dev>
References: <1140568422.49.1494655804097.JavaMail.jenkins@dev>
Message-ID: <907016772.55.1494742203951.JavaMail.jenkins@dev>

See <http://jenkins.imagej.net/job/JOGL-Git-SVN-Mirror/1578/display/redirect>

------------------------------------------
Started by timer
Building on master in workspace <http://jenkins.imagej.net/job/JOGL-Git-SVN-Mirror/ws/>
Copied 1 artifact from "SciJava-scripts" build number 151
[workspace] $ /bin/sh -xe /tmp/jenkins7307368607890644689.sh
+ sh -x bin/git-svn-synchronizer.sh https://svn.java.net/svn/jogl~svn dev:/srv/git/jogl.git
+ force=
+ reset=
+ test 2 -gt 0
+ break
+ test 2 -lt 2
+ set -e
+ SVN_URL=https://svn.java.net/svn/jogl~svn
+ shift
+ test -d .git
+ test -d .git/svn
+ git config svn-remote.svn.url
+ test ahttps://svn.java.net/svn/jogl~svn != ahttps://svn.java.net/svn/jogl~svn
+ git svn fetch
Repository has been moved: Repository moved temporarily to 'http://www.oracle.com/splash/java.net/maintenance/index.html'; please relocate at /usr/lib/git-core/git-svn line 2139

Build step 'Execute shell' marked build as failure
ERROR: Failed to evaluate groovy script.
org.jenkinsci.plugins.scriptsecurity.scripts.UnapprovedUsageException: script not yet approved for use
	at org.jenkinsci.plugins.scriptsecurity.scripts.ScriptApproval.using(ScriptApproval.java:459)
	at org.jenkinsci.plugins.scriptsecurity.sandbox.groovy.SecureGroovyScript.evaluate(SecureGroovyScript.java:170)
	at org.jvnet.hudson.plugins.groovypostbuild.GroovyPostbuildRecorder.perform(GroovyPostbuildRecorder.java:362)
	at hudson.tasks.BuildStepMonitor$1.perform(BuildStepMonitor.java:20)
	at hudson.model.AbstractBuild$AbstractBuildExecution.perform(AbstractBuild.java:779)
	at hudson.model.AbstractBuild$AbstractBuildExecution.performAllBuildSteps(AbstractBuild.java:720)
	at hudson.model.Build$BuildExecution.post2(Build.java:186)
	at hudson.model.AbstractBuild$AbstractBuildExecution.post(AbstractBuild.java:665)
	at hudson.model.Run.execute(Run.java:1760)
	at hudson.model.FreeStyleBuild.run(FreeStyleBuild.java:43)
	at hudson.model.ResourceController.execute(ResourceController.java:97)
	at hudson.model.Executor.run(Executor.java:405)


From jenkins at imagej.net  Sun May 14 01:16:01 2017
From: jenkins at imagej.net (jenkins at imagej.net)
Date: Sun, 14 May 2017 01:16:01 -0500 (CDT)
Subject: [ImageJ-builds] Build failed in Jenkins: Scripting-Git-SVN-Mirror
	#1139
In-Reply-To: <1159229153.50.1494656161929.JavaMail.jenkins@dev>
References: <1159229153.50.1494656161929.JavaMail.jenkins@dev>
Message-ID: <1745304412.56.1494742561939.JavaMail.jenkins@dev>

See <http://jenkins.imagej.net/job/Scripting-Git-SVN-Mirror/1139/display/redirect>

------------------------------------------
Started by timer
Building on master in workspace <http://jenkins.imagej.net/job/Scripting-Git-SVN-Mirror/ws/>
Copied 1 artifact from "SciJava-scripts" build number 151
[workspace] $ /bin/sh -xe /tmp/jenkins4706124364337737380.sh
+ sh -x bin/git-svn-synchronizer.sh https://svn.java.net/svn/scripting~svn dev:/srv/git/scripting.git
+ force=
+ reset=
+ test 2 -gt 0
+ break
+ test 2 -lt 2
+ set -e
+ SVN_URL=https://svn.java.net/svn/scripting~svn
+ shift
+ test -d .git
+ test -d .git/svn
+ git config svn-remote.svn.url
+ test ahttps://svn.java.net/svn/scripting~svn != ahttps://svn.java.net/svn/scripting~svn
+ git svn fetch
Repository has been moved: Repository moved temporarily to 'http://www.oracle.com/splash/java.net/maintenance/index.html'; please relocate at /usr/lib/git-core/git-svn line 2139

Build step 'Execute shell' marked build as failure
ERROR: Failed to evaluate groovy script.
org.jenkinsci.plugins.scriptsecurity.scripts.UnapprovedUsageException: script not yet approved for use
	at org.jenkinsci.plugins.scriptsecurity.scripts.ScriptApproval.using(ScriptApproval.java:459)
	at org.jenkinsci.plugins.scriptsecurity.sandbox.groovy.SecureGroovyScript.evaluate(SecureGroovyScript.java:170)
	at org.jvnet.hudson.plugins.groovypostbuild.GroovyPostbuildRecorder.perform(GroovyPostbuildRecorder.java:362)
	at hudson.tasks.BuildStepMonitor$1.perform(BuildStepMonitor.java:20)
	at hudson.model.AbstractBuild$AbstractBuildExecution.perform(AbstractBuild.java:779)
	at hudson.model.AbstractBuild$AbstractBuildExecution.performAllBuildSteps(AbstractBuild.java:720)
	at hudson.model.Build$BuildExecution.post2(Build.java:186)
	at hudson.model.AbstractBuild$AbstractBuildExecution.post(AbstractBuild.java:665)
	at hudson.model.Run.execute(Run.java:1760)
	at hudson.model.FreeStyleBuild.run(FreeStyleBuild.java:43)
	at hudson.model.ResourceController.execute(ResourceController.java:97)
	at hudson.model.Executor.run(Executor.java:405)


From jenkins at imagej.net  Sun May 14 01:25:01 2017
From: jenkins at imagej.net (jenkins at imagej.net)
Date: Sun, 14 May 2017 01:25:01 -0500 (CDT)
Subject: [ImageJ-builds] Build failed in Jenkins: JNA-Git-SVN-Mirror #1613
In-Reply-To: <980322787.51.1494656701942.JavaMail.jenkins@dev>
References: <980322787.51.1494656701942.JavaMail.jenkins@dev>
Message-ID: <129444352.57.1494743101851.JavaMail.jenkins@dev>

See <http://jenkins.imagej.net/job/JNA-Git-SVN-Mirror/1613/display/redirect>

------------------------------------------
Started by timer
Building on master in workspace <http://jenkins.imagej.net/job/JNA-Git-SVN-Mirror/ws/>
Copied 1 artifact from "SciJava-scripts" build number 151
[workspace] $ /bin/sh -xe /tmp/jenkins1480878378877826305.sh
+ sh -x bin/git-svn-synchronizer.sh https://svn.java.net/svn/jna~svn dev:/srv/git/jna.git
+ force=
+ reset=
+ test 2 -gt 0
+ break
+ test 2 -lt 2
+ set -e
+ SVN_URL=https://svn.java.net/svn/jna~svn
+ shift
+ test -d .git
+ test -d .git/svn
+ git config svn-remote.svn.url
+ test ahttps://svn.java.net/svn/jna~svn != ahttps://svn.java.net/svn/jna~svn
+ git svn fetch
Repository has been moved: Repository moved temporarily to 'http://www.oracle.com/splash/java.net/maintenance/index.html'; please relocate at /usr/lib/git-core/git-svn line 2139

Build step 'Execute shell' marked build as failure
ERROR: Failed to evaluate groovy script.
org.jenkinsci.plugins.scriptsecurity.scripts.UnapprovedUsageException: script not yet approved for use
	at org.jenkinsci.plugins.scriptsecurity.scripts.ScriptApproval.using(ScriptApproval.java:459)
	at org.jenkinsci.plugins.scriptsecurity.sandbox.groovy.SecureGroovyScript.evaluate(SecureGroovyScript.java:170)
	at org.jvnet.hudson.plugins.groovypostbuild.GroovyPostbuildRecorder.perform(GroovyPostbuildRecorder.java:362)
	at hudson.tasks.BuildStepMonitor$1.perform(BuildStepMonitor.java:20)
	at hudson.model.AbstractBuild$AbstractBuildExecution.perform(AbstractBuild.java:779)
	at hudson.model.AbstractBuild$AbstractBuildExecution.performAllBuildSteps(AbstractBuild.java:720)
	at hudson.model.Build$BuildExecution.post2(Build.java:186)
	at hudson.model.AbstractBuild$AbstractBuildExecution.post(AbstractBuild.java:665)
	at hudson.model.Run.execute(Run.java:1760)
	at hudson.model.FreeStyleBuild.run(FreeStyleBuild.java:43)
	at hudson.model.ResourceController.execute(ResourceController.java:97)
	at hudson.model.Executor.run(Executor.java:405)


From jenkins at imagej.net  Sun May 14 05:10:01 2017
From: jenkins at imagej.net (jenkins at imagej.net)
Date: Sun, 14 May 2017 05:10:01 -0500 (CDT)
Subject: [ImageJ-builds] Build failed in Jenkins: EventBus-Git-SVN-Mirror
	#1357
In-Reply-To: <1483940443.52.1494670201845.JavaMail.jenkins@dev>
References: <1483940443.52.1494670201845.JavaMail.jenkins@dev>
Message-ID: <1565443506.58.1494756601898.JavaMail.jenkins@dev>

See <http://jenkins.imagej.net/job/EventBus-Git-SVN-Mirror/1357/display/redirect>

------------------------------------------
Started by timer
Building on master in workspace <http://jenkins.imagej.net/job/EventBus-Git-SVN-Mirror/ws/>
Copied 1 artifact from "SciJava-scripts" build number 151
[workspace] $ /bin/sh -xe /tmp/jenkins3259330178808076549.sh
+ sh -x bin/git-svn-synchronizer.sh https://svn.java.net/svn/eventbus~svn github-eventbus:scijava/eventbus
+ force=
+ reset=
+ test 2 -gt 0
+ break
+ test 2 -lt 2
+ set -e
+ SVN_URL=https://svn.java.net/svn/eventbus~svn
+ shift
+ test -d .git
+ test -d .git/svn
+ git config svn-remote.svn.url
+ test ahttps://svn.java.net/svn/eventbus~svn != ahttps://svn.java.net/svn/eventbus~svn
+ git svn fetch
Repository has been moved: Repository moved temporarily to 'http://www.oracle.com/splash/java.net/maintenance/index.html'; please relocate at /usr/lib/git-core/git-svn line 2139

Build step 'Execute shell' marked build as failure
ERROR: Failed to evaluate groovy script.
org.jenkinsci.plugins.scriptsecurity.scripts.UnapprovedUsageException: script not yet approved for use
	at org.jenkinsci.plugins.scriptsecurity.scripts.ScriptApproval.using(ScriptApproval.java:459)
	at org.jenkinsci.plugins.scriptsecurity.sandbox.groovy.SecureGroovyScript.evaluate(SecureGroovyScript.java:170)
	at org.jvnet.hudson.plugins.groovypostbuild.GroovyPostbuildRecorder.perform(GroovyPostbuildRecorder.java:362)
	at hudson.tasks.BuildStepMonitor$1.perform(BuildStepMonitor.java:20)
	at hudson.model.AbstractBuild$AbstractBuildExecution.perform(AbstractBuild.java:779)
	at hudson.model.AbstractBuild$AbstractBuildExecution.performAllBuildSteps(AbstractBuild.java:720)
	at hudson.model.Build$BuildExecution.post2(Build.java:186)
	at hudson.model.AbstractBuild$AbstractBuildExecution.post(AbstractBuild.java:665)
	at hudson.model.Run.execute(Run.java:1760)
	at hudson.model.FreeStyleBuild.run(FreeStyleBuild.java:43)
	at hudson.model.ResourceController.execute(ResourceController.java:97)
	at hudson.model.Executor.run(Executor.java:405)


From jenkins at imagej.net  Mon May 15 01:10:06 2017
From: jenkins at imagej.net (jenkins at imagej.net)
Date: Mon, 15 May 2017 01:10:06 -0500 (CDT)
Subject: [ImageJ-builds] Build failed in Jenkins: JOGL-Git-SVN-Mirror #1579
In-Reply-To: <907016772.55.1494742203951.JavaMail.jenkins@dev>
References: <907016772.55.1494742203951.JavaMail.jenkins@dev>
Message-ID: <1978893577.61.1494828606227.JavaMail.jenkins@dev>

See <http://jenkins.imagej.net/job/JOGL-Git-SVN-Mirror/1579/display/redirect>

------------------------------------------
Started by timer
Building on master in workspace <http://jenkins.imagej.net/job/JOGL-Git-SVN-Mirror/ws/>
Copied 1 artifact from "SciJava-scripts" build number 151
[workspace] $ /bin/sh -xe /tmp/jenkins1066256121259705369.sh
+ sh -x bin/git-svn-synchronizer.sh https://svn.java.net/svn/jogl~svn dev:/srv/git/jogl.git
+ force=
+ reset=
+ test 2 -gt 0
+ break
+ test 2 -lt 2
+ set -e
+ SVN_URL=https://svn.java.net/svn/jogl~svn
+ shift
+ test -d .git
+ test -d .git/svn
+ git config svn-remote.svn.url
+ test ahttps://svn.java.net/svn/jogl~svn != ahttps://svn.java.net/svn/jogl~svn
+ git svn fetch
Repository has been moved: Repository moved temporarily to 'http://www.oracle.com/splash/java.net/maintenance/index.html'; please relocate at /usr/lib/git-core/git-svn line 2139

Build step 'Execute shell' marked build as failure
ERROR: Failed to evaluate groovy script.
org.jenkinsci.plugins.scriptsecurity.scripts.UnapprovedUsageException: script not yet approved for use
	at org.jenkinsci.plugins.scriptsecurity.scripts.ScriptApproval.using(ScriptApproval.java:459)
	at org.jenkinsci.plugins.scriptsecurity.sandbox.groovy.SecureGroovyScript.evaluate(SecureGroovyScript.java:170)
	at org.jvnet.hudson.plugins.groovypostbuild.GroovyPostbuildRecorder.perform(GroovyPostbuildRecorder.java:362)
	at hudson.tasks.BuildStepMonitor$1.perform(BuildStepMonitor.java:20)
	at hudson.model.AbstractBuild$AbstractBuildExecution.perform(AbstractBuild.java:779)
	at hudson.model.AbstractBuild$AbstractBuildExecution.performAllBuildSteps(AbstractBuild.java:720)
	at hudson.model.Build$BuildExecution.post2(Build.java:186)
	at hudson.model.AbstractBuild$AbstractBuildExecution.post(AbstractBuild.java:665)
	at hudson.model.Run.execute(Run.java:1760)
	at hudson.model.FreeStyleBuild.run(FreeStyleBuild.java:43)
	at hudson.model.ResourceController.execute(ResourceController.java:97)
	at hudson.model.Executor.run(Executor.java:405)


From jenkins at imagej.net  Mon May 15 01:16:02 2017
From: jenkins at imagej.net (jenkins at imagej.net)
Date: Mon, 15 May 2017 01:16:02 -0500 (CDT)
Subject: [ImageJ-builds] Build failed in Jenkins: Scripting-Git-SVN-Mirror
	#1140
In-Reply-To: <1745304412.56.1494742561939.JavaMail.jenkins@dev>
References: <1745304412.56.1494742561939.JavaMail.jenkins@dev>
Message-ID: <1465522629.62.1494828962838.JavaMail.jenkins@dev>

See <http://jenkins.imagej.net/job/Scripting-Git-SVN-Mirror/1140/display/redirect>

------------------------------------------
Started by timer
Building on master in workspace <http://jenkins.imagej.net/job/Scripting-Git-SVN-Mirror/ws/>
Copied 1 artifact from "SciJava-scripts" build number 151
[workspace] $ /bin/sh -xe /tmp/jenkins7818829546384439238.sh
+ sh -x bin/git-svn-synchronizer.sh https://svn.java.net/svn/scripting~svn dev:/srv/git/scripting.git
+ force=
+ reset=
+ test 2 -gt 0
+ break
+ test 2 -lt 2
+ set -e
+ SVN_URL=https://svn.java.net/svn/scripting~svn
+ shift
+ test -d .git
+ test -d .git/svn
+ git config svn-remote.svn.url
+ test ahttps://svn.java.net/svn/scripting~svn != ahttps://svn.java.net/svn/scripting~svn
+ git svn fetch
Repository has been moved: Repository moved temporarily to 'http://www.oracle.com/splash/java.net/maintenance/index.html'; please relocate at /usr/lib/git-core/git-svn line 2139

Build step 'Execute shell' marked build as failure
ERROR: Failed to evaluate groovy script.
org.jenkinsci.plugins.scriptsecurity.scripts.UnapprovedUsageException: script not yet approved for use
	at org.jenkinsci.plugins.scriptsecurity.scripts.ScriptApproval.using(ScriptApproval.java:459)
	at org.jenkinsci.plugins.scriptsecurity.sandbox.groovy.SecureGroovyScript.evaluate(SecureGroovyScript.java:170)
	at org.jvnet.hudson.plugins.groovypostbuild.GroovyPostbuildRecorder.perform(GroovyPostbuildRecorder.java:362)
	at hudson.tasks.BuildStepMonitor$1.perform(BuildStepMonitor.java:20)
	at hudson.model.AbstractBuild$AbstractBuildExecution.perform(AbstractBuild.java:779)
	at hudson.model.AbstractBuild$AbstractBuildExecution.performAllBuildSteps(AbstractBuild.java:720)
	at hudson.model.Build$BuildExecution.post2(Build.java:186)
	at hudson.model.AbstractBuild$AbstractBuildExecution.post(AbstractBuild.java:665)
	at hudson.model.Run.execute(Run.java:1760)
	at hudson.model.FreeStyleBuild.run(FreeStyleBuild.java:43)
	at hudson.model.ResourceController.execute(ResourceController.java:97)
	at hudson.model.Executor.run(Executor.java:405)


From jenkins at imagej.net  Mon May 15 01:25:02 2017
From: jenkins at imagej.net (jenkins at imagej.net)
Date: Mon, 15 May 2017 01:25:02 -0500 (CDT)
Subject: [ImageJ-builds] Build failed in Jenkins: JNA-Git-SVN-Mirror #1614
In-Reply-To: <129444352.57.1494743101851.JavaMail.jenkins@dev>
References: <129444352.57.1494743101851.JavaMail.jenkins@dev>
Message-ID: <1287362536.63.1494829502415.JavaMail.jenkins@dev>

See <http://jenkins.imagej.net/job/JNA-Git-SVN-Mirror/1614/display/redirect>

------------------------------------------
Started by timer
Building on master in workspace <http://jenkins.imagej.net/job/JNA-Git-SVN-Mirror/ws/>
Copied 1 artifact from "SciJava-scripts" build number 151
[workspace] $ /bin/sh -xe /tmp/jenkins4046360489502156238.sh
+ sh -x bin/git-svn-synchronizer.sh https://svn.java.net/svn/jna~svn dev:/srv/git/jna.git
+ force=
+ reset=
+ test 2 -gt 0
+ break
+ test 2 -lt 2
+ set -e
+ SVN_URL=https://svn.java.net/svn/jna~svn
+ shift
+ test -d .git
+ test -d .git/svn
+ git config svn-remote.svn.url
+ test ahttps://svn.java.net/svn/jna~svn != ahttps://svn.java.net/svn/jna~svn
+ git svn fetch
Repository has been moved: Repository moved temporarily to 'http://www.oracle.com/splash/java.net/maintenance/index.html'; please relocate at /usr/lib/git-core/git-svn line 2139

Build step 'Execute shell' marked build as failure
ERROR: Failed to evaluate groovy script.
org.jenkinsci.plugins.scriptsecurity.scripts.UnapprovedUsageException: script not yet approved for use
	at org.jenkinsci.plugins.scriptsecurity.scripts.ScriptApproval.using(ScriptApproval.java:459)
	at org.jenkinsci.plugins.scriptsecurity.sandbox.groovy.SecureGroovyScript.evaluate(SecureGroovyScript.java:170)
	at org.jvnet.hudson.plugins.groovypostbuild.GroovyPostbuildRecorder.perform(GroovyPostbuildRecorder.java:362)
	at hudson.tasks.BuildStepMonitor$1.perform(BuildStepMonitor.java:20)
	at hudson.model.AbstractBuild$AbstractBuildExecution.perform(AbstractBuild.java:779)
	at hudson.model.AbstractBuild$AbstractBuildExecution.performAllBuildSteps(AbstractBuild.java:720)
	at hudson.model.Build$BuildExecution.post2(Build.java:186)
	at hudson.model.AbstractBuild$AbstractBuildExecution.post(AbstractBuild.java:665)
	at hudson.model.Run.execute(Run.java:1760)
	at hudson.model.FreeStyleBuild.run(FreeStyleBuild.java:43)
	at hudson.model.ResourceController.execute(ResourceController.java:97)
	at hudson.model.Executor.run(Executor.java:405)


From jenkins at imagej.net  Mon May 15 05:10:02 2017
From: jenkins at imagej.net (jenkins at imagej.net)
Date: Mon, 15 May 2017 05:10:02 -0500 (CDT)
Subject: [ImageJ-builds] Build failed in Jenkins: EventBus-Git-SVN-Mirror
	#1358
In-Reply-To: <1565443506.58.1494756601898.JavaMail.jenkins@dev>
References: <1565443506.58.1494756601898.JavaMail.jenkins@dev>
Message-ID: <1003278791.64.1494843002196.JavaMail.jenkins@dev>

See <http://jenkins.imagej.net/job/EventBus-Git-SVN-Mirror/1358/display/redirect>

------------------------------------------
Started by timer
Building on master in workspace <http://jenkins.imagej.net/job/EventBus-Git-SVN-Mirror/ws/>
Copied 1 artifact from "SciJava-scripts" build number 151
[workspace] $ /bin/sh -xe /tmp/jenkins3383893776006585860.sh
+ sh -x bin/git-svn-synchronizer.sh https://svn.java.net/svn/eventbus~svn github-eventbus:scijava/eventbus
+ force=
+ reset=
+ test 2 -gt 0
+ break
+ test 2 -lt 2
+ set -e
+ SVN_URL=https://svn.java.net/svn/eventbus~svn
+ shift
+ test -d .git
+ test -d .git/svn
+ git config svn-remote.svn.url
+ test ahttps://svn.java.net/svn/eventbus~svn != ahttps://svn.java.net/svn/eventbus~svn
+ git svn fetch
Repository has been moved: Repository moved temporarily to 'http://www.oracle.com/splash/java.net/maintenance/index.html'; please relocate at /usr/lib/git-core/git-svn line 2139

Build step 'Execute shell' marked build as failure
ERROR: Failed to evaluate groovy script.
org.jenkinsci.plugins.scriptsecurity.scripts.UnapprovedUsageException: script not yet approved for use
	at org.jenkinsci.plugins.scriptsecurity.scripts.ScriptApproval.using(ScriptApproval.java:459)
	at org.jenkinsci.plugins.scriptsecurity.sandbox.groovy.SecureGroovyScript.evaluate(SecureGroovyScript.java:170)
	at org.jvnet.hudson.plugins.groovypostbuild.GroovyPostbuildRecorder.perform(GroovyPostbuildRecorder.java:362)
	at hudson.tasks.BuildStepMonitor$1.perform(BuildStepMonitor.java:20)
	at hudson.model.AbstractBuild$AbstractBuildExecution.perform(AbstractBuild.java:779)
	at hudson.model.AbstractBuild$AbstractBuildExecution.performAllBuildSteps(AbstractBuild.java:720)
	at hudson.model.Build$BuildExecution.post2(Build.java:186)
	at hudson.model.AbstractBuild$AbstractBuildExecution.post(AbstractBuild.java:665)
	at hudson.model.Run.execute(Run.java:1760)
	at hudson.model.FreeStyleBuild.run(FreeStyleBuild.java:43)
	at hudson.model.ResourceController.execute(ResourceController.java:97)
	at hudson.model.Executor.run(Executor.java:405)


From jenkins at imagej.net  Tue May 16 00:45:09 2017
From: jenkins at imagej.net (jenkins at imagej.net)
Date: Tue, 16 May 2017 00:45:09 -0500 (CDT)
Subject: [ImageJ-builds] Build failed in Jenkins: Validate-javadoc #799
Message-ID: <1956291438.67.1494913509144.JavaMail.jenkins@dev>

See <http://jenkins.imagej.net/job/Validate-javadoc/799/display/redirect>

------------------------------------------
Started by upstream project "ImageJ-javadoc" build number 169
originally caused by:
 Started by timer
Building on master in workspace <http://jenkins.imagej.net/job/Validate-javadoc/ws/>
 > git rev-parse --is-inside-work-tree # timeout=10
Fetching changes from the remote Git repository
 > git config remote.origin.url git://github.com/imagej/imagej-javadoc # timeout=10
Fetching upstream changes from git://github.com/imagej/imagej-javadoc
 > git --version # timeout=10
 > git fetch --tags --progress git://github.com/imagej/imagej-javadoc +refs/heads/*:refs/remotes/origin/*
 > git rev-parse origin/master^{commit} # timeout=10
Checking out Revision 613a1cd24b706321269d0ce0e1d1a355ccc6e471 (origin/master)
 > git config core.sparsecheckout # timeout=10
 > git checkout -f 613a1cd24b706321269d0ce0e1d1a355ccc6e471
 > git rev-list 613a1cd24b706321269d0ce0e1d1a355ccc6e471 # timeout=10
[workspace] $ /bin/sh -xe /tmp/jenkins842781841803384605.sh
+ cram tests
!
--- proxies.t
+++ proxies.t.err
@@ -27,9 +27,9 @@
   $ curl -Is http://javadoc.imagej.net/Icy/index.html | head -n 1
   HTTP/1.1 200 OK
   $ curl -Is http://javadoc.imagej.net/Alida/index.html | head -n 1
-  HTTP/1.1 200 OK
+  HTTP/1.1 503 Service Unavailable
   $ curl -Is http://javadoc.imagej.net/MiToBo/index.html | head -n 1
-  HTTP/1.1 200 OK
+  HTTP/1.1 503 Service Unavailable
   $ curl -Is http://javadoc.imagej.net/Eclipse/ | head -n 1
   HTTP/1.1 302 Found
   $ curl -Is http://javadoc.imagej.net/NetBeans/index.html | head -n 1
@@ -99,7 +99,7 @@
   $ curl -Is http://javadoc.imagej.net/Alida | head -n 1
   HTTP/1.1 301 Moved Permanently
   $ curl -Is http://javadoc.imagej.net/MiToBo | head -n 1
-  HTTP/1.1 301 Moved Permanently
+  HTTP/1.1 503 Service Unavailable
   $ curl -Is http://javadoc.imagej.net/Eclipse | head -n 1
   HTTP/1.1 301 Moved Permanently
   $ curl -Is http://javadoc.imagej.net/NetBeans | head -n 1

# Ran 1 tests, 0 skipped, 1 failed.
Build step 'Execute shell' marked build as failure


From jenkins at imagej.net  Tue May 16 01:10:05 2017
From: jenkins at imagej.net (jenkins at imagej.net)
Date: Tue, 16 May 2017 01:10:05 -0500 (CDT)
Subject: [ImageJ-builds] Build failed in Jenkins: JOGL-Git-SVN-Mirror #1580
In-Reply-To: <1978893577.61.1494828606227.JavaMail.jenkins@dev>
References: <1978893577.61.1494828606227.JavaMail.jenkins@dev>
Message-ID: <900805519.68.1494915005393.JavaMail.jenkins@dev>

See <http://jenkins.imagej.net/job/JOGL-Git-SVN-Mirror/1580/display/redirect>

------------------------------------------
Started by timer
Building on master in workspace <http://jenkins.imagej.net/job/JOGL-Git-SVN-Mirror/ws/>
Copied 1 artifact from "SciJava-scripts" build number 152
[workspace] $ /bin/sh -xe /tmp/jenkins4749213562426922562.sh
+ sh -x bin/git-svn-synchronizer.sh https://svn.java.net/svn/jogl~svn dev:/srv/git/jogl.git
+ force=
+ reset=
+ test 2 -gt 0
+ break
+ test 2 -lt 2
+ set -e
+ SVN_URL=https://svn.java.net/svn/jogl~svn
+ shift
+ test -d .git
+ test -d .git/svn
+ git config svn-remote.svn.url
+ test ahttps://svn.java.net/svn/jogl~svn != ahttps://svn.java.net/svn/jogl~svn
+ git svn fetch
Repository has been moved: Repository moved temporarily to 'http://www.oracle.com/splash/java.net/maintenance/index.html'; please relocate at /usr/lib/git-core/git-svn line 2139

Build step 'Execute shell' marked build as failure
ERROR: Failed to evaluate groovy script.
org.jenkinsci.plugins.scriptsecurity.scripts.UnapprovedUsageException: script not yet approved for use
	at org.jenkinsci.plugins.scriptsecurity.scripts.ScriptApproval.using(ScriptApproval.java:459)
	at org.jenkinsci.plugins.scriptsecurity.sandbox.groovy.SecureGroovyScript.evaluate(SecureGroovyScript.java:170)
	at org.jvnet.hudson.plugins.groovypostbuild.GroovyPostbuildRecorder.perform(GroovyPostbuildRecorder.java:362)
	at hudson.tasks.BuildStepMonitor$1.perform(BuildStepMonitor.java:20)
	at hudson.model.AbstractBuild$AbstractBuildExecution.perform(AbstractBuild.java:779)
	at hudson.model.AbstractBuild$AbstractBuildExecution.performAllBuildSteps(AbstractBuild.java:720)
	at hudson.model.Build$BuildExecution.post2(Build.java:186)
	at hudson.model.AbstractBuild$AbstractBuildExecution.post(AbstractBuild.java:665)
	at hudson.model.Run.execute(Run.java:1760)
	at hudson.model.FreeStyleBuild.run(FreeStyleBuild.java:43)
	at hudson.model.ResourceController.execute(ResourceController.java:97)
	at hudson.model.Executor.run(Executor.java:405)


From jenkins at imagej.net  Tue May 16 01:16:02 2017
From: jenkins at imagej.net (jenkins at imagej.net)
Date: Tue, 16 May 2017 01:16:02 -0500 (CDT)
Subject: [ImageJ-builds] Build failed in Jenkins: Scripting-Git-SVN-Mirror
	#1141
In-Reply-To: <1465522629.62.1494828962838.JavaMail.jenkins@dev>
References: <1465522629.62.1494828962838.JavaMail.jenkins@dev>
Message-ID: <2016266416.69.1494915362524.JavaMail.jenkins@dev>

See <http://jenkins.imagej.net/job/Scripting-Git-SVN-Mirror/1141/display/redirect>

------------------------------------------
Started by timer
Building on master in workspace <http://jenkins.imagej.net/job/Scripting-Git-SVN-Mirror/ws/>
Copied 1 artifact from "SciJava-scripts" build number 152
[workspace] $ /bin/sh -xe /tmp/jenkins229716840004120941.sh
+ sh -x bin/git-svn-synchronizer.sh https://svn.java.net/svn/scripting~svn dev:/srv/git/scripting.git
+ force=
+ reset=
+ test 2 -gt 0
+ break
+ test 2 -lt 2
+ set -e
+ SVN_URL=https://svn.java.net/svn/scripting~svn
+ shift
+ test -d .git
+ test -d .git/svn
+ git config svn-remote.svn.url
+ test ahttps://svn.java.net/svn/scripting~svn != ahttps://svn.java.net/svn/scripting~svn
+ git svn fetch
Repository has been moved: Repository moved temporarily to 'http://www.oracle.com/splash/java.net/maintenance/index.html'; please relocate at /usr/lib/git-core/git-svn line 2139

Build step 'Execute shell' marked build as failure
ERROR: Failed to evaluate groovy script.
org.jenkinsci.plugins.scriptsecurity.scripts.UnapprovedUsageException: script not yet approved for use
	at org.jenkinsci.plugins.scriptsecurity.scripts.ScriptApproval.using(ScriptApproval.java:459)
	at org.jenkinsci.plugins.scriptsecurity.sandbox.groovy.SecureGroovyScript.evaluate(SecureGroovyScript.java:170)
	at org.jvnet.hudson.plugins.groovypostbuild.GroovyPostbuildRecorder.perform(GroovyPostbuildRecorder.java:362)
	at hudson.tasks.BuildStepMonitor$1.perform(BuildStepMonitor.java:20)
	at hudson.model.AbstractBuild$AbstractBuildExecution.perform(AbstractBuild.java:779)
	at hudson.model.AbstractBuild$AbstractBuildExecution.performAllBuildSteps(AbstractBuild.java:720)
	at hudson.model.Build$BuildExecution.post2(Build.java:186)
	at hudson.model.AbstractBuild$AbstractBuildExecution.post(AbstractBuild.java:665)
	at hudson.model.Run.execute(Run.java:1760)
	at hudson.model.FreeStyleBuild.run(FreeStyleBuild.java:43)
	at hudson.model.ResourceController.execute(ResourceController.java:97)
	at hudson.model.Executor.run(Executor.java:405)


From jenkins at imagej.net  Tue May 16 01:25:02 2017
From: jenkins at imagej.net (jenkins at imagej.net)
Date: Tue, 16 May 2017 01:25:02 -0500 (CDT)
Subject: [ImageJ-builds] Build failed in Jenkins: JNA-Git-SVN-Mirror #1615
In-Reply-To: <1287362536.63.1494829502415.JavaMail.jenkins@dev>
References: <1287362536.63.1494829502415.JavaMail.jenkins@dev>
Message-ID: <1667862131.70.1494915902231.JavaMail.jenkins@dev>

See <http://jenkins.imagej.net/job/JNA-Git-SVN-Mirror/1615/display/redirect>

------------------------------------------
Started by timer
Building on master in workspace <http://jenkins.imagej.net/job/JNA-Git-SVN-Mirror/ws/>
Copied 1 artifact from "SciJava-scripts" build number 152
[workspace] $ /bin/sh -xe /tmp/jenkins2677212330800755523.sh
+ sh -x bin/git-svn-synchronizer.sh https://svn.java.net/svn/jna~svn dev:/srv/git/jna.git
+ force=
+ reset=
+ test 2 -gt 0
+ break
+ test 2 -lt 2
+ set -e
+ SVN_URL=https://svn.java.net/svn/jna~svn
+ shift
+ test -d .git
+ test -d .git/svn
+ git config svn-remote.svn.url
+ test ahttps://svn.java.net/svn/jna~svn != ahttps://svn.java.net/svn/jna~svn
+ git svn fetch
Repository has been moved: Repository moved temporarily to 'http://www.oracle.com/splash/java.net/maintenance/index.html'; please relocate at /usr/lib/git-core/git-svn line 2139

Build step 'Execute shell' marked build as failure
ERROR: Failed to evaluate groovy script.
org.jenkinsci.plugins.scriptsecurity.scripts.UnapprovedUsageException: script not yet approved for use
	at org.jenkinsci.plugins.scriptsecurity.scripts.ScriptApproval.using(ScriptApproval.java:459)
	at org.jenkinsci.plugins.scriptsecurity.sandbox.groovy.SecureGroovyScript.evaluate(SecureGroovyScript.java:170)
	at org.jvnet.hudson.plugins.groovypostbuild.GroovyPostbuildRecorder.perform(GroovyPostbuildRecorder.java:362)
	at hudson.tasks.BuildStepMonitor$1.perform(BuildStepMonitor.java:20)
	at hudson.model.AbstractBuild$AbstractBuildExecution.perform(AbstractBuild.java:779)
	at hudson.model.AbstractBuild$AbstractBuildExecution.performAllBuildSteps(AbstractBuild.java:720)
	at hudson.model.Build$BuildExecution.post2(Build.java:186)
	at hudson.model.AbstractBuild$AbstractBuildExecution.post(AbstractBuild.java:665)
	at hudson.model.Run.execute(Run.java:1760)
	at hudson.model.FreeStyleBuild.run(FreeStyleBuild.java:43)
	at hudson.model.ResourceController.execute(ResourceController.java:97)
	at hudson.model.Executor.run(Executor.java:405)


From jenkins at imagej.net  Tue May 16 05:10:02 2017
From: jenkins at imagej.net (jenkins at imagej.net)
Date: Tue, 16 May 2017 05:10:02 -0500 (CDT)
Subject: [ImageJ-builds] Build failed in Jenkins: EventBus-Git-SVN-Mirror
	#1359
In-Reply-To: <1003278791.64.1494843002196.JavaMail.jenkins@dev>
References: <1003278791.64.1494843002196.JavaMail.jenkins@dev>
Message-ID: <2073462711.71.1494929402149.JavaMail.jenkins@dev>

See <http://jenkins.imagej.net/job/EventBus-Git-SVN-Mirror/1359/display/redirect>

------------------------------------------
Started by timer
Building on master in workspace <http://jenkins.imagej.net/job/EventBus-Git-SVN-Mirror/ws/>
Copied 1 artifact from "SciJava-scripts" build number 152
[workspace] $ /bin/sh -xe /tmp/jenkins3600113467495417232.sh
+ sh -x bin/git-svn-synchronizer.sh https://svn.java.net/svn/eventbus~svn github-eventbus:scijava/eventbus
+ force=
+ reset=
+ test 2 -gt 0
+ break
+ test 2 -lt 2
+ set -e
+ SVN_URL=https://svn.java.net/svn/eventbus~svn
+ shift
+ test -d .git
+ test -d .git/svn
+ git config svn-remote.svn.url
+ test ahttps://svn.java.net/svn/eventbus~svn != ahttps://svn.java.net/svn/eventbus~svn
+ git svn fetch
Repository has been moved: Repository moved temporarily to 'http://www.oracle.com/splash/java.net/maintenance/index.html'; please relocate at /usr/lib/git-core/git-svn line 2139

Build step 'Execute shell' marked build as failure
ERROR: Failed to evaluate groovy script.
org.jenkinsci.plugins.scriptsecurity.scripts.UnapprovedUsageException: script not yet approved for use
	at org.jenkinsci.plugins.scriptsecurity.scripts.ScriptApproval.using(ScriptApproval.java:459)
	at org.jenkinsci.plugins.scriptsecurity.sandbox.groovy.SecureGroovyScript.evaluate(SecureGroovyScript.java:170)
	at org.jvnet.hudson.plugins.groovypostbuild.GroovyPostbuildRecorder.perform(GroovyPostbuildRecorder.java:362)
	at hudson.tasks.BuildStepMonitor$1.perform(BuildStepMonitor.java:20)
	at hudson.model.AbstractBuild$AbstractBuildExecution.perform(AbstractBuild.java:779)
	at hudson.model.AbstractBuild$AbstractBuildExecution.performAllBuildSteps(AbstractBuild.java:720)
	at hudson.model.Build$BuildExecution.post2(Build.java:186)
	at hudson.model.AbstractBuild$AbstractBuildExecution.post(AbstractBuild.java:665)
	at hudson.model.Run.execute(Run.java:1760)
	at hudson.model.FreeStyleBuild.run(FreeStyleBuild.java:43)
	at hudson.model.ResourceController.execute(ResourceController.java:97)
	at hudson.model.Executor.run(Executor.java:405)


From jenkins at imagej.net  Tue May 16 09:37:33 2017
From: jenkins at imagej.net (jenkins at imagej.net)
Date: Tue, 16 May 2017 09:37:33 -0500 (CDT)
Subject: [ImageJ-builds] Jenkins build is back to normal : Validate-javadoc
	#800
In-Reply-To: <1956291438.67.1494913509144.JavaMail.jenkins@dev>
References: <1956291438.67.1494913509144.JavaMail.jenkins@dev>
Message-ID: <455939466.72.1494945453831.JavaMail.jenkins@dev>

See <http://jenkins.imagej.net/job/Validate-javadoc/800/display/redirect>



From jenkins at imagej.net  Tue May 16 15:51:53 2017
From: jenkins at imagej.net (jenkins at imagej.net)
Date: Tue, 16 May 2017 15:51:53 -0500 (CDT)
Subject: [ImageJ-builds] Build failed in Jenkins: fiji-compat #38
Message-ID: <1193862356.73.1494967913105.JavaMail.jenkins@dev>

See <http://jenkins.imagej.net/job/fiji-compat/38/display/redirect?page=changes>

Changes:

[Curtis Rueden] Fix javadoc errors

[Curtis Rueden] Update parent to org.scijava:pom-scijava:14.0.0

[Curtis Rueden] Disable integration test :-(

[Curtis Rueden] Switch from Jenkins to Travis CI

------------------------------------------
Started by an SCM change
Building remotely on maven in workspace <http://jenkins.imagej.net/job/fiji-compat/ws/>
 > git rev-parse --is-inside-work-tree # timeout=10
Fetching changes from the remote Git repository
 > git config remote.origin.url git://github.com/fiji/fiji-compat # timeout=10
Fetching upstream changes from git://github.com/fiji/fiji-compat
 > git --version # timeout=10
 > git fetch --tags --progress git://github.com/fiji/fiji-compat +refs/heads/*:refs/remotes/origin/*
 > git rev-parse origin/master^{commit} # timeout=10
Checking out Revision 806527426281f6876970c913963f23af3c04f818 (origin/master)
 > git config core.sparsecheckout # timeout=10
 > git checkout -f 806527426281f6876970c913963f23af3c04f818
 > git rev-list d96453f811b39b03cb06eb0336a1dc74c7fc438c # timeout=10
 > git tag -a -f -m Jenkins Build #38 jenkins-fiji-compat-38 # timeout=10
[fiji-compat] $ /bin/sh -xe /tmp/jenkins2393645967874783755.sh
+ git clean -dfx
Removing target/
[fiji-compat] $ /bin/sh -xe /tmp/jenkins8544671970261566490.sh
+ mvn -U -Pdeploy-to-imagej clean deploy
[INFO] Scanning for projects...
[INFO]                                                                         
[INFO] ------------------------------------------------------------------------
[INFO] Building fiji-compat 2.0.3-SNAPSHOT
[INFO] ------------------------------------------------------------------------
Downloading: http://repo.maven.apache.org/maven2/org/apache/maven/plugins/maven-clean-plugin/3.0.0/maven-clean-plugin-3.0.0.pom
4/5 KB   5/5 KB            Downloaded: http://repo.maven.apache.org/maven2/org/apache/maven/plugins/maven-clean-plugin/3.0.0/maven-clean-plugin-3.0.0.pom (5 KB at 31.1 KB/sec)
Downloading: http://repo.maven.apache.org/maven2/org/apache/maven/plugins/maven-clean-plugin/3.0.0/maven-clean-plugin-3.0.0.jar
4/30 KB   8/30 KB   12/30 KB   13/30 KB   17/30 KB   17/30 KB   21/30 KB   22/30 KB   24/30 KB   28/30 KB   28/30 KB   30/30 KB              Downloaded: http://repo.maven.apache.org/maven2/org/apache/maven/plugins/maven-clean-plugin/3.0.0/maven-clean-plugin-3.0.0.jar (30 KB at 525.1 KB/sec)
Downloading: http://maven.imagej.net/content/groups/public/com/github/jnr/jffi/maven-metadata.xml
Downloading: http://repo.maven.apache.org/maven2/com/github/jnr/jffi/maven-metadata.xml
Downloading: https://oss.sonatype.org/content/repositories/snapshots/com/github/jnr/jffi/maven-metadata.xml
Downloading: https://oss.sonatype.org/content/repositories/snapshots/com/github/jnr/jffi/maven-metadata.xml
950/950 B   861/861 B   950/950 B                                                   Downloaded: http://repo.maven.apache.org/maven2/com/github/jnr/jffi/maven-metadata.xml (861 B at 18.7 KB/sec)
Downloaded: http://maven.imagej.net/content/groups/public/com/github/jnr/jffi/maven-metadata.xml (950 B at 20.6 KB/sec)
420/420 B               420/420 B   420/420 B                           Downloaded: https://oss.sonatype.org/content/repositories/snapshots/com/github/jnr/jffi/maven-metadata.xml (420 B at 0.8 KB/sec)
                        Downloaded: https://oss.sonatype.org/content/repositories/snapshots/com/github/jnr/jffi/maven-metadata.xml (420 B at 0.8 KB/sec)
Downloading: http://maven.imagej.net/content/groups/public/com/github/jnr/jffi/1.2.16-SNAPSHOT/maven-metadata.xml
Downloading: https://oss.sonatype.org/content/repositories/snapshots/com/github/jnr/jffi/1.2.16-SNAPSHOT/maven-metadata.xml
Downloading: https://oss.sonatype.org/content/repositories/snapshots/com/github/jnr/jffi/1.2.16-SNAPSHOT/maven-metadata.xml
2/2 KB                  2/2 KB   2/2 KB                     Downloaded: https://oss.sonatype.org/content/repositories/snapshots/com/github/jnr/jffi/1.2.16-SNAPSHOT/maven-metadata.xml (2 KB at 5.7 KB/sec)
                  Downloaded: https://oss.sonatype.org/content/repositories/snapshots/com/github/jnr/jffi/1.2.16-SNAPSHOT/maven-metadata.xml (2 KB at 5.7 KB/sec)
2/2 KB                     Downloaded: http://maven.imagej.net/content/groups/public/com/github/jnr/jffi/1.2.16-SNAPSHOT/maven-metadata.xml (2 KB at 1.2 KB/sec)
Downloading: http://maven.imagej.net/content/groups/public/com/github/jnr/jffi/1.2.16-SNAPSHOT/jffi-1.2.16-20170516.205041-1.pom
4/10 KB   8/10 KB   10/10 KB              Downloaded: http://maven.imagej.net/content/groups/public/com/github/jnr/jffi/1.2.16-SNAPSHOT/jffi-1.2.16-20170516.205041-1.pom (10 KB at 65.8 KB/sec)
Downloading: http://maven.imagej.net/content/groups/public/com/github/jnr/jffi/1.3.0-SNAPSHOT/maven-metadata.xml
Downloading: https://oss.sonatype.org/content/repositories/snapshots/com/github/jnr/jffi/1.3.0-SNAPSHOT/maven-metadata.xml
Downloading: https://oss.sonatype.org/content/repositories/snapshots/com/github/jnr/jffi/1.3.0-SNAPSHOT/maven-metadata.xml
981/981 B               Downloaded: http://maven.imagej.net/content/groups/public/com/github/jnr/jffi/1.3.0-SNAPSHOT/maven-metadata.xml (981 B at 12.6 KB/sec)
981/981 B   981/981 B   981/981 B   981/981 B                                                   Downloaded: https://oss.sonatype.org/content/repositories/snapshots/com/github/jnr/jffi/1.3.0-SNAPSHOT/maven-metadata.xml (981 B at 5.0 KB/sec)
Downloaded: https://oss.sonatype.org/content/repositories/snapshots/com/github/jnr/jffi/1.3.0-SNAPSHOT/maven-metadata.xml (981 B at 4.9 KB/sec)
Downloading: http://repo.maven.apache.org/maven2/com/github/jnr/jnr-x86asm/maven-metadata.xml
Downloading: https://oss.sonatype.org/content/repositories/snapshots/com/github/jnr/jnr-x86asm/maven-metadata.xml
Downloading: https://oss.sonatype.org/content/repositories/snapshots/com/github/jnr/jnr-x86asm/maven-metadata.xml
Downloading: http://maven.imagej.net/content/groups/public/com/github/jnr/jnr-x86asm/maven-metadata.xml
362/362 B                           Downloaded: http://maven.imagej.net/content/groups/public/com/github/jnr/jnr-x86asm/maven-metadata.xml (362 B at 18.6 KB/sec)
362/362 B               Downloaded: http://repo.maven.apache.org/maven2/com/github/jnr/jnr-x86asm/maven-metadata.xml (362 B at 8.0 KB/sec)
                        [INFO] 
[INFO] --- maven-clean-plugin:3.0.0:clean (default-clean) @ fiji-compat ---
[INFO] 
[INFO] --- maven-enforcer-plugin:1.4.1:enforce (enforce-rules) @ fiji-compat ---
[INFO] artifact com.github.jnr:jffi: checking for updates from imagej.public
[INFO] artifact com.github.jnr:jffi: checking for updates from central
[INFO] artifact com.github.jnr:jffi: checking for updates from imagej.public
[INFO] artifact com.github.jnr:jffi: checking for updates from central
[INFO] artifact com.github.jnr:jnr-x86asm: checking for updates from imagej.public
[INFO] artifact com.github.jnr:jnr-x86asm: checking for updates from central
[INFO] artifact com.github.jnr:jffi: checking for updates from imagej.public
[INFO] artifact com.github.jnr:jffi: checking for updates from central
[INFO] artifact com.github.jnr:jffi: checking for updates from imagej.public
[INFO] artifact com.github.jnr:jffi: checking for updates from central
[INFO] artifact com.github.jnr:jnr-x86asm: checking for updates from imagej.public
[INFO] artifact com.github.jnr:jnr-x86asm: checking for updates from central
[INFO] artifact com.github.jnr:jffi: checking for updates from imagej.public
[INFO] artifact com.github.jnr:jffi: checking for updates from central
[INFO] artifact com.github.jnr:jffi: checking for updates from imagej.public
[INFO] artifact com.github.jnr:jffi: checking for updates from central
[INFO] artifact com.github.jnr:jnr-x86asm: checking for updates from imagej.public
[INFO] artifact com.github.jnr:jnr-x86asm: checking for updates from central
[INFO] 
[INFO] --- build-helper-maven-plugin:1.12:regex-property (sanitize-version) @ fiji-compat ---
[INFO] 
[INFO] --- buildnumber-maven-plugin:1.4:create (default) @ fiji-compat ---
[INFO] Executing: /bin/sh -c cd '/data/devel/jenkins-maven/workspace/fiji-compat' && 'git' 'rev-parse' '--verify' 'HEAD'
[INFO] Working directory: /data/devel/jenkins-maven/workspace/fiji-compat
[INFO] Storing buildNumber: 806527426281f6876970c913963f23af3c04f818 at timestamp: 1494967912240
[WARNING] Cannot get the branch information from the git repository: 
Detecting the current branch failed: fatal: ref HEAD is not a symbolic ref

[INFO] Executing: /bin/sh -c cd '/data/devel/jenkins-maven/workspace/fiji-compat' && 'git' 'rev-parse' '--verify' 'HEAD'
[INFO] Working directory: /data/devel/jenkins-maven/workspace/fiji-compat
[INFO] Storing buildScmBranch: UNKNOWN
[INFO] 
[INFO] --- scijava-maven-plugin:1.0.0:set-rootdir (set-rootdir) @ fiji-compat ---
[INFO] Setting rootdir: /data/devel/jenkins-maven/workspace/fiji-compat
[INFO] 
[INFO] --- maven-resources-plugin:3.0.2:resources (default-resources) @ fiji-compat ---
[INFO] Using 'UTF-8' encoding to copy filtered resources.
[INFO] Copying 1 resource
[INFO] 
[INFO] --- maven-compiler-plugin:3.6.0:compile (default-compile) @ fiji-compat ---
[INFO] Compiling 34 source files to /data/devel/jenkins-maven/workspace/fiji-compat/target/classes
[INFO] ------------------------------------------------------------------------
[INFO] BUILD FAILURE
[INFO] ------------------------------------------------------------------------
[INFO] Total time: 12.944s
[INFO] Finished at: Tue May 16 15:51:52 CDT 2017
[INFO] Final Memory: 30M/394M
[INFO] ------------------------------------------------------------------------
[ERROR] Failed to execute goal org.apache.maven.plugins:maven-compiler-plugin:3.6.0:compile (default-compile) on project fiji-compat: Fatal error compiling: invalid target release: 1.8 -> [Help 1]
[ERROR] 
[ERROR] To see the full stack trace of the errors, re-run Maven with the -e switch.
[ERROR] Re-run Maven using the -X switch to enable full debug logging.
[ERROR] 
[ERROR] For more information about the errors and possible solutions, please read the following articles:
[ERROR] [Help 1] http://cwiki.apache.org/confluence/display/MAVEN/MojoExecutionException
Build step 'Execute shell' marked build as failure
Archiving artifacts


From jenkins at imagej.net  Tue May 16 15:55:36 2017
From: jenkins at imagej.net (jenkins at imagej.net)
Date: Tue, 16 May 2017 15:55:36 -0500 (CDT)
Subject: [ImageJ-builds] Build failed in Jenkins: fiji-compat #39
In-Reply-To: <1193862356.73.1494967913105.JavaMail.jenkins@dev>
References: <1193862356.73.1494967913105.JavaMail.jenkins@dev>
Message-ID: <2063986227.74.1494968136610.JavaMail.jenkins@dev>

See <http://jenkins.imagej.net/job/fiji-compat/39/display/redirect?page=changes>

Changes:

[Curtis Rueden] Bump to next development cycle

------------------------------------------
Started by an SCM change
Started by an SCM change
Building remotely on maven in workspace <http://jenkins.imagej.net/job/fiji-compat/ws/>
 > git rev-parse --is-inside-work-tree # timeout=10
Fetching changes from the remote Git repository
 > git config remote.origin.url git://github.com/fiji/fiji-compat # timeout=10
Fetching upstream changes from git://github.com/fiji/fiji-compat
 > git --version # timeout=10
 > git fetch --tags --progress git://github.com/fiji/fiji-compat +refs/heads/*:refs/remotes/origin/*
 > git rev-parse origin/master^{commit} # timeout=10
Checking out Revision 6a47e7d9304e191e1b9d33f22f75254f90b1e076 (origin/master)
 > git config core.sparsecheckout # timeout=10
 > git checkout -f 6a47e7d9304e191e1b9d33f22f75254f90b1e076
 > git rev-list 806527426281f6876970c913963f23af3c04f818 # timeout=10
 > git tag -a -f -m Jenkins Build #39 jenkins-fiji-compat-39 # timeout=10
[fiji-compat] $ /bin/sh -xe /tmp/jenkins8575992859866060160.sh
+ git clean -dfx
Removing target/
[fiji-compat] $ /bin/sh -xe /tmp/jenkins1643893884179476429.sh
+ mvn -U -Pdeploy-to-imagej clean deploy
[INFO] Scanning for projects...
[INFO]                                                                         
[INFO] ------------------------------------------------------------------------
[INFO] Building fiji-compat 2.0.4-SNAPSHOT
[INFO] ------------------------------------------------------------------------
Downloading: http://repo.maven.apache.org/maven2/com/github/jnr/jffi/maven-metadata.xml
Downloading: https://oss.sonatype.org/content/repositories/snapshots/com/github/jnr/jffi/maven-metadata.xml
Downloading: http://maven.imagej.net/content/groups/public/com/github/jnr/jffi/maven-metadata.xml
Downloading: https://oss.sonatype.org/content/repositories/snapshots/com/github/jnr/jffi/maven-metadata.xml
950/950 B               Downloaded: http://maven.imagej.net/content/groups/public/com/github/jnr/jffi/maven-metadata.xml (950 B at 10.7 KB/sec)
861/861 B               Downloaded: http://repo.maven.apache.org/maven2/com/github/jnr/jffi/maven-metadata.xml (861 B at 7.4 KB/sec)
420/420 B   420/420 B   420/420 B                           Downloaded: https://oss.sonatype.org/content/repositories/snapshots/com/github/jnr/jffi/maven-metadata.xml (420 B at 0.7 KB/sec)
                        Downloaded: https://oss.sonatype.org/content/repositories/snapshots/com/github/jnr/jffi/maven-metadata.xml (420 B at 0.7 KB/sec)
Downloading: http://maven.imagej.net/content/groups/public/com/github/jnr/jffi/1.2.16-SNAPSHOT/maven-metadata.xml
Downloading: https://oss.sonatype.org/content/repositories/snapshots/com/github/jnr/jffi/1.2.16-SNAPSHOT/maven-metadata.xml
Downloading: https://oss.sonatype.org/content/repositories/snapshots/com/github/jnr/jffi/1.2.16-SNAPSHOT/maven-metadata.xml
2/2 KB                           Downloaded: http://maven.imagej.net/content/groups/public/com/github/jnr/jffi/1.2.16-SNAPSHOT/maven-metadata.xml (2 KB at 58.6 KB/sec)
2/2 KB   2/2 KB   2/2 KB                     Downloaded: https://oss.sonatype.org/content/repositories/snapshots/com/github/jnr/jffi/1.2.16-SNAPSHOT/maven-metadata.xml (2 KB at 5.7 KB/sec)
                  Downloaded: https://oss.sonatype.org/content/repositories/snapshots/com/github/jnr/jffi/1.2.16-SNAPSHOT/maven-metadata.xml (2 KB at 5.7 KB/sec)
Downloading: http://maven.imagej.net/content/groups/public/com/github/jnr/jffi/1.3.0-SNAPSHOT/maven-metadata.xml
Downloading: https://oss.sonatype.org/content/repositories/snapshots/com/github/jnr/jffi/1.3.0-SNAPSHOT/maven-metadata.xml
Downloading: https://oss.sonatype.org/content/repositories/snapshots/com/github/jnr/jffi/1.3.0-SNAPSHOT/maven-metadata.xml
981/981 B                     Downloaded: http://maven.imagej.net/content/groups/public/com/github/jnr/jffi/1.3.0-SNAPSHOT/maven-metadata.xml (981 B at 41.7 KB/sec)
981/981 B   981/981 B   981/981 B                           Downloaded: https://oss.sonatype.org/content/repositories/snapshots/com/github/jnr/jffi/1.3.0-SNAPSHOT/maven-metadata.xml (981 B at 4.9 KB/sec)
                        Downloaded: https://oss.sonatype.org/content/repositories/snapshots/com/github/jnr/jffi/1.3.0-SNAPSHOT/maven-metadata.xml (981 B at 4.7 KB/sec)
Downloading: http://repo.maven.apache.org/maven2/com/github/jnr/jnr-x86asm/maven-metadata.xml
Downloading: https://oss.sonatype.org/content/repositories/snapshots/com/github/jnr/jnr-x86asm/maven-metadata.xml
Downloading: http://maven.imagej.net/content/groups/public/com/github/jnr/jnr-x86asm/maven-metadata.xml
Downloading: https://oss.sonatype.org/content/repositories/snapshots/com/github/jnr/jnr-x86asm/maven-metadata.xml
362/362 B                           Downloaded: http://maven.imagej.net/content/groups/public/com/github/jnr/jnr-x86asm/maven-metadata.xml (362 B at 15.4 KB/sec)
362/362 B               Downloaded: http://repo.maven.apache.org/maven2/com/github/jnr/jnr-x86asm/maven-metadata.xml (362 B at 8.0 KB/sec)
                        [INFO] 
[INFO] --- maven-clean-plugin:3.0.0:clean (default-clean) @ fiji-compat ---
[INFO] 
[INFO] --- maven-enforcer-plugin:1.4.1:enforce (enforce-rules) @ fiji-compat ---
[INFO] artifact com.github.jnr:jffi: checking for updates from imagej.public
[INFO] artifact com.github.jnr:jffi: checking for updates from central
[INFO] artifact com.github.jnr:jffi: checking for updates from imagej.public
[INFO] artifact com.github.jnr:jffi: checking for updates from central
[INFO] artifact com.github.jnr:jnr-x86asm: checking for updates from imagej.public
[INFO] artifact com.github.jnr:jnr-x86asm: checking for updates from central
[INFO] artifact com.github.jnr:jffi: checking for updates from imagej.public
[INFO] artifact com.github.jnr:jffi: checking for updates from central
[INFO] artifact com.github.jnr:jffi: checking for updates from imagej.public
[INFO] artifact com.github.jnr:jffi: checking for updates from central
[INFO] artifact com.github.jnr:jnr-x86asm: checking for updates from imagej.public
[INFO] artifact com.github.jnr:jnr-x86asm: checking for updates from central
[INFO] artifact com.github.jnr:jffi: checking for updates from imagej.public
[INFO] artifact com.github.jnr:jffi: checking for updates from central
[INFO] artifact com.github.jnr:jffi: checking for updates from imagej.public
[INFO] artifact com.github.jnr:jffi: checking for updates from central
[INFO] artifact com.github.jnr:jnr-x86asm: checking for updates from imagej.public
[INFO] artifact com.github.jnr:jnr-x86asm: checking for updates from central
[INFO] 
[INFO] --- build-helper-maven-plugin:1.12:regex-property (sanitize-version) @ fiji-compat ---
[INFO] 
[INFO] --- buildnumber-maven-plugin:1.4:create (default) @ fiji-compat ---
[INFO] Executing: /bin/sh -c cd '/data/devel/jenkins-maven/workspace/fiji-compat' && 'git' 'rev-parse' '--verify' 'HEAD'
[INFO] Working directory: /data/devel/jenkins-maven/workspace/fiji-compat
[INFO] Storing buildNumber: 6a47e7d9304e191e1b9d33f22f75254f90b1e076 at timestamp: 1494968135823
[WARNING] Cannot get the branch information from the git repository: 
Detecting the current branch failed: fatal: ref HEAD is not a symbolic ref

[INFO] Executing: /bin/sh -c cd '/data/devel/jenkins-maven/workspace/fiji-compat' && 'git' 'rev-parse' '--verify' 'HEAD'
[INFO] Working directory: /data/devel/jenkins-maven/workspace/fiji-compat
[INFO] Storing buildScmBranch: UNKNOWN
[INFO] 
[INFO] --- scijava-maven-plugin:1.0.0:set-rootdir (set-rootdir) @ fiji-compat ---
[INFO] Setting rootdir: /data/devel/jenkins-maven/workspace/fiji-compat
[INFO] 
[INFO] --- maven-resources-plugin:3.0.2:resources (default-resources) @ fiji-compat ---
[INFO] Using 'UTF-8' encoding to copy filtered resources.
[INFO] Copying 1 resource
[INFO] 
[INFO] --- maven-compiler-plugin:3.6.0:compile (default-compile) @ fiji-compat ---
[INFO] Compiling 34 source files to /data/devel/jenkins-maven/workspace/fiji-compat/target/classes
[INFO] ------------------------------------------------------------------------
[INFO] BUILD FAILURE
[INFO] ------------------------------------------------------------------------
[INFO] Total time: 12.947s
[INFO] Finished at: Tue May 16 15:55:36 CDT 2017
[INFO] Final Memory: 33M/556M
[INFO] ------------------------------------------------------------------------
[ERROR] Failed to execute goal org.apache.maven.plugins:maven-compiler-plugin:3.6.0:compile (default-compile) on project fiji-compat: Fatal error compiling: invalid target release: 1.8 -> [Help 1]
[ERROR] 
[ERROR] To see the full stack trace of the errors, re-run Maven with the -e switch.
[ERROR] Re-run Maven using the -X switch to enable full debug logging.
[ERROR] 
[ERROR] For more information about the errors and possible solutions, please read the following articles:
[ERROR] [Help 1] http://cwiki.apache.org/confluence/display/MAVEN/MojoExecutionException
Build step 'Execute shell' marked build as failure
Archiving artifacts


From jenkins at imagej.net  Wed May 17 01:10:04 2017
From: jenkins at imagej.net (jenkins at imagej.net)
Date: Wed, 17 May 2017 01:10:04 -0500 (CDT)
Subject: [ImageJ-builds] Build failed in Jenkins: JOGL-Git-SVN-Mirror #1581
In-Reply-To: <900805519.68.1494915005393.JavaMail.jenkins@dev>
References: <900805519.68.1494915005393.JavaMail.jenkins@dev>
Message-ID: <146618735.77.1495001404854.JavaMail.jenkins@dev>

See <http://jenkins.imagej.net/job/JOGL-Git-SVN-Mirror/1581/display/redirect>

------------------------------------------
Started by timer
Building on master in workspace <http://jenkins.imagej.net/job/JOGL-Git-SVN-Mirror/ws/>
Copied 1 artifact from "SciJava-scripts" build number 152
[workspace] $ /bin/sh -xe /tmp/jenkins22905205111988922.sh
+ sh -x bin/git-svn-synchronizer.sh https://svn.java.net/svn/jogl~svn dev:/srv/git/jogl.git
+ force=
+ reset=
+ test 2 -gt 0
+ break
+ test 2 -lt 2
+ set -e
+ SVN_URL=https://svn.java.net/svn/jogl~svn
+ shift
+ test -d .git
+ test -d .git/svn
+ git config svn-remote.svn.url
+ test ahttps://svn.java.net/svn/jogl~svn != ahttps://svn.java.net/svn/jogl~svn
+ git svn fetch
Repository has been moved: Repository moved temporarily to 'http://www.oracle.com/splash/java.net/maintenance/index.html'; please relocate at /usr/lib/git-core/git-svn line 2139

Build step 'Execute shell' marked build as failure
ERROR: Failed to evaluate groovy script.
org.jenkinsci.plugins.scriptsecurity.scripts.UnapprovedUsageException: script not yet approved for use
	at org.jenkinsci.plugins.scriptsecurity.scripts.ScriptApproval.using(ScriptApproval.java:459)
	at org.jenkinsci.plugins.scriptsecurity.sandbox.groovy.SecureGroovyScript.evaluate(SecureGroovyScript.java:170)
	at org.jvnet.hudson.plugins.groovypostbuild.GroovyPostbuildRecorder.perform(GroovyPostbuildRecorder.java:362)
	at hudson.tasks.BuildStepMonitor$1.perform(BuildStepMonitor.java:20)
	at hudson.model.AbstractBuild$AbstractBuildExecution.perform(AbstractBuild.java:779)
	at hudson.model.AbstractBuild$AbstractBuildExecution.performAllBuildSteps(AbstractBuild.java:720)
	at hudson.model.Build$BuildExecution.post2(Build.java:186)
	at hudson.model.AbstractBuild$AbstractBuildExecution.post(AbstractBuild.java:665)
	at hudson.model.Run.execute(Run.java:1760)
	at hudson.model.FreeStyleBuild.run(FreeStyleBuild.java:43)
	at hudson.model.ResourceController.execute(ResourceController.java:97)
	at hudson.model.Executor.run(Executor.java:405)


From jenkins at imagej.net  Wed May 17 01:16:02 2017
From: jenkins at imagej.net (jenkins at imagej.net)
Date: Wed, 17 May 2017 01:16:02 -0500 (CDT)
Subject: [ImageJ-builds] Build failed in Jenkins: Scripting-Git-SVN-Mirror
	#1142
In-Reply-To: <2016266416.69.1494915362524.JavaMail.jenkins@dev>
References: <2016266416.69.1494915362524.JavaMail.jenkins@dev>
Message-ID: <679449208.78.1495001762029.JavaMail.jenkins@dev>

See <http://jenkins.imagej.net/job/Scripting-Git-SVN-Mirror/1142/display/redirect>

------------------------------------------
Started by timer
Building on master in workspace <http://jenkins.imagej.net/job/Scripting-Git-SVN-Mirror/ws/>
Copied 1 artifact from "SciJava-scripts" build number 152
[workspace] $ /bin/sh -xe /tmp/jenkins7299275617226032359.sh
+ sh -x bin/git-svn-synchronizer.sh https://svn.java.net/svn/scripting~svn dev:/srv/git/scripting.git
+ force=
+ reset=
+ test 2 -gt 0
+ break
+ test 2 -lt 2
+ set -e
+ SVN_URL=https://svn.java.net/svn/scripting~svn
+ shift
+ test -d .git
+ test -d .git/svn
+ git config svn-remote.svn.url
+ test ahttps://svn.java.net/svn/scripting~svn != ahttps://svn.java.net/svn/scripting~svn
+ git svn fetch
Repository has been moved: Repository moved temporarily to 'http://www.oracle.com/splash/java.net/maintenance/index.html'; please relocate at /usr/lib/git-core/git-svn line 2139

Build step 'Execute shell' marked build as failure
ERROR: Failed to evaluate groovy script.
org.jenkinsci.plugins.scriptsecurity.scripts.UnapprovedUsageException: script not yet approved for use
	at org.jenkinsci.plugins.scriptsecurity.scripts.ScriptApproval.using(ScriptApproval.java:459)
	at org.jenkinsci.plugins.scriptsecurity.sandbox.groovy.SecureGroovyScript.evaluate(SecureGroovyScript.java:170)
	at org.jvnet.hudson.plugins.groovypostbuild.GroovyPostbuildRecorder.perform(GroovyPostbuildRecorder.java:362)
	at hudson.tasks.BuildStepMonitor$1.perform(BuildStepMonitor.java:20)
	at hudson.model.AbstractBuild$AbstractBuildExecution.perform(AbstractBuild.java:779)
	at hudson.model.AbstractBuild$AbstractBuildExecution.performAllBuildSteps(AbstractBuild.java:720)
	at hudson.model.Build$BuildExecution.post2(Build.java:186)
	at hudson.model.AbstractBuild$AbstractBuildExecution.post(AbstractBuild.java:665)
	at hudson.model.Run.execute(Run.java:1760)
	at hudson.model.FreeStyleBuild.run(FreeStyleBuild.java:43)
	at hudson.model.ResourceController.execute(ResourceController.java:97)
	at hudson.model.Executor.run(Executor.java:405)


From jenkins at imagej.net  Wed May 17 01:25:02 2017
From: jenkins at imagej.net (jenkins at imagej.net)
Date: Wed, 17 May 2017 01:25:02 -0500 (CDT)
Subject: [ImageJ-builds] Build failed in Jenkins: JNA-Git-SVN-Mirror #1616
In-Reply-To: <1667862131.70.1494915902231.JavaMail.jenkins@dev>
References: <1667862131.70.1494915902231.JavaMail.jenkins@dev>
Message-ID: <1214297234.79.1495002302071.JavaMail.jenkins@dev>

See <http://jenkins.imagej.net/job/JNA-Git-SVN-Mirror/1616/display/redirect>

------------------------------------------
Started by timer
Building on master in workspace <http://jenkins.imagej.net/job/JNA-Git-SVN-Mirror/ws/>
Copied 1 artifact from "SciJava-scripts" build number 152
[workspace] $ /bin/sh -xe /tmp/jenkins8865115287439236021.sh
+ sh -x bin/git-svn-synchronizer.sh https://svn.java.net/svn/jna~svn dev:/srv/git/jna.git
+ force=
+ reset=
+ test 2 -gt 0
+ break
+ test 2 -lt 2
+ set -e
+ SVN_URL=https://svn.java.net/svn/jna~svn
+ shift
+ test -d .git
+ test -d .git/svn
+ git config svn-remote.svn.url
+ test ahttps://svn.java.net/svn/jna~svn != ahttps://svn.java.net/svn/jna~svn
+ git svn fetch
Repository has been moved: Repository moved temporarily to 'http://www.oracle.com/splash/java.net/maintenance/index.html'; please relocate at /usr/lib/git-core/git-svn line 2139

Build step 'Execute shell' marked build as failure
ERROR: Failed to evaluate groovy script.
org.jenkinsci.plugins.scriptsecurity.scripts.UnapprovedUsageException: script not yet approved for use
	at org.jenkinsci.plugins.scriptsecurity.scripts.ScriptApproval.using(ScriptApproval.java:459)
	at org.jenkinsci.plugins.scriptsecurity.sandbox.groovy.SecureGroovyScript.evaluate(SecureGroovyScript.java:170)
	at org.jvnet.hudson.plugins.groovypostbuild.GroovyPostbuildRecorder.perform(GroovyPostbuildRecorder.java:362)
	at hudson.tasks.BuildStepMonitor$1.perform(BuildStepMonitor.java:20)
	at hudson.model.AbstractBuild$AbstractBuildExecution.perform(AbstractBuild.java:779)
	at hudson.model.AbstractBuild$AbstractBuildExecution.performAllBuildSteps(AbstractBuild.java:720)
	at hudson.model.Build$BuildExecution.post2(Build.java:186)
	at hudson.model.AbstractBuild$AbstractBuildExecution.post(AbstractBuild.java:665)
	at hudson.model.Run.execute(Run.java:1760)
	at hudson.model.FreeStyleBuild.run(FreeStyleBuild.java:43)
	at hudson.model.ResourceController.execute(ResourceController.java:97)
	at hudson.model.Executor.run(Executor.java:405)


From jenkins at imagej.net  Wed May 17 05:10:02 2017
From: jenkins at imagej.net (jenkins at imagej.net)
Date: Wed, 17 May 2017 05:10:02 -0500 (CDT)
Subject: [ImageJ-builds] Build failed in Jenkins: EventBus-Git-SVN-Mirror
	#1360
In-Reply-To: <2073462711.71.1494929402149.JavaMail.jenkins@dev>
References: <2073462711.71.1494929402149.JavaMail.jenkins@dev>
Message-ID: <858544068.80.1495015802060.JavaMail.jenkins@dev>

See <http://jenkins.imagej.net/job/EventBus-Git-SVN-Mirror/1360/display/redirect>

------------------------------------------
Started by timer
Building on master in workspace <http://jenkins.imagej.net/job/EventBus-Git-SVN-Mirror/ws/>
Copied 1 artifact from "SciJava-scripts" build number 152
[workspace] $ /bin/sh -xe /tmp/jenkins742946782206655852.sh
+ sh -x bin/git-svn-synchronizer.sh https://svn.java.net/svn/eventbus~svn github-eventbus:scijava/eventbus
+ force=
+ reset=
+ test 2 -gt 0
+ break
+ test 2 -lt 2
+ set -e
+ SVN_URL=https://svn.java.net/svn/eventbus~svn
+ shift
+ test -d .git
+ test -d .git/svn
+ git config svn-remote.svn.url
+ test ahttps://svn.java.net/svn/eventbus~svn != ahttps://svn.java.net/svn/eventbus~svn
+ git svn fetch
Repository has been moved: Repository moved temporarily to 'http://www.oracle.com/splash/java.net/maintenance/index.html'; please relocate at /usr/lib/git-core/git-svn line 2139

Build step 'Execute shell' marked build as failure
ERROR: Failed to evaluate groovy script.
org.jenkinsci.plugins.scriptsecurity.scripts.UnapprovedUsageException: script not yet approved for use
	at org.jenkinsci.plugins.scriptsecurity.scripts.ScriptApproval.using(ScriptApproval.java:459)
	at org.jenkinsci.plugins.scriptsecurity.sandbox.groovy.SecureGroovyScript.evaluate(SecureGroovyScript.java:170)
	at org.jvnet.hudson.plugins.groovypostbuild.GroovyPostbuildRecorder.perform(GroovyPostbuildRecorder.java:362)
	at hudson.tasks.BuildStepMonitor$1.perform(BuildStepMonitor.java:20)
	at hudson.model.AbstractBuild$AbstractBuildExecution.perform(AbstractBuild.java:779)
	at hudson.model.AbstractBuild$AbstractBuildExecution.performAllBuildSteps(AbstractBuild.java:720)
	at hudson.model.Build$BuildExecution.post2(Build.java:186)
	at hudson.model.AbstractBuild$AbstractBuildExecution.post(AbstractBuild.java:665)
	at hudson.model.Run.execute(Run.java:1760)
	at hudson.model.FreeStyleBuild.run(FreeStyleBuild.java:43)
	at hudson.model.ResourceController.execute(ResourceController.java:97)
	at hudson.model.Executor.run(Executor.java:405)


From jenkins at imagej.net  Fri May 19 21:42:09 2017
From: jenkins at imagej.net (jenkins at imagej.net)
Date: Fri, 19 May 2017 21:42:09 -0500 (CDT)
Subject: [ImageJ-builds] Build failed in Jenkins: ImageJ1-unit-tests #324
In-Reply-To: <990877528.22.1493696562563.JavaMail.jenkins@dev>
References: <990877528.22.1493696562563.JavaMail.jenkins@dev>
Message-ID: <850194425.87.1495248129193.JavaMail.jenkins@dev>

See <http://jenkins.imagej.net/job/ImageJ1-unit-tests/324/display/redirect>

------------------------------------------
[...truncated 4.47 KB...]
 > git rev-parse refs/tags/jenkins-ImageJ1-unit-tests-296^{commit} # timeout=10
 > git rev-parse refs/tags/jenkins-ImageJ1-unit-tests-297^{commit} # timeout=10
 > git rev-parse refs/tags/jenkins-ImageJ1-unit-tests-298^{commit} # timeout=10
 > git rev-parse refs/tags/jenkins-ImageJ1-unit-tests-299^{commit} # timeout=10
 > git rev-parse refs/tags/jenkins-ImageJ1-unit-tests-310^{commit} # timeout=10
 > git rev-parse refs/tags/jenkins-ImageJ1-unit-tests-311^{commit} # timeout=10
 > git rev-parse refs/tags/jenkins-ImageJ1-unit-tests-312^{commit} # timeout=10
 > git rev-parse refs/tags/jenkins-ImageJ1-unit-tests-313^{commit} # timeout=10
 > git rev-parse refs/tags/jenkins-ImageJ1-unit-tests-314^{commit} # timeout=10
 > git rev-parse refs/tags/jenkins-ImageJ1-unit-tests-315^{commit} # timeout=10
 > git rev-parse refs/tags/jenkins-ImageJ1-unit-tests-316^{commit} # timeout=10
 > git rev-parse refs/tags/jenkins-ImageJ1-unit-tests-317^{commit} # timeout=10
 > git rev-parse refs/tags/jenkins-ImageJ1-unit-tests-318^{commit} # timeout=10
 > git rev-parse refs/tags/jenkins-ImageJ1-unit-tests-319^{commit} # timeout=10
 > git rev-parse refs/tags/jenkins-ImageJ1-unit-tests-280^{commit} # timeout=10
 > git rev-parse refs/tags/jenkins-ImageJ1-unit-tests-281^{commit} # timeout=10
 > git rev-parse refs/tags/jenkins-ImageJ1-unit-tests-282^{commit} # timeout=10
 > git rev-parse refs/tags/jenkins-ImageJ1-unit-tests-283^{commit} # timeout=10
 > git rev-parse refs/tags/jenkins-ImageJ1-unit-tests-284^{commit} # timeout=10
 > git rev-parse refs/tags/jenkins-ImageJ1-unit-tests-285^{commit} # timeout=10
 > git rev-parse refs/tags/jenkins-ImageJ1-unit-tests-286^{commit} # timeout=10
 > git rev-parse refs/tags/jenkins-ImageJ1-unit-tests-287^{commit} # timeout=10
 > git rev-parse refs/tags/jenkins-ImageJ1-unit-tests-320^{commit} # timeout=10
 > git rev-parse refs/tags/jenkins-ImageJ1-unit-tests-288^{commit} # timeout=10
 > git rev-parse refs/tags/jenkins-ImageJ1-unit-tests-321^{commit} # timeout=10
Checking out Revision d71cda9c466a3f9e360ac7f84b446be82cfa7198 (origin/master, refs/tags/jenkins-ImageJ1-unit-tests-322, refs/tags/jenkins-ImageJ1-unit-tests-323, refs/tags/jenkins-ImageJ1-unit-tests-317, refs/tags/jenkins-ImageJ1-unit-tests-318, refs/tags/jenkins-ImageJ1-unit-tests-319, refs/tags/jenkins-ImageJ1-unit-tests-320, refs/tags/jenkins-ImageJ1-unit-tests-321)
 > git config core.sparsecheckout # timeout=10
 > git checkout -f d71cda9c466a3f9e360ac7f84b446be82cfa7198
 > git rev-list d71cda9c466a3f9e360ac7f84b446be82cfa7198 # timeout=10
 > git rev-list d71cda9c466a3f9e360ac7f84b446be82cfa7198 # timeout=10
 > git rev-list d71cda9c466a3f9e360ac7f84b446be82cfa7198 # timeout=10
 > git rev-list d71cda9c466a3f9e360ac7f84b446be82cfa7198 # timeout=10
 > git rev-list d71cda9c466a3f9e360ac7f84b446be82cfa7198 # timeout=10
 > git rev-list d71cda9c466a3f9e360ac7f84b446be82cfa7198 # timeout=10
 > git rev-list d71cda9c466a3f9e360ac7f84b446be82cfa7198 # timeout=10
 > git tag -a -f -m Jenkins Build #324 jenkins-ImageJ1-unit-tests-324 # timeout=10
[ImageJ1-unit-tests] $ /bin/sh -xe /tmp/jenkins4335051505219481372.sh
+ mvn dependency:list
+ grep net.imagej:ij:jar
+ cut -d : -f 4
OpenJDK 64-Bit Server VM warning: ignoring option MaxPermSize=256m; support was removed in 8.0
+ printf \n======================\n Testing ImageJ 1.51n\n======================\n\n

======================
 Testing ImageJ 1.51n
======================

[ImageJ1-unit-tests] $ mvn -U clean test
OpenJDK 64-Bit Server VM warning: ignoring option MaxPermSize=256m; support was removed in 8.0
[INFO] Scanning for projects...
Downloading: http://repo.maven.apache.org/maven2/org/scijava/pom-scijava/maven-metadata.xml
Downloading: http://maven.imagej.net/content/groups/public/org/scijava/pom-scijava/maven-metadata.xml
4/5 KB   5/5 KB            Downloaded: http://repo.maven.apache.org/maven2/org/scijava/pom-scijava/maven-metadata.xml (5 KB at 48.9 KB/sec)
4/9 KB   8/9 KB   9/9 KB            Downloaded: http://maven.imagej.net/content/groups/public/org/scijava/pom-scijava/maven-metadata.xml (9 KB at 2.1 KB/sec)
[INFO]                                                                         
[INFO] ------------------------------------------------------------------------
[INFO] Building ImageJ1 unit tests 1.0-SNAPSHOT
[INFO] ------------------------------------------------------------------------
Downloading: http://maven.imagej.net/content/groups/public/net/imagej/ij/maven-metadata.xml
Downloading: http://repo.maven.apache.org/maven2/net/imagej/ij/maven-metadata.xml
2/2 KB            Downloaded: http://repo.maven.apache.org/maven2/net/imagej/ij/maven-metadata.xml (2 KB at 6.7 KB/sec)
4/5 KB   5/5 KB            Downloaded: http://maven.imagej.net/content/groups/public/net/imagej/ij/maven-metadata.xml (5 KB at 16.7 KB/sec)
[INFO] 
[INFO] --- maven-clean-plugin:3.0.0:clean (default-clean) @ ij1-tests ---
[INFO] Deleting /data/devel/jenkins-maven/workspace/ImageJ1-unit-tests/target
[INFO] 
[INFO] --- maven-enforcer-plugin:1.4.1:enforce (enforce-rules) @ ij1-tests ---
[INFO] 
[INFO] --- build-helper-maven-plugin:1.12:regex-property (sanitize-version) @ ij1-tests ---
[INFO] No match to regex '^([0-9]+)\.([0-9]+)\.([0-9]+).*$' found in '1.0-SNAPSHOT'. The initial value '1.0-SNAPSHOT' is left as-is...
[INFO] 
[INFO] --- buildnumber-maven-plugin:1.4:create (default) @ ij1-tests ---
[INFO] Executing: /bin/sh -c cd '/data/devel/jenkins-maven/workspace/ImageJ1-unit-tests' && 'git' 'rev-parse' '--verify' 'HEAD'
[INFO] Working directory: /data/devel/jenkins-maven/workspace/ImageJ1-unit-tests
[INFO] Storing buildNumber: d71cda9c466a3f9e360ac7f84b446be82cfa7198 at timestamp: 1495248110874
[WARNING] Cannot get the branch information from the git repository: 
Detecting the current branch failed: fatal: ref HEAD is not a symbolic ref

[INFO] Executing: /bin/sh -c cd '/data/devel/jenkins-maven/workspace/ImageJ1-unit-tests' && 'git' 'rev-parse' '--verify' 'HEAD'
[INFO] Working directory: /data/devel/jenkins-maven/workspace/ImageJ1-unit-tests
[INFO] Storing buildScmBranch: UNKNOWN
[INFO] 
[INFO] --- scijava-maven-plugin:1.0.0:set-rootdir (set-rootdir) @ ij1-tests ---
[INFO] Setting rootdir: /data/devel/jenkins-maven/workspace/ImageJ1-unit-tests
[INFO] 
[INFO] --- maven-resources-plugin:3.0.2:resources (default-resources) @ ij1-tests ---
[INFO] Using 'UTF-8' encoding to copy filtered resources.
[INFO] skip non existing resourceDirectory /data/devel/jenkins-maven/workspace/ImageJ1-unit-tests/src/main/resources
[INFO] 
[INFO] --- maven-compiler-plugin:3.6.0:compile (default-compile) @ ij1-tests ---
[INFO] No sources to compile
[INFO] 
[INFO] --- maven-resources-plugin:3.0.2:testResources (default-testResources) @ ij1-tests ---
[INFO] Using 'UTF-8' encoding to copy filtered resources.
[INFO] Copying 28 resources
[INFO] 
[INFO] --- maven-compiler-plugin:3.6.0:testCompile (default-testCompile) @ ij1-tests ---
[INFO] Compiling 85 source files to /data/devel/jenkins-maven/workspace/ImageJ1-unit-tests/target/test-classes
[INFO] /data/devel/jenkins-maven/workspace/ImageJ1-unit-tests/src/test/java/ij/gui/LineTest.java: Some input files use or override a deprecated API.
[INFO] /data/devel/jenkins-maven/workspace/ImageJ1-unit-tests/src/test/java/ij/gui/LineTest.java: Recompile with -Xlint:deprecation for details.
[INFO] 
[INFO] --- maven-surefire-plugin:2.19.1:test (default-test) @ ij1-tests ---

-------------------------------------------------------
 T E S T S
-------------------------------------------------------
Running ij.IJEventListenerTest
Tests run: 2, Failures: 0, Errors: 0, Skipped: 0, Time elapsed: 0.04 sec - in ij.IJEventListenerTest
Running ij.process.FloatProcessorTest
Tests run: 81, Failures: 0, Errors: 0, Skipped: 0, Time elapsed: 1.049 sec - in ij.process.FloatProcessorTest
Running ij.process.LUTTest
Tests run: 7, Failures: 0, Errors: 0, Skipped: 0, Time elapsed: 0.001 sec - in ij.process.LUTTest
Running ij.process.ByteProcessorTest
Tests run: 71, Failures: 0, Errors: 0, Skipped: 0, Time elapsed: 0.588 sec - in ij.process.ByteProcessorTest
Running ij.process.ShortProcessorTest
Tests run: 86, Failures: 0, Errors: 0, Skipped: 0, Time elapsed: 2.846 sec - in ij.process.ShortProcessorTest
Running ij.process.ColorProcessorTest
Tests run: 86, Failures: 1, Errors: 0, Skipped: 0, Time elapsed: 1.477 sec <<< FAILURE! - in ij.process.ColorProcessorTest
testFilter(ij.process.ColorProcessorTest)  Time elapsed: 0.04 sec  <<< FAILURE!
java.lang.AssertionError: expected:<241.0> but was:<239.0>
	at ij.process.ColorProcessorTest.testFilter(ColorProcessorTest.java:966)

Running ij.process.ImageProcessorTest
Tests run: 181, Failures: 1, Errors: 0, Skipped: 0, Time elapsed: 0.522 sec <<< FAILURE! - in ij.process.ImageProcessorTest
testSmooth(ij.process.ImageProcessorTest)  Time elapsed: 0.006 sec  <<< FAILURE!
org.junit.ComparisonFailure: expected:<...ount=64000, mean=71.[237984375, min=1.0, max=247].0]> but was:<...ount=64000, mean=71.[655234375, min=2.0, max=246].0]>
	at ij.process.ImageProcessorTest.testSmooth(ImageProcessorTest.java:1439)

Running ij.process.BinaryProcessorTest
Tests run: 5, Failures: 0, Errors: 0, Skipped: 0, Time elapsed: 0.13 sec - in ij.process.BinaryProcessorTest
Running ij.io.DirectoryChooserTest
Tests run: 3, Failures: 0, Errors: 0, Skipped: 0, Time elapsed: 0 sec - in ij.io.DirectoryChooserTest
Running ij.io.RandomAccessStreamTest
Tests run: 16, Failures: 0, Errors: 0, Skipped: 0, Time elapsed: 0.005 sec - in ij.io.RandomAccessStreamTest
Running ij.io.FileOpenerTest
Tests run: 8, Failures: 0, Errors: 0, Skipped: 0, Time elapsed: 0.728 sec - in ij.io.FileOpenerTest
Running ij.io.BitBufferTest
Tests run: 2, Failures: 0, Errors: 0, Skipped: 0, Time elapsed: 0.001 sec - in ij.io.BitBufferTest
Running ij.io.ImageWriterTest
Tests run: 1, Failures: 0, Errors: 0, Skipped: 0, Time elapsed: 0.028 sec - in ij.io.ImageWriterTest
Running ij.io.FileInfoTest
Tests run: 5, Failures: 0, Errors: 0, Skipped: 0, Time elapsed: 0.003 sec - in ij.io.FileInfoTest
Running ij.io.ImageReaderTest
java.net.MalformedURLException: no protocol: ashdjjfj
java.net.UnknownHostException: fred.joe.john.edu
java.io.FileNotFoundException: http://www.google.com/ooglywooglygugglychoogly.tiff
Tests run: 16, Failures: 0, Errors: 0, Skipped: 0, Time elapsed: 1.009 sec - in ij.io.ImageReaderTest
Running ij.CommandListenerTest
Tests run: 1, Failures: 0, Errors: 0, Skipped: 0, Time elapsed: 0 sec - in ij.CommandListenerTest
Running ij.ImagePlusTest
This command requires an area selection
This command requires an area selection
Unsupported format or not found
Tests run: 123, Failures: 0, Errors: 0, Skipped: 0, Time elapsed: 0.177 sec - in ij.ImagePlusTest
Running ij.VirtualStackTest
Tests run: 22, Failures: 0, Errors: 0, Skipped: 0, Time elapsed: 0.017 sec - in ij.VirtualStackTest
Running ij.macro.SymbolTest
Tests run: 4, Failures: 0, Errors: 0, Skipped: 0, Time elapsed: 0 sec - in ij.macro.SymbolTest
Running ij.macro.ReturnExceptionTest
Tests run: 1, Failures: 0, Errors: 0, Skipped: 0, Time elapsed: 0 sec - in ij.macro.ReturnExceptionTest
Running ij.ImageListenerTest
Tests run: 1, Failures: 0, Errors: 0, Skipped: 0, Time elapsed: 0 sec - in ij.ImageListenerTest
Running ij.CompositeImageTest
Tests run: 29, Failures: 0, Errors: 0, Skipped: 0, Time elapsed: 0.053 sec - in ij.CompositeImageTest
Running ij.util.ToolsTest
Tests run: 13, Failures: 0, Errors: 0, Skipped: 0, Time elapsed: 0.002 sec - in ij.util.ToolsTest
Running ij.util.StringSorterTest
Tests run: 1, Failures: 0, Errors: 0, Skipped: 0, Time elapsed: 0 sec - in ij.util.StringSorterTest
Running ij.UndoTest
Tests run: 1, Failures: 0, Errors: 0, Skipped: 0, Time elapsed: 0 sec - in ij.UndoTest
Running ij.ExecuterTest
Tests run: 5, Failures: 0, Errors: 0, Skipped: 0, Time elapsed: 1.003 sec - in ij.ExecuterTest
Running ij.LookUpTableTest
Tests run: 8, Failures: 0, Errors: 0, Skipped: 0, Time elapsed: 0.008 sec - in ij.LookUpTableTest
Running ij.ImageStackTest
Tests run: 27, Failures: 0, Errors: 0, Skipped: 0, Time elapsed: 0.617 sec - in ij.ImageStackTest
Running ij.measure.MeasurementsTest
Tests run: 1, Failures: 0, Errors: 0, Skipped: 0, Time elapsed: 0 sec - in ij.measure.MeasurementsTest
Running ij.measure.CalibrationTest
Tests run: 35, Failures: 0, Errors: 0, Skipped: 0, Time elapsed: 0.078 sec - in ij.measure.CalibrationTest
Running ij.measure.ResultsTableTest
version: 1.51n
Tests run: 37, Failures: 0, Errors: 0, Skipped: 0, Time elapsed: 0.631 sec - in ij.measure.ResultsTableTest
Running ij.measure.CurveFitterTest
Tests run: 24, Failures: 0, Errors: 0, Skipped: 0, Time elapsed: 0.161 sec - in ij.measure.CurveFitterTest
Running ij.measure.SplineFitterTest
Tests run: 2, Failures: 0, Errors: 0, Skipped: 0, Time elapsed: 0.001 sec - in ij.measure.SplineFitterTest
Running ij.gui.ArrowTest
Tests run: 13, Failures: 0, Errors: 0, Skipped: 0, Time elapsed: 0.002 sec - in ij.gui.ArrowTest
Running ij.gui.ProgressBarTest
Tests run: 8, Failures: 0, Errors: 0, Skipped: 0, Time elapsed: 0.001 sec - in ij.gui.ProgressBarTest
Running ij.gui.OverlayTest
Tests run: 12, Failures: 0, Errors: 0, Skipped: 0, Time elapsed: 0.002 sec - in ij.gui.OverlayTest
Running ij.gui.LineTest
Tests run: 16, Failures: 0, Errors: 0, Skipped: 0, Time elapsed: 0.007 sec - in ij.gui.LineTest
Running ij.gui.TrimmedButtonTest
Tests run: 1, Failures: 0, Errors: 0, Skipped: 0, Time elapsed: 0 sec - in ij.gui.TrimmedButtonTest
Running ij.gui.RoiTest
Tests run: 52, Failures: 0, Errors: 0, Skipped: 0, Time elapsed: 0.093 sec - in ij.gui.RoiTest
Running ij.gui.WandTest
Tests run: 8, Failures: 0, Errors: 0, Skipped: 0, Time elapsed: 0.001 sec - in ij.gui.WandTest
Running ij.gui.ToolbarTest
Tests run: 1, Failures: 0, Errors: 0, Skipped: 0, Time elapsed: 0 sec - in ij.gui.ToolbarTest
Running ij.gui.TextRoiTest
Tests run: 12, Failures: 0, Errors: 0, Skipped: 0, Time elapsed: 0.002 sec - in ij.gui.TextRoiTest
Running ij.gui.PolygonRoiTest
Tests run: 24, Failures: 0, Errors: 0, Skipped: 0, Time elapsed: 0.009 sec - in ij.gui.PolygonRoiTest
Running ij.gui.ImageRoiTest
Tests run: 5, Failures: 0, Errors: 0, Skipped: 0, Time elapsed: 0 sec - in ij.gui.ImageRoiTest
Running ij.gui.ProfilePlotTest
Tests run: 6, Failures: 0, Errors: 0, Skipped: 0, Time elapsed: 0 sec - in ij.gui.ProfilePlotTest
Running ij.gui.FreehandRoiTest
Tests run: 1, Failures: 0, Errors: 0, Skipped: 0, Time elapsed: 0 sec - in ij.gui.FreehandRoiTest
Running ij.gui.ShapeRoiTest
Tests run: 22, Failures: 0, Errors: 0, Skipped: 0, Time elapsed: 0.131 sec - in ij.gui.ShapeRoiTest
Running ij.gui.OvalRoiTest
Tests run: 9, Failures: 0, Errors: 0, Skipped: 0, Time elapsed: 0.003 sec - in ij.gui.OvalRoiTest
Running ij.gui.PlotTest
Tests run: 20, Failures: 0, Errors: 0, Skipped: 0, Time elapsed: 1.807 sec - in ij.gui.PlotTest
Running ij.gui.PointRoiTest
Tests run: 10, Failures: 0, Errors: 0, Skipped: 0, Time elapsed: 0.018 sec - in ij.gui.PointRoiTest

Results :

Failed tests: 
  ColorProcessorTest.testFilter:966 expected:<241.0> but was:<239.0>
  ImageProcessorTest.testSmooth:1439 expected:<...ount=64000, mean=71.[237984375, min=1.0, max=247].0]> but was:<...ount=64000, mean=71.[655234375, min=2.0, max=246].0]>

Tests run: 1125, Failures: 2, Errors: 0, Skipped: 0

[INFO] ------------------------------------------------------------------------
[INFO] BUILD FAILURE
[INFO] ------------------------------------------------------------------------
[INFO] Total time: 25.202s
[INFO] Finished at: Fri May 19 21:42:08 CDT 2017
[INFO] Final Memory: 27M/450M
[INFO] ------------------------------------------------------------------------
[ERROR] Failed to execute goal org.apache.maven.plugins:maven-surefire-plugin:2.19.1:test (default-test) on project ij1-tests: There are test failures.
[ERROR] 
[ERROR] Please refer to /data/devel/jenkins-maven/workspace/ImageJ1-unit-tests/target/surefire-reports for the individual test results.
[ERROR] -> [Help 1]
[ERROR] 
[ERROR] To see the full stack trace of the errors, re-run Maven with the -e switch.
[ERROR] Re-run Maven using the -X switch to enable full debug logging.
[ERROR] 
[ERROR] For more information about the errors and possible solutions, please read the following articles:
[ERROR] [Help 1] http://cwiki.apache.org/confluence/display/MAVEN/MojoFailureException
Build step 'Invoke top-level Maven targets' marked build as failure
Recording test results


From jenkins at imagej.net  Thu May 25 07:12:28 2017
From: jenkins at imagej.net (jenkins at imagej.net)
Date: Thu, 25 May 2017 07:12:28 -0500 (CDT)
Subject: [ImageJ-builds] Build failed in Jenkins: Fiji-javadoc #1327
Message-ID: <165067860.99.1495714348339.JavaMail.jenkins@dev>

See <http://jenkins.imagej.net/job/Fiji-javadoc/1327/display/redirect>

------------------------------------------
Started by timer
Building remotely on maven in workspace <http://jenkins.imagej.net/job/Fiji-javadoc/ws/>
 > git rev-parse --is-inside-work-tree # timeout=10
Fetching changes from the remote Git repository
 > git config remote.origin.url git://github.com/fiji/fiji-javadoc # timeout=10
Fetching upstream changes from git://github.com/fiji/fiji-javadoc
 > git --version # timeout=10
 > git fetch --tags --progress git://github.com/fiji/fiji-javadoc +refs/heads/*:refs/remotes/origin/*
 > git rev-parse origin/master^{commit} # timeout=10
Checking out Revision b5db3b2eaf79916021761d57113d8b3d99c5157a (origin/master)
 > git config core.sparsecheckout # timeout=10
 > git checkout -f b5db3b2eaf79916021761d57113d8b3d99c5157a
 > git rev-list b5db3b2eaf79916021761d57113d8b3d99c5157a # timeout=10
[workspace] $ /bin/sh -xe /tmp/jenkins11633094828828960.sh
+ mvn -U -Denforcer.skip -Pbuild-javadoc
OpenJDK 64-Bit Server VM warning: ignoring option MaxPermSize=256m; support was removed in 8.0
[INFO] Scanning for projects...
Downloading: http://maven.imagej.net/content/groups/public/org/scijava/pom-scijava/maven-metadata.xml
Downloading: http://repo.maven.apache.org/maven2/org/scijava/pom-scijava/maven-metadata.xml
4/5 KB   5/5 KB            Downloaded: http://repo.maven.apache.org/maven2/org/scijava/pom-scijava/maven-metadata.xml (5 KB at 30.6 KB/sec)
4/9 KB   8/9 KB   9/9 KB            Downloaded: http://maven.imagej.net/content/groups/public/org/scijava/pom-scijava/maven-metadata.xml (9 KB at 3.6 KB/sec)
Downloading: http://maven.imagej.net/content/groups/public/org/scijava/pom-scijava/15.0.0/pom-scijava-15.0.0.pom
4/106 KB   8/106 KB   12/106 KB   16/106 KB   20/106 KB   24/106 KB   28/106 KB   32/106 KB   36/106 KB   40/106 KB   44/106 KB   48/106 KB   52/106 KB   56/106 KB   60/106 KB   64/106 KB   68/106 KB   72/106 KB   76/106 KB   80/106 KB   84/106 KB   88/106 KB   92/106 KB   96/106 KB   100/106 KB   104/106 KB   106/106 KB                Downloaded: http://maven.imagej.net/content/groups/public/org/scijava/pom-scijava/15.0.0/pom-scijava-15.0.0.pom (106 KB at 4053.0 KB/sec)
[ERROR] The build could not read 1 project -> [Help 1]
[ERROR]   
[ERROR]   The project sc.fiji:fiji-javadoc:2.0.0-SNAPSHOT (/data/devel/jenkins-maven/jobs/Fiji-daily/workspace/pom.xml) has 15 errors
[ERROR]     'dependencies.dependency.version' for sc.fiji:Differentials_:jar is missing. @ line 187, column 15
[ERROR]     'dependencies.dependency.version' for sc.fiji:Extended_Depth_Field:jar is missing. @ line 195, column 15
[ERROR]     'dependencies.dependency.version' for sc.fiji:Fiji_Updater:jar is missing. @ line 223, column 15
[ERROR]     'dependencies.dependency.version' for sc.fiji:MosaicJ_:jar is missing. @ line 303, column 15
[ERROR]     'dependencies.dependency.version' for sc.fiji:PointPicker_:jar is missing. @ line 315, column 15
[ERROR]     'dependencies.dependency.version' for sc.fiji:SheppLogan_:jar is missing. @ line 347, column 15
[ERROR]     'dependencies.dependency.version' for sc.fiji:Snakuscule_:jar is missing. @ line 363, column 15
[ERROR]     'dependencies.dependency.version' for sc.fiji:StackReg_:jar is missing. @ line 371, column 15
[ERROR]     'dependencies.dependency.version' for sc.fiji:TurboReg_:jar is missing. @ line 419, column 15
[ERROR]     'dependencies.dependency.version' for sc.fiji:UnwarpJ_:jar is missing. @ line 423, column 15
[ERROR]     'dependencies.dependency.version' for sc.fiji:imageware:jar is missing. @ line 479, column 15
[ERROR]     'dependencies.dependency.version' for sc.fiji:javac:jar is missing. @ line 483, column 15
[ERROR]     'dependencies.dependency.version' for sc.fiji:mij:jar is missing. @ line 495, column 15
[ERROR]     'dependencies.dependency.version' for sc.fiji:wavelets:jar is missing. @ line 515, column 15
[ERROR]     'dependencies.dependency.version' for sc.fiji:mpicbg-trakem2:jar is missing. @ line 571, column 15
[ERROR] 
[ERROR] To see the full stack trace of the errors, re-run Maven with the -e switch.
[ERROR] Re-run Maven using the -X switch to enable full debug logging.
[ERROR] 
[ERROR] For more information about the errors and possible solutions, please read the following articles:
[ERROR] [Help 1] http://cwiki.apache.org/confluence/display/MAVEN/ProjectBuildingException
Build step 'Execute shell' marked build as failure
Publishing Javadoc


From jenkins at imagej.net  Fri May 26 07:33:36 2017
From: jenkins at imagej.net (jenkins at imagej.net)
Date: Fri, 26 May 2017 07:33:36 -0500 (CDT)
Subject: [ImageJ-builds] Jenkins build is back to normal : Fiji-javadoc #1328
In-Reply-To: <165067860.99.1495714348339.JavaMail.jenkins@dev>
References: <165067860.99.1495714348339.JavaMail.jenkins@dev>
Message-ID: <1824383739.102.1495802016413.JavaMail.jenkins@dev>

See <http://jenkins.imagej.net/job/Fiji-javadoc/1328/display/redirect?page=changes>



From jenkins at imagej.net  Fri May 26 08:43:30 2017
From: jenkins at imagej.net (jenkins at imagej.net)
Date: Fri, 26 May 2017 08:43:30 -0500 (CDT)
Subject: [ImageJ-builds] mail-watcher-plugin: Computer open.microscopy
	marked online
Message-ID: <1068316108.1.1495806210027.JavaMail.jenkins@dev>

Initiator: SYSTEM
Url: http://jenkins.imagej.net/computer/open.microscopy/




From jenkins at imagej.net  Fri May 26 08:47:59 2017
From: jenkins at imagej.net (jenkins at imagej.net)
Date: Fri, 26 May 2017 08:47:59 -0500 (CDT)
Subject: [ImageJ-builds] mail-watcher-plugin: Computer skynet marked online
Message-ID: <1859872328.2.1495806479821.JavaMail.jenkins@dev>

Initiator: SYSTEM
Url: http://jenkins.imagej.net/computer/skynet/




