From jenkins at imagej.net  Thu Jun  8 00:42:10 2017
From: jenkins at imagej.net (jenkins at imagej.net)
Date: Thu, 08 Jun 2017 00:42:10 -0500 (CDT)
Subject: [ImageJ-builds] Build failed in Jenkins: ImageJ1-unit-tests #325
In-Reply-To: <850194425.87.1495248129193.JavaMail.jenkins@dev>
References: <850194425.87.1495248129193.JavaMail.jenkins@dev>
Message-ID: <1090243458.33.1496900530365.JavaMail.jenkins@dev>

See <http://jenkins.imagej.net/job/ImageJ1-unit-tests/325/display/redirect>

------------------------------------------
[...truncated 5.01 KB...]
 > git rev-parse refs/tags/jenkins-ImageJ1-unit-tests-312^{commit} # timeout=10
 > git rev-parse refs/tags/jenkins-ImageJ1-unit-tests-313^{commit} # timeout=10
 > git rev-parse refs/tags/jenkins-ImageJ1-unit-tests-314^{commit} # timeout=10
 > git rev-parse refs/tags/jenkins-ImageJ1-unit-tests-315^{commit} # timeout=10
 > git rev-parse refs/tags/jenkins-ImageJ1-unit-tests-316^{commit} # timeout=10
 > git rev-parse refs/tags/jenkins-ImageJ1-unit-tests-317^{commit} # timeout=10
 > git rev-parse refs/tags/jenkins-ImageJ1-unit-tests-318^{commit} # timeout=10
 > git rev-parse refs/tags/jenkins-ImageJ1-unit-tests-319^{commit} # timeout=10
 > git rev-parse refs/tags/jenkins-ImageJ1-unit-tests-280^{commit} # timeout=10
 > git rev-parse refs/tags/jenkins-ImageJ1-unit-tests-281^{commit} # timeout=10
 > git rev-parse refs/tags/jenkins-ImageJ1-unit-tests-282^{commit} # timeout=10
 > git rev-parse refs/tags/jenkins-ImageJ1-unit-tests-283^{commit} # timeout=10
 > git rev-parse refs/tags/jenkins-ImageJ1-unit-tests-284^{commit} # timeout=10
 > git rev-parse refs/tags/jenkins-ImageJ1-unit-tests-285^{commit} # timeout=10
 > git rev-parse refs/tags/jenkins-ImageJ1-unit-tests-286^{commit} # timeout=10
 > git rev-parse refs/tags/jenkins-ImageJ1-unit-tests-287^{commit} # timeout=10
 > git rev-parse refs/tags/jenkins-ImageJ1-unit-tests-320^{commit} # timeout=10
 > git rev-parse refs/tags/jenkins-ImageJ1-unit-tests-288^{commit} # timeout=10
 > git rev-parse refs/tags/jenkins-ImageJ1-unit-tests-321^{commit} # timeout=10
Checking out Revision d71cda9c466a3f9e360ac7f84b446be82cfa7198 (origin/master, refs/tags/jenkins-ImageJ1-unit-tests-322, refs/tags/jenkins-ImageJ1-unit-tests-323, refs/tags/jenkins-ImageJ1-unit-tests-324, refs/tags/jenkins-ImageJ1-unit-tests-317, refs/tags/jenkins-ImageJ1-unit-tests-318, refs/tags/jenkins-ImageJ1-unit-tests-319, refs/tags/jenkins-ImageJ1-unit-tests-320, refs/tags/jenkins-ImageJ1-unit-tests-321)
 > git config core.sparsecheckout # timeout=10
 > git checkout -f d71cda9c466a3f9e360ac7f84b446be82cfa7198
 > git rev-list d71cda9c466a3f9e360ac7f84b446be82cfa7198 # timeout=10
 > git rev-list d71cda9c466a3f9e360ac7f84b446be82cfa7198 # timeout=10
 > git rev-list d71cda9c466a3f9e360ac7f84b446be82cfa7198 # timeout=10
 > git rev-list d71cda9c466a3f9e360ac7f84b446be82cfa7198 # timeout=10
 > git rev-list d71cda9c466a3f9e360ac7f84b446be82cfa7198 # timeout=10
 > git rev-list d71cda9c466a3f9e360ac7f84b446be82cfa7198 # timeout=10
 > git rev-list d71cda9c466a3f9e360ac7f84b446be82cfa7198 # timeout=10
 > git rev-list d71cda9c466a3f9e360ac7f84b446be82cfa7198 # timeout=10
 > git tag -a -f -m Jenkins Build #325 jenkins-ImageJ1-unit-tests-325 # timeout=10
[ImageJ1-unit-tests] $ /bin/sh -xe /tmp/jenkins9013416865030519145.sh
+ mvn dependency:list
+ grep net.imagej:ij:jar
+ cut -d : -f 4
OpenJDK 64-Bit Server VM warning: ignoring option MaxPermSize=256m; support was removed in 8.0
+ printf \n======================\n Testing ImageJ 1.51o\n======================\n\n

======================
 Testing ImageJ 1.51o
======================

[ImageJ1-unit-tests] $ mvn -U clean test
OpenJDK 64-Bit Server VM warning: ignoring option MaxPermSize=256m; support was removed in 8.0
[INFO] Scanning for projects...
Downloading: http://maven.imagej.net/content/groups/public/org/scijava/pom-scijava/maven-metadata.xml
Downloading: http://repo.maven.apache.org/maven2/org/scijava/pom-scijava/maven-metadata.xml
4/5 KB   5/5 KB   4/9 KB   5/5 KB   8/9 KB   5/5 KB   9/9 KB   5/5 KB                     Downloaded: http://maven.imagej.net/content/groups/public/org/scijava/pom-scijava/maven-metadata.xml (9 KB at 114.3 KB/sec)
                  Downloaded: http://repo.maven.apache.org/maven2/org/scijava/pom-scijava/maven-metadata.xml (5 KB at 62.0 KB/sec)
[INFO]                                                                         
[INFO] ------------------------------------------------------------------------
[INFO] Building ImageJ1 unit tests 1.0-SNAPSHOT
[INFO] ------------------------------------------------------------------------
Downloading: http://repo.maven.apache.org/maven2/net/imagej/ij/maven-metadata.xml
Downloading: http://maven.imagej.net/content/groups/public/net/imagej/ij/maven-metadata.xml
2/2 KB                     Downloaded: http://repo.maven.apache.org/maven2/net/imagej/ij/maven-metadata.xml (2 KB at 63.3 KB/sec)
4/5 KB   5/5 KB            Downloaded: http://maven.imagej.net/content/groups/public/net/imagej/ij/maven-metadata.xml (5 KB at 4.2 KB/sec)
[INFO] 
[INFO] --- maven-clean-plugin:3.0.0:clean (default-clean) @ ij1-tests ---
[INFO] Deleting /data/devel/jenkins-maven/workspace/ImageJ1-unit-tests/target
[INFO] 
[INFO] --- maven-enforcer-plugin:1.4.1:enforce (enforce-rules) @ ij1-tests ---
[INFO] 
[INFO] --- build-helper-maven-plugin:1.12:regex-property (sanitize-version) @ ij1-tests ---
[INFO] No match to regex '^([0-9]+)\.([0-9]+)\.([0-9]+).*$' found in '1.0-SNAPSHOT'. The initial value '1.0-SNAPSHOT' is left as-is...
[INFO] 
[INFO] --- buildnumber-maven-plugin:1.4:create (default) @ ij1-tests ---
[INFO] Executing: /bin/sh -c cd '/data/devel/jenkins-maven/workspace/ImageJ1-unit-tests' && 'git' 'rev-parse' '--verify' 'HEAD'
[INFO] Working directory: /data/devel/jenkins-maven/workspace/ImageJ1-unit-tests
[INFO] Storing buildNumber: d71cda9c466a3f9e360ac7f84b446be82cfa7198 at timestamp: 1496900509649
[WARNING] Cannot get the branch information from the git repository: 
Detecting the current branch failed: fatal: ref HEAD is not a symbolic ref

[INFO] Executing: /bin/sh -c cd '/data/devel/jenkins-maven/workspace/ImageJ1-unit-tests' && 'git' 'rev-parse' '--verify' 'HEAD'
[INFO] Working directory: /data/devel/jenkins-maven/workspace/ImageJ1-unit-tests
[INFO] Storing buildScmBranch: UNKNOWN
[INFO] 
[INFO] --- scijava-maven-plugin:1.0.0:set-rootdir (set-rootdir) @ ij1-tests ---
[INFO] Setting rootdir: /data/devel/jenkins-maven/workspace/ImageJ1-unit-tests
[INFO] 
[INFO] --- maven-resources-plugin:3.0.2:resources (default-resources) @ ij1-tests ---
[INFO] Using 'UTF-8' encoding to copy filtered resources.
[INFO] skip non existing resourceDirectory /data/devel/jenkins-maven/workspace/ImageJ1-unit-tests/src/main/resources
[INFO] 
[INFO] --- maven-compiler-plugin:3.6.0:compile (default-compile) @ ij1-tests ---
[INFO] No sources to compile
[INFO] 
[INFO] --- maven-resources-plugin:3.0.2:testResources (default-testResources) @ ij1-tests ---
[INFO] Using 'UTF-8' encoding to copy filtered resources.
[INFO] Copying 28 resources
[INFO] 
[INFO] --- maven-compiler-plugin:3.6.0:testCompile (default-testCompile) @ ij1-tests ---
[INFO] Compiling 85 source files to /data/devel/jenkins-maven/workspace/ImageJ1-unit-tests/target/test-classes
[INFO] /data/devel/jenkins-maven/workspace/ImageJ1-unit-tests/src/test/java/ij/gui/LineTest.java: Some input files use or override a deprecated API.
[INFO] /data/devel/jenkins-maven/workspace/ImageJ1-unit-tests/src/test/java/ij/gui/LineTest.java: Recompile with -Xlint:deprecation for details.
[INFO] 
[INFO] --- maven-surefire-plugin:2.19.1:test (default-test) @ ij1-tests ---

-------------------------------------------------------
 T E S T S
-------------------------------------------------------
Running ij.IJEventListenerTest
Tests run: 2, Failures: 0, Errors: 0, Skipped: 0, Time elapsed: 0.05 sec - in ij.IJEventListenerTest
Running ij.process.FloatProcessorTest
Tests run: 81, Failures: 0, Errors: 0, Skipped: 0, Time elapsed: 1.143 sec - in ij.process.FloatProcessorTest
Running ij.process.LUTTest
Tests run: 7, Failures: 0, Errors: 0, Skipped: 0, Time elapsed: 0 sec - in ij.process.LUTTest
Running ij.process.ByteProcessorTest
Tests run: 71, Failures: 0, Errors: 0, Skipped: 0, Time elapsed: 0.683 sec - in ij.process.ByteProcessorTest
Running ij.process.ShortProcessorTest
Tests run: 86, Failures: 0, Errors: 0, Skipped: 0, Time elapsed: 3.255 sec - in ij.process.ShortProcessorTest
Running ij.process.ColorProcessorTest
Tests run: 86, Failures: 1, Errors: 0, Skipped: 0, Time elapsed: 1.741 sec <<< FAILURE! - in ij.process.ColorProcessorTest
testFilter(ij.process.ColorProcessorTest)  Time elapsed: 0.045 sec  <<< FAILURE!
java.lang.AssertionError: expected:<241.0> but was:<239.0>
	at ij.process.ColorProcessorTest.testFilter(ColorProcessorTest.java:966)

Running ij.process.ImageProcessorTest
Tests run: 181, Failures: 2, Errors: 0, Skipped: 0, Time elapsed: 0.511 sec <<< FAILURE! - in ij.process.ImageProcessorTest
testGetLine(ij.process.ImageProcessorTest)  Time elapsed: 0.001 sec  <<< FAILURE!
java.lang.AssertionError: expected:<143.6666717529297> but was:<147.6666717529297>
	at ij.process.ImageProcessorTest.testGetLine(ImageProcessorTest.java:1150)

testSmooth(ij.process.ImageProcessorTest)  Time elapsed: 0.008 sec  <<< FAILURE!
org.junit.ComparisonFailure: expected:<...ount=64000, mean=71.[237984375, min=1.0, max=247].0]> but was:<...ount=64000, mean=71.[655234375, min=2.0, max=246].0]>
	at ij.process.ImageProcessorTest.testSmooth(ImageProcessorTest.java:1439)

Running ij.process.BinaryProcessorTest
Tests run: 5, Failures: 0, Errors: 0, Skipped: 0, Time elapsed: 0.144 sec - in ij.process.BinaryProcessorTest
Running ij.io.DirectoryChooserTest
Tests run: 3, Failures: 0, Errors: 0, Skipped: 0, Time elapsed: 0 sec - in ij.io.DirectoryChooserTest
Running ij.io.RandomAccessStreamTest
Tests run: 16, Failures: 0, Errors: 0, Skipped: 0, Time elapsed: 0.005 sec - in ij.io.RandomAccessStreamTest
Running ij.io.FileOpenerTest
Tests run: 8, Failures: 0, Errors: 0, Skipped: 0, Time elapsed: 0.544 sec - in ij.io.FileOpenerTest
Running ij.io.BitBufferTest
Tests run: 2, Failures: 0, Errors: 0, Skipped: 0, Time elapsed: 0 sec - in ij.io.BitBufferTest
Running ij.io.ImageWriterTest
Tests run: 1, Failures: 0, Errors: 0, Skipped: 0, Time elapsed: 0.027 sec - in ij.io.ImageWriterTest
Running ij.io.FileInfoTest
Tests run: 5, Failures: 0, Errors: 0, Skipped: 0, Time elapsed: 0.002 sec - in ij.io.FileInfoTest
Running ij.io.ImageReaderTest
java.net.MalformedURLException: no protocol: ashdjjfj
java.net.UnknownHostException: fred.joe.john.edu
java.io.FileNotFoundException: http://www.google.com/ooglywooglygugglychoogly.tiff
Tests run: 16, Failures: 0, Errors: 0, Skipped: 0, Time elapsed: 1.118 sec - in ij.io.ImageReaderTest
Running ij.CommandListenerTest
Tests run: 1, Failures: 0, Errors: 0, Skipped: 0, Time elapsed: 0 sec - in ij.CommandListenerTest
Running ij.ImagePlusTest
This command requires an area selection
This command requires an area selection
Unsupported format or not found
Tests run: 123, Failures: 0, Errors: 0, Skipped: 0, Time elapsed: 0.136 sec - in ij.ImagePlusTest
Running ij.VirtualStackTest
Tests run: 22, Failures: 0, Errors: 0, Skipped: 0, Time elapsed: 0.015 sec - in ij.VirtualStackTest
Running ij.macro.SymbolTest
Tests run: 4, Failures: 0, Errors: 0, Skipped: 0, Time elapsed: 0.001 sec - in ij.macro.SymbolTest
Running ij.macro.ReturnExceptionTest
Tests run: 1, Failures: 0, Errors: 0, Skipped: 0, Time elapsed: 0 sec - in ij.macro.ReturnExceptionTest
Running ij.ImageListenerTest
Tests run: 1, Failures: 0, Errors: 0, Skipped: 0, Time elapsed: 0.007 sec - in ij.ImageListenerTest
Running ij.CompositeImageTest
Tests run: 29, Failures: 0, Errors: 0, Skipped: 0, Time elapsed: 0.107 sec - in ij.CompositeImageTest
Running ij.util.ToolsTest
Tests run: 13, Failures: 0, Errors: 0, Skipped: 0, Time elapsed: 0.002 sec - in ij.util.ToolsTest
Running ij.util.StringSorterTest
Tests run: 1, Failures: 0, Errors: 0, Skipped: 0, Time elapsed: 0.001 sec - in ij.util.StringSorterTest
Running ij.UndoTest
Tests run: 1, Failures: 0, Errors: 0, Skipped: 0, Time elapsed: 0 sec - in ij.UndoTest
Running ij.ExecuterTest
Tests run: 5, Failures: 0, Errors: 0, Skipped: 0, Time elapsed: 1.004 sec - in ij.ExecuterTest
Running ij.LookUpTableTest
Tests run: 8, Failures: 0, Errors: 0, Skipped: 0, Time elapsed: 0.011 sec - in ij.LookUpTableTest
Running ij.ImageStackTest
Tests run: 27, Failures: 0, Errors: 0, Skipped: 0, Time elapsed: 0.742 sec - in ij.ImageStackTest
Running ij.measure.MeasurementsTest
Tests run: 1, Failures: 0, Errors: 0, Skipped: 0, Time elapsed: 0 sec - in ij.measure.MeasurementsTest
Running ij.measure.CalibrationTest
Tests run: 35, Failures: 0, Errors: 0, Skipped: 0, Time elapsed: 0.081 sec - in ij.measure.CalibrationTest
Running ij.measure.ResultsTableTest
version: 1.51o
Tests run: 37, Failures: 0, Errors: 0, Skipped: 0, Time elapsed: 0.649 sec - in ij.measure.ResultsTableTest
Running ij.measure.CurveFitterTest
Tests run: 24, Failures: 0, Errors: 0, Skipped: 0, Time elapsed: 0.186 sec - in ij.measure.CurveFitterTest
Running ij.measure.SplineFitterTest
Tests run: 2, Failures: 0, Errors: 0, Skipped: 0, Time elapsed: 0 sec - in ij.measure.SplineFitterTest
Running ij.gui.ArrowTest
Tests run: 13, Failures: 0, Errors: 0, Skipped: 0, Time elapsed: 0.003 sec - in ij.gui.ArrowTest
Running ij.gui.ProgressBarTest
Tests run: 8, Failures: 0, Errors: 0, Skipped: 0, Time elapsed: 0.002 sec - in ij.gui.ProgressBarTest
Running ij.gui.OverlayTest
Tests run: 12, Failures: 0, Errors: 0, Skipped: 0, Time elapsed: 0.001 sec - in ij.gui.OverlayTest
Running ij.gui.LineTest
Tests run: 16, Failures: 0, Errors: 0, Skipped: 0, Time elapsed: 0.01 sec - in ij.gui.LineTest
Running ij.gui.TrimmedButtonTest
Tests run: 1, Failures: 0, Errors: 0, Skipped: 0, Time elapsed: 0 sec - in ij.gui.TrimmedButtonTest
Running ij.gui.RoiTest
Tests run: 52, Failures: 0, Errors: 0, Skipped: 0, Time elapsed: 0.09 sec - in ij.gui.RoiTest
Running ij.gui.WandTest
Tests run: 8, Failures: 0, Errors: 0, Skipped: 0, Time elapsed: 0 sec - in ij.gui.WandTest
Running ij.gui.ToolbarTest
Tests run: 1, Failures: 0, Errors: 0, Skipped: 0, Time elapsed: 0 sec - in ij.gui.ToolbarTest
Running ij.gui.TextRoiTest
Tests run: 12, Failures: 0, Errors: 0, Skipped: 0, Time elapsed: 0.001 sec - in ij.gui.TextRoiTest
Running ij.gui.PolygonRoiTest
Tests run: 24, Failures: 0, Errors: 0, Skipped: 0, Time elapsed: 0.009 sec - in ij.gui.PolygonRoiTest
Running ij.gui.ImageRoiTest
Tests run: 5, Failures: 0, Errors: 0, Skipped: 0, Time elapsed: 0 sec - in ij.gui.ImageRoiTest
Running ij.gui.ProfilePlotTest
Tests run: 6, Failures: 0, Errors: 0, Skipped: 0, Time elapsed: 0 sec - in ij.gui.ProfilePlotTest
Running ij.gui.FreehandRoiTest
Tests run: 1, Failures: 0, Errors: 0, Skipped: 0, Time elapsed: 0 sec - in ij.gui.FreehandRoiTest
Running ij.gui.ShapeRoiTest
Tests run: 22, Failures: 0, Errors: 0, Skipped: 0, Time elapsed: 0.141 sec - in ij.gui.ShapeRoiTest
Running ij.gui.OvalRoiTest
Tests run: 9, Failures: 0, Errors: 0, Skipped: 0, Time elapsed: 0.002 sec - in ij.gui.OvalRoiTest
Running ij.gui.PlotTest
Tests run: 20, Failures: 0, Errors: 0, Skipped: 0, Time elapsed: 2.063 sec - in ij.gui.PlotTest
Running ij.gui.PointRoiTest
Tests run: 10, Failures: 0, Errors: 0, Skipped: 0, Time elapsed: 0.019 sec - in ij.gui.PointRoiTest

Results :

Failed tests: 
  ColorProcessorTest.testFilter:966 expected:<241.0> but was:<239.0>
  ImageProcessorTest.testGetLine:1150 expected:<143.6666717529297> but was:<147.6666717529297>
  ImageProcessorTest.testSmooth:1439 expected:<...ount=64000, mean=71.[237984375, min=1.0, max=247].0]> but was:<...ount=64000, mean=71.[655234375, min=2.0, max=246].0]>

Tests run: 1125, Failures: 3, Errors: 0, Skipped: 0

[INFO] ------------------------------------------------------------------------
[INFO] BUILD FAILURE
[INFO] ------------------------------------------------------------------------
[INFO] Total time: 22.928s
[INFO] Finished at: Thu Jun 08 00:42:08 CDT 2017
[INFO] Final Memory: 28M/447M
[INFO] ------------------------------------------------------------------------
[ERROR] Failed to execute goal org.apache.maven.plugins:maven-surefire-plugin:2.19.1:test (default-test) on project ij1-tests: There are test failures.
[ERROR] 
[ERROR] Please refer to /data/devel/jenkins-maven/workspace/ImageJ1-unit-tests/target/surefire-reports for the individual test results.
[ERROR] -> [Help 1]
[ERROR] 
[ERROR] To see the full stack trace of the errors, re-run Maven with the -e switch.
[ERROR] Re-run Maven using the -X switch to enable full debug logging.
[ERROR] 
[ERROR] For more information about the errors and possible solutions, please read the following articles:
[ERROR] [Help 1] http://cwiki.apache.org/confluence/display/MAVEN/MojoFailureException
Build step 'Invoke top-level Maven targets' marked build as failure
Recording test results


From jenkins at imagej.net  Thu Jun 22 16:41:56 2017
From: jenkins at imagej.net (jenkins at imagej.net)
Date: Thu, 22 Jun 2017 16:41:56 -0500 (CDT)
Subject: [ImageJ-builds] Build failed in Jenkins: ImageJ1-unit-tests #326
In-Reply-To: <1090243458.33.1496900530365.JavaMail.jenkins@dev>
References: <1090243458.33.1496900530365.JavaMail.jenkins@dev>
Message-ID: <2138540115.65.1498167716037.JavaMail.jenkins@dev>

See <http://jenkins.imagej.net/job/ImageJ1-unit-tests/326/display/redirect>

------------------------------------------
Started by upstream project "ImageJ1-deploy" build number 33
originally caused by:
 Started by upstream project "ImageJ1-sync-with-notes" build number 5197
 originally caused by:
  [URLTrigger] A change within the response URL invocation (log)
 Started by upstream project "ImageJ1-sync-with-notes" build number 5197
Building remotely on maven in workspace <http://jenkins.imagej.net/job/ImageJ1-unit-tests/ws/>
 > git rev-parse --is-inside-work-tree # timeout=10
Fetching changes from the remote Git repository
 > git config remote.origin.url git://github.com/imagej/ij1-tests # timeout=10
Fetching upstream changes from git://github.com/imagej/ij1-tests
 > git --version # timeout=10
 > git fetch --tags --progress git://github.com/imagej/ij1-tests +refs/heads/*:refs/remotes/origin/*
Seen branch in repository origin/master
Seen 1 remote branch
 > git tag -l # timeout=10
 > git rev-parse refs/tags/jenkins-ImageJ1-unit-tests-289^{commit} # timeout=10
 > git rev-parse refs/tags/jenkins-ImageJ1-unit-tests-300^{commit} # timeout=10
 > git rev-parse refs/tags/jenkins-ImageJ1-unit-tests-322^{commit} # timeout=10
 > git rev-parse refs/tags/jenkins-ImageJ1-unit-tests-301^{commit} # timeout=10
 > git rev-parse refs/tags/jenkins-ImageJ1-unit-tests-323^{commit} # timeout=10
 > git rev-parse refs/tags/jenkins-ImageJ1-unit-tests-302^{commit} # timeout=10
 > git rev-parse refs/tags/jenkins-ImageJ1-unit-tests-324^{commit} # timeout=10
 > git rev-parse refs/tags/jenkins-ImageJ1-unit-tests-303^{commit} # timeout=10
 > git rev-parse refs/tags/jenkins-ImageJ1-unit-tests-325^{commit} # timeout=10
 > git rev-parse refs/tags/jenkins-ImageJ1-unit-tests-304^{commit} # timeout=10
 > git rev-parse refs/tags/jenkins-ImageJ1-unit-tests-305^{commit} # timeout=10
 > git rev-parse refs/tags/jenkins-ImageJ1-unit-tests-306^{commit} # timeout=10
 > git rev-parse refs/tags/jenkins-ImageJ1-unit-tests-307^{commit} # timeout=10
 > git rev-parse refs/tags/jenkins-ImageJ1-unit-tests-308^{commit} # timeout=10
 > git rev-parse refs/tags/jenkins-ImageJ1-unit-tests-309^{commit} # timeout=10
 > git rev-parse refs/tags/jenkins-ImageJ1-unit-tests-290^{commit} # timeout=10
 > git rev-parse refs/tags/jenkins-ImageJ1-unit-tests-291^{commit} # timeout=10
 > git rev-parse refs/tags/jenkins-ImageJ1-unit-tests-292^{commit} # timeout=10
 > git rev-parse refs/tags/jenkins-ImageJ1-unit-tests-293^{commit} # timeout=10
 > git rev-parse refs/tags/jenkins-ImageJ1-unit-tests-294^{commit} # timeout=10
 > git rev-parse refs/tags/jenkins-ImageJ1-unit-tests-295^{commit} # timeout=10
 > git rev-parse refs/tags/jenkins-ImageJ1-unit-tests-296^{commit} # timeout=10
 > git rev-parse refs/tags/jenkins-ImageJ1-unit-tests-297^{commit} # timeout=10
 > git rev-parse refs/tags/jenkins-ImageJ1-unit-tests-298^{commit} # timeout=10
 > git rev-parse refs/tags/jenkins-ImageJ1-unit-tests-299^{commit} # timeout=10
 > git rev-parse refs/tags/jenkins-ImageJ1-unit-tests-310^{commit} # timeout=10
 > git rev-parse refs/tags/jenkins-ImageJ1-unit-tests-311^{commit} # timeout=10
 > git rev-parse refs/tags/jenkins-ImageJ1-unit-tests-312^{commit} # timeout=10
 > git rev-parse refs/tags/jenkins-ImageJ1-unit-tests-313^{commit} # timeout=10
 > git rev-parse refs/tags/jenkins-ImageJ1-unit-tests-314^{commit} # timeout=10
 > git rev-parse refs/tags/jenkins-ImageJ1-unit-tests-315^{commit} # timeout=10
 > git rev-parse refs/tags/jenkins-ImageJ1-unit-tests-316^{commit} # timeout=10
 > git rev-parse refs/tags/jenkins-ImageJ1-unit-tests-317^{commit} # timeout=10
 > git rev-parse refs/tags/jenkins-ImageJ1-unit-tests-318^{commit} # timeout=10
 > git rev-parse refs/tags/jenkins-ImageJ1-unit-tests-319^{commit} # timeout=10
 > git rev-parse refs/tags/jenkins-ImageJ1-unit-tests-280^{commit} # timeout=10
 > git rev-parse refs/tags/jenkins-ImageJ1-unit-tests-281^{commit} # timeout=10
 > git rev-parse refs/tags/jenkins-ImageJ1-unit-tests-282^{commit} # timeout=10
 > git rev-parse refs/tags/jenkins-ImageJ1-unit-tests-283^{commit} # timeout=10
 > git rev-parse refs/tags/jenkins-ImageJ1-unit-tests-284^{commit} # timeout=10
 > git rev-parse refs/tags/jenkins-ImageJ1-unit-tests-285^{commit} # timeout=10
 > git rev-parse refs/tags/jenkins-ImageJ1-unit-tests-286^{commit} # timeout=10
 > git rev-parse refs/tags/jenkins-ImageJ1-unit-tests-287^{commit} # timeout=10
 > git rev-parse refs/tags/jenkins-ImageJ1-unit-tests-320^{commit} # timeout=10
 > git rev-parse refs/tags/jenkins-ImageJ1-unit-tests-288^{commit} # timeout=10
 > git rev-parse refs/tags/jenkins-ImageJ1-unit-tests-321^{commit} # timeout=10
Checking out Revision d71cda9c466a3f9e360ac7f84b446be82cfa7198 (origin/master, refs/tags/jenkins-ImageJ1-unit-tests-322, refs/tags/jenkins-ImageJ1-unit-tests-323, refs/tags/jenkins-ImageJ1-unit-tests-324, refs/tags/jenkins-ImageJ1-unit-tests-325, refs/tags/jenkins-ImageJ1-unit-tests-317, refs/tags/jenkins-ImageJ1-unit-tests-318, refs/tags/jenkins-ImageJ1-unit-tests-319, refs/tags/jenkins-ImageJ1-unit-tests-320, refs/tags/jenkins-ImageJ1-unit-tests-321)
 > git config core.sparsecheckout # timeout=10
 > git checkout -f d71cda9c466a3f9e360ac7f84b446be82cfa7198
 > git rev-list d71cda9c466a3f9e360ac7f84b446be82cfa7198 # timeout=10
 > git rev-list d71cda9c466a3f9e360ac7f84b446be82cfa7198 # timeout=10
 > git rev-list d71cda9c466a3f9e360ac7f84b446be82cfa7198 # timeout=10
 > git rev-list d71cda9c466a3f9e360ac7f84b446be82cfa7198 # timeout=10
 > git rev-list d71cda9c466a3f9e360ac7f84b446be82cfa7198 # timeout=10
 > git rev-list d71cda9c466a3f9e360ac7f84b446be82cfa7198 # timeout=10
 > git rev-list d71cda9c466a3f9e360ac7f84b446be82cfa7198 # timeout=10
 > git rev-list d71cda9c466a3f9e360ac7f84b446be82cfa7198 # timeout=10
 > git rev-list d71cda9c466a3f9e360ac7f84b446be82cfa7198 # timeout=10
 > git tag -a -f -m Jenkins Build #326 jenkins-ImageJ1-unit-tests-326 # timeout=10
[ImageJ1-unit-tests] $ /bin/sh -xe /tmp/jenkins8394350761964733932.sh
+ + mvn dependency:list
grep net.imagej:ij:jar
+ cut -d : -f 4
OpenJDK 64-Bit Server VM warning: ignoring option MaxPermSize=256m; support was removed in 8.0
+ printf \n======================\n Testing ImageJ 1.51p\n======================\n\n

======================
 Testing ImageJ 1.51p
======================

[ImageJ1-unit-tests] $ mvn -U clean test
OpenJDK 64-Bit Server VM warning: ignoring option MaxPermSize=256m; support was removed in 8.0
[INFO] Scanning for projects...
Downloading: http://repo.maven.apache.org/maven2/org/scijava/pom-scijava/maven-metadata.xml
Downloading: http://maven.imagej.net/content/groups/public/org/scijava/pom-scijava/maven-metadata.xml
4/9 KB   8/9 KB   9/9 KB            Downloaded: http://maven.imagej.net/content/groups/public/org/scijava/pom-scijava/maven-metadata.xml (9 KB at 101.9 KB/sec)
4/5 KB   5/5 KB            Downloaded: http://repo.maven.apache.org/maven2/org/scijava/pom-scijava/maven-metadata.xml (5 KB at 38.9 KB/sec)
Downloading: http://maven.imagej.net/content/groups/public/org/scijava/pom-scijava/16.2.0/pom-scijava-16.2.0.pom
         [ERROR] The build could not read 1 project -> [Help 1]
[ERROR]   
[ERROR]   The project net.imagej:ij1-tests:1.0-SNAPSHOT (/data/devel/jenkins-maven/workspace/ImageJ1-unit-tests/pom.xml) has 1 error
[ERROR]     Non-resolvable parent POM org.scijava:pom-scijava:RELEASE: Could not find artifact org.scijava:pom-scijava:pom:16.2.0 in imagej.public (http://maven.imagej.net/content/groups/public) and 'parent.relativePath' points at no local POM @ line 8, column 10 -> [Help 2]
[ERROR] 
[ERROR] To see the full stack trace of the errors, re-run Maven with the -e switch.
[ERROR] Re-run Maven using the -X switch to enable full debug logging.
[ERROR] 
[ERROR] For more information about the errors and possible solutions, please read the following articles:
[ERROR] [Help 1] http://cwiki.apache.org/confluence/display/MAVEN/ProjectBuildingException
[ERROR] [Help 2] http://cwiki.apache.org/confluence/display/MAVEN/UnresolvableModelException
Build step 'Invoke top-level Maven targets' marked build as failure
Recording test results
ERROR: Step ‘Publish JUnit test result report’ failed: Test reports were found but none of them are new. Did tests run? 
For example, <http://jenkins.imagej.net/job/ImageJ1-unit-tests/ws/target/surefire-reports/TEST-ij.CommandListenerTest.xml> is 14 days old




From jenkins at imagej.net  Fri Jun 23 02:25:10 2017
From: jenkins at imagej.net (jenkins at imagej.net)
Date: Fri, 23 Jun 2017 02:25:10 -0500 (CDT)
Subject: [ImageJ-builds] Build failed in Jenkins: ImgLib2-javadoc #81
Message-ID: <1995362180.68.1498202710629.JavaMail.jenkins@dev>

See <http://jenkins.imagej.net/job/ImgLib2-javadoc/81/display/redirect>

------------------------------------------
Started by timer
Building remotely on maven in workspace <http://jenkins.imagej.net/job/ImgLib2-javadoc/ws/>
 > git rev-parse --is-inside-work-tree # timeout=10
Fetching changes from the remote Git repository
 > git config remote.origin.url git://github.com/imglib/imglib2-javadoc # timeout=10
Fetching upstream changes from git://github.com/imglib/imglib2-javadoc
 > git --version # timeout=10
 > git fetch --tags --progress git://github.com/imglib/imglib2-javadoc +refs/heads/*:refs/remotes/origin/*
 > git rev-parse origin/master^{commit} # timeout=10
Checking out Revision 36474a56ce0129ce1a9b9c2b46d156048a17292a (origin/master)
 > git config core.sparsecheckout # timeout=10
 > git checkout -f 36474a56ce0129ce1a9b9c2b46d156048a17292a
 > git rev-list 36474a56ce0129ce1a9b9c2b46d156048a17292a # timeout=10
[ImgLib2-javadoc] $ /bin/sh -xe /tmp/jenkins2264729136536760849.sh
+ mvn -U -Denforcer.skip -Pbuild-javadoc
OpenJDK 64-Bit Server VM warning: ignoring option MaxPermSize=256m; support was removed in 8.0
[INFO] Scanning for projects...
Downloading: http://repo.maven.apache.org/maven2/org/scijava/pom-scijava/maven-metadata.xml
Downloading: http://maven.imagej.net/content/groups/public/org/scijava/pom-scijava/maven-metadata.xml
4/5 KB   5/5 KB            Downloaded: http://repo.maven.apache.org/maven2/org/scijava/pom-scijava/maven-metadata.xml (5 KB at 24.5 KB/sec)
4/9 KB   8/9 KB   9/9 KB            Downloaded: http://maven.imagej.net/content/groups/public/org/scijava/pom-scijava/maven-metadata.xml (9 KB at 32.2 KB/sec)
Downloading: http://maven.imagej.net/content/groups/public/org/scijava/pom-scijava/16.2.0/pom-scijava-16.2.0.pom
         [ERROR] The build could not read 1 project -> [Help 1]
[ERROR]   
[ERROR]   The project net.imglib2:imglib2-javadoc:1.0.0-SNAPSHOT (/data/devel/jenkins-maven/workspace/ImgLib2-javadoc/pom.xml) has 1 error
[ERROR]     Non-resolvable parent POM org.scijava:pom-scijava:RELEASE: Could not find artifact org.scijava:pom-scijava:pom:16.2.0 in imagej.public (http://maven.imagej.net/content/groups/public) and 'parent.relativePath' points at no local POM @ line 5, column 10 -> [Help 2]
[ERROR] 
[ERROR] To see the full stack trace of the errors, re-run Maven with the -e switch.
[ERROR] Re-run Maven using the -X switch to enable full debug logging.
[ERROR] 
[ERROR] For more information about the errors and possible solutions, please read the following articles:
[ERROR] [Help 1] http://cwiki.apache.org/confluence/display/MAVEN/ProjectBuildingException
[ERROR] [Help 2] http://cwiki.apache.org/confluence/display/MAVEN/UnresolvableModelException
Build step 'Execute shell' marked build as failure
Publishing Javadoc


From jenkins at imagej.net  Thu Jun 29 21:31:08 2017
From: jenkins at imagej.net (jenkins at imagej.net)
Date: Thu, 29 Jun 2017 21:31:08 -0500 (CDT)
Subject: [ImageJ-builds] Build failed in Jenkins: Wayne-branch-in-ImageJA
	#779
Message-ID: <1354665645.83.1498789869342.JavaMail.jenkins@dev>

See <http://jenkins.imagej.net/job/Wayne-branch-in-ImageJA/779/display/redirect?page=changes>

Changes:

[Wayne Rasband] 2017.06.29 (1.51q5)

------------------------------------------
Started by an SCM change
Building on master in workspace <http://jenkins.imagej.net/job/Wayne-branch-in-ImageJA/ws/>
 > git rev-parse --is-inside-work-tree # timeout=10
Fetching changes from the remote Git repository
 > git config remote.origin.url git://github.com/fiji/imagej1 # timeout=10
Fetching upstream changes from git://github.com/fiji/imagej1
 > git --version # timeout=10
 > git fetch --tags --progress git://github.com/fiji/imagej1 +refs/heads/*:refs/remotes/origin/*
Seen branch in repository origin/master
Seen 1 remote branch
 > git tag -l # timeout=10
 > git rev-parse refs/tags/jenkins-Wayne-branch-in-ImageJA-684^{commit} # timeout=10
 > git rev-parse refs/tags/jenkins-Wayne-branch-in-ImageJA-685^{commit} # timeout=10
 > git rev-parse refs/tags/jenkins-Wayne-branch-in-ImageJA-686^{commit} # timeout=10
 > git rev-parse refs/tags/jenkins-Wayne-branch-in-ImageJA-687^{commit} # timeout=10
 > git rev-parse refs/tags/jenkins-Wayne-branch-in-ImageJA-720^{commit} # timeout=10
 > git rev-parse refs/tags/jenkins-Wayne-branch-in-ImageJA-680^{commit} # timeout=10
 > git rev-parse refs/tags/jenkins-Wayne-branch-in-ImageJA-681^{commit} # timeout=10
 > git rev-parse refs/tags/jenkins-Wayne-branch-in-ImageJA-682^{commit} # timeout=10
 > git rev-parse refs/tags/jenkins-Wayne-branch-in-ImageJA-683^{commit} # timeout=10
 > git rev-parse refs/tags/jenkins-Wayne-branch-in-ImageJA-714^{commit} # timeout=10
 > git rev-parse refs/tags/jenkins-Wayne-branch-in-ImageJA-715^{commit} # timeout=10
 > git rev-parse refs/tags/jenkins-Wayne-branch-in-ImageJA-716^{commit} # timeout=10
 > git rev-parse refs/tags/jenkins-Wayne-branch-in-ImageJA-717^{commit} # timeout=10
 > git rev-parse refs/tags/jenkins-Wayne-branch-in-ImageJA-677^{commit} # timeout=10
 > git rev-parse refs/tags/jenkins-Wayne-branch-in-ImageJA-710^{commit} # timeout=10
 > git rev-parse refs/tags/jenkins-Wayne-branch-in-ImageJA-678^{commit} # timeout=10
 > git rev-parse refs/tags/jenkins-Wayne-branch-in-ImageJA-711^{commit} # timeout=10
 > git rev-parse refs/tags/jenkins-Wayne-branch-in-ImageJA-679^{commit} # timeout=10
 > git rev-parse refs/tags/jenkins-Wayne-branch-in-ImageJA-712^{commit} # timeout=10
 > git rev-parse refs/tags/jenkins-Wayne-branch-in-ImageJA-713^{commit} # timeout=10
 > git rev-parse refs/tags/jenkins-Wayne-branch-in-ImageJA-718^{commit} # timeout=10
 > git rev-parse refs/tags/jenkins-Wayne-branch-in-ImageJA-719^{commit} # timeout=10
 > git rev-parse refs/tags/jenkins-Wayne-branch-in-ImageJA-690^{commit} # timeout=10
 > git rev-parse refs/tags/jenkins-Wayne-branch-in-ImageJA-695^{commit} # timeout=10
 > git rev-parse refs/tags/jenkins-Wayne-branch-in-ImageJA-696^{commit} # timeout=10
 > git rev-parse refs/tags/jenkins-Wayne-branch-in-ImageJA-697^{commit} # timeout=10
 > git rev-parse refs/tags/jenkins-Wayne-branch-in-ImageJA-730^{commit} # timeout=10
 > git rev-parse refs/tags/jenkins-Wayne-branch-in-ImageJA-698^{commit} # timeout=10
 > git rev-parse refs/tags/jenkins-Wayne-branch-in-ImageJA-731^{commit} # timeout=10
 > git rev-parse refs/tags/jenkins-Wayne-branch-in-ImageJA-691^{commit} # timeout=10
 > git rev-parse refs/tags/jenkins-Wayne-branch-in-ImageJA-692^{commit} # timeout=10
 > git rev-parse refs/tags/jenkins-Wayne-branch-in-ImageJA-693^{commit} # timeout=10
 > git rev-parse refs/tags/jenkins-Wayne-branch-in-ImageJA-694^{commit} # timeout=10
 > git rev-parse refs/tags/jenkins-Wayne-branch-in-ImageJA-725^{commit} # timeout=10
 > git rev-parse refs/tags/jenkins-Wayne-branch-in-ImageJA-726^{commit} # timeout=10
 > git rev-parse refs/tags/jenkins-Wayne-branch-in-ImageJA-727^{commit} # timeout=10
 > git rev-parse refs/tags/jenkins-Wayne-branch-in-ImageJA-728^{commit} # timeout=10
 > git rev-parse refs/tags/jenkins-Wayne-branch-in-ImageJA-688^{commit} # timeout=10
 > git rev-parse refs/tags/jenkins-Wayne-branch-in-ImageJA-721^{commit} # timeout=10
 > git rev-parse refs/tags/jenkins-Wayne-branch-in-ImageJA-689^{commit} # timeout=10
 > git rev-parse refs/tags/jenkins-Wayne-branch-in-ImageJA-722^{commit} # timeout=10
 > git rev-parse refs/tags/jenkins-Wayne-branch-in-ImageJA-723^{commit} # timeout=10
 > git rev-parse refs/tags/jenkins-Wayne-branch-in-ImageJA-724^{commit} # timeout=10
 > git rev-parse refs/tags/jenkins-Wayne-branch-in-ImageJA-729^{commit} # timeout=10
 > git rev-parse refs/tags/jenkins-Wayne-branch-in-ImageJA-740^{commit} # timeout=10
 > git rev-parse refs/tags/jenkins-Wayne-branch-in-ImageJA-741^{commit} # timeout=10
 > git rev-parse refs/tags/jenkins-Wayne-branch-in-ImageJA-742^{commit} # timeout=10
 > git rev-parse refs/tags/jenkins-Wayne-branch-in-ImageJA-736^{commit} # timeout=10
 > git rev-parse refs/tags/jenkins-Wayne-branch-in-ImageJA-737^{commit} # timeout=10
 > git rev-parse refs/tags/jenkins-Wayne-branch-in-ImageJA-738^{commit} # timeout=10
 > git rev-parse refs/tags/jenkins-Wayne-branch-in-ImageJA-739^{commit} # timeout=10
 > git rev-parse refs/tags/jenkins-Wayne-branch-in-ImageJA-699^{commit} # timeout=10
 > git rev-parse refs/tags/jenkins-Wayne-branch-in-ImageJA-732^{commit} # timeout=10
 > git rev-parse refs/tags/jenkins-Wayne-branch-in-ImageJA-733^{commit} # timeout=10
 > git rev-parse refs/tags/jenkins-Wayne-branch-in-ImageJA-734^{commit} # timeout=10
 > git rev-parse refs/tags/jenkins-Wayne-branch-in-ImageJA-735^{commit} # timeout=10
 > git rev-parse refs/tags/jenkins-Wayne-branch-in-ImageJA-750^{commit} # timeout=10
 > git rev-parse refs/tags/jenkins-Wayne-branch-in-ImageJA-751^{commit} # timeout=10
 > git rev-parse refs/tags/jenkins-Wayne-branch-in-ImageJA-752^{commit} # timeout=10
 > git rev-parse refs/tags/jenkins-Wayne-branch-in-ImageJA-753^{commit} # timeout=10
 > git rev-parse refs/tags/jenkins-Wayne-branch-in-ImageJA-747^{commit} # timeout=10
 > git rev-parse refs/tags/jenkins-Wayne-branch-in-ImageJA-748^{commit} # timeout=10
 > git rev-parse refs/tags/jenkins-Wayne-branch-in-ImageJA-749^{commit} # timeout=10
 > git rev-parse refs/tags/jenkins-Wayne-branch-in-ImageJA-743^{commit} # timeout=10
 > git rev-parse refs/tags/jenkins-Wayne-branch-in-ImageJA-744^{commit} # timeout=10
 > git rev-parse refs/tags/jenkins-Wayne-branch-in-ImageJA-745^{commit} # timeout=10
 > git rev-parse refs/tags/jenkins-Wayne-branch-in-ImageJA-746^{commit} # timeout=10
 > git rev-parse refs/tags/jenkins-Wayne-branch-in-ImageJA-761^{commit} # timeout=10
 > git rev-parse refs/tags/jenkins-Wayne-branch-in-ImageJA-762^{commit} # timeout=10
 > git rev-parse refs/tags/jenkins-Wayne-branch-in-ImageJA-763^{commit} # timeout=10
 > git rev-parse refs/tags/jenkins-Wayne-branch-in-ImageJA-764^{commit} # timeout=10
 > git rev-parse refs/tags/jenkins-Wayne-branch-in-ImageJA-760^{commit} # timeout=10
 > git rev-parse refs/tags/jenkins-Wayne-branch-in-ImageJA-758^{commit} # timeout=10
 > git rev-parse refs/tags/jenkins-Wayne-branch-in-ImageJA-759^{commit} # timeout=10
 > git rev-parse refs/tags/jenkins-Wayne-branch-in-ImageJA-754^{commit} # timeout=10
 > git rev-parse refs/tags/jenkins-Wayne-branch-in-ImageJA-755^{commit} # timeout=10
 > git rev-parse refs/tags/jenkins-Wayne-branch-in-ImageJA-756^{commit} # timeout=10
 > git rev-parse refs/tags/jenkins-Wayne-branch-in-ImageJA-757^{commit} # timeout=10
 > git rev-parse refs/tags/jenkins-Wayne-branch-in-ImageJA-772^{commit} # timeout=10
 > git rev-parse refs/tags/jenkins-Wayne-branch-in-ImageJA-773^{commit} # timeout=10
 > git rev-parse refs/tags/jenkins-Wayne-branch-in-ImageJA-774^{commit} # timeout=10
 > git rev-parse refs/tags/jenkins-Wayne-branch-in-ImageJA-775^{commit} # timeout=10
 > git rev-parse refs/tags/jenkins-Wayne-branch-in-ImageJA-770^{commit} # timeout=10
 > git rev-parse refs/tags/jenkins-Wayne-branch-in-ImageJA-771^{commit} # timeout=10
 > git rev-parse refs/tags/jenkins-Wayne-branch-in-ImageJA-769^{commit} # timeout=10
 > git rev-parse refs/tags/jenkins-Wayne-branch-in-ImageJA-765^{commit} # timeout=10
 > git rev-parse refs/tags/jenkins-Wayne-branch-in-ImageJA-766^{commit} # timeout=10
 > git rev-parse refs/tags/jenkins-Wayne-branch-in-ImageJA-767^{commit} # timeout=10
 > git rev-parse refs/tags/jenkins-Wayne-branch-in-ImageJA-768^{commit} # timeout=10
 > git rev-parse refs/tags/jenkins-Wayne-branch-in-ImageJA-662^{commit} # timeout=10
 > git rev-parse refs/tags/jenkins-Wayne-branch-in-ImageJA-663^{commit} # timeout=10
 > git rev-parse refs/tags/jenkins-Wayne-branch-in-ImageJA-664^{commit} # timeout=10
 > git rev-parse refs/tags/jenkins-Wayne-branch-in-ImageJA-665^{commit} # timeout=10
 > git rev-parse refs/tags/jenkins-Wayne-branch-in-ImageJA-660^{commit} # timeout=10
 > git rev-parse refs/tags/jenkins-Wayne-branch-in-ImageJA-661^{commit} # timeout=10
 > git rev-parse refs/tags/jenkins-Wayne-branch-in-ImageJA-659^{commit} # timeout=10
 > git rev-parse refs/tags/jenkins-Wayne-branch-in-ImageJA-776^{commit} # timeout=10
 > git rev-parse refs/tags/jenkins-Wayne-branch-in-ImageJA-656^{commit} # timeout=10
 > git rev-parse refs/tags/jenkins-Wayne-branch-in-ImageJA-777^{commit} # timeout=10
 > git rev-parse refs/tags/jenkins-Wayne-branch-in-ImageJA-657^{commit} # timeout=10
 > git rev-parse refs/tags/jenkins-Wayne-branch-in-ImageJA-778^{commit} # timeout=10
 > git rev-parse refs/tags/jenkins-Wayne-branch-in-ImageJA-658^{commit} # timeout=10
 > git rev-parse refs/tags/jenkins-Wayne-branch-in-ImageJA-673^{commit} # timeout=10
 > git rev-parse refs/tags/jenkins-Wayne-branch-in-ImageJA-674^{commit} # timeout=10
 > git rev-parse refs/tags/jenkins-Wayne-branch-in-ImageJA-675^{commit} # timeout=10
 > git rev-parse refs/tags/jenkins-Wayne-branch-in-ImageJA-676^{commit} # timeout=10
 > git rev-parse refs/tags/jenkins-Wayne-branch-in-ImageJA-670^{commit} # timeout=10
 > git rev-parse refs/tags/jenkins-Wayne-branch-in-ImageJA-671^{commit} # timeout=10
 > git rev-parse refs/tags/jenkins-Wayne-branch-in-ImageJA-672^{commit} # timeout=10
 > git rev-parse refs/tags/jenkins-Wayne-branch-in-ImageJA-703^{commit} # timeout=10
 > git rev-parse refs/tags/jenkins-Wayne-branch-in-ImageJA-704^{commit} # timeout=10
 > git rev-parse refs/tags/jenkins-Wayne-branch-in-ImageJA-705^{commit} # timeout=10
 > git rev-parse refs/tags/jenkins-Wayne-branch-in-ImageJA-706^{commit} # timeout=10
 > git rev-parse refs/tags/jenkins-Wayne-branch-in-ImageJA-666^{commit} # timeout=10
 > git rev-parse refs/tags/jenkins-Wayne-branch-in-ImageJA-667^{commit} # timeout=10
 > git rev-parse refs/tags/jenkins-Wayne-branch-in-ImageJA-700^{commit} # timeout=10
 > git rev-parse refs/tags/jenkins-Wayne-branch-in-ImageJA-668^{commit} # timeout=10
 > git rev-parse refs/tags/jenkins-Wayne-branch-in-ImageJA-701^{commit} # timeout=10
 > git rev-parse refs/tags/jenkins-Wayne-branch-in-ImageJA-669^{commit} # timeout=10
 > git rev-parse refs/tags/jenkins-Wayne-branch-in-ImageJA-702^{commit} # timeout=10
 > git rev-parse refs/tags/jenkins-Wayne-branch-in-ImageJA-707^{commit} # timeout=10
 > git rev-parse refs/tags/jenkins-Wayne-branch-in-ImageJA-708^{commit} # timeout=10
 > git rev-parse refs/tags/jenkins-Wayne-branch-in-ImageJA-709^{commit} # timeout=10
Checking out Revision 6423e78fef00be8448379e9a4445a45eacf3b2e2 (origin/master)
 > git config core.sparsecheckout # timeout=10
 > git checkout -f 6423e78fef00be8448379e9a4445a45eacf3b2e2
 > git rev-list 51615f173872272d40ce0e0c63df0e8ef4732714 # timeout=10
 > git tag -a -f -m Jenkins Build #779 jenkins-Wayne-branch-in-ImageJA-779 # timeout=10
[workspace] $ /bin/sh -xe /tmp/jenkins888282899799632967.sh
+ git push imageja-github:imagej/ImageJA origin/master:refs/heads/wayne
ERROR: Sorry, but @imagej has blocked access to SSH keys created by some third-party applications. Your key was created before GitHub tracked keys created by applications, so we need your help.

If you personally created this key, you can approve it at:

  https://github.com/settings/ssh/audit/4349895/policy

Otherwise, please upload a new key:

  http://git.io/KM0rtw

Fingerprint: 22:73:15:f9:88:64:e0:a3:ae:cd:81:7d:40:e1:73:53

[EPOLICYKEYAGE]

fatal: The remote end hung up unexpectedly
Build step 'Execute shell' marked build as failure


From jenkins at imagej.net  Fri Jun 30 02:25:59 2017
From: jenkins at imagej.net (jenkins at imagej.net)
Date: Fri, 30 Jun 2017 02:25:59 -0500 (CDT)
Subject: [ImageJ-builds] Jenkins build is back to normal : ImgLib2-javadoc
	#82
In-Reply-To: <1995362180.68.1498202710629.JavaMail.jenkins@dev>
References: <1995362180.68.1498202710629.JavaMail.jenkins@dev>
Message-ID: <746478437.84.1498807559231.JavaMail.jenkins@dev>

See <http://jenkins.imagej.net/job/ImgLib2-javadoc/82/display/redirect>



From jenkins at imagej.net  Fri Jun 30 18:31:15 2017
From: jenkins at imagej.net (jenkins at imagej.net)
Date: Fri, 30 Jun 2017 18:31:15 -0500 (CDT)
Subject: [ImageJ-builds] Jenkins build is back to normal :
	Wayne-branch-in-ImageJA #780
In-Reply-To: <1354665645.83.1498789869342.JavaMail.jenkins@dev>
References: <1354665645.83.1498789869342.JavaMail.jenkins@dev>
Message-ID: <362420666.85.1498865475600.JavaMail.jenkins@dev>

See <http://jenkins.imagej.net/job/Wayne-branch-in-ImageJA/780/display/redirect?page=changes>



